[0.014s] Invoking command in '/home/fv/workspace/ros_ur_driver/src/build/moveit_simple_controller_manager': AMENT_PREFIX_PATH=/home/fv/workspace/ros_ur_driver/src/install/moveit_core:/home/fv/workspace/ros_ur_driver/src/install/srdfdom:/home/fv/workspace/ros_ur_driver/src/install/moveit_msgs:/home/fv/workspace/ros_ur_driver/src/install/moveit_common:${AMENT_PREFIX_PATH} CMAKE_PREFIX_PATH=/home/fv/workspace/ros_ur_driver/src/install/moveit_core:/home/fv/workspace/ros_ur_driver/src/install/srdfdom:/home/fv/workspace/ros_ur_driver/src/install/moveit_msgs:/home/fv/workspace/ros_ur_driver/src/install/moveit_common:/opt/ros/jazzy/opt/sdformat_vendor:/opt/ros/jazzy/opt/gz_math_vendor:/opt/ros/jazzy/opt/gz_utils_vendor:/opt/ros/jazzy/opt/gz_tools_vendor:/opt/ros/jazzy/opt/gz_cmake_vendor:/opt/ros/jazzy CONDA_PROMPT_MODIFIER=(base) DEBUGINFOD_URLS=https://debuginfod.ubuntu.com LD_LIBRARY_PATH=/home/fv/workspace/ros_ur_driver/src/install/moveit_core/lib:/home/fv/workspace/ros_ur_driver/src/install/srdfdom/lib:/home/fv/workspace/ros_ur_driver/src/install/moveit_msgs/lib:${LD_LIBRARY_PATH} PATH=/home/fv/workspace/ros_ur_driver/src/install/moveit_core/bin:${PATH} PS1=(venv) (base) \[\e]0;\u@\h: \w\a\]${debian_chroot:+($debian_chroot)}\[\033[01;32m\]\u@\h\[\033[00m\]:\[\033[01;34m\]\w\[\033[00m\]\$ PYTHONPATH=/home/fv/workspace/ros_ur_driver/src/install/srdfdom/lib/python3.13/site-packages:/home/fv/workspace/ros_ur_driver/src/install/moveit_msgs/lib/python3.13/site-packages:${PYTHONPATH} VIRTUAL_ENV_PROMPT=(venv) /usr/bin/cmake /home/fv/workspace/ros_ur_driver/src/moveit2/moveit_plugins/moveit_simple_controller_manager -DCMAKE_BUILD_TYPE=Release -DCMAKE_INSTALL_PREFIX=/home/fv/workspace/ros_ur_driver/src/install/moveit_simple_controller_manager
[0.078s] -- The CXX compiler identification is GNU 13.3.0
[0.093s] -- Detecting CXX compiler ABI info
[0.163s] -- Detecting CXX compiler ABI info - done
[0.169s] -- Check for working CXX compiler: /usr/bin/c++ - skipped
[0.169s] -- Detecting CXX compile features
[0.170s] -- Detecting CXX compile features - done
[0.170s] -- Found moveit_common: 2.14.1 (/home/fv/workspace/ros_ur_driver/src/install/moveit_common/share/moveit_common/cmake)
[0.171s] -- Found ament_cmake: 2.5.4 (/opt/ros/jazzy/share/ament_cmake/cmake)
[0.260s] -- Found Python3: /home/fv/venv/bin/python3 (found version "3.13.5") found components: Interpreter 
[0.424s] -- Found moveit_core: 2.14.1 (/home/fv/workspace/ros_ur_driver/src/install/moveit_core/share/moveit_core/cmake)
[0.540s] -- Found Boost: /usr/lib/x86_64-linux-gnu/cmake/Boost-1.83.0/BoostConfig.cmake (found version "1.83.0") found components: chrono date_time filesystem iostreams program_options regex serialization system thread 
[0.595s] -- Found parameter_traits: 0.5.0 (/opt/ros/jazzy/share/parameter_traits/cmake)
[0.618s] -- Found rosidl_generator_c: 4.6.6 (/opt/ros/jazzy/share/rosidl_generator_c/cmake)
[0.627s] -- Found rosidl_generator_cpp: 4.6.6 (/opt/ros/jazzy/share/rosidl_generator_cpp/cmake)
[0.637s] -- Using all available rosidl_typesupport_c: rosidl_typesupport_fastrtps_c;rosidl_typesupport_introspection_c
[0.648s] -- Using all available rosidl_typesupport_cpp: rosidl_typesupport_fastrtps_cpp;rosidl_typesupport_introspection_cpp
[0.696s] -- Found rmw_implementation_cmake: 7.3.2 (/opt/ros/jazzy/share/rmw_implementation_cmake/cmake)
[0.698s] -- Found rmw_fastrtps_cpp: 8.4.3 (/opt/ros/jazzy/share/rmw_fastrtps_cpp/cmake)
[0.753s] -- Found OpenSSL: /usr/lib/x86_64-linux-gnu/libcrypto.so (found version "3.0.13")  
[0.765s] -- Found FastRTPS: /opt/ros/jazzy/include (Required is at least version "2.13") 
[0.782s] -- Using RMW implementation 'rmw_fastrtps_cpp' as default
[0.836s] -- Found rclcpp_lifecycle: 28.1.12 (/opt/ros/jazzy/share/rclcpp_lifecycle/cmake)
[0.860s] -- Found Boost: /usr/lib/x86_64-linux-gnu/cmake/Boost-1.83.0/BoostConfig.cmake (found version "1.83.0") found components: filesystem 
[0.949s] -- Found Eigen3: TRUE (found version "3.4.0") 
[0.949s] -- Ensuring Eigen3 include directory is part of orocos-kdl CMake target
[1.168s] -- Found control_msgs: 5.5.0 (/opt/ros/jazzy/share/control_msgs/cmake)
[1.197s] -- Found Boost: /usr/lib/x86_64-linux-gnu/cmake/Boost-1.83.0/BoostConfig.cmake (found version "1.83.0") found components: thread 
[1.202s] -- Configuring done (1.2s)
[1.225s] -- Generating done (0.0s)
[1.229s] -- Build files have been written to: /home/fv/workspace/ros_ur_driver/src/build/moveit_simple_controller_manager
[1.238s] Invoked command in '/home/fv/workspace/ros_ur_driver/src/build/moveit_simple_controller_manager' returned '0': AMENT_PREFIX_PATH=/home/fv/workspace/ros_ur_driver/src/install/moveit_core:/home/fv/workspace/ros_ur_driver/src/install/srdfdom:/home/fv/workspace/ros_ur_driver/src/install/moveit_msgs:/home/fv/workspace/ros_ur_driver/src/install/moveit_common:${AMENT_PREFIX_PATH} CMAKE_PREFIX_PATH=/home/fv/workspace/ros_ur_driver/src/install/moveit_core:/home/fv/workspace/ros_ur_driver/src/install/srdfdom:/home/fv/workspace/ros_ur_driver/src/install/moveit_msgs:/home/fv/workspace/ros_ur_driver/src/install/moveit_common:/opt/ros/jazzy/opt/sdformat_vendor:/opt/ros/jazzy/opt/gz_math_vendor:/opt/ros/jazzy/opt/gz_utils_vendor:/opt/ros/jazzy/opt/gz_tools_vendor:/opt/ros/jazzy/opt/gz_cmake_vendor:/opt/ros/jazzy CONDA_PROMPT_MODIFIER=(base) DEBUGINFOD_URLS=https://debuginfod.ubuntu.com LD_LIBRARY_PATH=/home/fv/workspace/ros_ur_driver/src/install/moveit_core/lib:/home/fv/workspace/ros_ur_driver/src/install/srdfdom/lib:/home/fv/workspace/ros_ur_driver/src/install/moveit_msgs/lib:${LD_LIBRARY_PATH} PATH=/home/fv/workspace/ros_ur_driver/src/install/moveit_core/bin:${PATH} PS1=(venv) (base) \[\e]0;\u@\h: \w\a\]${debian_chroot:+($debian_chroot)}\[\033[01;32m\]\u@\h\[\033[00m\]:\[\033[01;34m\]\w\[\033[00m\]\$ PYTHONPATH=/home/fv/workspace/ros_ur_driver/src/install/srdfdom/lib/python3.13/site-packages:/home/fv/workspace/ros_ur_driver/src/install/moveit_msgs/lib/python3.13/site-packages:${PYTHONPATH} VIRTUAL_ENV_PROMPT=(venv) /usr/bin/cmake /home/fv/workspace/ros_ur_driver/src/moveit2/moveit_plugins/moveit_simple_controller_manager -DCMAKE_BUILD_TYPE=Release -DCMAKE_INSTALL_PREFIX=/home/fv/workspace/ros_ur_driver/src/install/moveit_simple_controller_manager
[1.239s] Invoking command in '/home/fv/workspace/ros_ur_driver/src/build/moveit_simple_controller_manager': AMENT_PREFIX_PATH=/home/fv/workspace/ros_ur_driver/src/install/moveit_core:/home/fv/workspace/ros_ur_driver/src/install/srdfdom:/home/fv/workspace/ros_ur_driver/src/install/moveit_msgs:/home/fv/workspace/ros_ur_driver/src/install/moveit_common:${AMENT_PREFIX_PATH} CMAKE_PREFIX_PATH=/home/fv/workspace/ros_ur_driver/src/install/moveit_core:/home/fv/workspace/ros_ur_driver/src/install/srdfdom:/home/fv/workspace/ros_ur_driver/src/install/moveit_msgs:/home/fv/workspace/ros_ur_driver/src/install/moveit_common:/opt/ros/jazzy/opt/sdformat_vendor:/opt/ros/jazzy/opt/gz_math_vendor:/opt/ros/jazzy/opt/gz_utils_vendor:/opt/ros/jazzy/opt/gz_tools_vendor:/opt/ros/jazzy/opt/gz_cmake_vendor:/opt/ros/jazzy CONDA_PROMPT_MODIFIER=(base) DEBUGINFOD_URLS=https://debuginfod.ubuntu.com LD_LIBRARY_PATH=/home/fv/workspace/ros_ur_driver/src/install/moveit_core/lib:/home/fv/workspace/ros_ur_driver/src/install/srdfdom/lib:/home/fv/workspace/ros_ur_driver/src/install/moveit_msgs/lib:${LD_LIBRARY_PATH} PATH=/home/fv/workspace/ros_ur_driver/src/install/moveit_core/bin:${PATH} PS1=(venv) (base) \[\e]0;\u@\h: \w\a\]${debian_chroot:+($debian_chroot)}\[\033[01;32m\]\u@\h\[\033[00m\]:\[\033[01;34m\]\w\[\033[00m\]\$ PYTHONPATH=/home/fv/workspace/ros_ur_driver/src/install/srdfdom/lib/python3.13/site-packages:/home/fv/workspace/ros_ur_driver/src/install/moveit_msgs/lib/python3.13/site-packages:${PYTHONPATH} VIRTUAL_ENV_PROMPT=(venv) /usr/bin/cmake --build /home/fv/workspace/ros_ur_driver/src/build/moveit_simple_controller_manager -- -j20 -l20
[1.282s] [ 33%] [32mBuilding CXX object CMakeFiles/moveit_simple_controller_manager.dir/src/follow_joint_trajectory_controller_handle.cpp.o[0m
[1.284s] [ 66%] [32mBuilding CXX object CMakeFiles/moveit_simple_controller_manager.dir/src/moveit_simple_controller_manager.cpp.o[0m
[13.016s] [100%] [32m[1mLinking CXX shared library libmoveit_simple_controller_manager.so[0m
[13.218s] [100%] Built target moveit_simple_controller_manager
[13.229s] Invoked command in '/home/fv/workspace/ros_ur_driver/src/build/moveit_simple_controller_manager' returned '0': AMENT_PREFIX_PATH=/home/fv/workspace/ros_ur_driver/src/install/moveit_core:/home/fv/workspace/ros_ur_driver/src/install/srdfdom:/home/fv/workspace/ros_ur_driver/src/install/moveit_msgs:/home/fv/workspace/ros_ur_driver/src/install/moveit_common:${AMENT_PREFIX_PATH} CMAKE_PREFIX_PATH=/home/fv/workspace/ros_ur_driver/src/install/moveit_core:/home/fv/workspace/ros_ur_driver/src/install/srdfdom:/home/fv/workspace/ros_ur_driver/src/install/moveit_msgs:/home/fv/workspace/ros_ur_driver/src/install/moveit_common:/opt/ros/jazzy/opt/sdformat_vendor:/opt/ros/jazzy/opt/gz_math_vendor:/opt/ros/jazzy/opt/gz_utils_vendor:/opt/ros/jazzy/opt/gz_tools_vendor:/opt/ros/jazzy/opt/gz_cmake_vendor:/opt/ros/jazzy CONDA_PROMPT_MODIFIER=(base) DEBUGINFOD_URLS=https://debuginfod.ubuntu.com LD_LIBRARY_PATH=/home/fv/workspace/ros_ur_driver/src/install/moveit_core/lib:/home/fv/workspace/ros_ur_driver/src/install/srdfdom/lib:/home/fv/workspace/ros_ur_driver/src/install/moveit_msgs/lib:${LD_LIBRARY_PATH} PATH=/home/fv/workspace/ros_ur_driver/src/install/moveit_core/bin:${PATH} PS1=(venv) (base) \[\e]0;\u@\h: \w\a\]${debian_chroot:+($debian_chroot)}\[\033[01;32m\]\u@\h\[\033[00m\]:\[\033[01;34m\]\w\[\033[00m\]\$ PYTHONPATH=/home/fv/workspace/ros_ur_driver/src/install/srdfdom/lib/python3.13/site-packages:/home/fv/workspace/ros_ur_driver/src/install/moveit_msgs/lib/python3.13/site-packages:${PYTHONPATH} VIRTUAL_ENV_PROMPT=(venv) /usr/bin/cmake --build /home/fv/workspace/ros_ur_driver/src/build/moveit_simple_controller_manager -- -j20 -l20
[13.230s] Invoking command in '/home/fv/workspace/ros_ur_driver/src/build/moveit_simple_controller_manager': AMENT_PREFIX_PATH=/home/fv/workspace/ros_ur_driver/src/install/moveit_core:/home/fv/workspace/ros_ur_driver/src/install/srdfdom:/home/fv/workspace/ros_ur_driver/src/install/moveit_msgs:/home/fv/workspace/ros_ur_driver/src/install/moveit_common:${AMENT_PREFIX_PATH} CMAKE_PREFIX_PATH=/home/fv/workspace/ros_ur_driver/src/install/moveit_core:/home/fv/workspace/ros_ur_driver/src/install/srdfdom:/home/fv/workspace/ros_ur_driver/src/install/moveit_msgs:/home/fv/workspace/ros_ur_driver/src/install/moveit_common:/opt/ros/jazzy/opt/sdformat_vendor:/opt/ros/jazzy/opt/gz_math_vendor:/opt/ros/jazzy/opt/gz_utils_vendor:/opt/ros/jazzy/opt/gz_tools_vendor:/opt/ros/jazzy/opt/gz_cmake_vendor:/opt/ros/jazzy CONDA_PROMPT_MODIFIER=(base) DEBUGINFOD_URLS=https://debuginfod.ubuntu.com LD_LIBRARY_PATH=/home/fv/workspace/ros_ur_driver/src/install/moveit_core/lib:/home/fv/workspace/ros_ur_driver/src/install/srdfdom/lib:/home/fv/workspace/ros_ur_driver/src/install/moveit_msgs/lib:${LD_LIBRARY_PATH} PATH=/home/fv/workspace/ros_ur_driver/src/install/moveit_core/bin:${PATH} PS1=(venv) (base) \[\e]0;\u@\h: \w\a\]${debian_chroot:+($debian_chroot)}\[\033[01;32m\]\u@\h\[\033[00m\]:\[\033[01;34m\]\w\[\033[00m\]\$ PYTHONPATH=/home/fv/workspace/ros_ur_driver/src/install/srdfdom/lib/python3.13/site-packages:/home/fv/workspace/ros_ur_driver/src/install/moveit_msgs/lib/python3.13/site-packages:${PYTHONPATH} VIRTUAL_ENV_PROMPT=(venv) /usr/bin/cmake --install /home/fv/workspace/ros_ur_driver/src/build/moveit_simple_controller_manager
[13.239s] -- Install configuration: "Release"
[13.239s] -- Installing: /home/fv/workspace/ros_ur_driver/src/install/moveit_simple_controller_manager/lib/libmoveit_simple_controller_manager.so.2.14.1
[13.240s] -- Set non-toolchain portion of runtime path of "/home/fv/workspace/ros_ur_driver/src/install/moveit_simple_controller_manager/lib/libmoveit_simple_controller_manager.so.2.14.1" to ""
[13.240s] -- Installing: /home/fv/workspace/ros_ur_driver/src/install/moveit_simple_controller_manager/lib/libmoveit_simple_controller_manager.so
[13.240s] -- Installing: /home/fv/workspace/ros_ur_driver/src/install/moveit_simple_controller_manager/include/moveit_simple_controller_manager
[13.240s] -- Installing: /home/fv/workspace/ros_ur_driver/src/install/moveit_simple_controller_manager/include/moveit_simple_controller_manager/moveit_simple_controller_manager
[13.240s] -- Installing: /home/fv/workspace/ros_ur_driver/src/install/moveit_simple_controller_manager/include/moveit_simple_controller_manager/moveit_simple_controller_manager/action_based_controller_handle.h
[13.240s] -- Installing: /home/fv/workspace/ros_ur_driver/src/install/moveit_simple_controller_manager/include/moveit_simple_controller_manager/moveit_simple_controller_manager/gripper_command_controller_handle.hpp
[13.240s] -- Installing: /home/fv/workspace/ros_ur_driver/src/install/moveit_simple_controller_manager/include/moveit_simple_controller_manager/moveit_simple_controller_manager/action_based_controller_handle.hpp
[13.241s] -- Installing: /home/fv/workspace/ros_ur_driver/src/install/moveit_simple_controller_manager/include/moveit_simple_controller_manager/moveit_simple_controller_manager/empty_controller_handle.h
[13.241s] -- Installing: /home/fv/workspace/ros_ur_driver/src/install/moveit_simple_controller_manager/include/moveit_simple_controller_manager/moveit_simple_controller_manager/follow_joint_trajectory_controller_handle.hpp
[13.241s] -- Installing: /home/fv/workspace/ros_ur_driver/src/install/moveit_simple_controller_manager/include/moveit_simple_controller_manager/moveit_simple_controller_manager/gripper_controller_handle.h
[13.241s] -- Installing: /home/fv/workspace/ros_ur_driver/src/install/moveit_simple_controller_manager/include/moveit_simple_controller_manager/moveit_simple_controller_manager/parallel_gripper_command_controller_handle.hpp
[13.241s] -- Installing: /home/fv/workspace/ros_ur_driver/src/install/moveit_simple_controller_manager/include/moveit_simple_controller_manager/moveit_simple_controller_manager/empty_controller_handle.hpp
[13.241s] -- Installing: /home/fv/workspace/ros_ur_driver/src/install/moveit_simple_controller_manager/include/moveit_simple_controller_manager/moveit_simple_controller_manager/follow_joint_trajectory_controller_handle.h
[13.241s] -- Installing: /home/fv/workspace/ros_ur_driver/src/install/moveit_simple_controller_manager/share/moveit_simple_controller_manager/environment/library_path.sh
[13.242s] -- Installing: /home/fv/workspace/ros_ur_driver/src/install/moveit_simple_controller_manager/share/moveit_simple_controller_manager/environment/library_path.dsv
[13.242s] -- Installing: /home/fv/workspace/ros_ur_driver/src/install/moveit_simple_controller_manager/share/moveit_simple_controller_manager/moveit_simple_controller_manager_plugin_description.xml
[13.242s] -- Installing: /home/fv/workspace/ros_ur_driver/src/install/moveit_simple_controller_manager/share/ament_index/resource_index/package_run_dependencies/moveit_simple_controller_manager
[13.242s] -- Installing: /home/fv/workspace/ros_ur_driver/src/install/moveit_simple_controller_manager/share/ament_index/resource_index/parent_prefix_path/moveit_simple_controller_manager
[13.242s] -- Installing: /home/fv/workspace/ros_ur_driver/src/install/moveit_simple_controller_manager/share/moveit_simple_controller_manager/environment/ament_prefix_path.sh
[13.242s] -- Installing: /home/fv/workspace/ros_ur_driver/src/install/moveit_simple_controller_manager/share/moveit_simple_controller_manager/environment/ament_prefix_path.dsv
[13.242s] -- Installing: /home/fv/workspace/ros_ur_driver/src/install/moveit_simple_controller_manager/share/moveit_simple_controller_manager/environment/path.sh
[13.243s] -- Installing: /home/fv/workspace/ros_ur_driver/src/install/moveit_simple_controller_manager/share/moveit_simple_controller_manager/environment/path.dsv
[13.243s] -- Installing: /home/fv/workspace/ros_ur_driver/src/install/moveit_simple_controller_manager/share/moveit_simple_controller_manager/local_setup.bash
[13.243s] -- Installing: /home/fv/workspace/ros_ur_driver/src/install/moveit_simple_controller_manager/share/moveit_simple_controller_manager/local_setup.sh
[13.243s] -- Installing: /home/fv/workspace/ros_ur_driver/src/install/moveit_simple_controller_manager/share/moveit_simple_controller_manager/local_setup.zsh
[13.243s] -- Installing: /home/fv/workspace/ros_ur_driver/src/install/moveit_simple_controller_manager/share/moveit_simple_controller_manager/local_setup.dsv
[13.243s] -- Installing: /home/fv/workspace/ros_ur_driver/src/install/moveit_simple_controller_manager/share/moveit_simple_controller_manager/package.dsv
[13.243s] -- Installing: /home/fv/workspace/ros_ur_driver/src/install/moveit_simple_controller_manager/share/ament_index/resource_index/packages/moveit_simple_controller_manager
[13.243s] -- Installing: /home/fv/workspace/ros_ur_driver/src/install/moveit_simple_controller_manager/share/ament_index/resource_index/moveit_core__pluginlib__plugin/moveit_simple_controller_manager
[13.243s] -- Installing: /home/fv/workspace/ros_ur_driver/src/install/moveit_simple_controller_manager/share/moveit_simple_controller_manager/cmake/moveit_simple_controller_managerTargetsExport.cmake
[13.243s] -- Installing: /home/fv/workspace/ros_ur_driver/src/install/moveit_simple_controller_manager/share/moveit_simple_controller_manager/cmake/moveit_simple_controller_managerTargetsExport-release.cmake
[13.244s] -- Installing: /home/fv/workspace/ros_ur_driver/src/install/moveit_simple_controller_manager/share/moveit_simple_controller_manager/cmake/ConfigExtras.cmake
[13.244s] -- Installing: /home/fv/workspace/ros_ur_driver/src/install/moveit_simple_controller_manager/share/moveit_simple_controller_manager/cmake/ament_cmake_export_targets-extras.cmake
[13.244s] -- Installing: /home/fv/workspace/ros_ur_driver/src/install/moveit_simple_controller_manager/share/moveit_simple_controller_manager/cmake/ament_cmake_export_dependencies-extras.cmake
[13.244s] -- Installing: /home/fv/workspace/ros_ur_driver/src/install/moveit_simple_controller_manager/share/moveit_simple_controller_manager/cmake/moveit_simple_controller_managerConfig.cmake
[13.244s] -- Installing: /home/fv/workspace/ros_ur_driver/src/install/moveit_simple_controller_manager/share/moveit_simple_controller_manager/cmake/moveit_simple_controller_managerConfig-version.cmake
[13.244s] -- Installing: /home/fv/workspace/ros_ur_driver/src/install/moveit_simple_controller_manager/share/moveit_simple_controller_manager/package.xml
[13.246s] Invoked command in '/home/fv/workspace/ros_ur_driver/src/build/moveit_simple_controller_manager' returned '0': AMENT_PREFIX_PATH=/home/fv/workspace/ros_ur_driver/src/install/moveit_core:/home/fv/workspace/ros_ur_driver/src/install/srdfdom:/home/fv/workspace/ros_ur_driver/src/install/moveit_msgs:/home/fv/workspace/ros_ur_driver/src/install/moveit_common:${AMENT_PREFIX_PATH} CMAKE_PREFIX_PATH=/home/fv/workspace/ros_ur_driver/src/install/moveit_core:/home/fv/workspace/ros_ur_driver/src/install/srdfdom:/home/fv/workspace/ros_ur_driver/src/install/moveit_msgs:/home/fv/workspace/ros_ur_driver/src/install/moveit_common:/opt/ros/jazzy/opt/sdformat_vendor:/opt/ros/jazzy/opt/gz_math_vendor:/opt/ros/jazzy/opt/gz_utils_vendor:/opt/ros/jazzy/opt/gz_tools_vendor:/opt/ros/jazzy/opt/gz_cmake_vendor:/opt/ros/jazzy CONDA_PROMPT_MODIFIER=(base) DEBUGINFOD_URLS=https://debuginfod.ubuntu.com LD_LIBRARY_PATH=/home/fv/workspace/ros_ur_driver/src/install/moveit_core/lib:/home/fv/workspace/ros_ur_driver/src/install/srdfdom/lib:/home/fv/workspace/ros_ur_driver/src/install/moveit_msgs/lib:${LD_LIBRARY_PATH} PATH=/home/fv/workspace/ros_ur_driver/src/install/moveit_core/bin:${PATH} PS1=(venv) (base) \[\e]0;\u@\h: \w\a\]${debian_chroot:+($debian_chroot)}\[\033[01;32m\]\u@\h\[\033[00m\]:\[\033[01;34m\]\w\[\033[00m\]\$ PYTHONPATH=/home/fv/workspace/ros_ur_driver/src/install/srdfdom/lib/python3.13/site-packages:/home/fv/workspace/ros_ur_driver/src/install/moveit_msgs/lib/python3.13/site-packages:${PYTHONPATH} VIRTUAL_ENV_PROMPT=(venv) /usr/bin/cmake --install /home/fv/workspace/ros_ur_driver/src/build/moveit_simple_controller_manager
