[0.024s] Invoking command in '/home/fv/workspace/ros_ur_driver/src/build/kinematics_interface': CMAKE_PREFIX_PATH=${CMAKE_PREFIX_PATH}:/opt/ros/jazzy CONDA_PROMPT_MODIFIER=(base) DEBUGINFOD_URLS=https://debuginfod.ubuntu.com PS1=(venv) (base) \[\e]0;\u@\h: \w\a\]${debian_chroot:+($debian_chroot)}\[\033[01;32m\]\u@\h\[\033[00m\]:\[\033[01;34m\]\w\[\033[00m\]\$ VIRTUAL_ENV_PROMPT=(venv) /usr/bin/cmake --build /home/fv/workspace/ros_ur_driver/src/build/kinematics_interface -- -j20 -l20
[0.084s] [100%] Built target kinematics_interface
[0.089s] Invoked command in '/home/fv/workspace/ros_ur_driver/src/build/kinematics_interface' returned '0': CMAKE_PREFIX_PATH=${CMAKE_PREFIX_PATH}:/opt/ros/jazzy CONDA_PROMPT_MODIFIER=(base) DEBUGINFOD_URLS=https://debuginfod.ubuntu.com PS1=(venv) (base) \[\e]0;\u@\h: \w\a\]${debian_chroot:+($debian_chroot)}\[\033[01;32m\]\u@\h\[\033[00m\]:\[\033[01;34m\]\w\[\033[00m\]\$ VIRTUAL_ENV_PROMPT=(venv) /usr/bin/cmake --build /home/fv/workspace/ros_ur_driver/src/build/kinematics_interface -- -j20 -l20
[0.090s] Invoking command in '/home/fv/workspace/ros_ur_driver/src/build/kinematics_interface': CMAKE_PREFIX_PATH=${CMAKE_PREFIX_PATH}:/opt/ros/jazzy CONDA_PROMPT_MODIFIER=(base) DEBUGINFOD_URLS=https://debuginfod.ubuntu.com PS1=(venv) (base) \[\e]0;\u@\h: \w\a\]${debian_chroot:+($debian_chroot)}\[\033[01;32m\]\u@\h\[\033[00m\]:\[\033[01;34m\]\w\[\033[00m\]\$ VIRTUAL_ENV_PROMPT=(venv) /usr/bin/cmake --install /home/fv/workspace/ros_ur_driver/src/build/kinematics_interface
[0.098s] -- Install configuration: "Release"
[0.098s] -- Up-to-date: /home/fv/workspace/ros_ur_driver/src/install/kinematics_interface/include/kinematics_interface
[0.098s] -- Up-to-date: /home/fv/workspace/ros_ur_driver/src/install/kinematics_interface/include/kinematics_interface/kinematics_interface
[0.099s] -- Up-to-date: /home/fv/workspace/ros_ur_driver/src/install/kinematics_interface/include/kinematics_interface/kinematics_interface/kinematics_interface.hpp
[0.099s] -- Up-to-date: /home/fv/workspace/ros_ur_driver/src/install/kinematics_interface/lib/libkinematics_interface.so
[0.099s] -- Up-to-date: /home/fv/workspace/ros_ur_driver/src/install/kinematics_interface/share/kinematics_interface/environment/library_path.sh
[0.099s] -- Up-to-date: /home/fv/workspace/ros_ur_driver/src/install/kinematics_interface/share/kinematics_interface/environment/library_path.dsv
[0.099s] -- Up-to-date: /home/fv/workspace/ros_ur_driver/src/install/kinematics_interface/share/ament_index/resource_index/package_run_dependencies/kinematics_interface
[0.099s] -- Up-to-date: /home/fv/workspace/ros_ur_driver/src/install/kinematics_interface/share/ament_index/resource_index/parent_prefix_path/kinematics_interface
[0.099s] -- Up-to-date: /home/fv/workspace/ros_ur_driver/src/install/kinematics_interface/share/kinematics_interface/environment/ament_prefix_path.sh
[0.099s] -- Up-to-date: /home/fv/workspace/ros_ur_driver/src/install/kinematics_interface/share/kinematics_interface/environment/ament_prefix_path.dsv
[0.099s] -- Up-to-date: /home/fv/workspace/ros_ur_driver/src/install/kinematics_interface/share/kinematics_interface/environment/path.sh
[0.099s] -- Up-to-date: /home/fv/workspace/ros_ur_driver/src/install/kinematics_interface/share/kinematics_interface/environment/path.dsv
[0.099s] -- Up-to-date: /home/fv/workspace/ros_ur_driver/src/install/kinematics_interface/share/kinematics_interface/local_setup.bash
[0.099s] -- Up-to-date: /home/fv/workspace/ros_ur_driver/src/install/kinematics_interface/share/kinematics_interface/local_setup.sh
[0.099s] -- Up-to-date: /home/fv/workspace/ros_ur_driver/src/install/kinematics_interface/share/kinematics_interface/local_setup.zsh
[0.099s] -- Up-to-date: /home/fv/workspace/ros_ur_driver/src/install/kinematics_interface/share/kinematics_interface/local_setup.dsv
[0.099s] -- Installing: /home/fv/workspace/ros_ur_driver/src/install/kinematics_interface/share/kinematics_interface/package.dsv
[0.099s] -- Up-to-date: /home/fv/workspace/ros_ur_driver/src/install/kinematics_interface/share/ament_index/resource_index/packages/kinematics_interface
[0.099s] -- Up-to-date: /home/fv/workspace/ros_ur_driver/src/install/kinematics_interface/share/kinematics_interface/cmake/export_kinematics_interfaceExport.cmake
[0.099s] -- Up-to-date: /home/fv/workspace/ros_ur_driver/src/install/kinematics_interface/share/kinematics_interface/cmake/export_kinematics_interfaceExport-release.cmake
[0.100s] -- Up-to-date: /home/fv/workspace/ros_ur_driver/src/install/kinematics_interface/share/kinematics_interface/cmake/ament_cmake_export_targets-extras.cmake
[0.100s] -- Up-to-date: /home/fv/workspace/ros_ur_driver/src/install/kinematics_interface/share/kinematics_interface/cmake/ament_cmake_export_dependencies-extras.cmake
[0.100s] -- Up-to-date: /home/fv/workspace/ros_ur_driver/src/install/kinematics_interface/share/kinematics_interface/cmake/kinematics_interfaceConfig.cmake
[0.100s] -- Up-to-date: /home/fv/workspace/ros_ur_driver/src/install/kinematics_interface/share/kinematics_interface/cmake/kinematics_interfaceConfig-version.cmake
[0.100s] -- Up-to-date: /home/fv/workspace/ros_ur_driver/src/install/kinematics_interface/share/kinematics_interface/package.xml
[0.131s] Invoked command in '/home/fv/workspace/ros_ur_driver/src/build/kinematics_interface' returned '0': CMAKE_PREFIX_PATH=${CMAKE_PREFIX_PATH}:/opt/ros/jazzy CONDA_PROMPT_MODIFIER=(base) DEBUGINFOD_URLS=https://debuginfod.ubuntu.com PS1=(venv) (base) \[\e]0;\u@\h: \w\a\]${debian_chroot:+($debian_chroot)}\[\033[01;32m\]\u@\h\[\033[00m\]:\[\033[01;34m\]\w\[\033[00m\]\$ VIRTUAL_ENV_PROMPT=(venv) /usr/bin/cmake --install /home/fv/workspace/ros_ur_driver/src/build/kinematics_interface
