[0.838s] Invoking command in '/home/fv/workspace/ros_ur_driver/src/moveit2/moveit_configs_utils': AMENT_PREFIX_PATH=/home/fv/workspace/ros_ur_driver/src/install/srdfdom:${AMENT_PREFIX_PATH} CMAKE_PREFIX_PATH=/home/fv/workspace/ros_ur_driver/src/install/srdfdom:${CMAKE_PREFIX_PATH} CONDA_PROMPT_MODIFIER=(base) DEBUGINFOD_URLS=https://debuginfod.ubuntu.com LD_LIBRARY_PATH=/home/fv/workspace/ros_ur_driver/src/install/srdfdom/lib:${LD_LIBRARY_PATH} PS1=(venv) (base) \[\e]0;\u@\h: \w\a\]${debian_chroot:+($debian_chroot)}\[\033[01;32m\]\u@\h\[\033[00m\]:\[\033[01;34m\]\w\[\033[00m\]\$ PYTHONPATH=/home/fv/workspace/ros_ur_driver/src/build/moveit_configs_utils/prefix_override:/usr/lib/python3/dist-packages/colcon_core/task/python/colcon_distutils_commands:/home/fv/workspace/ros_ur_driver/src/install/moveit_configs_utils/lib/python3.12/site-packages:/home/fv/workspace/ros_ur_driver/src/install/srdfdom/lib/python3.13/site-packages:${PYTHONPATH} VIRTUAL_ENV_PROMPT=(venv) /usr/bin/python3 -W ignore:setup.py install is deprecated -W ignore:easy_install command is deprecated setup.py egg_info --egg-base ../../build/moveit_configs_utils build --build-base /home/fv/workspace/ros_ur_driver/src/build/moveit_configs_utils/build install --record /home/fv/workspace/ros_ur_driver/src/build/moveit_configs_utils/install.log --single-version-externally-managed install_data
[1.198s] running egg_info
[1.198s] creating ../../build/moveit_configs_utils/moveit_configs_utils.egg-info
[1.209s] writing ../../build/moveit_configs_utils/moveit_configs_utils.egg-info/PKG-INFO
[1.209s] writing dependency_links to ../../build/moveit_configs_utils/moveit_configs_utils.egg-info/dependency_links.txt
[1.209s] writing requirements to ../../build/moveit_configs_utils/moveit_configs_utils.egg-info/requires.txt
[1.210s] writing top-level names to ../../build/moveit_configs_utils/moveit_configs_utils.egg-info/top_level.txt
[1.210s] writing manifest file '../../build/moveit_configs_utils/moveit_configs_utils.egg-info/SOURCES.txt'
[1.232s] reading manifest file '../../build/moveit_configs_utils/moveit_configs_utils.egg-info/SOURCES.txt'
[1.233s] writing manifest file '../../build/moveit_configs_utils/moveit_configs_utils.egg-info/SOURCES.txt'
[1.233s] running build
[1.233s] running build_py
[1.233s] creating /home/fv/workspace/ros_ur_driver/src/build/moveit_configs_utils/build
[1.233s] creating /home/fv/workspace/ros_ur_driver/src/build/moveit_configs_utils/build/lib
[1.233s] creating /home/fv/workspace/ros_ur_driver/src/build/moveit_configs_utils/build/lib/moveit_configs_utils
[1.233s] copying moveit_configs_utils/launch_utils.py -> /home/fv/workspace/ros_ur_driver/src/build/moveit_configs_utils/build/lib/moveit_configs_utils
[1.233s] copying moveit_configs_utils/launches.py -> /home/fv/workspace/ros_ur_driver/src/build/moveit_configs_utils/build/lib/moveit_configs_utils
[1.233s] copying moveit_configs_utils/moveit_configs_builder.py -> /home/fv/workspace/ros_ur_driver/src/build/moveit_configs_utils/build/lib/moveit_configs_utils
[1.233s] copying moveit_configs_utils/__init__.py -> /home/fv/workspace/ros_ur_driver/src/build/moveit_configs_utils/build/lib/moveit_configs_utils
[1.234s] creating /home/fv/workspace/ros_ur_driver/src/build/moveit_configs_utils/build/lib/moveit_configs_utils/substitutions
[1.234s] copying moveit_configs_utils/substitutions/xacro.py -> /home/fv/workspace/ros_ur_driver/src/build/moveit_configs_utils/build/lib/moveit_configs_utils/substitutions
[1.234s] copying moveit_configs_utils/substitutions/__init__.py -> /home/fv/workspace/ros_ur_driver/src/build/moveit_configs_utils/build/lib/moveit_configs_utils/substitutions
[1.234s] running install
[1.241s] running install_lib
[1.258s] creating /home/fv/workspace/ros_ur_driver/src/install/moveit_configs_utils/lib/python3.12/site-packages/moveit_configs_utils
[1.258s] copying /home/fv/workspace/ros_ur_driver/src/build/moveit_configs_utils/build/lib/moveit_configs_utils/launch_utils.py -> /home/fv/workspace/ros_ur_driver/src/install/moveit_configs_utils/lib/python3.12/site-packages/moveit_configs_utils
[1.259s] copying /home/fv/workspace/ros_ur_driver/src/build/moveit_configs_utils/build/lib/moveit_configs_utils/launches.py -> /home/fv/workspace/ros_ur_driver/src/install/moveit_configs_utils/lib/python3.12/site-packages/moveit_configs_utils
[1.259s] copying /home/fv/workspace/ros_ur_driver/src/build/moveit_configs_utils/build/lib/moveit_configs_utils/moveit_configs_builder.py -> /home/fv/workspace/ros_ur_driver/src/install/moveit_configs_utils/lib/python3.12/site-packages/moveit_configs_utils
[1.259s] creating /home/fv/workspace/ros_ur_driver/src/install/moveit_configs_utils/lib/python3.12/site-packages/moveit_configs_utils/substitutions
[1.260s] copying /home/fv/workspace/ros_ur_driver/src/build/moveit_configs_utils/build/lib/moveit_configs_utils/substitutions/xacro.py -> /home/fv/workspace/ros_ur_driver/src/install/moveit_configs_utils/lib/python3.12/site-packages/moveit_configs_utils/substitutions
[1.260s] copying /home/fv/workspace/ros_ur_driver/src/build/moveit_configs_utils/build/lib/moveit_configs_utils/substitutions/__init__.py -> /home/fv/workspace/ros_ur_driver/src/install/moveit_configs_utils/lib/python3.12/site-packages/moveit_configs_utils/substitutions
[1.260s] copying /home/fv/workspace/ros_ur_driver/src/build/moveit_configs_utils/build/lib/moveit_configs_utils/__init__.py -> /home/fv/workspace/ros_ur_driver/src/install/moveit_configs_utils/lib/python3.12/site-packages/moveit_configs_utils
[1.262s] byte-compiling /home/fv/workspace/ros_ur_driver/src/install/moveit_configs_utils/lib/python3.12/site-packages/moveit_configs_utils/launch_utils.py to launch_utils.cpython-312.pyc
[1.262s] byte-compiling /home/fv/workspace/ros_ur_driver/src/install/moveit_configs_utils/lib/python3.12/site-packages/moveit_configs_utils/launches.py to launches.cpython-312.pyc
[1.264s] byte-compiling /home/fv/workspace/ros_ur_driver/src/install/moveit_configs_utils/lib/python3.12/site-packages/moveit_configs_utils/moveit_configs_builder.py to moveit_configs_builder.cpython-312.pyc
[1.267s] byte-compiling /home/fv/workspace/ros_ur_driver/src/install/moveit_configs_utils/lib/python3.12/site-packages/moveit_configs_utils/substitutions/xacro.py to xacro.cpython-312.pyc
[1.269s] byte-compiling /home/fv/workspace/ros_ur_driver/src/install/moveit_configs_utils/lib/python3.12/site-packages/moveit_configs_utils/substitutions/__init__.py to __init__.cpython-312.pyc
[1.269s] byte-compiling /home/fv/workspace/ros_ur_driver/src/install/moveit_configs_utils/lib/python3.12/site-packages/moveit_configs_utils/__init__.py to __init__.cpython-312.pyc
[1.269s] running install_data
[1.270s] creating /home/fv/workspace/ros_ur_driver/src/install/moveit_configs_utils/share/ament_index
[1.270s] creating /home/fv/workspace/ros_ur_driver/src/install/moveit_configs_utils/share/ament_index/resource_index
[1.270s] creating /home/fv/workspace/ros_ur_driver/src/install/moveit_configs_utils/share/ament_index/resource_index/packages
[1.270s] copying resource/moveit_configs_utils -> /home/fv/workspace/ros_ur_driver/src/install/moveit_configs_utils/share/ament_index/resource_index/packages
[1.270s] copying package.xml -> /home/fv/workspace/ros_ur_driver/src/install/moveit_configs_utils/share/moveit_configs_utils
[1.271s] creating /home/fv/workspace/ros_ur_driver/src/install/moveit_configs_utils/share/moveit_configs_utils/default_configs
[1.271s] copying default_configs/chomp_planning.yaml -> /home/fv/workspace/ros_ur_driver/src/install/moveit_configs_utils/share/moveit_configs_utils/default_configs
[1.271s] copying default_configs/ompl_planning.yaml -> /home/fv/workspace/ros_ur_driver/src/install/moveit_configs_utils/share/moveit_configs_utils/default_configs
[1.271s] copying default_configs/ompl_defaults.yaml -> /home/fv/workspace/ros_ur_driver/src/install/moveit_configs_utils/share/moveit_configs_utils/default_configs
[1.271s] copying default_configs/stomp_planning.yaml -> /home/fv/workspace/ros_ur_driver/src/install/moveit_configs_utils/share/moveit_configs_utils/default_configs
[1.272s] copying default_configs/pilz_industrial_motion_planner_planning.yaml -> /home/fv/workspace/ros_ur_driver/src/install/moveit_configs_utils/share/moveit_configs_utils/default_configs
[1.273s] running install_egg_info
[1.286s] Copying ../../build/moveit_configs_utils/moveit_configs_utils.egg-info to /home/fv/workspace/ros_ur_driver/src/install/moveit_configs_utils/lib/python3.12/site-packages/moveit_configs_utils-2.14.1-py3.12.egg-info
[1.286s] running install_scripts
[1.410s] writing list of installed files to '/home/fv/workspace/ros_ur_driver/src/build/moveit_configs_utils/install.log'
[1.452s] Invoked command in '/home/fv/workspace/ros_ur_driver/src/moveit2/moveit_configs_utils' returned '0': AMENT_PREFIX_PATH=/home/fv/workspace/ros_ur_driver/src/install/srdfdom:${AMENT_PREFIX_PATH} CMAKE_PREFIX_PATH=/home/fv/workspace/ros_ur_driver/src/install/srdfdom:${CMAKE_PREFIX_PATH} CONDA_PROMPT_MODIFIER=(base) DEBUGINFOD_URLS=https://debuginfod.ubuntu.com LD_LIBRARY_PATH=/home/fv/workspace/ros_ur_driver/src/install/srdfdom/lib:${LD_LIBRARY_PATH} PS1=(venv) (base) \[\e]0;\u@\h: \w\a\]${debian_chroot:+($debian_chroot)}\[\033[01;32m\]\u@\h\[\033[00m\]:\[\033[01;34m\]\w\[\033[00m\]\$ PYTHONPATH=/home/fv/workspace/ros_ur_driver/src/build/moveit_configs_utils/prefix_override:/usr/lib/python3/dist-packages/colcon_core/task/python/colcon_distutils_commands:/home/fv/workspace/ros_ur_driver/src/install/moveit_configs_utils/lib/python3.12/site-packages:/home/fv/workspace/ros_ur_driver/src/install/srdfdom/lib/python3.13/site-packages:${PYTHONPATH} VIRTUAL_ENV_PROMPT=(venv) /usr/bin/python3 -W ignore:setup.py install is deprecated -W ignore:easy_install command is deprecated setup.py egg_info --egg-base ../../build/moveit_configs_utils build --build-base /home/fv/workspace/ros_ur_driver/src/build/moveit_configs_utils/build install --record /home/fv/workspace/ros_ur_driver/src/build/moveit_configs_utils/install.log --single-version-externally-managed install_data
