[0.015s] Invoking command in '/home/fv/workspace/ros_ur_driver/src/build/moveit_ros_planning': AMENT_PREFIX_PATH=/home/fv/workspace/ros_ur_driver/src/install/moveit_ros_occupancy_map_monitor:/home/fv/workspace/ros_ur_driver/src/install/moveit_core:/home/fv/workspace/ros_ur_driver/src/install/moveit_configs_utils:/home/fv/workspace/ros_ur_driver/src/install/srdfdom:/home/fv/workspace/ros_ur_driver/src/install/moveit_msgs:/home/fv/workspace/ros_ur_driver/src/install/moveit_common:${AMENT_PREFIX_PATH} CMAKE_PREFIX_PATH=/home/fv/workspace/ros_ur_driver/src/install/moveit_ros_occupancy_map_monitor:/home/fv/workspace/ros_ur_driver/src/install/moveit_core:/home/fv/workspace/ros_ur_driver/src/install/srdfdom:/home/fv/workspace/ros_ur_driver/src/install/moveit_msgs:/home/fv/workspace/ros_ur_driver/src/install/moveit_common:/opt/ros/jazzy/opt/sdformat_vendor:/opt/ros/jazzy/opt/gz_math_vendor:/opt/ros/jazzy/opt/gz_utils_vendor:/opt/ros/jazzy/opt/gz_tools_vendor:/opt/ros/jazzy/opt/gz_cmake_vendor:/opt/ros/jazzy CONDA_PROMPT_MODIFIER=(base) DEBUGINFOD_URLS=https://debuginfod.ubuntu.com LD_LIBRARY_PATH=/home/fv/workspace/ros_ur_driver/src/install/moveit_ros_occupancy_map_monitor/lib:/home/fv/workspace/ros_ur_driver/src/install/moveit_core/lib:/home/fv/workspace/ros_ur_driver/src/install/srdfdom/lib:/home/fv/workspace/ros_ur_driver/src/install/moveit_msgs/lib:${LD_LIBRARY_PATH} PATH=/home/fv/workspace/ros_ur_driver/src/install/moveit_core/bin:${PATH} PS1=(venv) (base) \[\e]0;\u@\h: \w\a\]${debian_chroot:+($debian_chroot)}\[\033[01;32m\]\u@\h\[\033[00m\]:\[\033[01;34m\]\w\[\033[00m\]\$ PYTHONPATH=/home/fv/workspace/ros_ur_driver/src/install/moveit_configs_utils/lib/python3.12/site-packages:/home/fv/workspace/ros_ur_driver/src/install/srdfdom/lib/python3.13/site-packages:/home/fv/workspace/ros_ur_driver/src/install/moveit_msgs/lib/python3.13/site-packages:${PYTHONPATH} VIRTUAL_ENV_PROMPT=(venv) /usr/bin/cmake /home/fv/workspace/ros_ur_driver/src/moveit2/moveit_ros/planning -DCMAKE_BUILD_TYPE=Release -DCMAKE_INSTALL_PREFIX=/home/fv/workspace/ros_ur_driver/src/install/moveit_ros_planning
[0.068s] -- The CXX compiler identification is GNU 13.3.0
[0.082s] -- Detecting CXX compiler ABI info
[0.161s] -- Detecting CXX compiler ABI info - done
[0.167s] -- Check for working CXX compiler: /usr/bin/c++ - skipped
[0.167s] -- Detecting CXX compile features
[0.167s] -- Detecting CXX compile features - done
[0.168s] -- Found moveit_common: 2.14.1 (/home/fv/workspace/ros_ur_driver/src/install/moveit_common/share/moveit_common/cmake)
[0.169s] -- Found ament_cmake: 2.5.4 (/opt/ros/jazzy/share/ament_cmake/cmake)
[0.261s] -- Found Python3: /home/fv/venv/bin/python3 (found version "3.13.5") found components: Interpreter 
[0.392s] -- Found ament_index_cpp: 1.8.1 (/opt/ros/jazzy/share/ament_index_cpp/cmake)
[0.399s] -- Found generate_parameter_library: 0.5.0 (/opt/ros/jazzy/share/generate_parameter_library/cmake)
[0.400s] -- Found parameter_traits: 0.5.0 (/opt/ros/jazzy/share/parameter_traits/cmake)
[0.427s] -- Found rosidl_generator_c: 4.6.6 (/opt/ros/jazzy/share/rosidl_generator_c/cmake)
[0.435s] -- Found rosidl_generator_cpp: 4.6.6 (/opt/ros/jazzy/share/rosidl_generator_cpp/cmake)
[0.446s] -- Using all available rosidl_typesupport_c: rosidl_typesupport_fastrtps_c;rosidl_typesupport_introspection_c
[0.457s] -- Using all available rosidl_typesupport_cpp: rosidl_typesupport_fastrtps_cpp;rosidl_typesupport_introspection_cpp
[0.503s] -- Found rmw_implementation_cmake: 7.3.2 (/opt/ros/jazzy/share/rmw_implementation_cmake/cmake)
[0.505s] -- Found rmw_fastrtps_cpp: 8.4.3 (/opt/ros/jazzy/share/rmw_fastrtps_cpp/cmake)
[0.566s] -- Found OpenSSL: /usr/lib/x86_64-linux-gnu/libcrypto.so (found version "3.0.13")  
[0.582s] -- Found FastRTPS: /opt/ros/jazzy/include (Required is at least version "2.13") 
[0.600s] -- Using RMW implementation 'rmw_fastrtps_cpp' as default
[0.651s] -- Found rclcpp_lifecycle: 28.1.12 (/opt/ros/jazzy/share/rclcpp_lifecycle/cmake)
[0.671s] -- Found message_filters: 4.11.7 (/opt/ros/jazzy/share/message_filters/cmake)
[0.682s] -- Found moveit_core: 2.14.1 (/home/fv/workspace/ros_ur_driver/src/install/moveit_core/share/moveit_core/cmake)
[0.796s] -- Found Boost: /usr/lib/x86_64-linux-gnu/cmake/Boost-1.83.0/BoostConfig.cmake (found version "1.83.0") found components: chrono date_time filesystem iostreams program_options regex serialization system thread 
[0.830s] -- Found Boost: /usr/lib/x86_64-linux-gnu/cmake/Boost-1.83.0/BoostConfig.cmake (found version "1.83.0") found components: filesystem 
[0.906s] -- Found Eigen3: TRUE (found version "3.4.0") 
[0.906s] -- Ensuring Eigen3 include directory is part of orocos-kdl CMake target
[1.114s] -- Found moveit_ros_occupancy_map_monitor: 2.14.1 (/home/fv/workspace/ros_ur_driver/src/install/moveit_ros_occupancy_map_monitor/share/moveit_ros_occupancy_map_monitor/cmake)
[1.135s] -- Found Boost: /usr/lib/x86_64-linux-gnu/cmake/Boost-1.83.0/BoostConfig.cmake (found version "1.83.0") found components: system filesystem date_time program_options thread chrono 
[1.160s] -- Performing Test COMPILER_HAS_HIDDEN_VISIBILITY
[1.242s] -- Performing Test COMPILER_HAS_HIDDEN_VISIBILITY - Success
[1.243s] -- Performing Test COMPILER_HAS_HIDDEN_INLINE_VISIBILITY
[1.330s] -- Performing Test COMPILER_HAS_HIDDEN_INLINE_VISIBILITY - Success
[1.330s] -- Performing Test COMPILER_HAS_DEPRECATED_ATTR
[1.415s] -- Performing Test COMPILER_HAS_DEPRECATED_ATTR - Success
[1.428s] -- Found ament_cmake_gtest: 2.5.4 (/opt/ros/jazzy/share/ament_cmake_gtest/cmake)
[1.431s] -- Found gtest sources under '/opt/ros/jazzy/src/gtest_vendor': C++ tests using 'Google Test' will be built
[1.461s] -- The C compiler identification is GNU 13.3.0
[1.472s] -- Detecting C compiler ABI info
[1.553s] -- Detecting C compiler ABI info - done
[1.558s] -- Check for working C compiler: /usr/bin/cc - skipped
[1.558s] -- Detecting C compile features
[1.558s] -- Detecting C compile features - done
[1.560s] -- Found Threads: TRUE  
[1.566s] -- Found ament_cmake_gtest: 2.5.4 (/opt/ros/jazzy/share/ament_cmake_gtest/cmake)
[1.568s] -- Found ament_cmake_gmock: 2.5.4 (/opt/ros/jazzy/share/ament_cmake_gmock/cmake)
[1.569s] -- Found gmock sources under '/opt/ros/jazzy/src/gmock_vendor': C++ tests using 'Google Mock' will be built
[1.572s] -- Found gtest sources under '/opt/ros/jazzy/src/gtest_vendor': C++ tests using 'Google Test' will be built
[1.581s] -- Found ament_cmake_gtest: 2.5.4 (/opt/ros/jazzy/share/ament_cmake_gtest/cmake)
[1.581s] -- Found ament_cmake_gmock: 2.5.4 (/opt/ros/jazzy/share/ament_cmake_gmock/cmake)
[1.584s] -- Found ros_testing: 0.6.0 (/opt/ros/jazzy/share/ros_testing/cmake)
[1.586s] -- Found launch_testing_ament_cmake: 3.4.6 (/opt/ros/jazzy/share/launch_testing_ament_cmake/cmake)
[1.589s] -- Found python_cmake_module: 0.11.1 (/opt/ros/jazzy/share/python_cmake_module/cmake)
[1.679s] -- Found PythonExtra: /home/fv/venv/bin/python3  
[1.680s] -- Found gmock sources under '/opt/ros/jazzy/src/gmock_vendor': C++ tests using 'Google Mock' will be built
[1.681s] -- Found gtest sources under '/opt/ros/jazzy/src/gtest_vendor': C++ tests using 'Google Test' will be built
[1.694s] -- Found launch_testing_ament_cmake: 3.4.6 (/opt/ros/jazzy/share/launch_testing_ament_cmake/cmake)
[1.695s] -- Found python_cmake_module: 0.11.1 (/opt/ros/jazzy/share/python_cmake_module/cmake)
[1.793s] -- Configuring done (1.8s)
[2.020s] -- Generating done (0.2s)
[2.071s] -- Build files have been written to: /home/fv/workspace/ros_ur_driver/src/build/moveit_ros_planning
[2.092s] Invoked command in '/home/fv/workspace/ros_ur_driver/src/build/moveit_ros_planning' returned '0': AMENT_PREFIX_PATH=/home/fv/workspace/ros_ur_driver/src/install/moveit_ros_occupancy_map_monitor:/home/fv/workspace/ros_ur_driver/src/install/moveit_core:/home/fv/workspace/ros_ur_driver/src/install/moveit_configs_utils:/home/fv/workspace/ros_ur_driver/src/install/srdfdom:/home/fv/workspace/ros_ur_driver/src/install/moveit_msgs:/home/fv/workspace/ros_ur_driver/src/install/moveit_common:${AMENT_PREFIX_PATH} CMAKE_PREFIX_PATH=/home/fv/workspace/ros_ur_driver/src/install/moveit_ros_occupancy_map_monitor:/home/fv/workspace/ros_ur_driver/src/install/moveit_core:/home/fv/workspace/ros_ur_driver/src/install/srdfdom:/home/fv/workspace/ros_ur_driver/src/install/moveit_msgs:/home/fv/workspace/ros_ur_driver/src/install/moveit_common:/opt/ros/jazzy/opt/sdformat_vendor:/opt/ros/jazzy/opt/gz_math_vendor:/opt/ros/jazzy/opt/gz_utils_vendor:/opt/ros/jazzy/opt/gz_tools_vendor:/opt/ros/jazzy/opt/gz_cmake_vendor:/opt/ros/jazzy CONDA_PROMPT_MODIFIER=(base) DEBUGINFOD_URLS=https://debuginfod.ubuntu.com LD_LIBRARY_PATH=/home/fv/workspace/ros_ur_driver/src/install/moveit_ros_occupancy_map_monitor/lib:/home/fv/workspace/ros_ur_driver/src/install/moveit_core/lib:/home/fv/workspace/ros_ur_driver/src/install/srdfdom/lib:/home/fv/workspace/ros_ur_driver/src/install/moveit_msgs/lib:${LD_LIBRARY_PATH} PATH=/home/fv/workspace/ros_ur_driver/src/install/moveit_core/bin:${PATH} PS1=(venv) (base) \[\e]0;\u@\h: \w\a\]${debian_chroot:+($debian_chroot)}\[\033[01;32m\]\u@\h\[\033[00m\]:\[\033[01;34m\]\w\[\033[00m\]\$ PYTHONPATH=/home/fv/workspace/ros_ur_driver/src/install/moveit_configs_utils/lib/python3.12/site-packages:/home/fv/workspace/ros_ur_driver/src/install/srdfdom/lib/python3.13/site-packages:/home/fv/workspace/ros_ur_driver/src/install/moveit_msgs/lib/python3.13/site-packages:${PYTHONPATH} VIRTUAL_ENV_PROMPT=(venv) /usr/bin/cmake /home/fv/workspace/ros_ur_driver/src/moveit2/moveit_ros/planning -DCMAKE_BUILD_TYPE=Release -DCMAKE_INSTALL_PREFIX=/home/fv/workspace/ros_ur_driver/src/install/moveit_ros_planning
[2.094s] Invoking command in '/home/fv/workspace/ros_ur_driver/src/build/moveit_ros_planning': AMENT_PREFIX_PATH=/home/fv/workspace/ros_ur_driver/src/install/moveit_ros_occupancy_map_monitor:/home/fv/workspace/ros_ur_driver/src/install/moveit_core:/home/fv/workspace/ros_ur_driver/src/install/moveit_configs_utils:/home/fv/workspace/ros_ur_driver/src/install/srdfdom:/home/fv/workspace/ros_ur_driver/src/install/moveit_msgs:/home/fv/workspace/ros_ur_driver/src/install/moveit_common:${AMENT_PREFIX_PATH} CMAKE_PREFIX_PATH=/home/fv/workspace/ros_ur_driver/src/install/moveit_ros_occupancy_map_monitor:/home/fv/workspace/ros_ur_driver/src/install/moveit_core:/home/fv/workspace/ros_ur_driver/src/install/srdfdom:/home/fv/workspace/ros_ur_driver/src/install/moveit_msgs:/home/fv/workspace/ros_ur_driver/src/install/moveit_common:/opt/ros/jazzy/opt/sdformat_vendor:/opt/ros/jazzy/opt/gz_math_vendor:/opt/ros/jazzy/opt/gz_utils_vendor:/opt/ros/jazzy/opt/gz_tools_vendor:/opt/ros/jazzy/opt/gz_cmake_vendor:/opt/ros/jazzy CONDA_PROMPT_MODIFIER=(base) DEBUGINFOD_URLS=https://debuginfod.ubuntu.com LD_LIBRARY_PATH=/home/fv/workspace/ros_ur_driver/src/install/moveit_ros_occupancy_map_monitor/lib:/home/fv/workspace/ros_ur_driver/src/install/moveit_core/lib:/home/fv/workspace/ros_ur_driver/src/install/srdfdom/lib:/home/fv/workspace/ros_ur_driver/src/install/moveit_msgs/lib:${LD_LIBRARY_PATH} PATH=/home/fv/workspace/ros_ur_driver/src/install/moveit_core/bin:${PATH} PS1=(venv) (base) \[\e]0;\u@\h: \w\a\]${debian_chroot:+($debian_chroot)}\[\033[01;32m\]\u@\h\[\033[00m\]:\[\033[01;34m\]\w\[\033[00m\]\$ PYTHONPATH=/home/fv/workspace/ros_ur_driver/src/install/moveit_configs_utils/lib/python3.12/site-packages:/home/fv/workspace/ros_ur_driver/src/install/srdfdom/lib/python3.13/site-packages:/home/fv/workspace/ros_ur_driver/src/install/moveit_msgs/lib/python3.13/site-packages:${PYTHONPATH} VIRTUAL_ENV_PROMPT=(venv) /usr/bin/cmake --build /home/fv/workspace/ros_ur_driver/src/build/moveit_ros_planning -- -j20 -l20
[2.140s] [  2%] [34m[1mRunning `/opt/ros/jazzy/bin/generate_parameter_library_cpp /home/fv/workspace/ros_ur_driver/src/build/moveit_ros_planning/planning_request_adapter_plugins/include/moveit_ros_planning/default_request_adapter_parameters.hpp /home/fv/workspace/ros_ur_driver/src/moveit2/moveit_ros/planning/planning_request_adapter_plugins/res/default_request_adapter_params.yaml `[0m
[2.140s] [  2%] [34m[1mRunning `/opt/ros/jazzy/bin/generate_parameter_library_cpp /home/fv/workspace/ros_ur_driver/src/build/moveit_ros_planning/planning_pipeline/include/moveit_ros_planning/planning_pipeline_parameters.hpp /home/fv/workspace/ros_ur_driver/src/moveit2/moveit_ros/planning/planning_pipeline/res/planning_pipeline_parameters.yaml `[0m
[2.140s] [  3%] [32mBuilding CXX object rdf_loader/CMakeFiles/moveit_rdf_loader.dir/src/rdf_loader.cpp.o[0m
[2.140s] [  4%] [32mBuilding CXX object CMakeFiles/srdf_publisher.dir/rclcpp_components/node_main_srdf_publisher.cpp.o[0m
[2.141s] [  5%] [32mBuilding CXX object collision_plugin_loader/CMakeFiles/moveit_collision_plugin_loader.dir/src/collision_plugin_loader.cpp.o[0m
[2.141s] [  7%] [32mBuilding CXX object gmock/CMakeFiles/gmock.dir/src/gmock-all.cc.o[0m
[2.141s] [  7%] [32mBuilding CXX object gtest/CMakeFiles/gtest.dir/src/gtest-all.cc.o[0m
[2.141s] [  8%] [32mBuilding CXX object gmock/CMakeFiles/gmock.dir/opt/ros/jazzy/src/gtest_vendor/src/gtest-all.cc.o[0m
[2.141s] [ 10%] [34m[1mRunning `/opt/ros/jazzy/bin/generate_parameter_library_cpp /home/fv/workspace/ros_ur_driver/src/build/moveit_ros_planning/kinematics_plugin_loader/include/moveit_ros_planning/kinematics_parameters.hpp /home/fv/workspace/ros_ur_driver/src/moveit2/moveit_ros/planning/kinematics_plugin_loader/src/kinematics_parameters.yaml `[0m
[2.141s] [ 11%] [32mBuilding CXX object planning_pipeline/CMakeFiles/moveit_pipeline_test_plugins.dir/test/planning_pipeline_test_plugins.cpp.o[0m
[2.141s] [ 12%] [32mBuilding CXX object rdf_loader/CMakeFiles/moveit_rdf_loader.dir/src/synchronized_string_parameter.cpp.o[0m
[2.142s] [ 14%] [32mBuilding CXX object gtest/CMakeFiles/gtest_main.dir/src/gtest_main.cc.o[0m
[2.142s] [ 14%] [34m[1mRunning `/opt/ros/jazzy/bin/generate_parameter_library_cpp /home/fv/workspace/ros_ur_driver/src/build/moveit_ros_planning/planning_response_adapter_plugins/include/moveit_ros_planning/default_response_adapter_parameters.hpp /home/fv/workspace/ros_ur_driver/src/moveit2/moveit_ros/planning/planning_response_adapter_plugins/res/default_response_adapter_params.yaml `[0m
[2.143s] [ 16%] [32mBuilding CXX object gmock/CMakeFiles/gmock_main.dir/src/gmock_main.cc.o[0m
[2.143s] [ 16%] [32mBuilding CXX object srdf_publisher_node/CMakeFiles/srdf_publisher_node.dir/src/srdf_publisher_node.cpp.o[0m
[2.746s] [ 17%] [34m[1mCreating deprecated header file /home/fv/workspace/ros_ur_driver/src/build/moveit_ros_planning/planning_response_adapter_plugins/include/default_response_adapter_parameters.hpp[0m
[2.764s] [ 17%] Built target default_response_adapter_parameters
[2.765s] [ 19%] [34m[1mCreating deprecated header file /home/fv/workspace/ros_ur_driver/src/build/moveit_ros_planning/planning_request_adapter_plugins/include/default_request_adapter_parameters.hpp[0m
[2.784s] [ 19%] Built target default_request_adapter_parameters
[2.785s] [ 22%] [32mBuilding CXX object planning_response_adapter_plugins/CMakeFiles/moveit_default_planning_response_adapter_plugins.dir/src/add_time_optimal_parameterization.cpp.o[0m
[2.785s] [ 22%] [32mBuilding CXX object planning_response_adapter_plugins/CMakeFiles/moveit_default_planning_response_adapter_plugins.dir/src/add_ruckig_traj_smoothing.cpp.o[0m
[2.785s] [ 22%] [32mBuilding CXX object planning_response_adapter_plugins/CMakeFiles/moveit_default_planning_response_adapter_plugins.dir/src/display_motion_path.cpp.o[0m
[2.785s] [ 23%] [32mBuilding CXX object planning_response_adapter_plugins/CMakeFiles/moveit_default_planning_response_adapter_plugins.dir/src/validate_path.cpp.o[0m
[2.814s] [ 24%] [32mBuilding CXX object planning_request_adapter_plugins/CMakeFiles/moveit_default_planning_request_adapter_plugins.dir/src/check_for_stacked_constraints.cpp.o[0m
[2.814s] [ 25%] [32mBuilding CXX object planning_request_adapter_plugins/CMakeFiles/moveit_default_planning_request_adapter_plugins.dir/src/check_start_state_bounds.cpp.o[0m
[2.823s] [ 26%] [32mBuilding CXX object planning_request_adapter_plugins/CMakeFiles/moveit_default_planning_request_adapter_plugins.dir/src/check_start_state_collision.cpp.o[0m
[2.826s] [ 28%] [34m[1mCreating deprecated header file /home/fv/workspace/ros_ur_driver/src/build/moveit_ros_planning/kinematics_plugin_loader/include/kinematics_parameters.hpp[0m
[2.847s] [ 29%] [34m[1mCreating deprecated header file /home/fv/workspace/ros_ur_driver/src/build/moveit_ros_planning/planning_pipeline/include/planning_pipeline_parameters.hpp[0m
[2.884s] [ 29%] Built target kinematics_parameters
[2.893s] [ 29%] Built target planning_pipeline_parameters
[2.907s] [ 30%] [32mBuilding CXX object planning_request_adapter_plugins/CMakeFiles/moveit_default_planning_request_adapter_plugins.dir/src/validate_workspace_bounds.cpp.o[0m
[2.917s] [ 31%] [32mBuilding CXX object planning_request_adapter_plugins/CMakeFiles/moveit_default_planning_request_adapter_plugins.dir/src/resolve_constraint_frames.cpp.o[0m
[3.116s] [ 32%] [32m[1mLinking CXX static library libgtest_main.a[0m
[3.188s] [ 32%] Built target gtest_main
[3.228s] [ 33%] [32mBuilding CXX object planning_pipeline/CMakeFiles/moveit_planning_pipeline.dir/src/planning_pipeline.cpp.o[0m
[3.350s] [ 34%] [32m[1mLinking CXX static library libgmock_main.a[0m
[3.418s] [ 34%] Built target gmock_main
[6.247s] [ 35%] [32m[1mLinking CXX executable srdf_publisher[0m
[6.411s] [ 35%] Built target srdf_publisher
[7.261s] [ 37%] [32m[1mLinking CXX shared library libsrdf_publisher_node.so[0m
[7.392s] [ 37%] Built target srdf_publisher_node
[10.560s] [ 38%] [32m[1mLinking CXX static library libgtest.a[0m
[10.600s] [ 38%] Built target gtest
[10.605s] [ 39%] [32m[1mLinking CXX shared library libmoveit_collision_plugin_loader.so[0m
[10.726s] [ 39%] Built target moveit_collision_plugin_loader
[10.818s] [ 40%] [32m[1mLinking CXX shared library libmoveit_pipeline_test_plugins.so[0m
[10.919s] [ 40%] Built target moveit_pipeline_test_plugins
[11.731s] [ 41%] [32m[1mLinking CXX shared library libmoveit_default_planning_request_adapter_plugins.so[0m
[11.766s] [ 42%] [32m[1mLinking CXX static library libgmock.a[0m
[11.800s] [ 42%] Built target gmock
[11.858s] [ 42%] Built target moveit_default_planning_request_adapter_plugins
[12.202s] [ 43%] [32m[1mLinking CXX shared library libmoveit_default_planning_response_adapter_plugins.so[0m
[12.353s] [ 43%] Built target moveit_default_planning_response_adapter_plugins
[13.488s] [ 44%] [32m[1mLinking CXX shared library libmoveit_rdf_loader.so[0m
[13.732s] [ 44%] Built target moveit_rdf_loader
[13.748s] [ 47%] [32mBuilding CXX object constraint_sampler_manager_loader/CMakeFiles/moveit_constraint_sampler_manager_loader.dir/src/constraint_sampler_manager_loader.cpp.o[0m
[13.748s] [ 47%] [32mBuilding CXX object kinematics_plugin_loader/CMakeFiles/moveit_kinematics_plugin_loader.dir/src/kinematics_plugin_loader.cpp.o[0m
[16.973s] [ 48%] [32m[1mLinking CXX shared library libmoveit_planning_pipeline.so[0m
[17.127s] [ 48%] Built target moveit_planning_pipeline
[17.142s] [ 51%] [32mBuilding CXX object planning_pipeline_interfaces/CMakeFiles/moveit_planning_pipeline_interfaces.dir/src/planning_pipeline_interfaces.cpp.o[0m
[17.142s] [ 51%] [32mBuilding CXX object planning_pipeline_interfaces/CMakeFiles/moveit_planning_pipeline_interfaces.dir/src/solution_selection_functions.cpp.o[0m
[17.142s] [ 51%] [32mBuilding CXX object planning_request_adapter_plugins/CMakeFiles/test_check_start_state_bounds.dir/test/test_check_start_state_bounds.cpp.o[0m
[17.143s] [ 52%] [32mBuilding CXX object planning_pipeline/CMakeFiles/moveit_planning_pipeline_test.dir/test/planning_pipeline_tests.cpp.o[0m
[17.144s] [ 55%] [32mBuilding CXX object planning_pipeline_interfaces/CMakeFiles/moveit_planning_pipeline_interfaces.dir/src/plan_responses_container.cpp.o[0m
[17.144s] [ 55%] [32mBuilding CXX object planning_pipeline_interfaces/CMakeFiles/moveit_planning_pipeline_interfaces.dir/src/stopping_criterion_function.cpp.o[0m
[20.718s] [ 56%] [32m[1mLinking CXX shared library libmoveit_kinematics_plugin_loader.so[0m
[20.913s] [ 56%] Built target moveit_kinematics_plugin_loader
[20.935s] [ 57%] [32mBuilding CXX object robot_model_loader/CMakeFiles/moveit_robot_model_loader.dir/src/robot_model_loader.cpp.o[0m
[21.117s] [ 58%] [32m[1mLinking CXX shared library libmoveit_constraint_sampler_manager_loader.so[0m
[21.301s] [ 58%] Built target moveit_constraint_sampler_manager_loader
[24.792s] [ 59%] [32m[1mLinking CXX shared library libmoveit_robot_model_loader.so[0m
[24.913s] [ 59%] Built target moveit_robot_model_loader
[24.929s] [ 62%] [32mBuilding CXX object planning_scene_monitor/CMakeFiles/moveit_planning_scene_monitor.dir/src/planning_scene_monitor.cpp.o[0m
[24.929s] [ 62%] [32mBuilding CXX object planning_components_tools/CMakeFiles/moveit_print_planning_model_info.dir/src/print_planning_model_info.cpp.o[0m
[24.929s] [ 62%] [32mBuilding CXX object planning_scene_monitor/CMakeFiles/moveit_planning_scene_monitor.dir/src/trajectory_monitor_middleware_handle.cpp.o[0m
[24.931s] [ 65%] [32mBuilding CXX object planning_scene_monitor/CMakeFiles/moveit_planning_scene_monitor.dir/src/current_state_monitor.cpp.o[0m
[24.931s] [ 65%] [32mBuilding CXX object planning_scene_monitor/CMakeFiles/moveit_planning_scene_monitor.dir/src/current_state_monitor_middleware_handle.cpp.o[0m
[24.931s] [ 66%] [32mBuilding CXX object planning_scene_monitor/CMakeFiles/moveit_planning_scene_monitor.dir/src/trajectory_monitor.cpp.o[0m
[25.527s] [ 67%] [32m[1mLinking CXX executable test_check_start_state_bounds[0m
[25.745s] [ 67%] Built target test_check_start_state_bounds
[26.021s] [ 68%] [32m[1mLinking CXX shared library libmoveit_planning_pipeline_interfaces.so[0m
[26.210s] [ 68%] Built target moveit_planning_pipeline_interfaces
[28.001s] [ 69%] [32m[1mLinking CXX executable moveit_planning_pipeline_test[0m
[28.343s] [ 69%] Built target moveit_planning_pipeline_test
[28.457s] [ 70%] [32m[1mLinking CXX executable moveit_print_planning_model_info[0m
[28.631s] [ 70%] Built target moveit_print_planning_model_info
[43.413s] [ 71%] [32m[1mLinking CXX shared library libmoveit_planning_scene_monitor.so[0m
[43.621s] [ 71%] Built target moveit_planning_scene_monitor
[43.644s] [ 76%] [32mBuilding CXX object planning_components_tools/CMakeFiles/moveit_print_planning_scene_info.dir/src/print_planning_scene_info.cpp.o[0m
[43.644s] [ 76%] [32mBuilding CXX object planning_scene_monitor/CMakeFiles/demo_scene.dir/demos/demo_scene.cpp.o[0m
[43.644s] [ 76%] [32mBuilding CXX object planning_components_tools/CMakeFiles/moveit_display_random_state.dir/src/display_random_state.cpp.o[0m
[43.644s] [ 76%] [32mBuilding CXX object trajectory_execution_manager/CMakeFiles/moveit_trajectory_execution_manager.dir/src/trajectory_execution_manager.cpp.o[0m
[43.645s] [ 77%] [32mBuilding CXX object planning_scene_monitor/CMakeFiles/current_state_monitor_tests.dir/test/current_state_monitor_tests.cpp.o[0m
[43.649s] [ 78%] [32mBuilding CXX object planning_scene_monitor/CMakeFiles/planning_scene_monitor_test.dir/test/planning_scene_monitor_test.cpp.o[0m
[43.650s] [ 79%] [32mBuilding CXX object planning_components_tools/CMakeFiles/moveit_visualize_robot_collision_volume.dir/src/visualize_robot_collision_volume.cpp.o[0m
[43.650s] [ 80%] [32mBuilding CXX object planning_components_tools/CMakeFiles/moveit_evaluate_collision_checking_speed.dir/src/evaluate_collision_checking_speed.cpp.o[0m
[43.653s] [ 82%] [32mBuilding CXX object planning_components_tools/CMakeFiles/moveit_publish_scene_from_text.dir/src/publish_scene_from_text.cpp.o[0m
[43.655s] [ 83%] [32mBuilding CXX object planning_scene_monitor/CMakeFiles/trajectory_monitor_tests.dir/test/trajectory_monitor_tests.cpp.o[0m
[51.041s] [ 84%] [32m[1mLinking CXX executable demo_scene[0m
[51.083s] [ 85%] [32m[1mLinking CXX executable current_state_monitor_tests[0m
[51.210s] [ 85%] Built target demo_scene
[51.445s] [ 86%] [32m[1mLinking CXX executable moveit_evaluate_collision_checking_speed[0m
[51.509s] [ 87%] [32m[1mLinking CXX executable moveit_print_planning_scene_info[0m
[51.513s] [ 87%] Built target current_state_monitor_tests
[51.637s] [ 88%] [32m[1mLinking CXX executable moveit_visualize_robot_collision_volume[0m
[51.683s] [ 88%] Built target moveit_evaluate_collision_checking_speed
[51.747s] [ 88%] Built target moveit_print_planning_scene_info
[51.771s] [ 89%] [32m[1mLinking CXX executable planning_scene_monitor_test[0m
[51.887s] [ 89%] Built target moveit_visualize_robot_collision_volume
[52.001s] [ 89%] Built target planning_scene_monitor_test
[53.504s] [ 91%] [32m[1mLinking CXX executable moveit_display_random_state[0m
[53.726s] [ 91%] Built target moveit_display_random_state
[54.250s] [ 92%] [32m[1mLinking CXX executable trajectory_monitor_tests[0m
[54.489s] [ 92%] Built target trajectory_monitor_tests
[54.888s] [ 93%] [32m[1mLinking CXX executable moveit_publish_scene_from_text[0m
[55.103s] [ 93%] Built target moveit_publish_scene_from_text
[58.451s] [ 94%] [32m[1mLinking CXX shared library libmoveit_trajectory_execution_manager.so[0m
[58.636s] [ 94%] Built target moveit_trajectory_execution_manager
[58.661s] [ 95%] [32mBuilding CXX object moveit_cpp/CMakeFiles/moveit_cpp.dir/src/moveit_cpp.cpp.o[0m
[58.661s] [ 96%] [32mBuilding CXX object plan_execution/CMakeFiles/moveit_plan_execution.dir/src/plan_execution.cpp.o[0m
[58.663s] [ 97%] [32mBuilding CXX object moveit_cpp/CMakeFiles/moveit_cpp.dir/src/planning_component.cpp.o[0m
[65.136s] [ 98%] [32m[1mLinking CXX shared library libmoveit_plan_execution.so[0m
[65.293s] [ 98%] Built target moveit_plan_execution
[65.492s] [100%] [32m[1mLinking CXX shared library libmoveit_cpp.so[0m
[65.662s] [100%] Built target moveit_cpp
[65.675s] Invoked command in '/home/fv/workspace/ros_ur_driver/src/build/moveit_ros_planning' returned '0': AMENT_PREFIX_PATH=/home/fv/workspace/ros_ur_driver/src/install/moveit_ros_occupancy_map_monitor:/home/fv/workspace/ros_ur_driver/src/install/moveit_core:/home/fv/workspace/ros_ur_driver/src/install/moveit_configs_utils:/home/fv/workspace/ros_ur_driver/src/install/srdfdom:/home/fv/workspace/ros_ur_driver/src/install/moveit_msgs:/home/fv/workspace/ros_ur_driver/src/install/moveit_common:${AMENT_PREFIX_PATH} CMAKE_PREFIX_PATH=/home/fv/workspace/ros_ur_driver/src/install/moveit_ros_occupancy_map_monitor:/home/fv/workspace/ros_ur_driver/src/install/moveit_core:/home/fv/workspace/ros_ur_driver/src/install/srdfdom:/home/fv/workspace/ros_ur_driver/src/install/moveit_msgs:/home/fv/workspace/ros_ur_driver/src/install/moveit_common:/opt/ros/jazzy/opt/sdformat_vendor:/opt/ros/jazzy/opt/gz_math_vendor:/opt/ros/jazzy/opt/gz_utils_vendor:/opt/ros/jazzy/opt/gz_tools_vendor:/opt/ros/jazzy/opt/gz_cmake_vendor:/opt/ros/jazzy CONDA_PROMPT_MODIFIER=(base) DEBUGINFOD_URLS=https://debuginfod.ubuntu.com LD_LIBRARY_PATH=/home/fv/workspace/ros_ur_driver/src/install/moveit_ros_occupancy_map_monitor/lib:/home/fv/workspace/ros_ur_driver/src/install/moveit_core/lib:/home/fv/workspace/ros_ur_driver/src/install/srdfdom/lib:/home/fv/workspace/ros_ur_driver/src/install/moveit_msgs/lib:${LD_LIBRARY_PATH} PATH=/home/fv/workspace/ros_ur_driver/src/install/moveit_core/bin:${PATH} PS1=(venv) (base) \[\e]0;\u@\h: \w\a\]${debian_chroot:+($debian_chroot)}\[\033[01;32m\]\u@\h\[\033[00m\]:\[\033[01;34m\]\w\[\033[00m\]\$ PYTHONPATH=/home/fv/workspace/ros_ur_driver/src/install/moveit_configs_utils/lib/python3.12/site-packages:/home/fv/workspace/ros_ur_driver/src/install/srdfdom/lib/python3.13/site-packages:/home/fv/workspace/ros_ur_driver/src/install/moveit_msgs/lib/python3.13/site-packages:${PYTHONPATH} VIRTUAL_ENV_PROMPT=(venv) /usr/bin/cmake --build /home/fv/workspace/ros_ur_driver/src/build/moveit_ros_planning -- -j20 -l20
[65.676s] Invoking command in '/home/fv/workspace/ros_ur_driver/src/build/moveit_ros_planning': AMENT_PREFIX_PATH=/home/fv/workspace/ros_ur_driver/src/install/moveit_ros_occupancy_map_monitor:/home/fv/workspace/ros_ur_driver/src/install/moveit_core:/home/fv/workspace/ros_ur_driver/src/install/moveit_configs_utils:/home/fv/workspace/ros_ur_driver/src/install/srdfdom:/home/fv/workspace/ros_ur_driver/src/install/moveit_msgs:/home/fv/workspace/ros_ur_driver/src/install/moveit_common:${AMENT_PREFIX_PATH} CMAKE_PREFIX_PATH=/home/fv/workspace/ros_ur_driver/src/install/moveit_ros_occupancy_map_monitor:/home/fv/workspace/ros_ur_driver/src/install/moveit_core:/home/fv/workspace/ros_ur_driver/src/install/srdfdom:/home/fv/workspace/ros_ur_driver/src/install/moveit_msgs:/home/fv/workspace/ros_ur_driver/src/install/moveit_common:/opt/ros/jazzy/opt/sdformat_vendor:/opt/ros/jazzy/opt/gz_math_vendor:/opt/ros/jazzy/opt/gz_utils_vendor:/opt/ros/jazzy/opt/gz_tools_vendor:/opt/ros/jazzy/opt/gz_cmake_vendor:/opt/ros/jazzy CONDA_PROMPT_MODIFIER=(base) DEBUGINFOD_URLS=https://debuginfod.ubuntu.com LD_LIBRARY_PATH=/home/fv/workspace/ros_ur_driver/src/install/moveit_ros_occupancy_map_monitor/lib:/home/fv/workspace/ros_ur_driver/src/install/moveit_core/lib:/home/fv/workspace/ros_ur_driver/src/install/srdfdom/lib:/home/fv/workspace/ros_ur_driver/src/install/moveit_msgs/lib:${LD_LIBRARY_PATH} PATH=/home/fv/workspace/ros_ur_driver/src/install/moveit_core/bin:${PATH} PS1=(venv) (base) \[\e]0;\u@\h: \w\a\]${debian_chroot:+($debian_chroot)}\[\033[01;32m\]\u@\h\[\033[00m\]:\[\033[01;34m\]\w\[\033[00m\]\$ PYTHONPATH=/home/fv/workspace/ros_ur_driver/src/install/moveit_configs_utils/lib/python3.12/site-packages:/home/fv/workspace/ros_ur_driver/src/install/srdfdom/lib/python3.13/site-packages:/home/fv/workspace/ros_ur_driver/src/install/moveit_msgs/lib/python3.13/site-packages:${PYTHONPATH} VIRTUAL_ENV_PROMPT=(venv) /usr/bin/cmake --install /home/fv/workspace/ros_ur_driver/src/build/moveit_ros_planning
[65.683s] -- Install configuration: "Release"
[65.684s] -- Installing: /home/fv/workspace/ros_ur_driver/src/install/moveit_ros_planning/include/moveit_ros_planning
[65.684s] -- Installing: /home/fv/workspace/ros_ur_driver/src/install/moveit_ros_planning/include/moveit_ros_planning/moveit
[65.684s] -- Installing: /home/fv/workspace/ros_ur_driver/src/install/moveit_ros_planning/include/moveit_ros_planning/moveit/collision_plugin_loader
[65.684s] -- Installing: /home/fv/workspace/ros_ur_driver/src/install/moveit_ros_planning/include/moveit_ros_planning/moveit/collision_plugin_loader/collision_plugin_loader.h
[65.684s] -- Installing: /home/fv/workspace/ros_ur_driver/src/install/moveit_ros_planning/include/moveit_ros_planning/moveit/collision_plugin_loader/collision_plugin_loader.hpp
[65.684s] -- Up-to-date: /home/fv/workspace/ros_ur_driver/src/install/moveit_ros_planning/include/moveit_ros_planning
[65.684s] -- Up-to-date: /home/fv/workspace/ros_ur_driver/src/install/moveit_ros_planning/include/moveit_ros_planning/moveit
[65.684s] -- Installing: /home/fv/workspace/ros_ur_driver/src/install/moveit_ros_planning/include/moveit_ros_planning/moveit/constraint_sampler_manager_loader
[65.684s] -- Installing: /home/fv/workspace/ros_ur_driver/src/install/moveit_ros_planning/include/moveit_ros_planning/moveit/constraint_sampler_manager_loader/constraint_sampler_manager_loader.h
[65.684s] -- Installing: /home/fv/workspace/ros_ur_driver/src/install/moveit_ros_planning/include/moveit_ros_planning/moveit/constraint_sampler_manager_loader/constraint_sampler_manager_loader.hpp
[65.685s] -- Up-to-date: /home/fv/workspace/ros_ur_driver/src/install/moveit_ros_planning/include/moveit_ros_planning
[65.685s] -- Installing: /home/fv/workspace/ros_ur_driver/src/install/moveit_ros_planning/include/moveit_ros_planning/kinematics_parameters.hpp
[65.685s] -- Up-to-date: /home/fv/workspace/ros_ur_driver/src/install/moveit_ros_planning/include/moveit_ros_planning
[65.685s] -- Up-to-date: /home/fv/workspace/ros_ur_driver/src/install/moveit_ros_planning/include/moveit_ros_planning/moveit
[65.685s] -- Installing: /home/fv/workspace/ros_ur_driver/src/install/moveit_ros_planning/include/moveit_ros_planning/moveit/kinematics_plugin_loader
[65.685s] -- Installing: /home/fv/workspace/ros_ur_driver/src/install/moveit_ros_planning/include/moveit_ros_planning/moveit/kinematics_plugin_loader/kinematics_plugin_loader.hpp
[65.685s] -- Installing: /home/fv/workspace/ros_ur_driver/src/install/moveit_ros_planning/include/moveit_ros_planning/moveit/kinematics_plugin_loader/kinematics_plugin_loader.h
[65.685s] -- Up-to-date: /home/fv/workspace/ros_ur_driver/src/install/moveit_ros_planning/include/moveit_ros_planning
[65.685s] -- Up-to-date: /home/fv/workspace/ros_ur_driver/src/install/moveit_ros_planning/include/moveit_ros_planning/moveit
[65.685s] -- Installing: /home/fv/workspace/ros_ur_driver/src/install/moveit_ros_planning/include/moveit_ros_planning/moveit/moveit_cpp
[65.685s] -- Installing: /home/fv/workspace/ros_ur_driver/src/install/moveit_ros_planning/include/moveit_ros_planning/moveit/moveit_cpp/moveit_cpp.h
[65.686s] -- Installing: /home/fv/workspace/ros_ur_driver/src/install/moveit_ros_planning/include/moveit_ros_planning/moveit/moveit_cpp/moveit_cpp.hpp
[65.686s] -- Installing: /home/fv/workspace/ros_ur_driver/src/install/moveit_ros_planning/include/moveit_ros_planning/moveit/moveit_cpp/planning_component.hpp
[65.686s] -- Installing: /home/fv/workspace/ros_ur_driver/src/install/moveit_ros_planning/include/moveit_ros_planning/moveit/moveit_cpp/planning_component.h
[65.686s] -- Up-to-date: /home/fv/workspace/ros_ur_driver/src/install/moveit_ros_planning/include/moveit_ros_planning
[65.686s] -- Up-to-date: /home/fv/workspace/ros_ur_driver/src/install/moveit_ros_planning/include/moveit_ros_planning/moveit
[65.686s] -- Installing: /home/fv/workspace/ros_ur_driver/src/install/moveit_ros_planning/include/moveit_ros_planning/moveit/plan_execution
[65.686s] -- Installing: /home/fv/workspace/ros_ur_driver/src/install/moveit_ros_planning/include/moveit_ros_planning/moveit/plan_execution/plan_execution.h
[65.686s] -- Installing: /home/fv/workspace/ros_ur_driver/src/install/moveit_ros_planning/include/moveit_ros_planning/moveit/plan_execution/plan_execution.hpp
[65.686s] -- Installing: /home/fv/workspace/ros_ur_driver/src/install/moveit_ros_planning/include/moveit_ros_planning/moveit/plan_execution/plan_representation.hpp
[65.686s] -- Installing: /home/fv/workspace/ros_ur_driver/src/install/moveit_ros_planning/include/moveit_ros_planning/moveit/plan_execution/plan_representation.h
[65.687s] -- Installing: /home/fv/workspace/ros_ur_driver/src/install/moveit_ros_planning/lib/moveit_ros_planning/moveit_print_planning_model_info
[65.687s] -- Set non-toolchain portion of runtime path of "/home/fv/workspace/ros_ur_driver/src/install/moveit_ros_planning/lib/moveit_ros_planning/moveit_print_planning_model_info" to ""
[65.687s] -- Installing: /home/fv/workspace/ros_ur_driver/src/install/moveit_ros_planning/lib/moveit_ros_planning/moveit_print_planning_scene_info
[65.687s] -- Set non-toolchain portion of runtime path of "/home/fv/workspace/ros_ur_driver/src/install/moveit_ros_planning/lib/moveit_ros_planning/moveit_print_planning_scene_info" to ""
[65.687s] -- Installing: /home/fv/workspace/ros_ur_driver/src/install/moveit_ros_planning/lib/moveit_ros_planning/moveit_display_random_state
[65.688s] -- Set non-toolchain portion of runtime path of "/home/fv/workspace/ros_ur_driver/src/install/moveit_ros_planning/lib/moveit_ros_planning/moveit_display_random_state" to ""
[65.688s] -- Installing: /home/fv/workspace/ros_ur_driver/src/install/moveit_ros_planning/lib/moveit_ros_planning/moveit_visualize_robot_collision_volume
[65.688s] -- Set non-toolchain portion of runtime path of "/home/fv/workspace/ros_ur_driver/src/install/moveit_ros_planning/lib/moveit_ros_planning/moveit_visualize_robot_collision_volume" to ""
[65.688s] -- Installing: /home/fv/workspace/ros_ur_driver/src/install/moveit_ros_planning/lib/moveit_ros_planning/moveit_evaluate_collision_checking_speed
[65.689s] -- Set non-toolchain portion of runtime path of "/home/fv/workspace/ros_ur_driver/src/install/moveit_ros_planning/lib/moveit_ros_planning/moveit_evaluate_collision_checking_speed" to ""
[65.689s] -- Installing: /home/fv/workspace/ros_ur_driver/src/install/moveit_ros_planning/lib/moveit_ros_planning/moveit_publish_scene_from_text
[65.689s] -- Set non-toolchain portion of runtime path of "/home/fv/workspace/ros_ur_driver/src/install/moveit_ros_planning/lib/moveit_ros_planning/moveit_publish_scene_from_text" to ""
[65.690s] -- Up-to-date: /home/fv/workspace/ros_ur_driver/src/install/moveit_ros_planning/include/moveit_ros_planning
[65.690s] -- Up-to-date: /home/fv/workspace/ros_ur_driver/src/install/moveit_ros_planning/include/moveit_ros_planning/moveit
[65.690s] -- Installing: /home/fv/workspace/ros_ur_driver/src/install/moveit_ros_planning/include/moveit_ros_planning/moveit/planning_pipeline_interfaces
[65.690s] -- Installing: /home/fv/workspace/ros_ur_driver/src/install/moveit_ros_planning/include/moveit_ros_planning/moveit/planning_pipeline_interfaces/solution_selection_functions.hpp
[65.690s] -- Installing: /home/fv/workspace/ros_ur_driver/src/install/moveit_ros_planning/include/moveit_ros_planning/moveit/planning_pipeline_interfaces/planning_pipeline_interfaces.h
[65.690s] -- Installing: /home/fv/workspace/ros_ur_driver/src/install/moveit_ros_planning/include/moveit_ros_planning/moveit/planning_pipeline_interfaces/plan_responses_container.hpp
[65.690s] -- Installing: /home/fv/workspace/ros_ur_driver/src/install/moveit_ros_planning/include/moveit_ros_planning/moveit/planning_pipeline_interfaces/planning_pipeline_interfaces.hpp
[65.690s] -- Installing: /home/fv/workspace/ros_ur_driver/src/install/moveit_ros_planning/include/moveit_ros_planning/moveit/planning_pipeline_interfaces/stopping_criterion_functions.h
[65.690s] -- Installing: /home/fv/workspace/ros_ur_driver/src/install/moveit_ros_planning/include/moveit_ros_planning/moveit/planning_pipeline_interfaces/solution_selection_functions.h
[65.690s] -- Installing: /home/fv/workspace/ros_ur_driver/src/install/moveit_ros_planning/include/moveit_ros_planning/moveit/planning_pipeline_interfaces/stopping_criterion_functions.hpp
[65.690s] -- Installing: /home/fv/workspace/ros_ur_driver/src/install/moveit_ros_planning/include/moveit_ros_planning/moveit/planning_pipeline_interfaces/plan_responses_container.h
[65.691s] -- Installing: /home/fv/workspace/ros_ur_driver/src/install/moveit_ros_planning/include/moveit_ros_planning/moveit_planning_pipeline_interfaces_export.h
[65.691s] -- Up-to-date: /home/fv/workspace/ros_ur_driver/src/install/moveit_ros_planning/include/moveit_ros_planning
[65.691s] -- Installing: /home/fv/workspace/ros_ur_driver/src/install/moveit_ros_planning/include/moveit_ros_planning/planning_pipeline_parameters.hpp
[65.691s] -- Installing: /home/fv/workspace/ros_ur_driver/src/install/moveit_ros_planning/lib/libmoveit_pipeline_test_plugins.so.2.14.1
[65.691s] -- Set non-toolchain portion of runtime path of "/home/fv/workspace/ros_ur_driver/src/install/moveit_ros_planning/lib/libmoveit_pipeline_test_plugins.so.2.14.1" to ""
[65.691s] -- Installing: /home/fv/workspace/ros_ur_driver/src/install/moveit_ros_planning/lib/libmoveit_pipeline_test_plugins.so
[65.691s] -- Up-to-date: /home/fv/workspace/ros_ur_driver/src/install/moveit_ros_planning/include/moveit_ros_planning
[65.691s] -- Up-to-date: /home/fv/workspace/ros_ur_driver/src/install/moveit_ros_planning/include/moveit_ros_planning/moveit
[65.691s] -- Installing: /home/fv/workspace/ros_ur_driver/src/install/moveit_ros_planning/include/moveit_ros_planning/moveit/planning_pipeline
[65.691s] -- Installing: /home/fv/workspace/ros_ur_driver/src/install/moveit_ros_planning/include/moveit_ros_planning/moveit/planning_pipeline/planning_pipeline.hpp
[65.692s] -- Installing: /home/fv/workspace/ros_ur_driver/src/install/moveit_ros_planning/include/moveit_ros_planning/moveit/planning_pipeline/planning_pipeline.h
[65.692s] -- Installing: /home/fv/workspace/ros_ur_driver/src/install/moveit_ros_planning/include/moveit_ros_planning/moveit_planning_pipeline_export.h
[65.692s] -- Up-to-date: /home/fv/workspace/ros_ur_driver/src/install/moveit_ros_planning/include/moveit_ros_planning
[65.692s] -- Installing: /home/fv/workspace/ros_ur_driver/src/install/moveit_ros_planning/include/moveit_ros_planning/default_request_adapter_parameters.hpp
[65.692s] -- Up-to-date: /home/fv/workspace/ros_ur_driver/src/install/moveit_ros_planning/include/moveit_ros_planning
[65.692s] -- Installing: /home/fv/workspace/ros_ur_driver/src/install/moveit_ros_planning/include/moveit_ros_planning/default_response_adapter_parameters.hpp
[65.692s] -- Installing: /home/fv/workspace/ros_ur_driver/src/install/moveit_ros_planning/lib/moveit_ros_planning/demo_scene
[65.693s] -- Set non-toolchain portion of runtime path of "/home/fv/workspace/ros_ur_driver/src/install/moveit_ros_planning/lib/moveit_ros_planning/demo_scene" to ""
[65.693s] -- Up-to-date: /home/fv/workspace/ros_ur_driver/src/install/moveit_ros_planning/include/moveit_ros_planning
[65.693s] -- Up-to-date: /home/fv/workspace/ros_ur_driver/src/install/moveit_ros_planning/include/moveit_ros_planning/moveit
[65.693s] -- Installing: /home/fv/workspace/ros_ur_driver/src/install/moveit_ros_planning/include/moveit_ros_planning/moveit/planning_scene_monitor
[65.693s] -- Installing: /home/fv/workspace/ros_ur_driver/src/install/moveit_ros_planning/include/moveit_ros_planning/moveit/planning_scene_monitor/planning_scene_monitor.hpp
[65.693s] -- Installing: /home/fv/workspace/ros_ur_driver/src/install/moveit_ros_planning/include/moveit_ros_planning/moveit/planning_scene_monitor/current_state_monitor_middleware_handle.h
[65.693s] -- Installing: /home/fv/workspace/ros_ur_driver/src/install/moveit_ros_planning/include/moveit_ros_planning/moveit/planning_scene_monitor/current_state_monitor.hpp
[65.693s] -- Installing: /home/fv/workspace/ros_ur_driver/src/install/moveit_ros_planning/include/moveit_ros_planning/moveit/planning_scene_monitor/trajectory_monitor.hpp
[65.693s] -- Installing: /home/fv/workspace/ros_ur_driver/src/install/moveit_ros_planning/include/moveit_ros_planning/moveit/planning_scene_monitor/current_state_monitor.h
[65.693s] -- Installing: /home/fv/workspace/ros_ur_driver/src/install/moveit_ros_planning/include/moveit_ros_planning/moveit/planning_scene_monitor/trajectory_monitor_middleware_handle.h
[65.693s] -- Installing: /home/fv/workspace/ros_ur_driver/src/install/moveit_ros_planning/include/moveit_ros_planning/moveit/planning_scene_monitor/planning_scene_monitor.h
[65.693s] -- Installing: /home/fv/workspace/ros_ur_driver/src/install/moveit_ros_planning/include/moveit_ros_planning/moveit/planning_scene_monitor/trajectory_monitor.h
[65.693s] -- Installing: /home/fv/workspace/ros_ur_driver/src/install/moveit_ros_planning/include/moveit_ros_planning/moveit/planning_scene_monitor/trajectory_monitor_middleware_handle.hpp
[65.694s] -- Installing: /home/fv/workspace/ros_ur_driver/src/install/moveit_ros_planning/include/moveit_ros_planning/moveit/planning_scene_monitor/current_state_monitor_middleware_handle.hpp
[65.694s] -- Installing: /home/fv/workspace/ros_ur_driver/src/install/moveit_ros_planning/include/moveit_ros_planning/moveit_planning_scene_monitor_export.h
[65.694s] -- Up-to-date: /home/fv/workspace/ros_ur_driver/src/install/moveit_ros_planning/include/moveit_ros_planning
[65.694s] -- Up-to-date: /home/fv/workspace/ros_ur_driver/src/install/moveit_ros_planning/include/moveit_ros_planning/moveit
[65.694s] -- Installing: /home/fv/workspace/ros_ur_driver/src/install/moveit_ros_planning/include/moveit_ros_planning/moveit/rdf_loader
[65.694s] -- Installing: /home/fv/workspace/ros_ur_driver/src/install/moveit_ros_planning/include/moveit_ros_planning/moveit/rdf_loader/synchronized_string_parameter.hpp
[65.694s] -- Installing: /home/fv/workspace/ros_ur_driver/src/install/moveit_ros_planning/include/moveit_ros_planning/moveit/rdf_loader/synchronized_string_parameter.h
[65.694s] -- Installing: /home/fv/workspace/ros_ur_driver/src/install/moveit_ros_planning/include/moveit_ros_planning/moveit/rdf_loader/rdf_loader.hpp
[65.694s] -- Installing: /home/fv/workspace/ros_ur_driver/src/install/moveit_ros_planning/include/moveit_ros_planning/moveit/rdf_loader/rdf_loader.h
[65.694s] -- Installing: /home/fv/workspace/ros_ur_driver/src/install/moveit_ros_planning/share/moveit_ros_planning/rdf_loader/test/data
[65.694s] -- Installing: /home/fv/workspace/ros_ur_driver/src/install/moveit_ros_planning/share/moveit_ros_planning/rdf_loader/test/data/robin.srdf.xacro
[65.694s] -- Installing: /home/fv/workspace/ros_ur_driver/src/install/moveit_ros_planning/share/moveit_ros_planning/rdf_loader/test/data/kermit.srdf
[65.695s] -- Installing: /home/fv/workspace/ros_ur_driver/src/install/moveit_ros_planning/share/moveit_ros_planning/rdf_loader/test/data/gonzo.srdf
[65.695s] -- Installing: /home/fv/workspace/ros_ur_driver/src/install/moveit_ros_planning/share/moveit_ros_planning/rdf_loader/test/data/kermit.urdf
[65.695s] -- Installing: /home/fv/workspace/ros_ur_driver/src/install/moveit_ros_planning/share/moveit_ros_planning/rdf_loader/test/data/gonzo.urdf
[65.695s] -- Installing: /home/fv/workspace/ros_ur_driver/src/install/moveit_ros_planning/share/moveit_ros_planning/rdf_loader/test/launch
[65.695s] -- Installing: /home/fv/workspace/ros_ur_driver/src/install/moveit_ros_planning/share/moveit_ros_planning/rdf_loader/test/launch/test_rdf_integration.test.py
[65.695s] -- Up-to-date: /home/fv/workspace/ros_ur_driver/src/install/moveit_ros_planning/include/moveit_ros_planning
[65.695s] -- Up-to-date: /home/fv/workspace/ros_ur_driver/src/install/moveit_ros_planning/include/moveit_ros_planning/moveit
[65.695s] -- Installing: /home/fv/workspace/ros_ur_driver/src/install/moveit_ros_planning/include/moveit_ros_planning/moveit/robot_model_loader
[65.695s] -- Installing: /home/fv/workspace/ros_ur_driver/src/install/moveit_ros_planning/include/moveit_ros_planning/moveit/robot_model_loader/robot_model_loader.h
[65.695s] -- Installing: /home/fv/workspace/ros_ur_driver/src/install/moveit_ros_planning/include/moveit_ros_planning/moveit/robot_model_loader/robot_model_loader.hpp
[65.696s] -- Up-to-date: /home/fv/workspace/ros_ur_driver/src/install/moveit_ros_planning/include/moveit_ros_planning
[65.696s] -- Up-to-date: /home/fv/workspace/ros_ur_driver/src/install/moveit_ros_planning/include/moveit_ros_planning/moveit
[65.696s] -- Installing: /home/fv/workspace/ros_ur_driver/src/install/moveit_ros_planning/include/moveit_ros_planning/moveit/trajectory_execution_manager
[65.696s] -- Installing: /home/fv/workspace/ros_ur_driver/src/install/moveit_ros_planning/include/moveit_ros_planning/moveit/trajectory_execution_manager/trajectory_execution_manager.h
[65.696s] -- Installing: /home/fv/workspace/ros_ur_driver/src/install/moveit_ros_planning/include/moveit_ros_planning/moveit/trajectory_execution_manager/trajectory_execution_manager.hpp
[65.696s] -- Installing: /home/fv/workspace/ros_ur_driver/src/install/moveit_ros_planning/include/moveit_ros_planning/moveit_trajectory_execution_manager_export.h
[65.696s] -- Installing: /home/fv/workspace/ros_ur_driver/src/install/moveit_ros_planning/lib/libmoveit_collision_plugin_loader.so.2.14.1
[65.696s] -- Set non-toolchain portion of runtime path of "/home/fv/workspace/ros_ur_driver/src/install/moveit_ros_planning/lib/libmoveit_collision_plugin_loader.so.2.14.1" to ""
[65.696s] -- Installing: /home/fv/workspace/ros_ur_driver/src/install/moveit_ros_planning/lib/libmoveit_collision_plugin_loader.so
[65.696s] -- Installing: /home/fv/workspace/ros_ur_driver/src/install/moveit_ros_planning/lib/libmoveit_constraint_sampler_manager_loader.so.2.14.1
[65.697s] -- Set non-toolchain portion of runtime path of "/home/fv/workspace/ros_ur_driver/src/install/moveit_ros_planning/lib/libmoveit_constraint_sampler_manager_loader.so.2.14.1" to ""
[65.697s] -- Installing: /home/fv/workspace/ros_ur_driver/src/install/moveit_ros_planning/lib/libmoveit_constraint_sampler_manager_loader.so
[65.697s] -- Installing: /home/fv/workspace/ros_ur_driver/src/install/moveit_ros_planning/lib/libmoveit_cpp.so.2.14.1
[65.697s] -- Set non-toolchain portion of runtime path of "/home/fv/workspace/ros_ur_driver/src/install/moveit_ros_planning/lib/libmoveit_cpp.so.2.14.1" to ""
[65.697s] -- Installing: /home/fv/workspace/ros_ur_driver/src/install/moveit_ros_planning/lib/libmoveit_cpp.so
[65.697s] -- Installing: /home/fv/workspace/ros_ur_driver/src/install/moveit_ros_planning/lib/libmoveit_kinematics_plugin_loader.so.2.14.1
[65.697s] -- Set non-toolchain portion of runtime path of "/home/fv/workspace/ros_ur_driver/src/install/moveit_ros_planning/lib/libmoveit_kinematics_plugin_loader.so.2.14.1" to ""
[65.697s] -- Installing: /home/fv/workspace/ros_ur_driver/src/install/moveit_ros_planning/lib/libmoveit_kinematics_plugin_loader.so
[65.697s] -- Installing: /home/fv/workspace/ros_ur_driver/src/install/moveit_ros_planning/lib/libmoveit_plan_execution.so.2.14.1
[65.697s] -- Set non-toolchain portion of runtime path of "/home/fv/workspace/ros_ur_driver/src/install/moveit_ros_planning/lib/libmoveit_plan_execution.so.2.14.1" to ""
[65.698s] -- Installing: /home/fv/workspace/ros_ur_driver/src/install/moveit_ros_planning/lib/libmoveit_plan_execution.so
[65.698s] -- Installing: /home/fv/workspace/ros_ur_driver/src/install/moveit_ros_planning/lib/libmoveit_planning_pipeline.so.2.14.1
[65.698s] -- Set non-toolchain portion of runtime path of "/home/fv/workspace/ros_ur_driver/src/install/moveit_ros_planning/lib/libmoveit_planning_pipeline.so.2.14.1" to ""
[65.698s] -- Installing: /home/fv/workspace/ros_ur_driver/src/install/moveit_ros_planning/lib/libmoveit_planning_pipeline.so
[65.698s] -- Installing: /home/fv/workspace/ros_ur_driver/src/install/moveit_ros_planning/lib/libmoveit_planning_pipeline_interfaces.so.2.14.1
[65.698s] -- Set non-toolchain portion of runtime path of "/home/fv/workspace/ros_ur_driver/src/install/moveit_ros_planning/lib/libmoveit_planning_pipeline_interfaces.so.2.14.1" to ""
[65.698s] -- Installing: /home/fv/workspace/ros_ur_driver/src/install/moveit_ros_planning/lib/libmoveit_planning_pipeline_interfaces.so
[65.698s] -- Installing: /home/fv/workspace/ros_ur_driver/src/install/moveit_ros_planning/lib/libmoveit_planning_scene_monitor.so.2.14.1
[65.700s] -- Set non-toolchain portion of runtime path of "/home/fv/workspace/ros_ur_driver/src/install/moveit_ros_planning/lib/libmoveit_planning_scene_monitor.so.2.14.1" to ""
[65.700s] -- Installing: /home/fv/workspace/ros_ur_driver/src/install/moveit_ros_planning/lib/libmoveit_planning_scene_monitor.so
[65.700s] -- Installing: /home/fv/workspace/ros_ur_driver/src/install/moveit_ros_planning/lib/libmoveit_rdf_loader.so.2.14.1
[65.701s] -- Set non-toolchain portion of runtime path of "/home/fv/workspace/ros_ur_driver/src/install/moveit_ros_planning/lib/libmoveit_rdf_loader.so.2.14.1" to ""
[65.701s] -- Installing: /home/fv/workspace/ros_ur_driver/src/install/moveit_ros_planning/lib/libmoveit_rdf_loader.so
[65.701s] -- Installing: /home/fv/workspace/ros_ur_driver/src/install/moveit_ros_planning/lib/libmoveit_robot_model_loader.so.2.14.1
[65.701s] -- Set non-toolchain portion of runtime path of "/home/fv/workspace/ros_ur_driver/src/install/moveit_ros_planning/lib/libmoveit_robot_model_loader.so.2.14.1" to ""
[65.701s] -- Installing: /home/fv/workspace/ros_ur_driver/src/install/moveit_ros_planning/lib/libmoveit_robot_model_loader.so
[65.701s] -- Installing: /home/fv/workspace/ros_ur_driver/src/install/moveit_ros_planning/lib/libmoveit_trajectory_execution_manager.so.2.14.1
[65.701s] -- Set non-toolchain portion of runtime path of "/home/fv/workspace/ros_ur_driver/src/install/moveit_ros_planning/lib/libmoveit_trajectory_execution_manager.so.2.14.1" to ""
[65.701s] -- Installing: /home/fv/workspace/ros_ur_driver/src/install/moveit_ros_planning/lib/libmoveit_trajectory_execution_manager.so
[65.702s] -- Installing: /home/fv/workspace/ros_ur_driver/src/install/moveit_ros_planning/lib/libsrdf_publisher_node.so
[65.702s] -- Set non-toolchain portion of runtime path of "/home/fv/workspace/ros_ur_driver/src/install/moveit_ros_planning/lib/libsrdf_publisher_node.so" to ""
[65.702s] -- Installing: /home/fv/workspace/ros_ur_driver/src/install/moveit_ros_planning/lib/libmoveit_default_planning_response_adapter_plugins.so.2.14.1
[65.702s] -- Set non-toolchain portion of runtime path of "/home/fv/workspace/ros_ur_driver/src/install/moveit_ros_planning/lib/libmoveit_default_planning_response_adapter_plugins.so.2.14.1" to ""
[65.702s] -- Installing: /home/fv/workspace/ros_ur_driver/src/install/moveit_ros_planning/lib/libmoveit_default_planning_response_adapter_plugins.so
[65.702s] -- Installing: /home/fv/workspace/ros_ur_driver/src/install/moveit_ros_planning/lib/libmoveit_default_planning_request_adapter_plugins.so.2.14.1
[65.702s] -- Set non-toolchain portion of runtime path of "/home/fv/workspace/ros_ur_driver/src/install/moveit_ros_planning/lib/libmoveit_default_planning_request_adapter_plugins.so.2.14.1" to ""
[65.702s] -- Installing: /home/fv/workspace/ros_ur_driver/src/install/moveit_ros_planning/lib/libmoveit_default_planning_request_adapter_plugins.so
[65.702s] -- Installing: /home/fv/workspace/ros_ur_driver/src/install/moveit_ros_planning/share/moveit_ros_planning/environment/library_path.sh
[65.702s] -- Installing: /home/fv/workspace/ros_ur_driver/src/install/moveit_ros_planning/share/moveit_ros_planning/environment/library_path.dsv
[65.702s] -- Installing: /home/fv/workspace/ros_ur_driver/src/install/moveit_ros_planning/lib/moveit_ros_planning/srdf_publisher
[65.703s] -- Set non-toolchain portion of runtime path of "/home/fv/workspace/ros_ur_driver/src/install/moveit_ros_planning/lib/moveit_ros_planning/srdf_publisher" to ""
[65.703s] -- Installing: /home/fv/workspace/ros_ur_driver/src/install/moveit_ros_planning/share/moveit_ros_planning/default_request_adapters_plugin_description.xml
[65.703s] -- Installing: /home/fv/workspace/ros_ur_driver/src/install/moveit_ros_planning/share/moveit_ros_planning/default_response_adapters_plugin_description.xml
[65.703s] -- Installing: /home/fv/workspace/ros_ur_driver/src/install/moveit_ros_planning/share/moveit_ros_planning/planning_pipeline_test_plugins_description.xml
[65.703s] -- Installing: /home/fv/workspace/ros_ur_driver/src/install/moveit_ros_planning/share/ament_index/resource_index/package_run_dependencies/moveit_ros_planning
[65.703s] -- Installing: /home/fv/workspace/ros_ur_driver/src/install/moveit_ros_planning/share/ament_index/resource_index/parent_prefix_path/moveit_ros_planning
[65.703s] -- Installing: /home/fv/workspace/ros_ur_driver/src/install/moveit_ros_planning/share/moveit_ros_planning/environment/ament_prefix_path.sh
[65.703s] -- Installing: /home/fv/workspace/ros_ur_driver/src/install/moveit_ros_planning/share/moveit_ros_planning/environment/ament_prefix_path.dsv
[65.703s] -- Installing: /home/fv/workspace/ros_ur_driver/src/install/moveit_ros_planning/share/moveit_ros_planning/environment/path.sh
[65.703s] -- Installing: /home/fv/workspace/ros_ur_driver/src/install/moveit_ros_planning/share/moveit_ros_planning/environment/path.dsv
[65.703s] -- Installing: /home/fv/workspace/ros_ur_driver/src/install/moveit_ros_planning/share/moveit_ros_planning/local_setup.bash
[65.703s] -- Installing: /home/fv/workspace/ros_ur_driver/src/install/moveit_ros_planning/share/moveit_ros_planning/local_setup.sh
[65.703s] -- Installing: /home/fv/workspace/ros_ur_driver/src/install/moveit_ros_planning/share/moveit_ros_planning/local_setup.zsh
[65.703s] -- Installing: /home/fv/workspace/ros_ur_driver/src/install/moveit_ros_planning/share/moveit_ros_planning/local_setup.dsv
[65.703s] -- Installing: /home/fv/workspace/ros_ur_driver/src/install/moveit_ros_planning/share/moveit_ros_planning/package.dsv
[65.703s] -- Installing: /home/fv/workspace/ros_ur_driver/src/install/moveit_ros_planning/share/ament_index/resource_index/packages/moveit_ros_planning
[65.704s] -- Installing: /home/fv/workspace/ros_ur_driver/src/install/moveit_ros_planning/share/ament_index/resource_index/moveit_core__pluginlib__plugin/moveit_ros_planning
[65.704s] -- Installing: /home/fv/workspace/ros_ur_driver/src/install/moveit_ros_planning/share/moveit_ros_planning/cmake/moveit_ros_planningTargetsExport.cmake
[65.704s] -- Installing: /home/fv/workspace/ros_ur_driver/src/install/moveit_ros_planning/share/moveit_ros_planning/cmake/moveit_ros_planningTargetsExport-release.cmake
[65.704s] -- Installing: /home/fv/workspace/ros_ur_driver/src/install/moveit_ros_planning/share/ament_index/resource_index/rclcpp_components/moveit_ros_planning
[65.704s] -- Installing: /home/fv/workspace/ros_ur_driver/src/install/moveit_ros_planning/share/moveit_ros_planning/cmake/ConfigExtras.cmake
[65.704s] -- Installing: /home/fv/workspace/ros_ur_driver/src/install/moveit_ros_planning/share/moveit_ros_planning/cmake/ament_cmake_export_targets-extras.cmake
[65.704s] -- Installing: /home/fv/workspace/ros_ur_driver/src/install/moveit_ros_planning/share/moveit_ros_planning/cmake/ament_cmake_export_dependencies-extras.cmake
[65.704s] -- Installing: /home/fv/workspace/ros_ur_driver/src/install/moveit_ros_planning/share/moveit_ros_planning/cmake/moveit_ros_planningConfig.cmake
[65.704s] -- Installing: /home/fv/workspace/ros_ur_driver/src/install/moveit_ros_planning/share/moveit_ros_planning/cmake/moveit_ros_planningConfig-version.cmake
[65.704s] -- Installing: /home/fv/workspace/ros_ur_driver/src/install/moveit_ros_planning/share/moveit_ros_planning/package.xml
[65.705s] Invoked command in '/home/fv/workspace/ros_ur_driver/src/build/moveit_ros_planning' returned '0': AMENT_PREFIX_PATH=/home/fv/workspace/ros_ur_driver/src/install/moveit_ros_occupancy_map_monitor:/home/fv/workspace/ros_ur_driver/src/install/moveit_core:/home/fv/workspace/ros_ur_driver/src/install/moveit_configs_utils:/home/fv/workspace/ros_ur_driver/src/install/srdfdom:/home/fv/workspace/ros_ur_driver/src/install/moveit_msgs:/home/fv/workspace/ros_ur_driver/src/install/moveit_common:${AMENT_PREFIX_PATH} CMAKE_PREFIX_PATH=/home/fv/workspace/ros_ur_driver/src/install/moveit_ros_occupancy_map_monitor:/home/fv/workspace/ros_ur_driver/src/install/moveit_core:/home/fv/workspace/ros_ur_driver/src/install/srdfdom:/home/fv/workspace/ros_ur_driver/src/install/moveit_msgs:/home/fv/workspace/ros_ur_driver/src/install/moveit_common:/opt/ros/jazzy/opt/sdformat_vendor:/opt/ros/jazzy/opt/gz_math_vendor:/opt/ros/jazzy/opt/gz_utils_vendor:/opt/ros/jazzy/opt/gz_tools_vendor:/opt/ros/jazzy/opt/gz_cmake_vendor:/opt/ros/jazzy CONDA_PROMPT_MODIFIER=(base) DEBUGINFOD_URLS=https://debuginfod.ubuntu.com LD_LIBRARY_PATH=/home/fv/workspace/ros_ur_driver/src/install/moveit_ros_occupancy_map_monitor/lib:/home/fv/workspace/ros_ur_driver/src/install/moveit_core/lib:/home/fv/workspace/ros_ur_driver/src/install/srdfdom/lib:/home/fv/workspace/ros_ur_driver/src/install/moveit_msgs/lib:${LD_LIBRARY_PATH} PATH=/home/fv/workspace/ros_ur_driver/src/install/moveit_core/bin:${PATH} PS1=(venv) (base) \[\e]0;\u@\h: \w\a\]${debian_chroot:+($debian_chroot)}\[\033[01;32m\]\u@\h\[\033[00m\]:\[\033[01;34m\]\w\[\033[00m\]\$ PYTHONPATH=/home/fv/workspace/ros_ur_driver/src/install/moveit_configs_utils/lib/python3.12/site-packages:/home/fv/workspace/ros_ur_driver/src/install/srdfdom/lib/python3.13/site-packages:/home/fv/workspace/ros_ur_driver/src/install/moveit_msgs/lib/python3.13/site-packages:${PYTHONPATH} VIRTUAL_ENV_PROMPT=(venv) /usr/bin/cmake --install /home/fv/workspace/ros_ur_driver/src/build/moveit_ros_planning
