[0.011s] Invoking command in '/home/fv/workspace/ros_ur_driver/src/build/chomp_motion_planner': AMENT_PREFIX_PATH=/home/fv/workspace/ros_ur_driver/src/install/moveit_core:/home/fv/workspace/ros_ur_driver/src/install/srdfdom:/home/fv/workspace/ros_ur_driver/src/install/moveit_msgs:/home/fv/workspace/ros_ur_driver/src/install/moveit_common:${AMENT_PREFIX_PATH} CMAKE_PREFIX_PATH=/home/fv/workspace/ros_ur_driver/src/install/moveit_core:/home/fv/workspace/ros_ur_driver/src/install/srdfdom:/home/fv/workspace/ros_ur_driver/src/install/moveit_msgs:/home/fv/workspace/ros_ur_driver/src/install/moveit_common:/opt/ros/jazzy/opt/sdformat_vendor:/opt/ros/jazzy/opt/gz_math_vendor:/opt/ros/jazzy/opt/gz_utils_vendor:/opt/ros/jazzy/opt/gz_tools_vendor:/opt/ros/jazzy/opt/gz_cmake_vendor:/opt/ros/jazzy CONDA_PROMPT_MODIFIER=(base) DEBUGINFOD_URLS=https://debuginfod.ubuntu.com LD_LIBRARY_PATH=/home/fv/workspace/ros_ur_driver/src/install/moveit_core/lib:/home/fv/workspace/ros_ur_driver/src/install/srdfdom/lib:/home/fv/workspace/ros_ur_driver/src/install/moveit_msgs/lib:${LD_LIBRARY_PATH} PATH=/home/fv/workspace/ros_ur_driver/src/install/moveit_core/bin:${PATH} PS1=(venv) (base) \[\e]0;\u@\h: \w\a\]${debian_chroot:+($debian_chroot)}\[\033[01;32m\]\u@\h\[\033[00m\]:\[\033[01;34m\]\w\[\033[00m\]\$ PYTHONPATH=/home/fv/workspace/ros_ur_driver/src/install/srdfdom/lib/python3.13/site-packages:/home/fv/workspace/ros_ur_driver/src/install/moveit_msgs/lib/python3.13/site-packages:${PYTHONPATH} VIRTUAL_ENV_PROMPT=(venv) /usr/bin/cmake /home/fv/workspace/ros_ur_driver/src/moveit2/moveit_planners/chomp/chomp_motion_planner -DCMAKE_BUILD_TYPE=Release -DCMAKE_INSTALL_PREFIX=/home/fv/workspace/ros_ur_driver/src/install/chomp_motion_planner
[0.079s] -- The CXX compiler identification is GNU 13.3.0
[0.090s] -- Detecting CXX compiler ABI info
[0.154s] -- Detecting CXX compiler ABI info - done
[0.163s] -- Check for working CXX compiler: /usr/bin/c++ - skipped
[0.163s] -- Detecting CXX compile features
[0.164s] -- Detecting CXX compile features - done
[0.165s] -- Found moveit_common: 2.14.1 (/home/fv/workspace/ros_ur_driver/src/install/moveit_common/share/moveit_common/cmake)
[0.166s] -- Found ament_cmake: 2.5.4 (/opt/ros/jazzy/share/ament_cmake/cmake)
[0.260s] -- Found Python3: /home/fv/venv/bin/python3 (found version "3.13.5") found components: Interpreter 
[0.410s] -- Found moveit_core: 2.14.1 (/home/fv/workspace/ros_ur_driver/src/install/moveit_core/share/moveit_core/cmake)
[0.516s] -- Found Boost: /usr/lib/x86_64-linux-gnu/cmake/Boost-1.83.0/BoostConfig.cmake (found version "1.83.0") found components: chrono date_time filesystem iostreams program_options regex serialization system thread 
[0.559s] -- Found parameter_traits: 0.5.0 (/opt/ros/jazzy/share/parameter_traits/cmake)
[0.582s] -- Found rosidl_generator_c: 4.6.6 (/opt/ros/jazzy/share/rosidl_generator_c/cmake)
[0.590s] -- Found rosidl_generator_cpp: 4.6.6 (/opt/ros/jazzy/share/rosidl_generator_cpp/cmake)
[0.600s] -- Using all available rosidl_typesupport_c: rosidl_typesupport_fastrtps_c;rosidl_typesupport_introspection_c
[0.612s] -- Using all available rosidl_typesupport_cpp: rosidl_typesupport_fastrtps_cpp;rosidl_typesupport_introspection_cpp
[0.660s] -- Found rmw_implementation_cmake: 7.3.2 (/opt/ros/jazzy/share/rmw_implementation_cmake/cmake)
[0.662s] -- Found rmw_fastrtps_cpp: 8.4.3 (/opt/ros/jazzy/share/rmw_fastrtps_cpp/cmake)
[0.716s] -- Found OpenSSL: /usr/lib/x86_64-linux-gnu/libcrypto.so (found version "3.0.13")  
[0.726s] -- Found FastRTPS: /opt/ros/jazzy/include (Required is at least version "2.13") 
[0.740s] -- Using RMW implementation 'rmw_fastrtps_cpp' as default
[0.794s] -- Found rclcpp_lifecycle: 28.1.12 (/opt/ros/jazzy/share/rclcpp_lifecycle/cmake)
[0.818s] -- Found Boost: /usr/lib/x86_64-linux-gnu/cmake/Boost-1.83.0/BoostConfig.cmake (found version "1.83.0") found components: filesystem 
[0.907s] -- Found Eigen3: TRUE (found version "3.4.0") 
[0.907s] -- Ensuring Eigen3 include directory is part of orocos-kdl CMake target
[1.147s] -- Configuring done (1.1s)
[1.163s] -- Generating done (0.0s)
[1.167s] -- Build files have been written to: /home/fv/workspace/ros_ur_driver/src/build/chomp_motion_planner
[1.176s] Invoked command in '/home/fv/workspace/ros_ur_driver/src/build/chomp_motion_planner' returned '0': AMENT_PREFIX_PATH=/home/fv/workspace/ros_ur_driver/src/install/moveit_core:/home/fv/workspace/ros_ur_driver/src/install/srdfdom:/home/fv/workspace/ros_ur_driver/src/install/moveit_msgs:/home/fv/workspace/ros_ur_driver/src/install/moveit_common:${AMENT_PREFIX_PATH} CMAKE_PREFIX_PATH=/home/fv/workspace/ros_ur_driver/src/install/moveit_core:/home/fv/workspace/ros_ur_driver/src/install/srdfdom:/home/fv/workspace/ros_ur_driver/src/install/moveit_msgs:/home/fv/workspace/ros_ur_driver/src/install/moveit_common:/opt/ros/jazzy/opt/sdformat_vendor:/opt/ros/jazzy/opt/gz_math_vendor:/opt/ros/jazzy/opt/gz_utils_vendor:/opt/ros/jazzy/opt/gz_tools_vendor:/opt/ros/jazzy/opt/gz_cmake_vendor:/opt/ros/jazzy CONDA_PROMPT_MODIFIER=(base) DEBUGINFOD_URLS=https://debuginfod.ubuntu.com LD_LIBRARY_PATH=/home/fv/workspace/ros_ur_driver/src/install/moveit_core/lib:/home/fv/workspace/ros_ur_driver/src/install/srdfdom/lib:/home/fv/workspace/ros_ur_driver/src/install/moveit_msgs/lib:${LD_LIBRARY_PATH} PATH=/home/fv/workspace/ros_ur_driver/src/install/moveit_core/bin:${PATH} PS1=(venv) (base) \[\e]0;\u@\h: \w\a\]${debian_chroot:+($debian_chroot)}\[\033[01;32m\]\u@\h\[\033[00m\]:\[\033[01;34m\]\w\[\033[00m\]\$ PYTHONPATH=/home/fv/workspace/ros_ur_driver/src/install/srdfdom/lib/python3.13/site-packages:/home/fv/workspace/ros_ur_driver/src/install/moveit_msgs/lib/python3.13/site-packages:${PYTHONPATH} VIRTUAL_ENV_PROMPT=(venv) /usr/bin/cmake /home/fv/workspace/ros_ur_driver/src/moveit2/moveit_planners/chomp/chomp_motion_planner -DCMAKE_BUILD_TYPE=Release -DCMAKE_INSTALL_PREFIX=/home/fv/workspace/ros_ur_driver/src/install/chomp_motion_planner
[1.176s] Invoking command in '/home/fv/workspace/ros_ur_driver/src/build/chomp_motion_planner': AMENT_PREFIX_PATH=/home/fv/workspace/ros_ur_driver/src/install/moveit_core:/home/fv/workspace/ros_ur_driver/src/install/srdfdom:/home/fv/workspace/ros_ur_driver/src/install/moveit_msgs:/home/fv/workspace/ros_ur_driver/src/install/moveit_common:${AMENT_PREFIX_PATH} CMAKE_PREFIX_PATH=/home/fv/workspace/ros_ur_driver/src/install/moveit_core:/home/fv/workspace/ros_ur_driver/src/install/srdfdom:/home/fv/workspace/ros_ur_driver/src/install/moveit_msgs:/home/fv/workspace/ros_ur_driver/src/install/moveit_common:/opt/ros/jazzy/opt/sdformat_vendor:/opt/ros/jazzy/opt/gz_math_vendor:/opt/ros/jazzy/opt/gz_utils_vendor:/opt/ros/jazzy/opt/gz_tools_vendor:/opt/ros/jazzy/opt/gz_cmake_vendor:/opt/ros/jazzy CONDA_PROMPT_MODIFIER=(base) DEBUGINFOD_URLS=https://debuginfod.ubuntu.com LD_LIBRARY_PATH=/home/fv/workspace/ros_ur_driver/src/install/moveit_core/lib:/home/fv/workspace/ros_ur_driver/src/install/srdfdom/lib:/home/fv/workspace/ros_ur_driver/src/install/moveit_msgs/lib:${LD_LIBRARY_PATH} PATH=/home/fv/workspace/ros_ur_driver/src/install/moveit_core/bin:${PATH} PS1=(venv) (base) \[\e]0;\u@\h: \w\a\]${debian_chroot:+($debian_chroot)}\[\033[01;32m\]\u@\h\[\033[00m\]:\[\033[01;34m\]\w\[\033[00m\]\$ PYTHONPATH=/home/fv/workspace/ros_ur_driver/src/install/srdfdom/lib/python3.13/site-packages:/home/fv/workspace/ros_ur_driver/src/install/moveit_msgs/lib/python3.13/site-packages:${PYTHONPATH} VIRTUAL_ENV_PROMPT=(venv) /usr/bin/cmake --build /home/fv/workspace/ros_ur_driver/src/build/chomp_motion_planner -- -j20 -l20
[1.220s] [ 16%] [32mBuilding CXX object CMakeFiles/chomp_motion_planner.dir/src/chomp_trajectory.cpp.o[0m
[1.220s] [ 33%] [32mBuilding CXX object CMakeFiles/chomp_motion_planner.dir/src/chomp_planner.cpp.o[0m
[1.222s] [ 50%] [32mBuilding CXX object CMakeFiles/chomp_motion_planner.dir/src/chomp_cost.cpp.o[0m
[1.222s] [ 66%] [32mBuilding CXX object CMakeFiles/chomp_motion_planner.dir/src/chomp_parameters.cpp.o[0m
[1.222s] [ 83%] [32mBuilding CXX object CMakeFiles/chomp_motion_planner.dir/src/chomp_optimizer.cpp.o[0m
[17.630s] [100%] [32m[1mLinking CXX shared library libchomp_motion_planner.so[0m
[17.828s] [100%] Built target chomp_motion_planner
[17.840s] Invoked command in '/home/fv/workspace/ros_ur_driver/src/build/chomp_motion_planner' returned '0': AMENT_PREFIX_PATH=/home/fv/workspace/ros_ur_driver/src/install/moveit_core:/home/fv/workspace/ros_ur_driver/src/install/srdfdom:/home/fv/workspace/ros_ur_driver/src/install/moveit_msgs:/home/fv/workspace/ros_ur_driver/src/install/moveit_common:${AMENT_PREFIX_PATH} CMAKE_PREFIX_PATH=/home/fv/workspace/ros_ur_driver/src/install/moveit_core:/home/fv/workspace/ros_ur_driver/src/install/srdfdom:/home/fv/workspace/ros_ur_driver/src/install/moveit_msgs:/home/fv/workspace/ros_ur_driver/src/install/moveit_common:/opt/ros/jazzy/opt/sdformat_vendor:/opt/ros/jazzy/opt/gz_math_vendor:/opt/ros/jazzy/opt/gz_utils_vendor:/opt/ros/jazzy/opt/gz_tools_vendor:/opt/ros/jazzy/opt/gz_cmake_vendor:/opt/ros/jazzy CONDA_PROMPT_MODIFIER=(base) DEBUGINFOD_URLS=https://debuginfod.ubuntu.com LD_LIBRARY_PATH=/home/fv/workspace/ros_ur_driver/src/install/moveit_core/lib:/home/fv/workspace/ros_ur_driver/src/install/srdfdom/lib:/home/fv/workspace/ros_ur_driver/src/install/moveit_msgs/lib:${LD_LIBRARY_PATH} PATH=/home/fv/workspace/ros_ur_driver/src/install/moveit_core/bin:${PATH} PS1=(venv) (base) \[\e]0;\u@\h: \w\a\]${debian_chroot:+($debian_chroot)}\[\033[01;32m\]\u@\h\[\033[00m\]:\[\033[01;34m\]\w\[\033[00m\]\$ PYTHONPATH=/home/fv/workspace/ros_ur_driver/src/install/srdfdom/lib/python3.13/site-packages:/home/fv/workspace/ros_ur_driver/src/install/moveit_msgs/lib/python3.13/site-packages:${PYTHONPATH} VIRTUAL_ENV_PROMPT=(venv) /usr/bin/cmake --build /home/fv/workspace/ros_ur_driver/src/build/chomp_motion_planner -- -j20 -l20
[17.841s] Invoking command in '/home/fv/workspace/ros_ur_driver/src/build/chomp_motion_planner': AMENT_PREFIX_PATH=/home/fv/workspace/ros_ur_driver/src/install/moveit_core:/home/fv/workspace/ros_ur_driver/src/install/srdfdom:/home/fv/workspace/ros_ur_driver/src/install/moveit_msgs:/home/fv/workspace/ros_ur_driver/src/install/moveit_common:${AMENT_PREFIX_PATH} CMAKE_PREFIX_PATH=/home/fv/workspace/ros_ur_driver/src/install/moveit_core:/home/fv/workspace/ros_ur_driver/src/install/srdfdom:/home/fv/workspace/ros_ur_driver/src/install/moveit_msgs:/home/fv/workspace/ros_ur_driver/src/install/moveit_common:/opt/ros/jazzy/opt/sdformat_vendor:/opt/ros/jazzy/opt/gz_math_vendor:/opt/ros/jazzy/opt/gz_utils_vendor:/opt/ros/jazzy/opt/gz_tools_vendor:/opt/ros/jazzy/opt/gz_cmake_vendor:/opt/ros/jazzy CONDA_PROMPT_MODIFIER=(base) DEBUGINFOD_URLS=https://debuginfod.ubuntu.com LD_LIBRARY_PATH=/home/fv/workspace/ros_ur_driver/src/install/moveit_core/lib:/home/fv/workspace/ros_ur_driver/src/install/srdfdom/lib:/home/fv/workspace/ros_ur_driver/src/install/moveit_msgs/lib:${LD_LIBRARY_PATH} PATH=/home/fv/workspace/ros_ur_driver/src/install/moveit_core/bin:${PATH} PS1=(venv) (base) \[\e]0;\u@\h: \w\a\]${debian_chroot:+($debian_chroot)}\[\033[01;32m\]\u@\h\[\033[00m\]:\[\033[01;34m\]\w\[\033[00m\]\$ PYTHONPATH=/home/fv/workspace/ros_ur_driver/src/install/srdfdom/lib/python3.13/site-packages:/home/fv/workspace/ros_ur_driver/src/install/moveit_msgs/lib/python3.13/site-packages:${PYTHONPATH} VIRTUAL_ENV_PROMPT=(venv) /usr/bin/cmake --install /home/fv/workspace/ros_ur_driver/src/build/chomp_motion_planner
[17.849s] -- Install configuration: "Release"
[17.850s] -- Installing: /home/fv/workspace/ros_ur_driver/src/install/chomp_motion_planner/lib/libchomp_motion_planner.so.2.14.1
[17.850s] -- Set non-toolchain portion of runtime path of "/home/fv/workspace/ros_ur_driver/src/install/chomp_motion_planner/lib/libchomp_motion_planner.so.2.14.1" to ""
[17.850s] -- Installing: /home/fv/workspace/ros_ur_driver/src/install/chomp_motion_planner/lib/libchomp_motion_planner.so
[17.850s] -- Installing: /home/fv/workspace/ros_ur_driver/src/install/chomp_motion_planner/include/chomp_motion_planner
[17.851s] -- Installing: /home/fv/workspace/ros_ur_driver/src/install/chomp_motion_planner/include/chomp_motion_planner/chomp_motion_planner
[17.851s] -- Installing: /home/fv/workspace/ros_ur_driver/src/install/chomp_motion_planner/include/chomp_motion_planner/chomp_motion_planner/multivariate_gaussian.h
[17.851s] -- Installing: /home/fv/workspace/ros_ur_driver/src/install/chomp_motion_planner/include/chomp_motion_planner/chomp_motion_planner/chomp_parameters.h
[17.851s] -- Installing: /home/fv/workspace/ros_ur_driver/src/install/chomp_motion_planner/include/chomp_motion_planner/chomp_motion_planner/chomp_utils.hpp
[17.851s] -- Installing: /home/fv/workspace/ros_ur_driver/src/install/chomp_motion_planner/include/chomp_motion_planner/chomp_motion_planner/multivariate_gaussian.hpp
[17.851s] -- Installing: /home/fv/workspace/ros_ur_driver/src/install/chomp_motion_planner/include/chomp_motion_planner/chomp_motion_planner/chomp_cost.h
[17.851s] -- Installing: /home/fv/workspace/ros_ur_driver/src/install/chomp_motion_planner/include/chomp_motion_planner/chomp_motion_planner/chomp_planner.h
[17.851s] -- Installing: /home/fv/workspace/ros_ur_driver/src/install/chomp_motion_planner/include/chomp_motion_planner/chomp_motion_planner/chomp_cost.hpp
[17.851s] -- Installing: /home/fv/workspace/ros_ur_driver/src/install/chomp_motion_planner/include/chomp_motion_planner/chomp_motion_planner/chomp_planner.hpp
[17.852s] -- Installing: /home/fv/workspace/ros_ur_driver/src/install/chomp_motion_planner/include/chomp_motion_planner/chomp_motion_planner/chomp_parameters.hpp
[17.852s] -- Installing: /home/fv/workspace/ros_ur_driver/src/install/chomp_motion_planner/include/chomp_motion_planner/chomp_motion_planner/chomp_optimizer.h
[17.852s] -- Installing: /home/fv/workspace/ros_ur_driver/src/install/chomp_motion_planner/include/chomp_motion_planner/chomp_motion_planner/chomp_trajectory.h
[17.852s] -- Installing: /home/fv/workspace/ros_ur_driver/src/install/chomp_motion_planner/include/chomp_motion_planner/chomp_motion_planner/chomp_utils.h
[17.852s] -- Installing: /home/fv/workspace/ros_ur_driver/src/install/chomp_motion_planner/include/chomp_motion_planner/chomp_motion_planner/chomp_optimizer.hpp
[17.852s] -- Installing: /home/fv/workspace/ros_ur_driver/src/install/chomp_motion_planner/include/chomp_motion_planner/chomp_motion_planner/chomp_trajectory.hpp
[17.852s] -- Installing: /home/fv/workspace/ros_ur_driver/src/install/chomp_motion_planner/share/chomp_motion_planner/environment/library_path.sh
[17.852s] -- Installing: /home/fv/workspace/ros_ur_driver/src/install/chomp_motion_planner/share/chomp_motion_planner/environment/library_path.dsv
[17.853s] -- Installing: /home/fv/workspace/ros_ur_driver/src/install/chomp_motion_planner/share/ament_index/resource_index/package_run_dependencies/chomp_motion_planner
[17.853s] -- Installing: /home/fv/workspace/ros_ur_driver/src/install/chomp_motion_planner/share/ament_index/resource_index/parent_prefix_path/chomp_motion_planner
[17.853s] -- Installing: /home/fv/workspace/ros_ur_driver/src/install/chomp_motion_planner/share/chomp_motion_planner/environment/ament_prefix_path.sh
[17.853s] -- Installing: /home/fv/workspace/ros_ur_driver/src/install/chomp_motion_planner/share/chomp_motion_planner/environment/ament_prefix_path.dsv
[17.853s] -- Installing: /home/fv/workspace/ros_ur_driver/src/install/chomp_motion_planner/share/chomp_motion_planner/environment/path.sh
[17.853s] -- Installing: /home/fv/workspace/ros_ur_driver/src/install/chomp_motion_planner/share/chomp_motion_planner/environment/path.dsv
[17.853s] -- Installing: /home/fv/workspace/ros_ur_driver/src/install/chomp_motion_planner/share/chomp_motion_planner/local_setup.bash
[17.853s] -- Installing: /home/fv/workspace/ros_ur_driver/src/install/chomp_motion_planner/share/chomp_motion_planner/local_setup.sh
[17.854s] -- Installing: /home/fv/workspace/ros_ur_driver/src/install/chomp_motion_planner/share/chomp_motion_planner/local_setup.zsh
[17.854s] -- Installing: /home/fv/workspace/ros_ur_driver/src/install/chomp_motion_planner/share/chomp_motion_planner/local_setup.dsv
[17.854s] -- Installing: /home/fv/workspace/ros_ur_driver/src/install/chomp_motion_planner/share/chomp_motion_planner/package.dsv
[17.854s] -- Installing: /home/fv/workspace/ros_ur_driver/src/install/chomp_motion_planner/share/ament_index/resource_index/packages/chomp_motion_planner
[17.854s] -- Installing: /home/fv/workspace/ros_ur_driver/src/install/chomp_motion_planner/share/chomp_motion_planner/cmake/chomp_motion_plannerTargetsExport.cmake
[17.854s] -- Installing: /home/fv/workspace/ros_ur_driver/src/install/chomp_motion_planner/share/chomp_motion_planner/cmake/chomp_motion_plannerTargetsExport-release.cmake
[17.854s] -- Installing: /home/fv/workspace/ros_ur_driver/src/install/chomp_motion_planner/share/chomp_motion_planner/cmake/ament_cmake_export_targets-extras.cmake
[17.854s] -- Installing: /home/fv/workspace/ros_ur_driver/src/install/chomp_motion_planner/share/chomp_motion_planner/cmake/chomp_motion_plannerConfig.cmake
[17.854s] -- Installing: /home/fv/workspace/ros_ur_driver/src/install/chomp_motion_planner/share/chomp_motion_planner/cmake/chomp_motion_plannerConfig-version.cmake
[17.855s] -- Installing: /home/fv/workspace/ros_ur_driver/src/install/chomp_motion_planner/share/chomp_motion_planner/package.xml
[17.857s] Invoked command in '/home/fv/workspace/ros_ur_driver/src/build/chomp_motion_planner' returned '0': AMENT_PREFIX_PATH=/home/fv/workspace/ros_ur_driver/src/install/moveit_core:/home/fv/workspace/ros_ur_driver/src/install/srdfdom:/home/fv/workspace/ros_ur_driver/src/install/moveit_msgs:/home/fv/workspace/ros_ur_driver/src/install/moveit_common:${AMENT_PREFIX_PATH} CMAKE_PREFIX_PATH=/home/fv/workspace/ros_ur_driver/src/install/moveit_core:/home/fv/workspace/ros_ur_driver/src/install/srdfdom:/home/fv/workspace/ros_ur_driver/src/install/moveit_msgs:/home/fv/workspace/ros_ur_driver/src/install/moveit_common:/opt/ros/jazzy/opt/sdformat_vendor:/opt/ros/jazzy/opt/gz_math_vendor:/opt/ros/jazzy/opt/gz_utils_vendor:/opt/ros/jazzy/opt/gz_tools_vendor:/opt/ros/jazzy/opt/gz_cmake_vendor:/opt/ros/jazzy CONDA_PROMPT_MODIFIER=(base) DEBUGINFOD_URLS=https://debuginfod.ubuntu.com LD_LIBRARY_PATH=/home/fv/workspace/ros_ur_driver/src/install/moveit_core/lib:/home/fv/workspace/ros_ur_driver/src/install/srdfdom/lib:/home/fv/workspace/ros_ur_driver/src/install/moveit_msgs/lib:${LD_LIBRARY_PATH} PATH=/home/fv/workspace/ros_ur_driver/src/install/moveit_core/bin:${PATH} PS1=(venv) (base) \[\e]0;\u@\h: \w\a\]${debian_chroot:+($debian_chroot)}\[\033[01;32m\]\u@\h\[\033[00m\]:\[\033[01;34m\]\w\[\033[00m\]\$ PYTHONPATH=/home/fv/workspace/ros_ur_driver/src/install/srdfdom/lib/python3.13/site-packages:/home/fv/workspace/ros_ur_driver/src/install/moveit_msgs/lib/python3.13/site-packages:${PYTHONPATH} VIRTUAL_ENV_PROMPT=(venv) /usr/bin/cmake --install /home/fv/workspace/ros_ur_driver/src/build/chomp_motion_planner
