[0.020s] Invoking command in '/home/fv/workspace/ros_ur_driver/src/build/ur_msgs': CMAKE_PREFIX_PATH=${CMAKE_PREFIX_PATH}:/opt/ros/jazzy CONDA_PROMPT_MODIFIER=(base) DEBUGINFOD_URLS=https://debuginfod.ubuntu.com PS1=(venv) (base) \[\e]0;\u@\h: \w\a\]${debian_chroot:+($debian_chroot)}\[\033[01;32m\]\u@\h\[\033[00m\]:\[\033[01;34m\]\w\[\033[00m\]\$ VIRTUAL_ENV_PROMPT=(venv) /usr/bin/cmake --build /home/fv/workspace/ros_ur_driver/src/build/ur_msgs -- -j20 -l20
[0.087s] [  0%] Built target ur_msgs__rosidl_generator_type_description
[0.088s] [  0%] Built target ament_cmake_python_copy_ur_msgs
[0.089s] [  0%] Built target ur_msgs__cpp
[0.090s] [ 27%] Built target ur_msgs__rosidl_generator_c
[0.110s] [ 37%] Built target ur_msgs__rosidl_typesupport_c
[0.118s] [ 46%] Built target ur_msgs__rosidl_typesupport_introspection_c
[0.124s] [ 56%] Built target ur_msgs__rosidl_typesupport_fastrtps_c
[0.130s] [ 66%] Built target ur_msgs__rosidl_typesupport_introspection_cpp
[0.132s] [ 76%] Built target ur_msgs__rosidl_typesupport_fastrtps_cpp
[0.132s] [ 86%] Built target ur_msgs__rosidl_typesupport_cpp
[0.145s] [ 86%] Built target ur_msgs
[0.158s] [ 87%] Built target ur_msgs__py
[0.182s] [ 96%] Built target ur_msgs__rosidl_generator_py
[0.197s] [ 97%] Built target ur_msgs_s__rosidl_typesupport_fastrtps_c
[0.198s] [ 98%] Built target ur_msgs_s__rosidl_typesupport_c
[0.199s] [100%] Built target ur_msgs_s__rosidl_typesupport_introspection_c
[0.232s] running egg_info
[0.250s] writing ur_msgs.egg-info/PKG-INFO
[0.251s] writing dependency_links to ur_msgs.egg-info/dependency_links.txt
[0.251s] writing top-level names to ur_msgs.egg-info/top_level.txt
[0.281s] reading manifest file 'ur_msgs.egg-info/SOURCES.txt'
[0.282s] writing manifest file 'ur_msgs.egg-info/SOURCES.txt'
[0.314s] [100%] Built target ament_cmake_python_build_ur_msgs_egg
[0.324s] Invoked command in '/home/fv/workspace/ros_ur_driver/src/build/ur_msgs' returned '0': CMAKE_PREFIX_PATH=${CMAKE_PREFIX_PATH}:/opt/ros/jazzy CONDA_PROMPT_MODIFIER=(base) DEBUGINFOD_URLS=https://debuginfod.ubuntu.com PS1=(venv) (base) \[\e]0;\u@\h: \w\a\]${debian_chroot:+($debian_chroot)}\[\033[01;32m\]\u@\h\[\033[00m\]:\[\033[01;34m\]\w\[\033[00m\]\$ VIRTUAL_ENV_PROMPT=(venv) /usr/bin/cmake --build /home/fv/workspace/ros_ur_driver/src/build/ur_msgs -- -j20 -l20
[0.325s] Invoking command in '/home/fv/workspace/ros_ur_driver/src/build/ur_msgs': CMAKE_PREFIX_PATH=${CMAKE_PREFIX_PATH}:/opt/ros/jazzy CONDA_PROMPT_MODIFIER=(base) DEBUGINFOD_URLS=https://debuginfod.ubuntu.com PS1=(venv) (base) \[\e]0;\u@\h: \w\a\]${debian_chroot:+($debian_chroot)}\[\033[01;32m\]\u@\h\[\033[00m\]:\[\033[01;34m\]\w\[\033[00m\]\$ VIRTUAL_ENV_PROMPT=(venv) /usr/bin/cmake --install /home/fv/workspace/ros_ur_driver/src/build/ur_msgs
[0.330s] -- Install configuration: "Release"
[0.330s] -- Up-to-date: /home/fv/workspace/ros_ur_driver/src/install/ur_msgs/share/ament_index/resource_index/rosidl_interfaces/ur_msgs
[0.330s] -- Up-to-date: /home/fv/workspace/ros_ur_driver/src/install/ur_msgs/share/ur_msgs/msg/Analog.json
[0.330s] -- Up-to-date: /home/fv/workspace/ros_ur_driver/src/install/ur_msgs/share/ur_msgs/msg/Digital.json
[0.330s] -- Up-to-date: /home/fv/workspace/ros_ur_driver/src/install/ur_msgs/share/ur_msgs/msg/IOStates.json
[0.330s] -- Up-to-date: /home/fv/workspace/ros_ur_driver/src/install/ur_msgs/share/ur_msgs/msg/RobotStateRTMsg.json
[0.331s] -- Up-to-date: /home/fv/workspace/ros_ur_driver/src/install/ur_msgs/share/ur_msgs/msg/MasterboardDataMsg.json
[0.331s] -- Up-to-date: /home/fv/workspace/ros_ur_driver/src/install/ur_msgs/share/ur_msgs/msg/RobotModeDataMsg.json
[0.331s] -- Up-to-date: /home/fv/workspace/ros_ur_driver/src/install/ur_msgs/share/ur_msgs/msg/ToolDataMsg.json
[0.331s] -- Up-to-date: /home/fv/workspace/ros_ur_driver/src/install/ur_msgs/share/ur_msgs/srv/SetAnalogOutput.json
[0.331s] -- Up-to-date: /home/fv/workspace/ros_ur_driver/src/install/ur_msgs/share/ur_msgs/srv/SetPayload.json
[0.331s] -- Up-to-date: /home/fv/workspace/ros_ur_driver/src/install/ur_msgs/share/ur_msgs/srv/SetSpeedSliderFraction.json
[0.331s] -- Up-to-date: /home/fv/workspace/ros_ur_driver/src/install/ur_msgs/share/ur_msgs/srv/SetIO.json
[0.331s] -- Up-to-date: /home/fv/workspace/ros_ur_driver/src/install/ur_msgs/share/ur_msgs/srv/GetRobotSoftwareVersion.json
[0.331s] -- Up-to-date: /home/fv/workspace/ros_ur_driver/src/install/ur_msgs/share/ur_msgs/srv/SetForceMode.json
[0.331s] -- Up-to-date: /home/fv/workspace/ros_ur_driver/src/install/ur_msgs/share/ur_msgs/action/ToolContact.json
[0.331s] -- Up-to-date: /home/fv/workspace/ros_ur_driver/src/install/ur_msgs/share/ur_msgs/action/FollowJointTrajectoryUntil.json
[0.332s] -- Up-to-date: /home/fv/workspace/ros_ur_driver/src/install/ur_msgs/include/ur_msgs/ur_msgs
[0.332s] -- Up-to-date: /home/fv/workspace/ros_ur_driver/src/install/ur_msgs/include/ur_msgs/ur_msgs/action
[0.332s] -- Up-to-date: /home/fv/workspace/ros_ur_driver/src/install/ur_msgs/include/ur_msgs/ur_msgs/action/follow_joint_trajectory_until.h
[0.332s] -- Up-to-date: /home/fv/workspace/ros_ur_driver/src/install/ur_msgs/include/ur_msgs/ur_msgs/action/detail
[0.332s] -- Up-to-date: /home/fv/workspace/ros_ur_driver/src/install/ur_msgs/include/ur_msgs/ur_msgs/action/detail/follow_joint_trajectory_until__functions.c
[0.332s] -- Up-to-date: /home/fv/workspace/ros_ur_driver/src/install/ur_msgs/include/ur_msgs/ur_msgs/action/detail/tool_contact__type_support.h
[0.332s] -- Installing: /home/fv/workspace/ros_ur_driver/src/install/ur_msgs/include/ur_msgs/ur_msgs/action/detail/follow_joint_trajectory_until__type_support.c
[0.332s] -- Up-to-date: /home/fv/workspace/ros_ur_driver/src/install/ur_msgs/include/ur_msgs/ur_msgs/action/detail/tool_contact__description.c
[0.332s] -- Up-to-date: /home/fv/workspace/ros_ur_driver/src/install/ur_msgs/include/ur_msgs/ur_msgs/action/detail/tool_contact__functions.h
[0.332s] -- Up-to-date: /home/fv/workspace/ros_ur_driver/src/install/ur_msgs/include/ur_msgs/ur_msgs/action/detail/tool_contact__functions.c
[0.333s] -- Up-to-date: /home/fv/workspace/ros_ur_driver/src/install/ur_msgs/include/ur_msgs/ur_msgs/action/detail/tool_contact__struct.h
[0.333s] -- Up-to-date: /home/fv/workspace/ros_ur_driver/src/install/ur_msgs/include/ur_msgs/ur_msgs/action/detail/follow_joint_trajectory_until__struct.h
[0.333s] -- Up-to-date: /home/fv/workspace/ros_ur_driver/src/install/ur_msgs/include/ur_msgs/ur_msgs/action/detail/follow_joint_trajectory_until__functions.h
[0.333s] -- Installing: /home/fv/workspace/ros_ur_driver/src/install/ur_msgs/include/ur_msgs/ur_msgs/action/detail/tool_contact__type_support.c
[0.333s] -- Up-to-date: /home/fv/workspace/ros_ur_driver/src/install/ur_msgs/include/ur_msgs/ur_msgs/action/detail/follow_joint_trajectory_until__description.c
[0.333s] -- Up-to-date: /home/fv/workspace/ros_ur_driver/src/install/ur_msgs/include/ur_msgs/ur_msgs/action/detail/follow_joint_trajectory_until__type_support.h
[0.333s] -- Up-to-date: /home/fv/workspace/ros_ur_driver/src/install/ur_msgs/include/ur_msgs/ur_msgs/action/tool_contact.h
[0.333s] -- Up-to-date: /home/fv/workspace/ros_ur_driver/src/install/ur_msgs/include/ur_msgs/ur_msgs/msg
[0.333s] -- Up-to-date: /home/fv/workspace/ros_ur_driver/src/install/ur_msgs/include/ur_msgs/ur_msgs/msg/masterboard_data_msg.h
[0.333s] -- Up-to-date: /home/fv/workspace/ros_ur_driver/src/install/ur_msgs/include/ur_msgs/ur_msgs/msg/rosidl_generator_c__visibility_control.h
[0.333s] -- Up-to-date: /home/fv/workspace/ros_ur_driver/src/install/ur_msgs/include/ur_msgs/ur_msgs/msg/robot_state_rt_msg.h
[0.333s] -- Up-to-date: /home/fv/workspace/ros_ur_driver/src/install/ur_msgs/include/ur_msgs/ur_msgs/msg/analog.h
[0.333s] -- Up-to-date: /home/fv/workspace/ros_ur_driver/src/install/ur_msgs/include/ur_msgs/ur_msgs/msg/robot_mode_data_msg.h
[0.333s] -- Up-to-date: /home/fv/workspace/ros_ur_driver/src/install/ur_msgs/include/ur_msgs/ur_msgs/msg/tool_data_msg.h
[0.334s] -- Up-to-date: /home/fv/workspace/ros_ur_driver/src/install/ur_msgs/include/ur_msgs/ur_msgs/msg/detail
[0.334s] -- Installing: /home/fv/workspace/ros_ur_driver/src/install/ur_msgs/include/ur_msgs/ur_msgs/msg/detail/tool_data_msg__type_support.c
[0.334s] -- Up-to-date: /home/fv/workspace/ros_ur_driver/src/install/ur_msgs/include/ur_msgs/ur_msgs/msg/detail/digital__functions.h
[0.334s] -- Up-to-date: /home/fv/workspace/ros_ur_driver/src/install/ur_msgs/include/ur_msgs/ur_msgs/msg/detail/robot_mode_data_msg__functions.h
[0.334s] -- Up-to-date: /home/fv/workspace/ros_ur_driver/src/install/ur_msgs/include/ur_msgs/ur_msgs/msg/detail/tool_data_msg__struct.h
[0.334s] -- Up-to-date: /home/fv/workspace/ros_ur_driver/src/install/ur_msgs/include/ur_msgs/ur_msgs/msg/detail/masterboard_data_msg__description.c
[0.334s] -- Up-to-date: /home/fv/workspace/ros_ur_driver/src/install/ur_msgs/include/ur_msgs/ur_msgs/msg/detail/tool_data_msg__type_support.h
[0.334s] -- Up-to-date: /home/fv/workspace/ros_ur_driver/src/install/ur_msgs/include/ur_msgs/ur_msgs/msg/detail/masterboard_data_msg__functions.h
[0.334s] -- Up-to-date: /home/fv/workspace/ros_ur_driver/src/install/ur_msgs/include/ur_msgs/ur_msgs/msg/detail/robot_state_rt_msg__struct.h
[0.334s] -- Up-to-date: /home/fv/workspace/ros_ur_driver/src/install/ur_msgs/include/ur_msgs/ur_msgs/msg/detail/digital__struct.h
[0.335s] -- Up-to-date: /home/fv/workspace/ros_ur_driver/src/install/ur_msgs/include/ur_msgs/ur_msgs/msg/detail/robot_mode_data_msg__struct.h
[0.335s] -- Up-to-date: /home/fv/workspace/ros_ur_driver/src/install/ur_msgs/include/ur_msgs/ur_msgs/msg/detail/analog__functions.h
[0.335s] -- Up-to-date: /home/fv/workspace/ros_ur_driver/src/install/ur_msgs/include/ur_msgs/ur_msgs/msg/detail/robot_state_rt_msg__type_support.h
[0.335s] -- Up-to-date: /home/fv/workspace/ros_ur_driver/src/install/ur_msgs/include/ur_msgs/ur_msgs/msg/detail/analog__struct.h
[0.335s] -- Up-to-date: /home/fv/workspace/ros_ur_driver/src/install/ur_msgs/include/ur_msgs/ur_msgs/msg/detail/masterboard_data_msg__functions.c
[0.335s] -- Up-to-date: /home/fv/workspace/ros_ur_driver/src/install/ur_msgs/include/ur_msgs/ur_msgs/msg/detail/io_states__type_support.h
[0.335s] -- Installing: /home/fv/workspace/ros_ur_driver/src/install/ur_msgs/include/ur_msgs/ur_msgs/msg/detail/robot_state_rt_msg__type_support.c
[0.335s] -- Installing: /home/fv/workspace/ros_ur_driver/src/install/ur_msgs/include/ur_msgs/ur_msgs/msg/detail/digital__type_support.c
[0.335s] -- Up-to-date: /home/fv/workspace/ros_ur_driver/src/install/ur_msgs/include/ur_msgs/ur_msgs/msg/detail/tool_data_msg__functions.h
[0.335s] -- Up-to-date: /home/fv/workspace/ros_ur_driver/src/install/ur_msgs/include/ur_msgs/ur_msgs/msg/detail/digital__description.c
[0.335s] -- Up-to-date: /home/fv/workspace/ros_ur_driver/src/install/ur_msgs/include/ur_msgs/ur_msgs/msg/detail/analog__description.c
[0.335s] -- Up-to-date: /home/fv/workspace/ros_ur_driver/src/install/ur_msgs/include/ur_msgs/ur_msgs/msg/detail/robot_mode_data_msg__description.c
[0.335s] -- Up-to-date: /home/fv/workspace/ros_ur_driver/src/install/ur_msgs/include/ur_msgs/ur_msgs/msg/detail/robot_state_rt_msg__functions.c
[0.335s] -- Up-to-date: /home/fv/workspace/ros_ur_driver/src/install/ur_msgs/include/ur_msgs/ur_msgs/msg/detail/masterboard_data_msg__type_support.h
[0.335s] -- Up-to-date: /home/fv/workspace/ros_ur_driver/src/install/ur_msgs/include/ur_msgs/ur_msgs/msg/detail/digital__type_support.h
[0.335s] -- Up-to-date: /home/fv/workspace/ros_ur_driver/src/install/ur_msgs/include/ur_msgs/ur_msgs/msg/detail/analog__type_support.h
[0.335s] -- Installing: /home/fv/workspace/ros_ur_driver/src/install/ur_msgs/include/ur_msgs/ur_msgs/msg/detail/robot_mode_data_msg__type_support.c
[0.335s] -- Up-to-date: /home/fv/workspace/ros_ur_driver/src/install/ur_msgs/include/ur_msgs/ur_msgs/msg/detail/digital__functions.c
[0.335s] -- Up-to-date: /home/fv/workspace/ros_ur_driver/src/install/ur_msgs/include/ur_msgs/ur_msgs/msg/detail/io_states__functions.c
[0.335s] -- Up-to-date: /home/fv/workspace/ros_ur_driver/src/install/ur_msgs/include/ur_msgs/ur_msgs/msg/detail/analog__functions.c
[0.335s] -- Up-to-date: /home/fv/workspace/ros_ur_driver/src/install/ur_msgs/include/ur_msgs/ur_msgs/msg/detail/robot_state_rt_msg__description.c
[0.335s] -- Up-to-date: /home/fv/workspace/ros_ur_driver/src/install/ur_msgs/include/ur_msgs/ur_msgs/msg/detail/robot_state_rt_msg__functions.h
[0.336s] -- Up-to-date: /home/fv/workspace/ros_ur_driver/src/install/ur_msgs/include/ur_msgs/ur_msgs/msg/detail/io_states__description.c
[0.336s] -- Up-to-date: /home/fv/workspace/ros_ur_driver/src/install/ur_msgs/include/ur_msgs/ur_msgs/msg/detail/masterboard_data_msg__struct.h
[0.336s] -- Up-to-date: /home/fv/workspace/ros_ur_driver/src/install/ur_msgs/include/ur_msgs/ur_msgs/msg/detail/io_states__struct.h
[0.336s] -- Up-to-date: /home/fv/workspace/ros_ur_driver/src/install/ur_msgs/include/ur_msgs/ur_msgs/msg/detail/tool_data_msg__functions.c
[0.336s] -- Up-to-date: /home/fv/workspace/ros_ur_driver/src/install/ur_msgs/include/ur_msgs/ur_msgs/msg/detail/robot_mode_data_msg__type_support.h
[0.336s] -- Installing: /home/fv/workspace/ros_ur_driver/src/install/ur_msgs/include/ur_msgs/ur_msgs/msg/detail/io_states__type_support.c
[0.336s] -- Installing: /home/fv/workspace/ros_ur_driver/src/install/ur_msgs/include/ur_msgs/ur_msgs/msg/detail/masterboard_data_msg__type_support.c
[0.336s] -- Up-to-date: /home/fv/workspace/ros_ur_driver/src/install/ur_msgs/include/ur_msgs/ur_msgs/msg/detail/robot_mode_data_msg__functions.c
[0.336s] -- Up-to-date: /home/fv/workspace/ros_ur_driver/src/install/ur_msgs/include/ur_msgs/ur_msgs/msg/detail/tool_data_msg__description.c
[0.336s] -- Installing: /home/fv/workspace/ros_ur_driver/src/install/ur_msgs/include/ur_msgs/ur_msgs/msg/detail/analog__type_support.c
[0.336s] -- Up-to-date: /home/fv/workspace/ros_ur_driver/src/install/ur_msgs/include/ur_msgs/ur_msgs/msg/detail/io_states__functions.h
[0.336s] -- Up-to-date: /home/fv/workspace/ros_ur_driver/src/install/ur_msgs/include/ur_msgs/ur_msgs/msg/io_states.h
[0.336s] -- Up-to-date: /home/fv/workspace/ros_ur_driver/src/install/ur_msgs/include/ur_msgs/ur_msgs/msg/digital.h
[0.336s] -- Up-to-date: /home/fv/workspace/ros_ur_driver/src/install/ur_msgs/include/ur_msgs/ur_msgs/srv
[0.336s] -- Up-to-date: /home/fv/workspace/ros_ur_driver/src/install/ur_msgs/include/ur_msgs/ur_msgs/srv/set_io.h
[0.336s] -- Up-to-date: /home/fv/workspace/ros_ur_driver/src/install/ur_msgs/include/ur_msgs/ur_msgs/srv/set_analog_output.h
[0.336s] -- Up-to-date: /home/fv/workspace/ros_ur_driver/src/install/ur_msgs/include/ur_msgs/ur_msgs/srv/set_force_mode.h
[0.336s] -- Up-to-date: /home/fv/workspace/ros_ur_driver/src/install/ur_msgs/include/ur_msgs/ur_msgs/srv/detail
[0.336s] -- Installing: /home/fv/workspace/ros_ur_driver/src/install/ur_msgs/include/ur_msgs/ur_msgs/srv/detail/set_payload__type_support.c
[0.336s] -- Up-to-date: /home/fv/workspace/ros_ur_driver/src/install/ur_msgs/include/ur_msgs/ur_msgs/srv/detail/get_robot_software_version__description.c
[0.336s] -- Up-to-date: /home/fv/workspace/ros_ur_driver/src/install/ur_msgs/include/ur_msgs/ur_msgs/srv/detail/set_speed_slider_fraction__type_support.h
[0.336s] -- Up-to-date: /home/fv/workspace/ros_ur_driver/src/install/ur_msgs/include/ur_msgs/ur_msgs/srv/detail/set_payload__functions.h
[0.336s] -- Up-to-date: /home/fv/workspace/ros_ur_driver/src/install/ur_msgs/include/ur_msgs/ur_msgs/srv/detail/set_io__description.c
[0.336s] -- Up-to-date: /home/fv/workspace/ros_ur_driver/src/install/ur_msgs/include/ur_msgs/ur_msgs/srv/detail/set_io__struct.h
[0.336s] -- Installing: /home/fv/workspace/ros_ur_driver/src/install/ur_msgs/include/ur_msgs/ur_msgs/srv/detail/set_io__type_support.c
[0.336s] -- Up-to-date: /home/fv/workspace/ros_ur_driver/src/install/ur_msgs/include/ur_msgs/ur_msgs/srv/detail/get_robot_software_version__functions.h
[0.336s] -- Up-to-date: /home/fv/workspace/ros_ur_driver/src/install/ur_msgs/include/ur_msgs/ur_msgs/srv/detail/set_speed_slider_fraction__struct.h
[0.336s] -- Up-to-date: /home/fv/workspace/ros_ur_driver/src/install/ur_msgs/include/ur_msgs/ur_msgs/srv/detail/set_force_mode__description.c
[0.336s] -- Up-to-date: /home/fv/workspace/ros_ur_driver/src/install/ur_msgs/include/ur_msgs/ur_msgs/srv/detail/set_analog_output__functions.h
[0.336s] -- Up-to-date: /home/fv/workspace/ros_ur_driver/src/install/ur_msgs/include/ur_msgs/ur_msgs/srv/detail/set_force_mode__functions.h
[0.336s] -- Up-to-date: /home/fv/workspace/ros_ur_driver/src/install/ur_msgs/include/ur_msgs/ur_msgs/srv/detail/set_force_mode__type_support.h
[0.336s] -- Up-to-date: /home/fv/workspace/ros_ur_driver/src/install/ur_msgs/include/ur_msgs/ur_msgs/srv/detail/set_payload__struct.h
[0.337s] -- Up-to-date: /home/fv/workspace/ros_ur_driver/src/install/ur_msgs/include/ur_msgs/ur_msgs/srv/detail/set_io__type_support.h
[0.337s] -- Up-to-date: /home/fv/workspace/ros_ur_driver/src/install/ur_msgs/include/ur_msgs/ur_msgs/srv/detail/set_speed_slider_fraction__description.c
[0.337s] -- Up-to-date: /home/fv/workspace/ros_ur_driver/src/install/ur_msgs/include/ur_msgs/ur_msgs/srv/detail/set_io__functions.c
[0.337s] -- Installing: /home/fv/workspace/ros_ur_driver/src/install/ur_msgs/include/ur_msgs/ur_msgs/srv/detail/set_analog_output__type_support.c
[0.337s] -- Installing: /home/fv/workspace/ros_ur_driver/src/install/ur_msgs/include/ur_msgs/ur_msgs/srv/detail/set_speed_slider_fraction__type_support.c
[0.337s] -- Up-to-date: /home/fv/workspace/ros_ur_driver/src/install/ur_msgs/include/ur_msgs/ur_msgs/srv/detail/set_force_mode__struct.h
[0.337s] -- Up-to-date: /home/fv/workspace/ros_ur_driver/src/install/ur_msgs/include/ur_msgs/ur_msgs/srv/detail/set_payload__type_support.h
[0.337s] -- Installing: /home/fv/workspace/ros_ur_driver/src/install/ur_msgs/include/ur_msgs/ur_msgs/srv/detail/set_force_mode__type_support.c
[0.337s] -- Up-to-date: /home/fv/workspace/ros_ur_driver/src/install/ur_msgs/include/ur_msgs/ur_msgs/srv/detail/set_analog_output__type_support.h
[0.337s] -- Up-to-date: /home/fv/workspace/ros_ur_driver/src/install/ur_msgs/include/ur_msgs/ur_msgs/srv/detail/set_payload__description.c
[0.337s] -- Up-to-date: /home/fv/workspace/ros_ur_driver/src/install/ur_msgs/include/ur_msgs/ur_msgs/srv/detail/get_robot_software_version__type_support.h
[0.337s] -- Up-to-date: /home/fv/workspace/ros_ur_driver/src/install/ur_msgs/include/ur_msgs/ur_msgs/srv/detail/set_speed_slider_fraction__functions.h
[0.337s] -- Up-to-date: /home/fv/workspace/ros_ur_driver/src/install/ur_msgs/include/ur_msgs/ur_msgs/srv/detail/set_io__functions.h
[0.337s] -- Installing: /home/fv/workspace/ros_ur_driver/src/install/ur_msgs/include/ur_msgs/ur_msgs/srv/detail/get_robot_software_version__type_support.c
[0.337s] -- Up-to-date: /home/fv/workspace/ros_ur_driver/src/install/ur_msgs/include/ur_msgs/ur_msgs/srv/detail/set_analog_output__description.c
[0.337s] -- Up-to-date: /home/fv/workspace/ros_ur_driver/src/install/ur_msgs/include/ur_msgs/ur_msgs/srv/detail/get_robot_software_version__functions.c
[0.337s] -- Up-to-date: /home/fv/workspace/ros_ur_driver/src/install/ur_msgs/include/ur_msgs/ur_msgs/srv/detail/set_speed_slider_fraction__functions.c
[0.337s] -- Up-to-date: /home/fv/workspace/ros_ur_driver/src/install/ur_msgs/include/ur_msgs/ur_msgs/srv/detail/get_robot_software_version__struct.h
[0.337s] -- Up-to-date: /home/fv/workspace/ros_ur_driver/src/install/ur_msgs/include/ur_msgs/ur_msgs/srv/detail/set_force_mode__functions.c
[0.337s] -- Up-to-date: /home/fv/workspace/ros_ur_driver/src/install/ur_msgs/include/ur_msgs/ur_msgs/srv/detail/set_payload__functions.c
[0.337s] -- Up-to-date: /home/fv/workspace/ros_ur_driver/src/install/ur_msgs/include/ur_msgs/ur_msgs/srv/detail/set_analog_output__functions.c
[0.337s] -- Up-to-date: /home/fv/workspace/ros_ur_driver/src/install/ur_msgs/include/ur_msgs/ur_msgs/srv/detail/set_analog_output__struct.h
[0.337s] -- Up-to-date: /home/fv/workspace/ros_ur_driver/src/install/ur_msgs/include/ur_msgs/ur_msgs/srv/get_robot_software_version.h
[0.337s] -- Up-to-date: /home/fv/workspace/ros_ur_driver/src/install/ur_msgs/include/ur_msgs/ur_msgs/srv/set_payload.h
[0.337s] -- Up-to-date: /home/fv/workspace/ros_ur_driver/src/install/ur_msgs/include/ur_msgs/ur_msgs/srv/set_speed_slider_fraction.h
[0.337s] -- Up-to-date: /home/fv/workspace/ros_ur_driver/src/install/ur_msgs/share/ur_msgs/environment/library_path.sh
[0.337s] -- Up-to-date: /home/fv/workspace/ros_ur_driver/src/install/ur_msgs/share/ur_msgs/environment/library_path.dsv
[0.337s] -- Up-to-date: /home/fv/workspace/ros_ur_driver/src/install/ur_msgs/lib/libur_msgs__rosidl_generator_c.so
[0.337s] -- Up-to-date: /home/fv/workspace/ros_ur_driver/src/install/ur_msgs/include/ur_msgs/ur_msgs
[0.337s] -- Up-to-date: /home/fv/workspace/ros_ur_driver/src/install/ur_msgs/include/ur_msgs/ur_msgs/action
[0.337s] -- Up-to-date: /home/fv/workspace/ros_ur_driver/src/install/ur_msgs/include/ur_msgs/ur_msgs/action/detail
[0.338s] -- Up-to-date: /home/fv/workspace/ros_ur_driver/src/install/ur_msgs/include/ur_msgs/ur_msgs/action/detail/follow_joint_trajectory_until__rosidl_typesupport_fastrtps_c.h
[0.338s] -- Up-to-date: /home/fv/workspace/ros_ur_driver/src/install/ur_msgs/include/ur_msgs/ur_msgs/action/detail/tool_contact__rosidl_typesupport_fastrtps_c.h
[0.338s] -- Up-to-date: /home/fv/workspace/ros_ur_driver/src/install/ur_msgs/include/ur_msgs/ur_msgs/msg
[0.338s] -- Up-to-date: /home/fv/workspace/ros_ur_driver/src/install/ur_msgs/include/ur_msgs/ur_msgs/msg/rosidl_typesupport_fastrtps_c__visibility_control.h
[0.338s] -- Up-to-date: /home/fv/workspace/ros_ur_driver/src/install/ur_msgs/include/ur_msgs/ur_msgs/msg/detail
[0.338s] -- Up-to-date: /home/fv/workspace/ros_ur_driver/src/install/ur_msgs/include/ur_msgs/ur_msgs/msg/detail/masterboard_data_msg__rosidl_typesupport_fastrtps_c.h
[0.338s] -- Up-to-date: /home/fv/workspace/ros_ur_driver/src/install/ur_msgs/include/ur_msgs/ur_msgs/msg/detail/robot_state_rt_msg__rosidl_typesupport_fastrtps_c.h
[0.338s] -- Up-to-date: /home/fv/workspace/ros_ur_driver/src/install/ur_msgs/include/ur_msgs/ur_msgs/msg/detail/robot_mode_data_msg__rosidl_typesupport_fastrtps_c.h
[0.338s] -- Up-to-date: /home/fv/workspace/ros_ur_driver/src/install/ur_msgs/include/ur_msgs/ur_msgs/msg/detail/analog__rosidl_typesupport_fastrtps_c.h
[0.338s] -- Up-to-date: /home/fv/workspace/ros_ur_driver/src/install/ur_msgs/include/ur_msgs/ur_msgs/msg/detail/digital__rosidl_typesupport_fastrtps_c.h
[0.338s] -- Up-to-date: /home/fv/workspace/ros_ur_driver/src/install/ur_msgs/include/ur_msgs/ur_msgs/msg/detail/tool_data_msg__rosidl_typesupport_fastrtps_c.h
[0.338s] -- Up-to-date: /home/fv/workspace/ros_ur_driver/src/install/ur_msgs/include/ur_msgs/ur_msgs/msg/detail/io_states__rosidl_typesupport_fastrtps_c.h
[0.338s] -- Up-to-date: /home/fv/workspace/ros_ur_driver/src/install/ur_msgs/include/ur_msgs/ur_msgs/srv
[0.338s] -- Up-to-date: /home/fv/workspace/ros_ur_driver/src/install/ur_msgs/include/ur_msgs/ur_msgs/srv/detail
[0.338s] -- Up-to-date: /home/fv/workspace/ros_ur_driver/src/install/ur_msgs/include/ur_msgs/ur_msgs/srv/detail/set_speed_slider_fraction__rosidl_typesupport_fastrtps_c.h
[0.338s] -- Up-to-date: /home/fv/workspace/ros_ur_driver/src/install/ur_msgs/include/ur_msgs/ur_msgs/srv/detail/set_io__rosidl_typesupport_fastrtps_c.h
[0.338s] -- Up-to-date: /home/fv/workspace/ros_ur_driver/src/install/ur_msgs/include/ur_msgs/ur_msgs/srv/detail/get_robot_software_version__rosidl_typesupport_fastrtps_c.h
[0.338s] -- Up-to-date: /home/fv/workspace/ros_ur_driver/src/install/ur_msgs/include/ur_msgs/ur_msgs/srv/detail/set_force_mode__rosidl_typesupport_fastrtps_c.h
[0.338s] -- Up-to-date: /home/fv/workspace/ros_ur_driver/src/install/ur_msgs/include/ur_msgs/ur_msgs/srv/detail/set_payload__rosidl_typesupport_fastrtps_c.h
[0.338s] -- Up-to-date: /home/fv/workspace/ros_ur_driver/src/install/ur_msgs/include/ur_msgs/ur_msgs/srv/detail/set_analog_output__rosidl_typesupport_fastrtps_c.h
[0.338s] -- Up-to-date: /home/fv/workspace/ros_ur_driver/src/install/ur_msgs/lib/libur_msgs__rosidl_typesupport_fastrtps_c.so
[0.338s] -- Up-to-date: /home/fv/workspace/ros_ur_driver/src/install/ur_msgs/include/ur_msgs/ur_msgs
[0.338s] -- Up-to-date: /home/fv/workspace/ros_ur_driver/src/install/ur_msgs/include/ur_msgs/ur_msgs/action
[0.338s] -- Up-to-date: /home/fv/workspace/ros_ur_driver/src/install/ur_msgs/include/ur_msgs/ur_msgs/action/follow_joint_trajectory_until.hpp
[0.338s] -- Up-to-date: /home/fv/workspace/ros_ur_driver/src/install/ur_msgs/include/ur_msgs/ur_msgs/action/tool_contact.hpp
[0.338s] -- Up-to-date: /home/fv/workspace/ros_ur_driver/src/install/ur_msgs/include/ur_msgs/ur_msgs/action/detail
[0.338s] -- Up-to-date: /home/fv/workspace/ros_ur_driver/src/install/ur_msgs/include/ur_msgs/ur_msgs/action/detail/follow_joint_trajectory_until__struct.hpp
[0.338s] -- Up-to-date: /home/fv/workspace/ros_ur_driver/src/install/ur_msgs/include/ur_msgs/ur_msgs/action/detail/follow_joint_trajectory_until__type_support.hpp
[0.338s] -- Up-to-date: /home/fv/workspace/ros_ur_driver/src/install/ur_msgs/include/ur_msgs/ur_msgs/action/detail/follow_joint_trajectory_until__traits.hpp
[0.338s] -- Up-to-date: /home/fv/workspace/ros_ur_driver/src/install/ur_msgs/include/ur_msgs/ur_msgs/action/detail/tool_contact__traits.hpp
[0.339s] -- Up-to-date: /home/fv/workspace/ros_ur_driver/src/install/ur_msgs/include/ur_msgs/ur_msgs/action/detail/tool_contact__struct.hpp
[0.339s] -- Up-to-date: /home/fv/workspace/ros_ur_driver/src/install/ur_msgs/include/ur_msgs/ur_msgs/action/detail/follow_joint_trajectory_until__builder.hpp
[0.339s] -- Up-to-date: /home/fv/workspace/ros_ur_driver/src/install/ur_msgs/include/ur_msgs/ur_msgs/action/detail/tool_contact__builder.hpp
[0.339s] -- Up-to-date: /home/fv/workspace/ros_ur_driver/src/install/ur_msgs/include/ur_msgs/ur_msgs/action/detail/tool_contact__type_support.hpp
[0.339s] -- Up-to-date: /home/fv/workspace/ros_ur_driver/src/install/ur_msgs/include/ur_msgs/ur_msgs/msg
[0.339s] -- Up-to-date: /home/fv/workspace/ros_ur_driver/src/install/ur_msgs/include/ur_msgs/ur_msgs/msg/robot_mode_data_msg.hpp
[0.339s] -- Up-to-date: /home/fv/workspace/ros_ur_driver/src/install/ur_msgs/include/ur_msgs/ur_msgs/msg/robot_state_rt_msg.hpp
[0.339s] -- Up-to-date: /home/fv/workspace/ros_ur_driver/src/install/ur_msgs/include/ur_msgs/ur_msgs/msg/digital.hpp
[0.339s] -- Up-to-date: /home/fv/workspace/ros_ur_driver/src/install/ur_msgs/include/ur_msgs/ur_msgs/msg/analog.hpp
[0.339s] -- Up-to-date: /home/fv/workspace/ros_ur_driver/src/install/ur_msgs/include/ur_msgs/ur_msgs/msg/rosidl_generator_cpp__visibility_control.hpp
[0.339s] -- Up-to-date: /home/fv/workspace/ros_ur_driver/src/install/ur_msgs/include/ur_msgs/ur_msgs/msg/io_states.hpp
[0.339s] -- Up-to-date: /home/fv/workspace/ros_ur_driver/src/install/ur_msgs/include/ur_msgs/ur_msgs/msg/detail
[0.339s] -- Up-to-date: /home/fv/workspace/ros_ur_driver/src/install/ur_msgs/include/ur_msgs/ur_msgs/msg/detail/analog__builder.hpp
[0.339s] -- Up-to-date: /home/fv/workspace/ros_ur_driver/src/install/ur_msgs/include/ur_msgs/ur_msgs/msg/detail/tool_data_msg__traits.hpp
[0.339s] -- Up-to-date: /home/fv/workspace/ros_ur_driver/src/install/ur_msgs/include/ur_msgs/ur_msgs/msg/detail/robot_mode_data_msg__struct.hpp
[0.339s] -- Up-to-date: /home/fv/workspace/ros_ur_driver/src/install/ur_msgs/include/ur_msgs/ur_msgs/msg/detail/tool_data_msg__type_support.hpp
[0.339s] -- Up-to-date: /home/fv/workspace/ros_ur_driver/src/install/ur_msgs/include/ur_msgs/ur_msgs/msg/detail/analog__traits.hpp
[0.339s] -- Up-to-date: /home/fv/workspace/ros_ur_driver/src/install/ur_msgs/include/ur_msgs/ur_msgs/msg/detail/masterboard_data_msg__traits.hpp
[0.339s] -- Up-to-date: /home/fv/workspace/ros_ur_driver/src/install/ur_msgs/include/ur_msgs/ur_msgs/msg/detail/robot_state_rt_msg__builder.hpp
[0.340s] -- Up-to-date: /home/fv/workspace/ros_ur_driver/src/install/ur_msgs/include/ur_msgs/ur_msgs/msg/detail/robot_state_rt_msg__traits.hpp
[0.340s] -- Up-to-date: /home/fv/workspace/ros_ur_driver/src/install/ur_msgs/include/ur_msgs/ur_msgs/msg/detail/digital__struct.hpp
[0.340s] -- Up-to-date: /home/fv/workspace/ros_ur_driver/src/install/ur_msgs/include/ur_msgs/ur_msgs/msg/detail/analog__struct.hpp
[0.340s] -- Up-to-date: /home/fv/workspace/ros_ur_driver/src/install/ur_msgs/include/ur_msgs/ur_msgs/msg/detail/tool_data_msg__struct.hpp
[0.340s] -- Up-to-date: /home/fv/workspace/ros_ur_driver/src/install/ur_msgs/include/ur_msgs/ur_msgs/msg/detail/robot_mode_data_msg__builder.hpp
[0.340s] -- Up-to-date: /home/fv/workspace/ros_ur_driver/src/install/ur_msgs/include/ur_msgs/ur_msgs/msg/detail/digital__builder.hpp
[0.340s] -- Up-to-date: /home/fv/workspace/ros_ur_driver/src/install/ur_msgs/include/ur_msgs/ur_msgs/msg/detail/io_states__traits.hpp
[0.340s] -- Up-to-date: /home/fv/workspace/ros_ur_driver/src/install/ur_msgs/include/ur_msgs/ur_msgs/msg/detail/digital__type_support.hpp
[0.340s] -- Up-to-date: /home/fv/workspace/ros_ur_driver/src/install/ur_msgs/include/ur_msgs/ur_msgs/msg/detail/io_states__type_support.hpp
[0.340s] -- Up-to-date: /home/fv/workspace/ros_ur_driver/src/install/ur_msgs/include/ur_msgs/ur_msgs/msg/detail/analog__type_support.hpp
[0.340s] -- Up-to-date: /home/fv/workspace/ros_ur_driver/src/install/ur_msgs/include/ur_msgs/ur_msgs/msg/detail/robot_state_rt_msg__type_support.hpp
[0.340s] -- Up-to-date: /home/fv/workspace/ros_ur_driver/src/install/ur_msgs/include/ur_msgs/ur_msgs/msg/detail/io_states__struct.hpp
[0.340s] -- Up-to-date: /home/fv/workspace/ros_ur_driver/src/install/ur_msgs/include/ur_msgs/ur_msgs/msg/detail/digital__traits.hpp
[0.340s] -- Up-to-date: /home/fv/workspace/ros_ur_driver/src/install/ur_msgs/include/ur_msgs/ur_msgs/msg/detail/masterboard_data_msg__builder.hpp
[0.340s] -- Up-to-date: /home/fv/workspace/ros_ur_driver/src/install/ur_msgs/include/ur_msgs/ur_msgs/msg/detail/robot_mode_data_msg__type_support.hpp
[0.340s] -- Up-to-date: /home/fv/workspace/ros_ur_driver/src/install/ur_msgs/include/ur_msgs/ur_msgs/msg/detail/io_states__builder.hpp
[0.340s] -- Up-to-date: /home/fv/workspace/ros_ur_driver/src/install/ur_msgs/include/ur_msgs/ur_msgs/msg/detail/robot_mode_data_msg__traits.hpp
[0.341s] -- Up-to-date: /home/fv/workspace/ros_ur_driver/src/install/ur_msgs/include/ur_msgs/ur_msgs/msg/detail/robot_state_rt_msg__struct.hpp
[0.341s] -- Up-to-date: /home/fv/workspace/ros_ur_driver/src/install/ur_msgs/include/ur_msgs/ur_msgs/msg/detail/masterboard_data_msg__type_support.hpp
[0.341s] -- Up-to-date: /home/fv/workspace/ros_ur_driver/src/install/ur_msgs/include/ur_msgs/ur_msgs/msg/detail/tool_data_msg__builder.hpp
[0.341s] -- Up-to-date: /home/fv/workspace/ros_ur_driver/src/install/ur_msgs/include/ur_msgs/ur_msgs/msg/detail/masterboard_data_msg__struct.hpp
[0.341s] -- Up-to-date: /home/fv/workspace/ros_ur_driver/src/install/ur_msgs/include/ur_msgs/ur_msgs/msg/tool_data_msg.hpp
[0.341s] -- Up-to-date: /home/fv/workspace/ros_ur_driver/src/install/ur_msgs/include/ur_msgs/ur_msgs/msg/masterboard_data_msg.hpp
[0.341s] -- Up-to-date: /home/fv/workspace/ros_ur_driver/src/install/ur_msgs/include/ur_msgs/ur_msgs/srv
[0.341s] -- Up-to-date: /home/fv/workspace/ros_ur_driver/src/install/ur_msgs/include/ur_msgs/ur_msgs/srv/set_analog_output.hpp
[0.341s] -- Up-to-date: /home/fv/workspace/ros_ur_driver/src/install/ur_msgs/include/ur_msgs/ur_msgs/srv/set_speed_slider_fraction.hpp
[0.341s] -- Up-to-date: /home/fv/workspace/ros_ur_driver/src/install/ur_msgs/include/ur_msgs/ur_msgs/srv/set_payload.hpp
[0.341s] -- Up-to-date: /home/fv/workspace/ros_ur_driver/src/install/ur_msgs/include/ur_msgs/ur_msgs/srv/detail
[0.342s] -- Up-to-date: /home/fv/workspace/ros_ur_driver/src/install/ur_msgs/include/ur_msgs/ur_msgs/srv/detail/get_robot_software_version__struct.hpp
[0.342s] -- Up-to-date: /home/fv/workspace/ros_ur_driver/src/install/ur_msgs/include/ur_msgs/ur_msgs/srv/detail/set_payload__type_support.hpp
[0.342s] -- Up-to-date: /home/fv/workspace/ros_ur_driver/src/install/ur_msgs/include/ur_msgs/ur_msgs/srv/detail/set_io__builder.hpp
[0.342s] -- Up-to-date: /home/fv/workspace/ros_ur_driver/src/install/ur_msgs/include/ur_msgs/ur_msgs/srv/detail/set_io__struct.hpp
[0.342s] -- Up-to-date: /home/fv/workspace/ros_ur_driver/src/install/ur_msgs/include/ur_msgs/ur_msgs/srv/detail/set_force_mode__struct.hpp
[0.342s] -- Up-to-date: /home/fv/workspace/ros_ur_driver/src/install/ur_msgs/include/ur_msgs/ur_msgs/srv/detail/set_speed_slider_fraction__struct.hpp
[0.343s] -- Up-to-date: /home/fv/workspace/ros_ur_driver/src/install/ur_msgs/include/ur_msgs/ur_msgs/srv/detail/set_analog_output__builder.hpp
[0.343s] -- Up-to-date: /home/fv/workspace/ros_ur_driver/src/install/ur_msgs/include/ur_msgs/ur_msgs/srv/detail/get_robot_software_version__type_support.hpp
[0.343s] -- Up-to-date: /home/fv/workspace/ros_ur_driver/src/install/ur_msgs/include/ur_msgs/ur_msgs/srv/detail/get_robot_software_version__traits.hpp
[0.343s] -- Up-to-date: /home/fv/workspace/ros_ur_driver/src/install/ur_msgs/include/ur_msgs/ur_msgs/srv/detail/set_payload__struct.hpp
[0.343s] -- Up-to-date: /home/fv/workspace/ros_ur_driver/src/install/ur_msgs/include/ur_msgs/ur_msgs/srv/detail/set_speed_slider_fraction__traits.hpp
[0.343s] -- Up-to-date: /home/fv/workspace/ros_ur_driver/src/install/ur_msgs/include/ur_msgs/ur_msgs/srv/detail/set_force_mode__builder.hpp
[0.343s] -- Up-to-date: /home/fv/workspace/ros_ur_driver/src/install/ur_msgs/include/ur_msgs/ur_msgs/srv/detail/set_io__type_support.hpp
[0.343s] -- Up-to-date: /home/fv/workspace/ros_ur_driver/src/install/ur_msgs/include/ur_msgs/ur_msgs/srv/detail/set_analog_output__struct.hpp
[0.343s] -- Up-to-date: /home/fv/workspace/ros_ur_driver/src/install/ur_msgs/include/ur_msgs/ur_msgs/srv/detail/set_analog_output__type_support.hpp
[0.343s] -- Up-to-date: /home/fv/workspace/ros_ur_driver/src/install/ur_msgs/include/ur_msgs/ur_msgs/srv/detail/set_analog_output__traits.hpp
[0.344s] -- Up-to-date: /home/fv/workspace/ros_ur_driver/src/install/ur_msgs/include/ur_msgs/ur_msgs/srv/detail/get_robot_software_version__builder.hpp
[0.344s] -- Up-to-date: /home/fv/workspace/ros_ur_driver/src/install/ur_msgs/include/ur_msgs/ur_msgs/srv/detail/set_payload__traits.hpp
[0.344s] -- Up-to-date: /home/fv/workspace/ros_ur_driver/src/install/ur_msgs/include/ur_msgs/ur_msgs/srv/detail/set_speed_slider_fraction__builder.hpp
[0.344s] -- Up-to-date: /home/fv/workspace/ros_ur_driver/src/install/ur_msgs/include/ur_msgs/ur_msgs/srv/detail/set_payload__builder.hpp
[0.344s] -- Up-to-date: /home/fv/workspace/ros_ur_driver/src/install/ur_msgs/include/ur_msgs/ur_msgs/srv/detail/set_speed_slider_fraction__type_support.hpp
[0.344s] -- Up-to-date: /home/fv/workspace/ros_ur_driver/src/install/ur_msgs/include/ur_msgs/ur_msgs/srv/detail/set_io__traits.hpp
[0.344s] -- Up-to-date: /home/fv/workspace/ros_ur_driver/src/install/ur_msgs/include/ur_msgs/ur_msgs/srv/detail/set_force_mode__type_support.hpp
[0.344s] -- Up-to-date: /home/fv/workspace/ros_ur_driver/src/install/ur_msgs/include/ur_msgs/ur_msgs/srv/detail/set_force_mode__traits.hpp
[0.344s] -- Up-to-date: /home/fv/workspace/ros_ur_driver/src/install/ur_msgs/include/ur_msgs/ur_msgs/srv/set_io.hpp
[0.344s] -- Up-to-date: /home/fv/workspace/ros_ur_driver/src/install/ur_msgs/include/ur_msgs/ur_msgs/srv/set_force_mode.hpp
[0.344s] -- Up-to-date: /home/fv/workspace/ros_ur_driver/src/install/ur_msgs/include/ur_msgs/ur_msgs/srv/get_robot_software_version.hpp
[0.344s] -- Up-to-date: /home/fv/workspace/ros_ur_driver/src/install/ur_msgs/include/ur_msgs/ur_msgs
[0.344s] -- Up-to-date: /home/fv/workspace/ros_ur_driver/src/install/ur_msgs/include/ur_msgs/ur_msgs/action
[0.344s] -- Up-to-date: /home/fv/workspace/ros_ur_driver/src/install/ur_msgs/include/ur_msgs/ur_msgs/action/detail
[0.345s] -- Up-to-date: /home/fv/workspace/ros_ur_driver/src/install/ur_msgs/include/ur_msgs/ur_msgs/action/detail/dds_fastrtps
[0.345s] -- Up-to-date: /home/fv/workspace/ros_ur_driver/src/install/ur_msgs/include/ur_msgs/ur_msgs/action/detail/tool_contact__rosidl_typesupport_fastrtps_cpp.hpp
[0.345s] -- Up-to-date: /home/fv/workspace/ros_ur_driver/src/install/ur_msgs/include/ur_msgs/ur_msgs/action/detail/follow_joint_trajectory_until__rosidl_typesupport_fastrtps_cpp.hpp
[0.345s] -- Up-to-date: /home/fv/workspace/ros_ur_driver/src/install/ur_msgs/include/ur_msgs/ur_msgs/msg
[0.345s] -- Up-to-date: /home/fv/workspace/ros_ur_driver/src/install/ur_msgs/include/ur_msgs/ur_msgs/msg/detail
[0.345s] -- Up-to-date: /home/fv/workspace/ros_ur_driver/src/install/ur_msgs/include/ur_msgs/ur_msgs/msg/detail/robot_state_rt_msg__rosidl_typesupport_fastrtps_cpp.hpp
[0.345s] -- Up-to-date: /home/fv/workspace/ros_ur_driver/src/install/ur_msgs/include/ur_msgs/ur_msgs/msg/detail/dds_fastrtps
[0.345s] -- Up-to-date: /home/fv/workspace/ros_ur_driver/src/install/ur_msgs/include/ur_msgs/ur_msgs/msg/detail/analog__rosidl_typesupport_fastrtps_cpp.hpp
[0.345s] -- Up-to-date: /home/fv/workspace/ros_ur_driver/src/install/ur_msgs/include/ur_msgs/ur_msgs/msg/detail/tool_data_msg__rosidl_typesupport_fastrtps_cpp.hpp
[0.345s] -- Up-to-date: /home/fv/workspace/ros_ur_driver/src/install/ur_msgs/include/ur_msgs/ur_msgs/msg/detail/robot_mode_data_msg__rosidl_typesupport_fastrtps_cpp.hpp
[0.345s] -- Up-to-date: /home/fv/workspace/ros_ur_driver/src/install/ur_msgs/include/ur_msgs/ur_msgs/msg/detail/digital__rosidl_typesupport_fastrtps_cpp.hpp
[0.345s] -- Up-to-date: /home/fv/workspace/ros_ur_driver/src/install/ur_msgs/include/ur_msgs/ur_msgs/msg/detail/masterboard_data_msg__rosidl_typesupport_fastrtps_cpp.hpp
[0.345s] -- Up-to-date: /home/fv/workspace/ros_ur_driver/src/install/ur_msgs/include/ur_msgs/ur_msgs/msg/detail/io_states__rosidl_typesupport_fastrtps_cpp.hpp
[0.346s] -- Up-to-date: /home/fv/workspace/ros_ur_driver/src/install/ur_msgs/include/ur_msgs/ur_msgs/msg/rosidl_typesupport_fastrtps_cpp__visibility_control.h
[0.346s] -- Up-to-date: /home/fv/workspace/ros_ur_driver/src/install/ur_msgs/include/ur_msgs/ur_msgs/srv
[0.346s] -- Up-to-date: /home/fv/workspace/ros_ur_driver/src/install/ur_msgs/include/ur_msgs/ur_msgs/srv/detail
[0.346s] -- Up-to-date: /home/fv/workspace/ros_ur_driver/src/install/ur_msgs/include/ur_msgs/ur_msgs/srv/detail/set_io__rosidl_typesupport_fastrtps_cpp.hpp
[0.346s] -- Up-to-date: /home/fv/workspace/ros_ur_driver/src/install/ur_msgs/include/ur_msgs/ur_msgs/srv/detail/dds_fastrtps
[0.346s] -- Up-to-date: /home/fv/workspace/ros_ur_driver/src/install/ur_msgs/include/ur_msgs/ur_msgs/srv/detail/set_analog_output__rosidl_typesupport_fastrtps_cpp.hpp
[0.346s] -- Up-to-date: /home/fv/workspace/ros_ur_driver/src/install/ur_msgs/include/ur_msgs/ur_msgs/srv/detail/get_robot_software_version__rosidl_typesupport_fastrtps_cpp.hpp
[0.346s] -- Up-to-date: /home/fv/workspace/ros_ur_driver/src/install/ur_msgs/include/ur_msgs/ur_msgs/srv/detail/set_speed_slider_fraction__rosidl_typesupport_fastrtps_cpp.hpp
[0.346s] -- Up-to-date: /home/fv/workspace/ros_ur_driver/src/install/ur_msgs/include/ur_msgs/ur_msgs/srv/detail/set_payload__rosidl_typesupport_fastrtps_cpp.hpp
[0.346s] -- Up-to-date: /home/fv/workspace/ros_ur_driver/src/install/ur_msgs/include/ur_msgs/ur_msgs/srv/detail/set_force_mode__rosidl_typesupport_fastrtps_cpp.hpp
[0.346s] -- Up-to-date: /home/fv/workspace/ros_ur_driver/src/install/ur_msgs/lib/libur_msgs__rosidl_typesupport_fastrtps_cpp.so
[0.346s] -- Up-to-date: /home/fv/workspace/ros_ur_driver/src/install/ur_msgs/include/ur_msgs/ur_msgs
[0.346s] -- Up-to-date: /home/fv/workspace/ros_ur_driver/src/install/ur_msgs/include/ur_msgs/ur_msgs/action
[0.346s] -- Up-to-date: /home/fv/workspace/ros_ur_driver/src/install/ur_msgs/include/ur_msgs/ur_msgs/action/detail
[0.346s] -- Up-to-date: /home/fv/workspace/ros_ur_driver/src/install/ur_msgs/include/ur_msgs/ur_msgs/action/detail/follow_joint_trajectory_until__rosidl_typesupport_introspection_c.h
[0.347s] -- Installing: /home/fv/workspace/ros_ur_driver/src/install/ur_msgs/include/ur_msgs/ur_msgs/action/detail/follow_joint_trajectory_until__type_support.c
[0.347s] -- Installing: /home/fv/workspace/ros_ur_driver/src/install/ur_msgs/include/ur_msgs/ur_msgs/action/detail/tool_contact__type_support.c
[0.347s] -- Up-to-date: /home/fv/workspace/ros_ur_driver/src/install/ur_msgs/include/ur_msgs/ur_msgs/action/detail/tool_contact__rosidl_typesupport_introspection_c.h
[0.347s] -- Up-to-date: /home/fv/workspace/ros_ur_driver/src/install/ur_msgs/include/ur_msgs/ur_msgs/msg
[0.347s] -- Up-to-date: /home/fv/workspace/ros_ur_driver/src/install/ur_msgs/include/ur_msgs/ur_msgs/msg/rosidl_typesupport_introspection_c__visibility_control.h
[0.347s] -- Up-to-date: /home/fv/workspace/ros_ur_driver/src/install/ur_msgs/include/ur_msgs/ur_msgs/msg/detail
[0.347s] -- Installing: /home/fv/workspace/ros_ur_driver/src/install/ur_msgs/include/ur_msgs/ur_msgs/msg/detail/tool_data_msg__type_support.c
[0.347s] -- Up-to-date: /home/fv/workspace/ros_ur_driver/src/install/ur_msgs/include/ur_msgs/ur_msgs/msg/detail/io_states__rosidl_typesupport_introspection_c.h
[0.347s] -- Up-to-date: /home/fv/workspace/ros_ur_driver/src/install/ur_msgs/include/ur_msgs/ur_msgs/msg/detail/analog__rosidl_typesupport_introspection_c.h
[0.347s] -- Up-to-date: /home/fv/workspace/ros_ur_driver/src/install/ur_msgs/include/ur_msgs/ur_msgs/msg/detail/digital__rosidl_typesupport_introspection_c.h
[0.347s] -- Up-to-date: /home/fv/workspace/ros_ur_driver/src/install/ur_msgs/include/ur_msgs/ur_msgs/msg/detail/masterboard_data_msg__rosidl_typesupport_introspection_c.h
[0.347s] -- Installing: /home/fv/workspace/ros_ur_driver/src/install/ur_msgs/include/ur_msgs/ur_msgs/msg/detail/robot_state_rt_msg__type_support.c
[0.347s] -- Installing: /home/fv/workspace/ros_ur_driver/src/install/ur_msgs/include/ur_msgs/ur_msgs/msg/detail/digital__type_support.c
[0.348s] -- Installing: /home/fv/workspace/ros_ur_driver/src/install/ur_msgs/include/ur_msgs/ur_msgs/msg/detail/robot_mode_data_msg__type_support.c
[0.348s] -- Up-to-date: /home/fv/workspace/ros_ur_driver/src/install/ur_msgs/include/ur_msgs/ur_msgs/msg/detail/tool_data_msg__rosidl_typesupport_introspection_c.h
[0.348s] -- Up-to-date: /home/fv/workspace/ros_ur_driver/src/install/ur_msgs/include/ur_msgs/ur_msgs/msg/detail/robot_mode_data_msg__rosidl_typesupport_introspection_c.h
[0.348s] -- Installing: /home/fv/workspace/ros_ur_driver/src/install/ur_msgs/include/ur_msgs/ur_msgs/msg/detail/io_states__type_support.c
[0.348s] -- Installing: /home/fv/workspace/ros_ur_driver/src/install/ur_msgs/include/ur_msgs/ur_msgs/msg/detail/masterboard_data_msg__type_support.c
[0.348s] -- Installing: /home/fv/workspace/ros_ur_driver/src/install/ur_msgs/include/ur_msgs/ur_msgs/msg/detail/analog__type_support.c
[0.348s] -- Up-to-date: /home/fv/workspace/ros_ur_driver/src/install/ur_msgs/include/ur_msgs/ur_msgs/msg/detail/robot_state_rt_msg__rosidl_typesupport_introspection_c.h
[0.348s] -- Up-to-date: /home/fv/workspace/ros_ur_driver/src/install/ur_msgs/include/ur_msgs/ur_msgs/srv
[0.348s] -- Up-to-date: /home/fv/workspace/ros_ur_driver/src/install/ur_msgs/include/ur_msgs/ur_msgs/srv/detail
[0.348s] -- Installing: /home/fv/workspace/ros_ur_driver/src/install/ur_msgs/include/ur_msgs/ur_msgs/srv/detail/set_payload__type_support.c
[0.348s] -- Up-to-date: /home/fv/workspace/ros_ur_driver/src/install/ur_msgs/include/ur_msgs/ur_msgs/srv/detail/set_analog_output__rosidl_typesupport_introspection_c.h
[0.348s] -- Installing: /home/fv/workspace/ros_ur_driver/src/install/ur_msgs/include/ur_msgs/ur_msgs/srv/detail/set_io__type_support.c
[0.348s] -- Up-to-date: /home/fv/workspace/ros_ur_driver/src/install/ur_msgs/include/ur_msgs/ur_msgs/srv/detail/get_robot_software_version__rosidl_typesupport_introspection_c.h
[0.348s] -- Up-to-date: /home/fv/workspace/ros_ur_driver/src/install/ur_msgs/include/ur_msgs/ur_msgs/srv/detail/set_speed_slider_fraction__rosidl_typesupport_introspection_c.h
[0.349s] -- Up-to-date: /home/fv/workspace/ros_ur_driver/src/install/ur_msgs/include/ur_msgs/ur_msgs/srv/detail/set_force_mode__rosidl_typesupport_introspection_c.h
[0.349s] -- Installing: /home/fv/workspace/ros_ur_driver/src/install/ur_msgs/include/ur_msgs/ur_msgs/srv/detail/set_analog_output__type_support.c
[0.349s] -- Installing: /home/fv/workspace/ros_ur_driver/src/install/ur_msgs/include/ur_msgs/ur_msgs/srv/detail/set_speed_slider_fraction__type_support.c
[0.349s] -- Up-to-date: /home/fv/workspace/ros_ur_driver/src/install/ur_msgs/include/ur_msgs/ur_msgs/srv/detail/set_io__rosidl_typesupport_introspection_c.h
[0.349s] -- Up-to-date: /home/fv/workspace/ros_ur_driver/src/install/ur_msgs/include/ur_msgs/ur_msgs/srv/detail/set_payload__rosidl_typesupport_introspection_c.h
[0.349s] -- Installing: /home/fv/workspace/ros_ur_driver/src/install/ur_msgs/include/ur_msgs/ur_msgs/srv/detail/set_force_mode__type_support.c
[0.350s] -- Installing: /home/fv/workspace/ros_ur_driver/src/install/ur_msgs/include/ur_msgs/ur_msgs/srv/detail/get_robot_software_version__type_support.c
[0.350s] -- Up-to-date: /home/fv/workspace/ros_ur_driver/src/install/ur_msgs/lib/libur_msgs__rosidl_typesupport_introspection_c.so
[0.350s] -- Up-to-date: /home/fv/workspace/ros_ur_driver/src/install/ur_msgs/lib/libur_msgs__rosidl_typesupport_c.so
[0.350s] -- Up-to-date: /home/fv/workspace/ros_ur_driver/src/install/ur_msgs/include/ur_msgs/ur_msgs
[0.350s] -- Up-to-date: /home/fv/workspace/ros_ur_driver/src/install/ur_msgs/include/ur_msgs/ur_msgs/action
[0.350s] -- Up-to-date: /home/fv/workspace/ros_ur_driver/src/install/ur_msgs/include/ur_msgs/ur_msgs/action/detail
[0.350s] -- Up-to-date: /home/fv/workspace/ros_ur_driver/src/install/ur_msgs/include/ur_msgs/ur_msgs/action/detail/follow_joint_trajectory_until__rosidl_typesupport_introspection_cpp.hpp
[0.350s] -- Up-to-date: /home/fv/workspace/ros_ur_driver/src/install/ur_msgs/include/ur_msgs/ur_msgs/action/detail/tool_contact__rosidl_typesupport_introspection_cpp.hpp
[0.350s] -- Up-to-date: /home/fv/workspace/ros_ur_driver/src/install/ur_msgs/include/ur_msgs/ur_msgs/action/detail/follow_joint_trajectory_until__type_support.cpp
[0.350s] -- Up-to-date: /home/fv/workspace/ros_ur_driver/src/install/ur_msgs/include/ur_msgs/ur_msgs/action/detail/tool_contact__type_support.cpp
[0.351s] -- Up-to-date: /home/fv/workspace/ros_ur_driver/src/install/ur_msgs/include/ur_msgs/ur_msgs/msg
[0.351s] -- Up-to-date: /home/fv/workspace/ros_ur_driver/src/install/ur_msgs/include/ur_msgs/ur_msgs/msg/detail
[0.351s] -- Up-to-date: /home/fv/workspace/ros_ur_driver/src/install/ur_msgs/include/ur_msgs/ur_msgs/msg/detail/robot_state_rt_msg__type_support.cpp
[0.351s] -- Up-to-date: /home/fv/workspace/ros_ur_driver/src/install/ur_msgs/include/ur_msgs/ur_msgs/msg/detail/robot_mode_data_msg__rosidl_typesupport_introspection_cpp.hpp
[0.351s] -- Up-to-date: /home/fv/workspace/ros_ur_driver/src/install/ur_msgs/include/ur_msgs/ur_msgs/msg/detail/robot_state_rt_msg__rosidl_typesupport_introspection_cpp.hpp
[0.351s] -- Up-to-date: /home/fv/workspace/ros_ur_driver/src/install/ur_msgs/include/ur_msgs/ur_msgs/msg/detail/tool_data_msg__type_support.cpp
[0.351s] -- Up-to-date: /home/fv/workspace/ros_ur_driver/src/install/ur_msgs/include/ur_msgs/ur_msgs/msg/detail/masterboard_data_msg__rosidl_typesupport_introspection_cpp.hpp
[0.351s] -- Up-to-date: /home/fv/workspace/ros_ur_driver/src/install/ur_msgs/include/ur_msgs/ur_msgs/msg/detail/digital__type_support.cpp
[0.351s] -- Up-to-date: /home/fv/workspace/ros_ur_driver/src/install/ur_msgs/include/ur_msgs/ur_msgs/msg/detail/analog__rosidl_typesupport_introspection_cpp.hpp
[0.351s] -- Up-to-date: /home/fv/workspace/ros_ur_driver/src/install/ur_msgs/include/ur_msgs/ur_msgs/msg/detail/masterboard_data_msg__type_support.cpp
[0.351s] -- Up-to-date: /home/fv/workspace/ros_ur_driver/src/install/ur_msgs/include/ur_msgs/ur_msgs/msg/detail/tool_data_msg__rosidl_typesupport_introspection_cpp.hpp
[0.351s] -- Up-to-date: /home/fv/workspace/ros_ur_driver/src/install/ur_msgs/include/ur_msgs/ur_msgs/msg/detail/io_states__rosidl_typesupport_introspection_cpp.hpp
[0.351s] -- Up-to-date: /home/fv/workspace/ros_ur_driver/src/install/ur_msgs/include/ur_msgs/ur_msgs/msg/detail/analog__type_support.cpp
[0.352s] -- Up-to-date: /home/fv/workspace/ros_ur_driver/src/install/ur_msgs/include/ur_msgs/ur_msgs/msg/detail/robot_mode_data_msg__type_support.cpp
[0.352s] -- Up-to-date: /home/fv/workspace/ros_ur_driver/src/install/ur_msgs/include/ur_msgs/ur_msgs/msg/detail/digital__rosidl_typesupport_introspection_cpp.hpp
[0.352s] -- Up-to-date: /home/fv/workspace/ros_ur_driver/src/install/ur_msgs/include/ur_msgs/ur_msgs/msg/detail/io_states__type_support.cpp
[0.352s] -- Up-to-date: /home/fv/workspace/ros_ur_driver/src/install/ur_msgs/include/ur_msgs/ur_msgs/srv
[0.352s] -- Up-to-date: /home/fv/workspace/ros_ur_driver/src/install/ur_msgs/include/ur_msgs/ur_msgs/srv/detail
[0.352s] -- Up-to-date: /home/fv/workspace/ros_ur_driver/src/install/ur_msgs/include/ur_msgs/ur_msgs/srv/detail/set_speed_slider_fraction__type_support.cpp
[0.352s] -- Up-to-date: /home/fv/workspace/ros_ur_driver/src/install/ur_msgs/include/ur_msgs/ur_msgs/srv/detail/set_io__type_support.cpp
[0.352s] -- Up-to-date: /home/fv/workspace/ros_ur_driver/src/install/ur_msgs/include/ur_msgs/ur_msgs/srv/detail/get_robot_software_version__type_support.cpp
[0.352s] -- Up-to-date: /home/fv/workspace/ros_ur_driver/src/install/ur_msgs/include/ur_msgs/ur_msgs/srv/detail/set_payload__type_support.cpp
[0.352s] -- Up-to-date: /home/fv/workspace/ros_ur_driver/src/install/ur_msgs/include/ur_msgs/ur_msgs/srv/detail/set_force_mode__type_support.cpp
[0.352s] -- Up-to-date: /home/fv/workspace/ros_ur_driver/src/install/ur_msgs/include/ur_msgs/ur_msgs/srv/detail/get_robot_software_version__rosidl_typesupport_introspection_cpp.hpp
[0.352s] -- Up-to-date: /home/fv/workspace/ros_ur_driver/src/install/ur_msgs/include/ur_msgs/ur_msgs/srv/detail/set_force_mode__rosidl_typesupport_introspection_cpp.hpp
[0.353s] -- Up-to-date: /home/fv/workspace/ros_ur_driver/src/install/ur_msgs/include/ur_msgs/ur_msgs/srv/detail/set_io__rosidl_typesupport_introspection_cpp.hpp
[0.353s] -- Up-to-date: /home/fv/workspace/ros_ur_driver/src/install/ur_msgs/include/ur_msgs/ur_msgs/srv/detail/set_analog_output__rosidl_typesupport_introspection_cpp.hpp
[0.353s] -- Up-to-date: /home/fv/workspace/ros_ur_driver/src/install/ur_msgs/include/ur_msgs/ur_msgs/srv/detail/set_speed_slider_fraction__rosidl_typesupport_introspection_cpp.hpp
[0.353s] -- Up-to-date: /home/fv/workspace/ros_ur_driver/src/install/ur_msgs/include/ur_msgs/ur_msgs/srv/detail/set_payload__rosidl_typesupport_introspection_cpp.hpp
[0.353s] -- Up-to-date: /home/fv/workspace/ros_ur_driver/src/install/ur_msgs/include/ur_msgs/ur_msgs/srv/detail/set_analog_output__type_support.cpp
[0.353s] -- Up-to-date: /home/fv/workspace/ros_ur_driver/src/install/ur_msgs/lib/libur_msgs__rosidl_typesupport_introspection_cpp.so
[0.353s] -- Up-to-date: /home/fv/workspace/ros_ur_driver/src/install/ur_msgs/lib/libur_msgs__rosidl_typesupport_cpp.so
[0.353s] -- Up-to-date: /home/fv/workspace/ros_ur_driver/src/install/ur_msgs/share/ur_msgs/environment/pythonpath.sh
[0.353s] -- Up-to-date: /home/fv/workspace/ros_ur_driver/src/install/ur_msgs/share/ur_msgs/environment/pythonpath.dsv
[0.353s] -- Up-to-date: /home/fv/workspace/ros_ur_driver/src/install/ur_msgs/lib/python3.13/site-packages/ur_msgs-2.3.0-py3.13.egg-info
[0.353s] -- Installing: /home/fv/workspace/ros_ur_driver/src/install/ur_msgs/lib/python3.13/site-packages/ur_msgs-2.3.0-py3.13.egg-info/dependency_links.txt
[0.353s] -- Installing: /home/fv/workspace/ros_ur_driver/src/install/ur_msgs/lib/python3.13/site-packages/ur_msgs-2.3.0-py3.13.egg-info/SOURCES.txt
[0.353s] -- Installing: /home/fv/workspace/ros_ur_driver/src/install/ur_msgs/lib/python3.13/site-packages/ur_msgs-2.3.0-py3.13.egg-info/top_level.txt
[0.354s] -- Installing: /home/fv/workspace/ros_ur_driver/src/install/ur_msgs/lib/python3.13/site-packages/ur_msgs-2.3.0-py3.13.egg-info/PKG-INFO
[0.354s] -- Up-to-date: /home/fv/workspace/ros_ur_driver/src/install/ur_msgs/lib/python3.13/site-packages/ur_msgs
[0.354s] -- Up-to-date: /home/fv/workspace/ros_ur_driver/src/install/ur_msgs/lib/python3.13/site-packages/ur_msgs/ur_msgs_s__rosidl_typesupport_fastrtps_c.so
[0.354s] -- Up-to-date: /home/fv/workspace/ros_ur_driver/src/install/ur_msgs/lib/python3.13/site-packages/ur_msgs/action
[0.354s] -- Up-to-date: /home/fv/workspace/ros_ur_driver/src/install/ur_msgs/lib/python3.13/site-packages/ur_msgs/action/_tool_contact.py
[0.354s] -- Up-to-date: /home/fv/workspace/ros_ur_driver/src/install/ur_msgs/lib/python3.13/site-packages/ur_msgs/action/_follow_joint_trajectory_until_s.c
[0.354s] -- Up-to-date: /home/fv/workspace/ros_ur_driver/src/install/ur_msgs/lib/python3.13/site-packages/ur_msgs/action/_follow_joint_trajectory_until.py
[0.354s] -- Up-to-date: /home/fv/workspace/ros_ur_driver/src/install/ur_msgs/lib/python3.13/site-packages/ur_msgs/action/__init__.py
[0.354s] -- Up-to-date: /home/fv/workspace/ros_ur_driver/src/install/ur_msgs/lib/python3.13/site-packages/ur_msgs/action/_tool_contact_s.c
[0.354s] -- Up-to-date: /home/fv/workspace/ros_ur_driver/src/install/ur_msgs/lib/python3.13/site-packages/ur_msgs/msg
[0.354s] -- Up-to-date: /home/fv/workspace/ros_ur_driver/src/install/ur_msgs/lib/python3.13/site-packages/ur_msgs/msg/_masterboard_data_msg.py
[0.354s] -- Up-to-date: /home/fv/workspace/ros_ur_driver/src/install/ur_msgs/lib/python3.13/site-packages/ur_msgs/msg/_digital.py
[0.354s] -- Up-to-date: /home/fv/workspace/ros_ur_driver/src/install/ur_msgs/lib/python3.13/site-packages/ur_msgs/msg/_robot_mode_data_msg_s.c
[0.355s] -- Up-to-date: /home/fv/workspace/ros_ur_driver/src/install/ur_msgs/lib/python3.13/site-packages/ur_msgs/msg/_analog.py
[0.355s] -- Up-to-date: /home/fv/workspace/ros_ur_driver/src/install/ur_msgs/lib/python3.13/site-packages/ur_msgs/msg/_tool_data_msg_s.c
[0.356s] -- Up-to-date: /home/fv/workspace/ros_ur_driver/src/install/ur_msgs/lib/python3.13/site-packages/ur_msgs/msg/_masterboard_data_msg_s.c
[0.356s] -- Up-to-date: /home/fv/workspace/ros_ur_driver/src/install/ur_msgs/lib/python3.13/site-packages/ur_msgs/msg/_robot_state_rt_msg_s.c
[0.356s] -- Up-to-date: /home/fv/workspace/ros_ur_driver/src/install/ur_msgs/lib/python3.13/site-packages/ur_msgs/msg/_tool_data_msg.py
[0.356s] -- Up-to-date: /home/fv/workspace/ros_ur_driver/src/install/ur_msgs/lib/python3.13/site-packages/ur_msgs/msg/_io_states.py
[0.357s] -- Up-to-date: /home/fv/workspace/ros_ur_driver/src/install/ur_msgs/lib/python3.13/site-packages/ur_msgs/msg/_analog_s.c
[0.357s] -- Up-to-date: /home/fv/workspace/ros_ur_driver/src/install/ur_msgs/lib/python3.13/site-packages/ur_msgs/msg/_io_states_s.c
[0.357s] -- Up-to-date: /home/fv/workspace/ros_ur_driver/src/install/ur_msgs/lib/python3.13/site-packages/ur_msgs/msg/__init__.py
[0.357s] -- Up-to-date: /home/fv/workspace/ros_ur_driver/src/install/ur_msgs/lib/python3.13/site-packages/ur_msgs/msg/_robot_mode_data_msg.py
[0.357s] -- Up-to-date: /home/fv/workspace/ros_ur_driver/src/install/ur_msgs/lib/python3.13/site-packages/ur_msgs/msg/_robot_state_rt_msg.py
[0.357s] -- Up-to-date: /home/fv/workspace/ros_ur_driver/src/install/ur_msgs/lib/python3.13/site-packages/ur_msgs/msg/_digital_s.c
[0.357s] -- Up-to-date: /home/fv/workspace/ros_ur_driver/src/install/ur_msgs/lib/python3.13/site-packages/ur_msgs/_ur_msgs_s.ep.rosidl_typesupport_introspection_c.c
[0.357s] -- Up-to-date: /home/fv/workspace/ros_ur_driver/src/install/ur_msgs/lib/python3.13/site-packages/ur_msgs/srv
[0.357s] -- Up-to-date: /home/fv/workspace/ros_ur_driver/src/install/ur_msgs/lib/python3.13/site-packages/ur_msgs/srv/_set_force_mode.py
[0.357s] -- Up-to-date: /home/fv/workspace/ros_ur_driver/src/install/ur_msgs/lib/python3.13/site-packages/ur_msgs/srv/_set_io.py
[0.357s] -- Up-to-date: /home/fv/workspace/ros_ur_driver/src/install/ur_msgs/lib/python3.13/site-packages/ur_msgs/srv/_set_force_mode_s.c
[0.357s] -- Up-to-date: /home/fv/workspace/ros_ur_driver/src/install/ur_msgs/lib/python3.13/site-packages/ur_msgs/srv/_set_analog_output_s.c
[0.357s] -- Up-to-date: /home/fv/workspace/ros_ur_driver/src/install/ur_msgs/lib/python3.13/site-packages/ur_msgs/srv/_set_speed_slider_fraction_s.c
[0.357s] -- Up-to-date: /home/fv/workspace/ros_ur_driver/src/install/ur_msgs/lib/python3.13/site-packages/ur_msgs/srv/_get_robot_software_version.py
[0.357s] -- Up-to-date: /home/fv/workspace/ros_ur_driver/src/install/ur_msgs/lib/python3.13/site-packages/ur_msgs/srv/_set_payload_s.c
[0.357s] -- Up-to-date: /home/fv/workspace/ros_ur_driver/src/install/ur_msgs/lib/python3.13/site-packages/ur_msgs/srv/_set_analog_output.py
[0.357s] -- Up-to-date: /home/fv/workspace/ros_ur_driver/src/install/ur_msgs/lib/python3.13/site-packages/ur_msgs/srv/__init__.py
[0.357s] -- Up-to-date: /home/fv/workspace/ros_ur_driver/src/install/ur_msgs/lib/python3.13/site-packages/ur_msgs/srv/_set_io_s.c
[0.357s] -- Up-to-date: /home/fv/workspace/ros_ur_driver/src/install/ur_msgs/lib/python3.13/site-packages/ur_msgs/srv/_set_payload.py
[0.357s] -- Up-to-date: /home/fv/workspace/ros_ur_driver/src/install/ur_msgs/lib/python3.13/site-packages/ur_msgs/srv/_set_speed_slider_fraction.py
[0.357s] -- Up-to-date: /home/fv/workspace/ros_ur_driver/src/install/ur_msgs/lib/python3.13/site-packages/ur_msgs/srv/_get_robot_software_version_s.c
[0.357s] -- Up-to-date: /home/fv/workspace/ros_ur_driver/src/install/ur_msgs/lib/python3.13/site-packages/ur_msgs/__init__.py
[0.357s] -- Up-to-date: /home/fv/workspace/ros_ur_driver/src/install/ur_msgs/lib/python3.13/site-packages/ur_msgs/_ur_msgs_s.ep.rosidl_typesupport_fastrtps_c.c
[0.357s] -- Up-to-date: /home/fv/workspace/ros_ur_driver/src/install/ur_msgs/lib/python3.13/site-packages/ur_msgs/_ur_msgs_s.ep.rosidl_typesupport_c.c
[0.357s] -- Up-to-date: /home/fv/workspace/ros_ur_driver/src/install/ur_msgs/lib/python3.13/site-packages/ur_msgs/ur_msgs_s__rosidl_typesupport_introspection_c.so
[0.357s] -- Up-to-date: /home/fv/workspace/ros_ur_driver/src/install/ur_msgs/lib/python3.13/site-packages/ur_msgs/ur_msgs_s__rosidl_typesupport_c.so
[0.360s] Listing '/home/fv/workspace/ros_ur_driver/src/install/ur_msgs/lib/python3.13/site-packages/ur_msgs'...
[0.360s] Listing '/home/fv/workspace/ros_ur_driver/src/install/ur_msgs/lib/python3.13/site-packages/ur_msgs/action'...
[0.360s] Listing '/home/fv/workspace/ros_ur_driver/src/install/ur_msgs/lib/python3.13/site-packages/ur_msgs/msg'...
[0.360s] Listing '/home/fv/workspace/ros_ur_driver/src/install/ur_msgs/lib/python3.13/site-packages/ur_msgs/srv'...
[0.360s] -- Up-to-date: /home/fv/workspace/ros_ur_driver/src/install/ur_msgs/lib/python3.13/site-packages/ur_msgs/ur_msgs_s__rosidl_typesupport_fastrtps_c.so
[0.360s] -- Up-to-date: /home/fv/workspace/ros_ur_driver/src/install/ur_msgs/lib/python3.13/site-packages/ur_msgs/ur_msgs_s__rosidl_typesupport_introspection_c.so
[0.360s] -- Up-to-date: /home/fv/workspace/ros_ur_driver/src/install/ur_msgs/lib/python3.13/site-packages/ur_msgs/ur_msgs_s__rosidl_typesupport_c.so
[0.360s] -- Up-to-date: /home/fv/workspace/ros_ur_driver/src/install/ur_msgs/lib/libur_msgs__rosidl_generator_py.so
[0.360s] -- Up-to-date: /home/fv/workspace/ros_ur_driver/src/install/ur_msgs/share/ur_msgs/msg/Analog.idl
[0.361s] -- Up-to-date: /home/fv/workspace/ros_ur_driver/src/install/ur_msgs/share/ur_msgs/msg/Digital.idl
[0.361s] -- Up-to-date: /home/fv/workspace/ros_ur_driver/src/install/ur_msgs/share/ur_msgs/msg/IOStates.idl
[0.361s] -- Up-to-date: /home/fv/workspace/ros_ur_driver/src/install/ur_msgs/share/ur_msgs/msg/RobotStateRTMsg.idl
[0.361s] -- Up-to-date: /home/fv/workspace/ros_ur_driver/src/install/ur_msgs/share/ur_msgs/msg/MasterboardDataMsg.idl
[0.361s] -- Up-to-date: /home/fv/workspace/ros_ur_driver/src/install/ur_msgs/share/ur_msgs/msg/RobotModeDataMsg.idl
[0.361s] -- Up-to-date: /home/fv/workspace/ros_ur_driver/src/install/ur_msgs/share/ur_msgs/msg/ToolDataMsg.idl
[0.361s] -- Up-to-date: /home/fv/workspace/ros_ur_driver/src/install/ur_msgs/share/ur_msgs/srv/SetAnalogOutput.idl
[0.361s] -- Up-to-date: /home/fv/workspace/ros_ur_driver/src/install/ur_msgs/share/ur_msgs/srv/SetPayload.idl
[0.361s] -- Up-to-date: /home/fv/workspace/ros_ur_driver/src/install/ur_msgs/share/ur_msgs/srv/SetSpeedSliderFraction.idl
[0.361s] -- Up-to-date: /home/fv/workspace/ros_ur_driver/src/install/ur_msgs/share/ur_msgs/srv/SetIO.idl
[0.361s] -- Up-to-date: /home/fv/workspace/ros_ur_driver/src/install/ur_msgs/share/ur_msgs/srv/GetRobotSoftwareVersion.idl
[0.361s] -- Up-to-date: /home/fv/workspace/ros_ur_driver/src/install/ur_msgs/share/ur_msgs/srv/SetForceMode.idl
[0.361s] -- Up-to-date: /home/fv/workspace/ros_ur_driver/src/install/ur_msgs/share/ur_msgs/action/ToolContact.idl
[0.361s] -- Up-to-date: /home/fv/workspace/ros_ur_driver/src/install/ur_msgs/share/ur_msgs/action/FollowJointTrajectoryUntil.idl
[0.361s] -- Up-to-date: /home/fv/workspace/ros_ur_driver/src/install/ur_msgs/share/ur_msgs/msg/Analog.msg
[0.361s] -- Up-to-date: /home/fv/workspace/ros_ur_driver/src/install/ur_msgs/share/ur_msgs/msg/Digital.msg
[0.361s] -- Up-to-date: /home/fv/workspace/ros_ur_driver/src/install/ur_msgs/share/ur_msgs/msg/IOStates.msg
[0.361s] -- Up-to-date: /home/fv/workspace/ros_ur_driver/src/install/ur_msgs/share/ur_msgs/msg/RobotStateRTMsg.msg
[0.361s] -- Up-to-date: /home/fv/workspace/ros_ur_driver/src/install/ur_msgs/share/ur_msgs/msg/MasterboardDataMsg.msg
[0.361s] -- Up-to-date: /home/fv/workspace/ros_ur_driver/src/install/ur_msgs/share/ur_msgs/msg/RobotModeDataMsg.msg
[0.362s] -- Up-to-date: /home/fv/workspace/ros_ur_driver/src/install/ur_msgs/share/ur_msgs/msg/ToolDataMsg.msg
[0.362s] -- Up-to-date: /home/fv/workspace/ros_ur_driver/src/install/ur_msgs/share/ur_msgs/srv/SetAnalogOutput.srv
[0.362s] -- Up-to-date: /home/fv/workspace/ros_ur_driver/src/install/ur_msgs/share/ur_msgs/srv/SetPayload.srv
[0.362s] -- Up-to-date: /home/fv/workspace/ros_ur_driver/src/install/ur_msgs/share/ur_msgs/srv/SetSpeedSliderFraction.srv
[0.362s] -- Up-to-date: /home/fv/workspace/ros_ur_driver/src/install/ur_msgs/share/ur_msgs/srv/SetIO.srv
[0.362s] -- Up-to-date: /home/fv/workspace/ros_ur_driver/src/install/ur_msgs/share/ur_msgs/srv/GetRobotSoftwareVersion.srv
[0.362s] -- Up-to-date: /home/fv/workspace/ros_ur_driver/src/install/ur_msgs/share/ur_msgs/srv/SetForceMode.srv
[0.362s] -- Up-to-date: /home/fv/workspace/ros_ur_driver/src/install/ur_msgs/share/ur_msgs/action/ToolContact.action
[0.362s] -- Up-to-date: /home/fv/workspace/ros_ur_driver/src/install/ur_msgs/share/ur_msgs/action/FollowJointTrajectoryUntil.action
[0.362s] -- Up-to-date: /home/fv/workspace/ros_ur_driver/src/install/ur_msgs/share/ament_index/resource_index/package_run_dependencies/ur_msgs
[0.362s] -- Up-to-date: /home/fv/workspace/ros_ur_driver/src/install/ur_msgs/share/ament_index/resource_index/parent_prefix_path/ur_msgs
[0.362s] -- Up-to-date: /home/fv/workspace/ros_ur_driver/src/install/ur_msgs/share/ur_msgs/environment/ament_prefix_path.sh
[0.362s] -- Up-to-date: /home/fv/workspace/ros_ur_driver/src/install/ur_msgs/share/ur_msgs/environment/ament_prefix_path.dsv
[0.362s] -- Up-to-date: /home/fv/workspace/ros_ur_driver/src/install/ur_msgs/share/ur_msgs/environment/path.sh
[0.362s] -- Up-to-date: /home/fv/workspace/ros_ur_driver/src/install/ur_msgs/share/ur_msgs/environment/path.dsv
[0.362s] -- Up-to-date: /home/fv/workspace/ros_ur_driver/src/install/ur_msgs/share/ur_msgs/local_setup.bash
[0.362s] -- Up-to-date: /home/fv/workspace/ros_ur_driver/src/install/ur_msgs/share/ur_msgs/local_setup.sh
[0.362s] -- Up-to-date: /home/fv/workspace/ros_ur_driver/src/install/ur_msgs/share/ur_msgs/local_setup.zsh
[0.362s] -- Up-to-date: /home/fv/workspace/ros_ur_driver/src/install/ur_msgs/share/ur_msgs/local_setup.dsv
[0.362s] -- Installing: /home/fv/workspace/ros_ur_driver/src/install/ur_msgs/share/ur_msgs/package.dsv
[0.362s] -- Up-to-date: /home/fv/workspace/ros_ur_driver/src/install/ur_msgs/share/ament_index/resource_index/packages/ur_msgs
[0.362s] -- Up-to-date: /home/fv/workspace/ros_ur_driver/src/install/ur_msgs/share/ur_msgs/cmake/export_ur_msgs__rosidl_generator_cExport.cmake
[0.362s] -- Up-to-date: /home/fv/workspace/ros_ur_driver/src/install/ur_msgs/share/ur_msgs/cmake/export_ur_msgs__rosidl_generator_cExport-release.cmake
[0.362s] -- Up-to-date: /home/fv/workspace/ros_ur_driver/src/install/ur_msgs/share/ur_msgs/cmake/export_ur_msgs__rosidl_typesupport_fastrtps_cExport.cmake
[0.362s] -- Up-to-date: /home/fv/workspace/ros_ur_driver/src/install/ur_msgs/share/ur_msgs/cmake/export_ur_msgs__rosidl_typesupport_fastrtps_cExport-release.cmake
[0.362s] -- Up-to-date: /home/fv/workspace/ros_ur_driver/src/install/ur_msgs/share/ur_msgs/cmake/export_ur_msgs__rosidl_generator_cppExport.cmake
[0.362s] -- Up-to-date: /home/fv/workspace/ros_ur_driver/src/install/ur_msgs/share/ur_msgs/cmake/export_ur_msgs__rosidl_typesupport_fastrtps_cppExport.cmake
[0.362s] -- Up-to-date: /home/fv/workspace/ros_ur_driver/src/install/ur_msgs/share/ur_msgs/cmake/export_ur_msgs__rosidl_typesupport_fastrtps_cppExport-release.cmake
[0.362s] -- Up-to-date: /home/fv/workspace/ros_ur_driver/src/install/ur_msgs/share/ur_msgs/cmake/ur_msgs__rosidl_typesupport_introspection_cExport.cmake
[0.362s] -- Up-to-date: /home/fv/workspace/ros_ur_driver/src/install/ur_msgs/share/ur_msgs/cmake/ur_msgs__rosidl_typesupport_introspection_cExport-release.cmake
[0.362s] -- Up-to-date: /home/fv/workspace/ros_ur_driver/src/install/ur_msgs/share/ur_msgs/cmake/ur_msgs__rosidl_typesupport_cExport.cmake
[0.362s] -- Up-to-date: /home/fv/workspace/ros_ur_driver/src/install/ur_msgs/share/ur_msgs/cmake/ur_msgs__rosidl_typesupport_cExport-release.cmake
[0.363s] -- Up-to-date: /home/fv/workspace/ros_ur_driver/src/install/ur_msgs/share/ur_msgs/cmake/ur_msgs__rosidl_typesupport_introspection_cppExport.cmake
[0.363s] -- Up-to-date: /home/fv/workspace/ros_ur_driver/src/install/ur_msgs/share/ur_msgs/cmake/ur_msgs__rosidl_typesupport_introspection_cppExport-release.cmake
[0.363s] -- Up-to-date: /home/fv/workspace/ros_ur_driver/src/install/ur_msgs/share/ur_msgs/cmake/ur_msgs__rosidl_typesupport_cppExport.cmake
[0.363s] -- Up-to-date: /home/fv/workspace/ros_ur_driver/src/install/ur_msgs/share/ur_msgs/cmake/ur_msgs__rosidl_typesupport_cppExport-release.cmake
[0.363s] -- Up-to-date: /home/fv/workspace/ros_ur_driver/src/install/ur_msgs/share/ur_msgs/cmake/export_ur_msgs__rosidl_generator_pyExport.cmake
[0.363s] -- Up-to-date: /home/fv/workspace/ros_ur_driver/src/install/ur_msgs/share/ur_msgs/cmake/export_ur_msgs__rosidl_generator_pyExport-release.cmake
[0.363s] -- Up-to-date: /home/fv/workspace/ros_ur_driver/src/install/ur_msgs/share/ur_msgs/cmake/rosidl_cmake-extras.cmake
[0.363s] -- Up-to-date: /home/fv/workspace/ros_ur_driver/src/install/ur_msgs/share/ur_msgs/cmake/ament_cmake_export_dependencies-extras.cmake
[0.363s] -- Up-to-date: /home/fv/workspace/ros_ur_driver/src/install/ur_msgs/share/ur_msgs/cmake/ament_cmake_export_include_directories-extras.cmake
[0.363s] -- Up-to-date: /home/fv/workspace/ros_ur_driver/src/install/ur_msgs/share/ur_msgs/cmake/ament_cmake_export_libraries-extras.cmake
[0.363s] -- Up-to-date: /home/fv/workspace/ros_ur_driver/src/install/ur_msgs/share/ur_msgs/cmake/ament_cmake_export_targets-extras.cmake
[0.363s] -- Up-to-date: /home/fv/workspace/ros_ur_driver/src/install/ur_msgs/share/ur_msgs/cmake/rosidl_cmake_export_typesupport_targets-extras.cmake
[0.363s] -- Up-to-date: /home/fv/workspace/ros_ur_driver/src/install/ur_msgs/share/ur_msgs/cmake/rosidl_cmake_export_typesupport_libraries-extras.cmake
[0.363s] -- Up-to-date: /home/fv/workspace/ros_ur_driver/src/install/ur_msgs/share/ur_msgs/cmake/ur_msgsConfig.cmake
[0.363s] -- Up-to-date: /home/fv/workspace/ros_ur_driver/src/install/ur_msgs/share/ur_msgs/cmake/ur_msgsConfig-version.cmake
[0.363s] -- Up-to-date: /home/fv/workspace/ros_ur_driver/src/install/ur_msgs/share/ur_msgs/package.xml
[0.374s] Invoked command in '/home/fv/workspace/ros_ur_driver/src/build/ur_msgs' returned '0': CMAKE_PREFIX_PATH=${CMAKE_PREFIX_PATH}:/opt/ros/jazzy CONDA_PROMPT_MODIFIER=(base) DEBUGINFOD_URLS=https://debuginfod.ubuntu.com PS1=(venv) (base) \[\e]0;\u@\h: \w\a\]${debian_chroot:+($debian_chroot)}\[\033[01;32m\]\u@\h\[\033[00m\]:\[\033[01;34m\]\w\[\033[00m\]\$ VIRTUAL_ENV_PROMPT=(venv) /usr/bin/cmake --install /home/fv/workspace/ros_ur_driver/src/build/ur_msgs
