[0.019s] Invoking command in '/home/fv/workspace/ros_ur_driver/src/build/moveit_kinematics': AMENT_PREFIX_PATH=/home/fv/workspace/ros_ur_driver/src/install/moveit_ros_planning:/home/fv/workspace/ros_ur_driver/src/install/moveit_ros_occupancy_map_monitor:/home/fv/workspace/ros_ur_driver/src/install/moveit_core:/home/fv/workspace/ros_ur_driver/src/install/moveit_configs_utils:/home/fv/workspace/ros_ur_driver/src/install/srdfdom:/home/fv/workspace/ros_ur_driver/src/install/moveit_msgs:/home/fv/workspace/ros_ur_driver/src/install/moveit_common:${AMENT_PREFIX_PATH} CMAKE_PREFIX_PATH=/home/fv/workspace/ros_ur_driver/src/install/moveit_ros_planning:/home/fv/workspace/ros_ur_driver/src/install/moveit_ros_occupancy_map_monitor:/home/fv/workspace/ros_ur_driver/src/install/moveit_core:/home/fv/workspace/ros_ur_driver/src/install/srdfdom:/home/fv/workspace/ros_ur_driver/src/install/moveit_msgs:/home/fv/workspace/ros_ur_driver/src/install/moveit_common:/opt/ros/jazzy/opt/sdformat_vendor:/opt/ros/jazzy/opt/gz_math_vendor:/opt/ros/jazzy/opt/gz_utils_vendor:/opt/ros/jazzy/opt/gz_tools_vendor:/opt/ros/jazzy/opt/gz_cmake_vendor:/opt/ros/jazzy CONDA_PROMPT_MODIFIER=(base) DEBUGINFOD_URLS=https://debuginfod.ubuntu.com LD_LIBRARY_PATH=/home/fv/workspace/ros_ur_driver/src/install/moveit_ros_planning/lib:/home/fv/workspace/ros_ur_driver/src/install/moveit_ros_occupancy_map_monitor/lib:/home/fv/workspace/ros_ur_driver/src/install/moveit_core/lib:/home/fv/workspace/ros_ur_driver/src/install/srdfdom/lib:/home/fv/workspace/ros_ur_driver/src/install/moveit_msgs/lib:${LD_LIBRARY_PATH} PATH=/home/fv/workspace/ros_ur_driver/src/install/moveit_core/bin:${PATH} PS1=(venv) (base) \[\e]0;\u@\h: \w\a\]${debian_chroot:+($debian_chroot)}\[\033[01;32m\]\u@\h\[\033[00m\]:\[\033[01;34m\]\w\[\033[00m\]\$ PYTHONPATH=/home/fv/workspace/ros_ur_driver/src/install/moveit_configs_utils/lib/python3.12/site-packages:/home/fv/workspace/ros_ur_driver/src/install/srdfdom/lib/python3.13/site-packages:/home/fv/workspace/ros_ur_driver/src/install/moveit_msgs/lib/python3.13/site-packages:${PYTHONPATH} VIRTUAL_ENV_PROMPT=(venv) /usr/bin/cmake /home/fv/workspace/ros_ur_driver/src/moveit2/moveit_kinematics -DCMAKE_BUILD_TYPE=Release -DCMAKE_INSTALL_PREFIX=/home/fv/workspace/ros_ur_driver/src/install/moveit_kinematics
[0.071s] -- The CXX compiler identification is GNU 13.3.0
[0.083s] -- Detecting CXX compiler ABI info
[0.143s] -- Detecting CXX compiler ABI info - done
[0.149s] -- Check for working CXX compiler: /usr/bin/c++ - skipped
[0.149s] -- Detecting CXX compile features
[0.149s] -- Detecting CXX compile features - done
[0.150s] -- Found moveit_common: 2.14.1 (/home/fv/workspace/ros_ur_driver/src/install/moveit_common/share/moveit_common/cmake)
[0.151s] -- Found ament_cmake: 2.5.4 (/opt/ros/jazzy/share/ament_cmake/cmake)
[0.238s] -- Found Python3: /home/fv/venv/bin/python3 (found version "3.13.5") found components: Interpreter 
[0.392s] -- Found class_loader: 2.7.0 (/opt/ros/jazzy/share/class_loader/cmake)
[0.407s] -- Found generate_parameter_library: 0.5.0 (/opt/ros/jazzy/share/generate_parameter_library/cmake)
[0.409s] -- Found parameter_traits: 0.5.0 (/opt/ros/jazzy/share/parameter_traits/cmake)
[0.429s] -- Found rosidl_generator_c: 4.6.6 (/opt/ros/jazzy/share/rosidl_generator_c/cmake)
[0.438s] -- Found rosidl_generator_cpp: 4.6.6 (/opt/ros/jazzy/share/rosidl_generator_cpp/cmake)
[0.448s] -- Using all available rosidl_typesupport_c: rosidl_typesupport_fastrtps_c;rosidl_typesupport_introspection_c
[0.457s] -- Using all available rosidl_typesupport_cpp: rosidl_typesupport_fastrtps_cpp;rosidl_typesupport_introspection_cpp
[0.506s] -- Found rmw_implementation_cmake: 7.3.2 (/opt/ros/jazzy/share/rmw_implementation_cmake/cmake)
[0.508s] -- Found rmw_fastrtps_cpp: 8.4.3 (/opt/ros/jazzy/share/rmw_fastrtps_cpp/cmake)
[0.565s] -- Found OpenSSL: /usr/lib/x86_64-linux-gnu/libcrypto.so (found version "3.0.13")  
[0.578s] -- Found FastRTPS: /opt/ros/jazzy/include (Required is at least version "2.13") 
[0.594s] -- Using RMW implementation 'rmw_fastrtps_cpp' as default
[0.649s] -- Found rclcpp_lifecycle: 28.1.12 (/opt/ros/jazzy/share/rclcpp_lifecycle/cmake)
[0.670s] -- Found kdl_parser: 2.11.0 (/opt/ros/jazzy/share/kdl_parser/cmake)
[0.675s] -- Found eigen3_cmake_module: 0.3.0 (/opt/ros/jazzy/share/eigen3_cmake_module/cmake)
[0.676s] -- Found Eigen3: TRUE (found version "3.4.0") 
[0.676s] -- Ensuring Eigen3 include directory is part of orocos-kdl CMake target
[0.678s] -- Found moveit_core: 2.14.1 (/home/fv/workspace/ros_ur_driver/src/install/moveit_core/share/moveit_core/cmake)
[0.807s] -- Found Boost: /usr/lib/x86_64-linux-gnu/cmake/Boost-1.83.0/BoostConfig.cmake (found version "1.83.0") found components: chrono date_time filesystem iostreams program_options regex serialization system thread 
[0.853s] -- Found Boost: /usr/lib/x86_64-linux-gnu/cmake/Boost-1.83.0/BoostConfig.cmake (found version "1.83.0") found components: filesystem 
[1.148s] -- Found moveit_ros_planning: 2.14.1 (/home/fv/workspace/ros_ur_driver/src/install/moveit_ros_planning/share/moveit_ros_planning/cmake)
[1.151s] -- Found Boost: /usr/lib/x86_64-linux-gnu/cmake/Boost-1.83.0/BoostConfig.cmake (found version "1.83.0") found components: system filesystem date_time program_options thread chrono 
[1.183s] -- Found Boost: /usr/lib/x86_64-linux-gnu/cmake/Boost-1.83.0/BoostConfig.cmake (found version "1.83.0") found components: program_options system 
[1.213s] -- Found ament_cmake_gtest: 2.5.4 (/opt/ros/jazzy/share/ament_cmake_gtest/cmake)
[1.214s] -- Found ros_testing: 0.6.0 (/opt/ros/jazzy/share/ros_testing/cmake)
[1.215s] -- Found launch_testing_ament_cmake: 3.4.6 (/opt/ros/jazzy/share/launch_testing_ament_cmake/cmake)
[1.217s] -- Found python_cmake_module: 0.11.1 (/opt/ros/jazzy/share/python_cmake_module/cmake)
[1.314s] -- Found PythonExtra: /home/fv/venv/bin/python3  
[1.318s] -- Found moveit_resources_fanuc_description: 3.1.0 (/opt/ros/jazzy/share/moveit_resources_fanuc_description/cmake)
[1.320s] -- Found moveit_resources_fanuc_moveit_config: 3.1.0 (/opt/ros/jazzy/share/moveit_resources_fanuc_moveit_config/cmake)
[1.321s] -- Found moveit_resources_panda_description: 3.1.0 (/opt/ros/jazzy/share/moveit_resources_panda_description/cmake)
[1.324s] -- Found moveit_resources_panda_moveit_config: 3.1.0 (/opt/ros/jazzy/share/moveit_resources_panda_moveit_config/cmake)
[1.326s] -- Found gtest sources under '/opt/ros/jazzy/src/gtest_vendor': C++ tests using 'Google Test' will be built
[1.358s] -- The C compiler identification is GNU 13.3.0
[1.367s] -- Detecting C compiler ABI info
[1.451s] -- Detecting C compiler ABI info - done
[1.457s] -- Check for working C compiler: /usr/bin/cc - skipped
[1.457s] -- Detecting C compile features
[1.457s] -- Detecting C compile features - done
[1.459s] -- Found Threads: TRUE  
[1.467s] -- Configuring done (1.4s)
[1.527s] -- Generating done (0.0s)
[1.540s] -- Build files have been written to: /home/fv/workspace/ros_ur_driver/src/build/moveit_kinematics
[1.554s] Invoked command in '/home/fv/workspace/ros_ur_driver/src/build/moveit_kinematics' returned '0': AMENT_PREFIX_PATH=/home/fv/workspace/ros_ur_driver/src/install/moveit_ros_planning:/home/fv/workspace/ros_ur_driver/src/install/moveit_ros_occupancy_map_monitor:/home/fv/workspace/ros_ur_driver/src/install/moveit_core:/home/fv/workspace/ros_ur_driver/src/install/moveit_configs_utils:/home/fv/workspace/ros_ur_driver/src/install/srdfdom:/home/fv/workspace/ros_ur_driver/src/install/moveit_msgs:/home/fv/workspace/ros_ur_driver/src/install/moveit_common:${AMENT_PREFIX_PATH} CMAKE_PREFIX_PATH=/home/fv/workspace/ros_ur_driver/src/install/moveit_ros_planning:/home/fv/workspace/ros_ur_driver/src/install/moveit_ros_occupancy_map_monitor:/home/fv/workspace/ros_ur_driver/src/install/moveit_core:/home/fv/workspace/ros_ur_driver/src/install/srdfdom:/home/fv/workspace/ros_ur_driver/src/install/moveit_msgs:/home/fv/workspace/ros_ur_driver/src/install/moveit_common:/opt/ros/jazzy/opt/sdformat_vendor:/opt/ros/jazzy/opt/gz_math_vendor:/opt/ros/jazzy/opt/gz_utils_vendor:/opt/ros/jazzy/opt/gz_tools_vendor:/opt/ros/jazzy/opt/gz_cmake_vendor:/opt/ros/jazzy CONDA_PROMPT_MODIFIER=(base) DEBUGINFOD_URLS=https://debuginfod.ubuntu.com LD_LIBRARY_PATH=/home/fv/workspace/ros_ur_driver/src/install/moveit_ros_planning/lib:/home/fv/workspace/ros_ur_driver/src/install/moveit_ros_occupancy_map_monitor/lib:/home/fv/workspace/ros_ur_driver/src/install/moveit_core/lib:/home/fv/workspace/ros_ur_driver/src/install/srdfdom/lib:/home/fv/workspace/ros_ur_driver/src/install/moveit_msgs/lib:${LD_LIBRARY_PATH} PATH=/home/fv/workspace/ros_ur_driver/src/install/moveit_core/bin:${PATH} PS1=(venv) (base) \[\e]0;\u@\h: \w\a\]${debian_chroot:+($debian_chroot)}\[\033[01;32m\]\u@\h\[\033[00m\]:\[\033[01;34m\]\w\[\033[00m\]\$ PYTHONPATH=/home/fv/workspace/ros_ur_driver/src/install/moveit_configs_utils/lib/python3.12/site-packages:/home/fv/workspace/ros_ur_driver/src/install/srdfdom/lib/python3.13/site-packages:/home/fv/workspace/ros_ur_driver/src/install/moveit_msgs/lib/python3.13/site-packages:${PYTHONPATH} VIRTUAL_ENV_PROMPT=(venv) /usr/bin/cmake /home/fv/workspace/ros_ur_driver/src/moveit2/moveit_kinematics -DCMAKE_BUILD_TYPE=Release -DCMAKE_INSTALL_PREFIX=/home/fv/workspace/ros_ur_driver/src/install/moveit_kinematics
[1.554s] Invoking command in '/home/fv/workspace/ros_ur_driver/src/build/moveit_kinematics': AMENT_PREFIX_PATH=/home/fv/workspace/ros_ur_driver/src/install/moveit_ros_planning:/home/fv/workspace/ros_ur_driver/src/install/moveit_ros_occupancy_map_monitor:/home/fv/workspace/ros_ur_driver/src/install/moveit_core:/home/fv/workspace/ros_ur_driver/src/install/moveit_configs_utils:/home/fv/workspace/ros_ur_driver/src/install/srdfdom:/home/fv/workspace/ros_ur_driver/src/install/moveit_msgs:/home/fv/workspace/ros_ur_driver/src/install/moveit_common:${AMENT_PREFIX_PATH} CMAKE_PREFIX_PATH=/home/fv/workspace/ros_ur_driver/src/install/moveit_ros_planning:/home/fv/workspace/ros_ur_driver/src/install/moveit_ros_occupancy_map_monitor:/home/fv/workspace/ros_ur_driver/src/install/moveit_core:/home/fv/workspace/ros_ur_driver/src/install/srdfdom:/home/fv/workspace/ros_ur_driver/src/install/moveit_msgs:/home/fv/workspace/ros_ur_driver/src/install/moveit_common:/opt/ros/jazzy/opt/sdformat_vendor:/opt/ros/jazzy/opt/gz_math_vendor:/opt/ros/jazzy/opt/gz_utils_vendor:/opt/ros/jazzy/opt/gz_tools_vendor:/opt/ros/jazzy/opt/gz_cmake_vendor:/opt/ros/jazzy CONDA_PROMPT_MODIFIER=(base) DEBUGINFOD_URLS=https://debuginfod.ubuntu.com LD_LIBRARY_PATH=/home/fv/workspace/ros_ur_driver/src/install/moveit_ros_planning/lib:/home/fv/workspace/ros_ur_driver/src/install/moveit_ros_occupancy_map_monitor/lib:/home/fv/workspace/ros_ur_driver/src/install/moveit_core/lib:/home/fv/workspace/ros_ur_driver/src/install/srdfdom/lib:/home/fv/workspace/ros_ur_driver/src/install/moveit_msgs/lib:${LD_LIBRARY_PATH} PATH=/home/fv/workspace/ros_ur_driver/src/install/moveit_core/bin:${PATH} PS1=(venv) (base) \[\e]0;\u@\h: \w\a\]${debian_chroot:+($debian_chroot)}\[\033[01;32m\]\u@\h\[\033[00m\]:\[\033[01;34m\]\w\[\033[00m\]\$ PYTHONPATH=/home/fv/workspace/ros_ur_driver/src/install/moveit_configs_utils/lib/python3.12/site-packages:/home/fv/workspace/ros_ur_driver/src/install/srdfdom/lib/python3.13/site-packages:/home/fv/workspace/ros_ur_driver/src/install/moveit_msgs/lib/python3.13/site-packages:${PYTHONPATH} VIRTUAL_ENV_PROMPT=(venv) /usr/bin/cmake --build /home/fv/workspace/ros_ur_driver/src/build/moveit_kinematics -- -j20 -l20
[1.592s] [  4%] [34m[1mRunning `/opt/ros/jazzy/bin/generate_parameter_library_cpp /home/fv/workspace/ros_ur_driver/src/build/moveit_kinematics/cached_ik_kinematics_plugin/include/moveit_kinematics/cached_ik_kinematics_parameters.hpp /home/fv/workspace/ros_ur_driver/src/moveit2/moveit_kinematics/cached_ik_kinematics_plugin/include/moveit/cached_ik_kinematics_plugin/cached_ik_kinematics_parameters.yaml `[0m
[1.594s] [  8%] [32mBuilding CXX object gtest/CMakeFiles/gtest.dir/src/gtest-all.cc.o[0m
[1.594s] [ 13%] [32mBuilding CXX object gtest/CMakeFiles/gtest_main.dir/src/gtest_main.cc.o[0m
[1.595s] [ 17%] [34m[1mRunning `/opt/ros/jazzy/bin/generate_parameter_library_cpp /home/fv/workspace/ros_ur_driver/src/build/moveit_kinematics/srv_kinematics_plugin/include/moveit_kinematics/srv_kinematics_parameters.hpp /home/fv/workspace/ros_ur_driver/src/moveit2/moveit_kinematics/srv_kinematics_plugin/src/srv_kinematics_parameters.yaml `[0m
[1.595s] [ 21%] [34m[1mRunning `/opt/ros/jazzy/bin/generate_parameter_library_cpp /home/fv/workspace/ros_ur_driver/src/build/moveit_kinematics/kdl_kinematics_plugin/include/moveit_kinematics/kdl_kinematics_parameters.hpp /home/fv/workspace/ros_ur_driver/src/moveit2/moveit_kinematics/kdl_kinematics_plugin/src/kdl_kinematics_parameters.yaml `[0m
[1.598s] [ 26%] [32mBuilding CXX object test/CMakeFiles/benchmark_ik.dir/benchmark_ik.cpp.o[0m
[3.175s] [ 30%] [32m[1mLinking CXX static library libgtest_main.a[0m
[3.215s] [ 34%] [34m[1mCreating deprecated header file /home/fv/workspace/ros_ur_driver/src/build/moveit_kinematics/srv_kinematics_plugin/include/srv_kinematics_parameters.hpp[0m
[3.257s] [ 34%] Built target gtest_main
[3.265s] [ 34%] Built target srv_kinematics_parameters
[3.327s] [ 39%] [32mBuilding CXX object srv_kinematics_plugin/CMakeFiles/moveit_srv_kinematics_plugin.dir/src/srv_kinematics_plugin.cpp.o[0m
[3.399s] [ 43%] [34m[1mCreating deprecated header file /home/fv/workspace/ros_ur_driver/src/build/moveit_kinematics/cached_ik_kinematics_plugin/include/cached_ik_kinematics_parameters.hpp[0m
[3.456s] [ 43%] Built target cached_ik_kinematics_parameters
[3.661s] [ 47%] [34m[1mCreating deprecated header file /home/fv/workspace/ros_ur_driver/src/build/moveit_kinematics/kdl_kinematics_plugin/include/kdl_kinematics_parameters.hpp[0m
[3.704s] [ 47%] Built target kdl_kinematics_parameters
[3.756s] [ 52%] [32mBuilding CXX object cached_ik_kinematics_plugin/CMakeFiles/moveit_cached_ik_kinematics_base.dir/src/ik_cache.cpp.o[0m
[3.761s] [ 56%] [32mBuilding CXX object kdl_kinematics_plugin/CMakeFiles/moveit_kdl_kinematics_plugin.dir/src/kdl_kinematics_plugin.cpp.o[0m
[3.761s] [ 60%] [32mBuilding CXX object kdl_kinematics_plugin/CMakeFiles/moveit_kdl_kinematics_plugin.dir/src/chainiksolver_vel_mimic_svd.cpp.o[0m
