[0.119s] Invoking command in '/home/fv/workspace/ros_ur_driver/src/build/ur_controllers': AMENT_PREFIX_PATH=/home/fv/workspace/ros_ur_driver/src/install/ur_msgs:/home/fv/workspace/ros_ur_driver/src/install/ur_dashboard_msgs:/home/fv/workspace/ros_ur_driver/src/install/realtime_tools:${AMENT_PREFIX_PATH} CMAKE_PREFIX_PATH=/home/fv/workspace/ros_ur_driver/src/install/ur_msgs:/home/fv/workspace/ros_ur_driver/src/install/ur_dashboard_msgs:/home/fv/workspace/ros_ur_driver/src/install/realtime_tools:/opt/ros/jazzy/opt/sdformat_vendor:/opt/ros/jazzy/opt/gz_math_vendor:/opt/ros/jazzy/opt/gz_utils_vendor:/opt/ros/jazzy/opt/gz_tools_vendor:/opt/ros/jazzy/opt/gz_cmake_vendor:/opt/ros/jazzy CONDA_PROMPT_MODIFIER=(base) DEBUGINFOD_URLS=https://debuginfod.ubuntu.com LD_LIBRARY_PATH=/home/fv/workspace/ros_ur_driver/src/install/ur_msgs/lib:/home/fv/workspace/ros_ur_driver/src/install/ur_dashboard_msgs/lib:/home/fv/workspace/ros_ur_driver/src/install/realtime_tools/lib:${LD_LIBRARY_PATH} PS1=(venv) (base) \[\e]0;\u@\h: \w\a\]${debian_chroot:+($debian_chroot)}\[\033[01;32m\]\u@\h\[\033[00m\]:\[\033[01;34m\]\w\[\033[00m\]\$ PYTHONPATH=/home/fv/workspace/ros_ur_driver/src/install/ur_msgs/lib/python3.13/site-packages:/home/fv/workspace/ros_ur_driver/src/install/ur_dashboard_msgs/lib/python3.13/site-packages:${PYTHONPATH} VIRTUAL_ENV_PROMPT=(venv) /usr/bin/cmake /home/fv/workspace/ros_ur_driver/src/Universal_Robots_ROS2_Driver/ur_controllers -DCMAKE_BUILD_TYPE=Release -DCMAKE_INSTALL_PREFIX=/home/fv/workspace/ros_ur_driver/src/install/ur_controllers
[0.156s] -- The C compiler identification is GNU 13.3.0
[0.197s] -- The CXX compiler identification is GNU 13.3.0
[0.205s] -- Detecting C compiler ABI info
[0.267s] -- Detecting C compiler ABI info - done
[0.273s] -- Check for working C compiler: /usr/bin/cc - skipped
[0.273s] -- Detecting C compile features
[0.273s] -- Detecting C compile features - done
[0.281s] -- Detecting CXX compiler ABI info
[0.353s] -- Detecting CXX compiler ABI info - done
[0.362s] -- Check for working CXX compiler: /usr/bin/c++ - skipped
[0.362s] -- Detecting CXX compile features
[0.362s] -- Detecting CXX compile features - done
[0.364s] -- Found ament_cmake: 2.5.4 (/opt/ros/jazzy/share/ament_cmake/cmake)
[0.451s] -- Found Python3: /home/fv/venv/bin/python3 (found version "3.13.5") found components: Interpreter 
[0.521s] -- Found angles: 1.16.0 (/opt/ros/jazzy/share/angles/cmake)
[0.524s] -- Found controller_interface: 4.37.0 (/opt/ros/jazzy/share/controller_interface/cmake)
[0.555s] -- Found rosidl_generator_c: 4.6.6 (/opt/ros/jazzy/share/rosidl_generator_c/cmake)
[0.563s] -- Found rosidl_generator_cpp: 4.6.6 (/opt/ros/jazzy/share/rosidl_generator_cpp/cmake)
[0.572s] -- Using all available rosidl_typesupport_c: rosidl_typesupport_fastrtps_c;rosidl_typesupport_introspection_c
[0.583s] -- Using all available rosidl_typesupport_cpp: rosidl_typesupport_fastrtps_cpp;rosidl_typesupport_introspection_cpp
[0.715s] -- Found TinyXML2 via Config file: /usr/lib/x86_64-linux-gnu/cmake/tinyxml2
[0.744s] -- Found rmw_implementation_cmake: 7.3.2 (/opt/ros/jazzy/share/rmw_implementation_cmake/cmake)
[0.745s] -- Found rmw_fastrtps_cpp: 8.4.3 (/opt/ros/jazzy/share/rmw_fastrtps_cpp/cmake)
[0.759s] -- Found TinyXML2 via Config file: /usr/lib/x86_64-linux-gnu/cmake/tinyxml2
[0.802s] -- Found OpenSSL: /usr/lib/x86_64-linux-gnu/libcrypto.so (found version "3.0.13")  
[0.804s] -- Found TinyXML2 via Config file: /usr/lib/x86_64-linux-gnu/cmake/tinyxml2
[0.815s] -- Found FastRTPS: /opt/ros/jazzy/include (Required is at least version "2.13") 
[0.817s] -- Found TinyXML2 via Config file: /usr/lib/x86_64-linux-gnu/cmake/tinyxml2
[0.824s] -- Found TinyXML2 via Config file: /usr/lib/x86_64-linux-gnu/cmake/tinyxml2
[0.832s] -- Using RMW implementation 'rmw_fastrtps_cpp' as default
[1.001s] -- Found joint_trajectory_controller: 4.32.0 (/opt/ros/jazzy/share/joint_trajectory_controller/cmake)
[1.045s] -- Found eigen3_cmake_module: 0.3.0 (/opt/ros/jazzy/share/eigen3_cmake_module/cmake)
[1.046s] -- Found Eigen3: TRUE (found version "3.4.0") 
[1.046s] -- Ensuring Eigen3 include directory is part of orocos-kdl CMake target
[1.118s] -- Found std_srvs: 5.3.6 (/opt/ros/jazzy/share/std_srvs/cmake)
[1.131s] -- Found ur_dashboard_msgs: 3.4.0 (/home/fv/workspace/ros_ur_driver/src/install/ur_dashboard_msgs/share/ur_dashboard_msgs/cmake)
[1.151s] -- Found ur_msgs: 2.3.0 (/home/fv/workspace/ros_ur_driver/src/install/ur_msgs/share/ur_msgs/cmake)
[1.188s] -- Found ament_cmake_gmock: 2.5.4 (/opt/ros/jazzy/share/ament_cmake_gmock/cmake)
[1.190s] -- Found controller_manager: 4.37.0 (/opt/ros/jazzy/share/controller_manager/cmake)
[1.243s] -- Found ros2_control_test_assets: 4.37.0 (/opt/ros/jazzy/share/ros2_control_test_assets/cmake)
[1.245s] -- Found gmock sources under '/opt/ros/jazzy/src/gmock_vendor': C++ tests using 'Google Mock' will be built
[1.248s] -- Found ament_cmake_gtest: 2.5.4 (/opt/ros/jazzy/share/ament_cmake_gtest/cmake)
[1.248s] -- Found gtest sources under '/opt/ros/jazzy/src/gtest_vendor': C++ tests using 'Google Test' will be built
[1.303s] -- Configuring done (1.2s)
[1.347s] -- Generating done (0.0s)
[1.355s] -- Build files have been written to: /home/fv/workspace/ros_ur_driver/src/build/ur_controllers
[1.365s] Invoked command in '/home/fv/workspace/ros_ur_driver/src/build/ur_controllers' returned '0': AMENT_PREFIX_PATH=/home/fv/workspace/ros_ur_driver/src/install/ur_msgs:/home/fv/workspace/ros_ur_driver/src/install/ur_dashboard_msgs:/home/fv/workspace/ros_ur_driver/src/install/realtime_tools:${AMENT_PREFIX_PATH} CMAKE_PREFIX_PATH=/home/fv/workspace/ros_ur_driver/src/install/ur_msgs:/home/fv/workspace/ros_ur_driver/src/install/ur_dashboard_msgs:/home/fv/workspace/ros_ur_driver/src/install/realtime_tools:/opt/ros/jazzy/opt/sdformat_vendor:/opt/ros/jazzy/opt/gz_math_vendor:/opt/ros/jazzy/opt/gz_utils_vendor:/opt/ros/jazzy/opt/gz_tools_vendor:/opt/ros/jazzy/opt/gz_cmake_vendor:/opt/ros/jazzy CONDA_PROMPT_MODIFIER=(base) DEBUGINFOD_URLS=https://debuginfod.ubuntu.com LD_LIBRARY_PATH=/home/fv/workspace/ros_ur_driver/src/install/ur_msgs/lib:/home/fv/workspace/ros_ur_driver/src/install/ur_dashboard_msgs/lib:/home/fv/workspace/ros_ur_driver/src/install/realtime_tools/lib:${LD_LIBRARY_PATH} PS1=(venv) (base) \[\e]0;\u@\h: \w\a\]${debian_chroot:+($debian_chroot)}\[\033[01;32m\]\u@\h\[\033[00m\]:\[\033[01;34m\]\w\[\033[00m\]\$ PYTHONPATH=/home/fv/workspace/ros_ur_driver/src/install/ur_msgs/lib/python3.13/site-packages:/home/fv/workspace/ros_ur_driver/src/install/ur_dashboard_msgs/lib/python3.13/site-packages:${PYTHONPATH} VIRTUAL_ENV_PROMPT=(venv) /usr/bin/cmake /home/fv/workspace/ros_ur_driver/src/Universal_Robots_ROS2_Driver/ur_controllers -DCMAKE_BUILD_TYPE=Release -DCMAKE_INSTALL_PREFIX=/home/fv/workspace/ros_ur_driver/src/install/ur_controllers
[1.365s] Invoking command in '/home/fv/workspace/ros_ur_driver/src/build/ur_controllers': AMENT_PREFIX_PATH=/home/fv/workspace/ros_ur_driver/src/install/ur_msgs:/home/fv/workspace/ros_ur_driver/src/install/ur_dashboard_msgs:/home/fv/workspace/ros_ur_driver/src/install/realtime_tools:${AMENT_PREFIX_PATH} CMAKE_PREFIX_PATH=/home/fv/workspace/ros_ur_driver/src/install/ur_msgs:/home/fv/workspace/ros_ur_driver/src/install/ur_dashboard_msgs:/home/fv/workspace/ros_ur_driver/src/install/realtime_tools:/opt/ros/jazzy/opt/sdformat_vendor:/opt/ros/jazzy/opt/gz_math_vendor:/opt/ros/jazzy/opt/gz_utils_vendor:/opt/ros/jazzy/opt/gz_tools_vendor:/opt/ros/jazzy/opt/gz_cmake_vendor:/opt/ros/jazzy CONDA_PROMPT_MODIFIER=(base) DEBUGINFOD_URLS=https://debuginfod.ubuntu.com LD_LIBRARY_PATH=/home/fv/workspace/ros_ur_driver/src/install/ur_msgs/lib:/home/fv/workspace/ros_ur_driver/src/install/ur_dashboard_msgs/lib:/home/fv/workspace/ros_ur_driver/src/install/realtime_tools/lib:${LD_LIBRARY_PATH} PS1=(venv) (base) \[\e]0;\u@\h: \w\a\]${debian_chroot:+($debian_chroot)}\[\033[01;32m\]\u@\h\[\033[00m\]:\[\033[01;34m\]\w\[\033[00m\]\$ PYTHONPATH=/home/fv/workspace/ros_ur_driver/src/install/ur_msgs/lib/python3.13/site-packages:/home/fv/workspace/ros_ur_driver/src/install/ur_dashboard_msgs/lib/python3.13/site-packages:${PYTHONPATH} VIRTUAL_ENV_PROMPT=(venv) /usr/bin/cmake --build /home/fv/workspace/ros_ur_driver/src/build/ur_controllers -- -j20 -l20
[1.404s] [  8%] [34m[1mRunning `/opt/ros/jazzy/bin/generate_parameter_library_cpp /home/fv/workspace/ros_ur_driver/src/build/ur_controllers/include/ur_controllers/ur_configuration_controller_parameters.hpp /home/fv/workspace/ros_ur_driver/src/Universal_Robots_ROS2_Driver/ur_controllers/src/ur_configuration_controller_parameters.yaml `[0m
[1.404s] [  8%] [34m[1mRunning `/opt/ros/jazzy/bin/generate_parameter_library_cpp /home/fv/workspace/ros_ur_driver/src/build/ur_controllers/include/ur_controllers/tool_contact_controller_parameters.hpp /home/fv/workspace/ros_ur_driver/src/Universal_Robots_ROS2_Driver/ur_controllers/src/tool_contact_controller_parameters.yaml `[0m
[1.404s] [  8%] [34m[1mRunning `/opt/ros/jazzy/bin/generate_parameter_library_cpp /home/fv/workspace/ros_ur_driver/src/build/ur_controllers/include/ur_controllers/gpio_controller_parameters.hpp /home/fv/workspace/ros_ur_driver/src/Universal_Robots_ROS2_Driver/ur_controllers/src/gpio_controller_parameters.yaml `[0m
[1.404s] [ 11%] [32mBuilding CXX object gmock/CMakeFiles/gmock_main.dir/src/gmock_main.cc.o[0m
[1.406s] [ 14%] [34m[1mRunning `/opt/ros/jazzy/bin/generate_parameter_library_cpp /home/fv/workspace/ros_ur_driver/src/build/ur_controllers/include/ur_controllers/force_mode_controller_parameters.hpp /home/fv/workspace/ros_ur_driver/src/Universal_Robots_ROS2_Driver/ur_controllers/src/force_mode_controller_parameters.yaml `[0m
[1.407s] [ 17%] [34m[1mRunning `/opt/ros/jazzy/bin/generate_parameter_library_cpp /home/fv/workspace/ros_ur_driver/src/build/ur_controllers/include/ur_controllers/scaled_joint_trajectory_controller_parameters.hpp /home/fv/workspace/ros_ur_driver/src/Universal_Robots_ROS2_Driver/ur_controllers/src/scaled_joint_trajectory_controller_parameters.yaml `[0m
[1.408s] [ 20%] [34m[1mRunning `/opt/ros/jazzy/bin/generate_parameter_library_cpp /home/fv/workspace/ros_ur_driver/src/build/ur_controllers/include/ur_controllers/speed_scaling_state_broadcaster_parameters.hpp /home/fv/workspace/ros_ur_driver/src/Universal_Robots_ROS2_Driver/ur_controllers/src/speed_scaling_state_broadcaster_parameters.yaml `[0m
[1.408s] [ 23%] [34m[1mRunning `/opt/ros/jazzy/bin/generate_parameter_library_cpp /home/fv/workspace/ros_ur_driver/src/build/ur_controllers/include/ur_controllers/freedrive_mode_controller_parameters.hpp /home/fv/workspace/ros_ur_driver/src/Universal_Robots_ROS2_Driver/ur_controllers/src/freedrive_mode_controller_parameters.yaml `[0m
[1.408s] [ 26%] [32mBuilding CXX object gmock/CMakeFiles/gmock.dir/src/gmock-all.cc.o[0m
[1.409s] [ 29%] [34m[1mRunning `/opt/ros/jazzy/bin/generate_parameter_library_cpp /home/fv/workspace/ros_ur_driver/src/build/ur_controllers/include/ur_controllers/passthrough_trajectory_controller_parameters.hpp /home/fv/workspace/ros_ur_driver/src/Universal_Robots_ROS2_Driver/ur_controllers/src/passthrough_trajectory_controller_parameters.yaml `[0m
[1.409s] [ 32%] [32mBuilding CXX object gmock/CMakeFiles/gmock.dir/opt/ros/jazzy/src/gtest_vendor/src/gtest-all.cc.o[0m
[1.777s] [ 35%] [34m[1mCreating deprecated header file /home/fv/workspace/ros_ur_driver/src/build/ur_controllers/include/freedrive_mode_controller_parameters.hpp[0m
[1.787s] [ 38%] [34m[1mCreating deprecated header file /home/fv/workspace/ros_ur_driver/src/build/ur_controllers/include/passthrough_trajectory_controller_parameters.hpp[0m
[1.789s] [ 38%] Built target freedrive_mode_controller_parameters
[1.792s] [ 41%] [34m[1mCreating deprecated header file /home/fv/workspace/ros_ur_driver/src/build/ur_controllers/include/scaled_joint_trajectory_controller_parameters.hpp[0m
[1.799s] [ 41%] Built target passthrough_trajectory_controller_parameters
[1.806s] [ 41%] Built target scaled_joint_trajectory_controller_parameters
[1.822s] [ 44%] [34m[1mCreating deprecated header file /home/fv/workspace/ros_ur_driver/src/build/ur_controllers/include/ur_configuration_controller_parameters.hpp[0m
[1.837s] [ 44%] Built target ur_configuration_controller_parameters
[1.841s] [ 47%] [34m[1mCreating deprecated header file /home/fv/workspace/ros_ur_driver/src/build/ur_controllers/include/tool_contact_controller_parameters.hpp[0m
[1.856s] [ 47%] Built target tool_contact_controller_parameters
[1.882s] [ 50%] [34m[1mCreating deprecated header file /home/fv/workspace/ros_ur_driver/src/build/ur_controllers/include/gpio_controller_parameters.hpp[0m
[1.901s] [ 50%] Built target gpio_controller_parameters
[1.907s] [ 52%] [34m[1mCreating deprecated header file /home/fv/workspace/ros_ur_driver/src/build/ur_controllers/include/force_mode_controller_parameters.hpp[0m
[1.924s] [ 52%] Built target force_mode_controller_parameters
[1.953s] [ 55%] [34m[1mCreating deprecated header file /home/fv/workspace/ros_ur_driver/src/build/ur_controllers/include/speed_scaling_state_broadcaster_parameters.hpp[0m
[1.968s] [ 55%] Built target speed_scaling_state_broadcaster_parameters
[1.986s] [ 58%] [32mBuilding CXX object CMakeFiles/ur_controllers.dir/src/freedrive_mode_controller.cpp.o[0m
[1.987s] [ 61%] [32mBuilding CXX object CMakeFiles/ur_controllers.dir/src/speed_scaling_state_broadcaster.cpp.o[0m
[1.987s] [ 64%] [32mBuilding CXX object CMakeFiles/ur_controllers.dir/src/tool_contact_controller.cpp.o[0m
[1.987s] [ 67%] [32mBuilding CXX object CMakeFiles/ur_controllers.dir/src/force_mode_controller.cpp.o[0m
[1.987s] [ 70%] [32mBuilding CXX object CMakeFiles/ur_controllers.dir/src/passthrough_trajectory_controller.cpp.o[0m
[1.987s] [ 73%] [32mBuilding CXX object CMakeFiles/ur_controllers.dir/src/scaled_joint_trajectory_controller.cpp.o[0m
[1.988s] [ 76%] [32mBuilding CXX object CMakeFiles/ur_controllers.dir/src/gpio_controller.cpp.o[0m
[1.988s] [ 79%] [32mBuilding CXX object CMakeFiles/ur_controllers.dir/src/ur_configuration_controller.cpp.o[0m
[2.257s] [ 82%] [32m[1mLinking CXX static library libgmock_main.a[0m
[2.285s] [ 82%] Built target gmock_main
[7.455s] [ 85%] [32m[1mLinking CXX static library libgmock.a[0m
[7.493s] [ 85%] Built target gmock
[14.554s] [ 88%] [32m[1mLinking CXX shared library libur_controllers.so[0m
[14.805s] [ 88%] Built target ur_controllers
[14.822s] [ 91%] [32mBuilding CXX object CMakeFiles/test_load_force_mode_controller.dir/test/test_load_force_mode_controller.cpp.o[0m
[14.824s] [ 94%] [32mBuilding CXX object CMakeFiles/test_load_freedrive_mode_controller.dir/test/test_load_freedrive_mode_controller.cpp.o[0m
[18.638s] [ 97%] [32m[1mLinking CXX executable test_load_freedrive_mode_controller[0m
[18.640s] [100%] [32m[1mLinking CXX executable test_load_force_mode_controller[0m
[18.797s] [100%] Built target test_load_freedrive_mode_controller
[18.800s] [100%] Built target test_load_force_mode_controller
[18.809s] Invoked command in '/home/fv/workspace/ros_ur_driver/src/build/ur_controllers' returned '0': AMENT_PREFIX_PATH=/home/fv/workspace/ros_ur_driver/src/install/ur_msgs:/home/fv/workspace/ros_ur_driver/src/install/ur_dashboard_msgs:/home/fv/workspace/ros_ur_driver/src/install/realtime_tools:${AMENT_PREFIX_PATH} CMAKE_PREFIX_PATH=/home/fv/workspace/ros_ur_driver/src/install/ur_msgs:/home/fv/workspace/ros_ur_driver/src/install/ur_dashboard_msgs:/home/fv/workspace/ros_ur_driver/src/install/realtime_tools:/opt/ros/jazzy/opt/sdformat_vendor:/opt/ros/jazzy/opt/gz_math_vendor:/opt/ros/jazzy/opt/gz_utils_vendor:/opt/ros/jazzy/opt/gz_tools_vendor:/opt/ros/jazzy/opt/gz_cmake_vendor:/opt/ros/jazzy CONDA_PROMPT_MODIFIER=(base) DEBUGINFOD_URLS=https://debuginfod.ubuntu.com LD_LIBRARY_PATH=/home/fv/workspace/ros_ur_driver/src/install/ur_msgs/lib:/home/fv/workspace/ros_ur_driver/src/install/ur_dashboard_msgs/lib:/home/fv/workspace/ros_ur_driver/src/install/realtime_tools/lib:${LD_LIBRARY_PATH} PS1=(venv) (base) \[\e]0;\u@\h: \w\a\]${debian_chroot:+($debian_chroot)}\[\033[01;32m\]\u@\h\[\033[00m\]:\[\033[01;34m\]\w\[\033[00m\]\$ PYTHONPATH=/home/fv/workspace/ros_ur_driver/src/install/ur_msgs/lib/python3.13/site-packages:/home/fv/workspace/ros_ur_driver/src/install/ur_dashboard_msgs/lib/python3.13/site-packages:${PYTHONPATH} VIRTUAL_ENV_PROMPT=(venv) /usr/bin/cmake --build /home/fv/workspace/ros_ur_driver/src/build/ur_controllers -- -j20 -l20
[18.810s] Invoking command in '/home/fv/workspace/ros_ur_driver/src/build/ur_controllers': AMENT_PREFIX_PATH=/home/fv/workspace/ros_ur_driver/src/install/ur_msgs:/home/fv/workspace/ros_ur_driver/src/install/ur_dashboard_msgs:/home/fv/workspace/ros_ur_driver/src/install/realtime_tools:${AMENT_PREFIX_PATH} CMAKE_PREFIX_PATH=/home/fv/workspace/ros_ur_driver/src/install/ur_msgs:/home/fv/workspace/ros_ur_driver/src/install/ur_dashboard_msgs:/home/fv/workspace/ros_ur_driver/src/install/realtime_tools:/opt/ros/jazzy/opt/sdformat_vendor:/opt/ros/jazzy/opt/gz_math_vendor:/opt/ros/jazzy/opt/gz_utils_vendor:/opt/ros/jazzy/opt/gz_tools_vendor:/opt/ros/jazzy/opt/gz_cmake_vendor:/opt/ros/jazzy CONDA_PROMPT_MODIFIER=(base) DEBUGINFOD_URLS=https://debuginfod.ubuntu.com LD_LIBRARY_PATH=/home/fv/workspace/ros_ur_driver/src/install/ur_msgs/lib:/home/fv/workspace/ros_ur_driver/src/install/ur_dashboard_msgs/lib:/home/fv/workspace/ros_ur_driver/src/install/realtime_tools/lib:${LD_LIBRARY_PATH} PS1=(venv) (base) \[\e]0;\u@\h: \w\a\]${debian_chroot:+($debian_chroot)}\[\033[01;32m\]\u@\h\[\033[00m\]:\[\033[01;34m\]\w\[\033[00m\]\$ PYTHONPATH=/home/fv/workspace/ros_ur_driver/src/install/ur_msgs/lib/python3.13/site-packages:/home/fv/workspace/ros_ur_driver/src/install/ur_dashboard_msgs/lib/python3.13/site-packages:${PYTHONPATH} VIRTUAL_ENV_PROMPT=(venv) /usr/bin/cmake --install /home/fv/workspace/ros_ur_driver/src/build/ur_controllers
[18.818s] -- Install configuration: "Release"
[18.818s] -- Installing: /home/fv/workspace/ros_ur_driver/src/install/ur_controllers/include/ur_controllers
[18.818s] -- Installing: /home/fv/workspace/ros_ur_driver/src/install/ur_controllers/include/ur_controllers/ur_configuration_controller_parameters.hpp
[18.818s] -- Installing: /home/fv/workspace/ros_ur_driver/src/install/ur_controllers/include/ur_controllers/freedrive_mode_controller_parameters.hpp
[18.818s] -- Installing: /home/fv/workspace/ros_ur_driver/src/install/ur_controllers/include/ur_controllers/gpio_controller_parameters.hpp
[18.818s] -- Installing: /home/fv/workspace/ros_ur_driver/src/install/ur_controllers/include/ur_controllers/scaled_joint_trajectory_controller_parameters.hpp
[18.818s] -- Installing: /home/fv/workspace/ros_ur_driver/src/install/ur_controllers/include/ur_controllers/speed_scaling_state_broadcaster_parameters.hpp
[18.818s] -- Installing: /home/fv/workspace/ros_ur_driver/src/install/ur_controllers/include/ur_controllers/tool_contact_controller_parameters.hpp
[18.818s] -- Installing: /home/fv/workspace/ros_ur_driver/src/install/ur_controllers/include/ur_controllers/passthrough_trajectory_controller_parameters.hpp
[18.818s] -- Installing: /home/fv/workspace/ros_ur_driver/src/install/ur_controllers/include/ur_controllers/force_mode_controller_parameters.hpp
[18.819s] -- Up-to-date: /home/fv/workspace/ros_ur_driver/src/install/ur_controllers/include/ur_controllers
[18.819s] -- Up-to-date: /home/fv/workspace/ros_ur_driver/src/install/ur_controllers/include/ur_controllers/ur_configuration_controller_parameters.hpp
[18.819s] -- Up-to-date: /home/fv/workspace/ros_ur_driver/src/install/ur_controllers/include/ur_controllers/freedrive_mode_controller_parameters.hpp
[18.819s] -- Up-to-date: /home/fv/workspace/ros_ur_driver/src/install/ur_controllers/include/ur_controllers/gpio_controller_parameters.hpp
[18.819s] -- Up-to-date: /home/fv/workspace/ros_ur_driver/src/install/ur_controllers/include/ur_controllers/scaled_joint_trajectory_controller_parameters.hpp
[18.819s] -- Up-to-date: /home/fv/workspace/ros_ur_driver/src/install/ur_controllers/include/ur_controllers/speed_scaling_state_broadcaster_parameters.hpp
[18.819s] -- Up-to-date: /home/fv/workspace/ros_ur_driver/src/install/ur_controllers/include/ur_controllers/tool_contact_controller_parameters.hpp
[18.819s] -- Up-to-date: /home/fv/workspace/ros_ur_driver/src/install/ur_controllers/include/ur_controllers/passthrough_trajectory_controller_parameters.hpp
[18.819s] -- Up-to-date: /home/fv/workspace/ros_ur_driver/src/install/ur_controllers/include/ur_controllers/force_mode_controller_parameters.hpp
[18.819s] -- Up-to-date: /home/fv/workspace/ros_ur_driver/src/install/ur_controllers/include/ur_controllers
[18.819s] -- Up-to-date: /home/fv/workspace/ros_ur_driver/src/install/ur_controllers/include/ur_controllers/ur_configuration_controller_parameters.hpp
[18.819s] -- Up-to-date: /home/fv/workspace/ros_ur_driver/src/install/ur_controllers/include/ur_controllers/freedrive_mode_controller_parameters.hpp
[18.819s] -- Up-to-date: /home/fv/workspace/ros_ur_driver/src/install/ur_controllers/include/ur_controllers/gpio_controller_parameters.hpp
[18.819s] -- Up-to-date: /home/fv/workspace/ros_ur_driver/src/install/ur_controllers/include/ur_controllers/scaled_joint_trajectory_controller_parameters.hpp
[18.819s] -- Up-to-date: /home/fv/workspace/ros_ur_driver/src/install/ur_controllers/include/ur_controllers/speed_scaling_state_broadcaster_parameters.hpp
[18.819s] -- Up-to-date: /home/fv/workspace/ros_ur_driver/src/install/ur_controllers/include/ur_controllers/tool_contact_controller_parameters.hpp
[18.819s] -- Up-to-date: /home/fv/workspace/ros_ur_driver/src/install/ur_controllers/include/ur_controllers/passthrough_trajectory_controller_parameters.hpp
[18.819s] -- Up-to-date: /home/fv/workspace/ros_ur_driver/src/install/ur_controllers/include/ur_controllers/force_mode_controller_parameters.hpp
[18.819s] -- Up-to-date: /home/fv/workspace/ros_ur_driver/src/install/ur_controllers/include/ur_controllers
[18.819s] -- Up-to-date: /home/fv/workspace/ros_ur_driver/src/install/ur_controllers/include/ur_controllers/ur_configuration_controller_parameters.hpp
[18.819s] -- Up-to-date: /home/fv/workspace/ros_ur_driver/src/install/ur_controllers/include/ur_controllers/freedrive_mode_controller_parameters.hpp
[18.819s] -- Up-to-date: /home/fv/workspace/ros_ur_driver/src/install/ur_controllers/include/ur_controllers/gpio_controller_parameters.hpp
[18.819s] -- Up-to-date: /home/fv/workspace/ros_ur_driver/src/install/ur_controllers/include/ur_controllers/scaled_joint_trajectory_controller_parameters.hpp
[18.819s] -- Up-to-date: /home/fv/workspace/ros_ur_driver/src/install/ur_controllers/include/ur_controllers/speed_scaling_state_broadcaster_parameters.hpp
[18.819s] -- Up-to-date: /home/fv/workspace/ros_ur_driver/src/install/ur_controllers/include/ur_controllers/tool_contact_controller_parameters.hpp
[18.819s] -- Up-to-date: /home/fv/workspace/ros_ur_driver/src/install/ur_controllers/include/ur_controllers/passthrough_trajectory_controller_parameters.hpp
[18.819s] -- Up-to-date: /home/fv/workspace/ros_ur_driver/src/install/ur_controllers/include/ur_controllers/force_mode_controller_parameters.hpp
[18.819s] -- Up-to-date: /home/fv/workspace/ros_ur_driver/src/install/ur_controllers/include/ur_controllers
[18.820s] -- Up-to-date: /home/fv/workspace/ros_ur_driver/src/install/ur_controllers/include/ur_controllers/ur_configuration_controller_parameters.hpp
[18.820s] -- Up-to-date: /home/fv/workspace/ros_ur_driver/src/install/ur_controllers/include/ur_controllers/freedrive_mode_controller_parameters.hpp
[18.820s] -- Up-to-date: /home/fv/workspace/ros_ur_driver/src/install/ur_controllers/include/ur_controllers/gpio_controller_parameters.hpp
[18.820s] -- Up-to-date: /home/fv/workspace/ros_ur_driver/src/install/ur_controllers/include/ur_controllers/scaled_joint_trajectory_controller_parameters.hpp
[18.820s] -- Up-to-date: /home/fv/workspace/ros_ur_driver/src/install/ur_controllers/include/ur_controllers/speed_scaling_state_broadcaster_parameters.hpp
[18.820s] -- Up-to-date: /home/fv/workspace/ros_ur_driver/src/install/ur_controllers/include/ur_controllers/tool_contact_controller_parameters.hpp
[18.820s] -- Up-to-date: /home/fv/workspace/ros_ur_driver/src/install/ur_controllers/include/ur_controllers/passthrough_trajectory_controller_parameters.hpp
[18.820s] -- Up-to-date: /home/fv/workspace/ros_ur_driver/src/install/ur_controllers/include/ur_controllers/force_mode_controller_parameters.hpp
[18.820s] -- Up-to-date: /home/fv/workspace/ros_ur_driver/src/install/ur_controllers/include/ur_controllers
[18.820s] -- Up-to-date: /home/fv/workspace/ros_ur_driver/src/install/ur_controllers/include/ur_controllers/ur_configuration_controller_parameters.hpp
[18.820s] -- Up-to-date: /home/fv/workspace/ros_ur_driver/src/install/ur_controllers/include/ur_controllers/freedrive_mode_controller_parameters.hpp
[18.820s] -- Up-to-date: /home/fv/workspace/ros_ur_driver/src/install/ur_controllers/include/ur_controllers/gpio_controller_parameters.hpp
[18.820s] -- Up-to-date: /home/fv/workspace/ros_ur_driver/src/install/ur_controllers/include/ur_controllers/scaled_joint_trajectory_controller_parameters.hpp
[18.820s] -- Up-to-date: /home/fv/workspace/ros_ur_driver/src/install/ur_controllers/include/ur_controllers/speed_scaling_state_broadcaster_parameters.hpp
[18.820s] -- Up-to-date: /home/fv/workspace/ros_ur_driver/src/install/ur_controllers/include/ur_controllers/tool_contact_controller_parameters.hpp
[18.820s] -- Up-to-date: /home/fv/workspace/ros_ur_driver/src/install/ur_controllers/include/ur_controllers/passthrough_trajectory_controller_parameters.hpp
[18.820s] -- Up-to-date: /home/fv/workspace/ros_ur_driver/src/install/ur_controllers/include/ur_controllers/force_mode_controller_parameters.hpp
[18.820s] -- Up-to-date: /home/fv/workspace/ros_ur_driver/src/install/ur_controllers/include/ur_controllers
[18.820s] -- Up-to-date: /home/fv/workspace/ros_ur_driver/src/install/ur_controllers/include/ur_controllers/ur_configuration_controller_parameters.hpp
[18.820s] -- Up-to-date: /home/fv/workspace/ros_ur_driver/src/install/ur_controllers/include/ur_controllers/freedrive_mode_controller_parameters.hpp
[18.820s] -- Up-to-date: /home/fv/workspace/ros_ur_driver/src/install/ur_controllers/include/ur_controllers/gpio_controller_parameters.hpp
[18.820s] -- Up-to-date: /home/fv/workspace/ros_ur_driver/src/install/ur_controllers/include/ur_controllers/scaled_joint_trajectory_controller_parameters.hpp
[18.820s] -- Up-to-date: /home/fv/workspace/ros_ur_driver/src/install/ur_controllers/include/ur_controllers/speed_scaling_state_broadcaster_parameters.hpp
[18.820s] -- Up-to-date: /home/fv/workspace/ros_ur_driver/src/install/ur_controllers/include/ur_controllers/tool_contact_controller_parameters.hpp
[18.820s] -- Up-to-date: /home/fv/workspace/ros_ur_driver/src/install/ur_controllers/include/ur_controllers/passthrough_trajectory_controller_parameters.hpp
[18.820s] -- Up-to-date: /home/fv/workspace/ros_ur_driver/src/install/ur_controllers/include/ur_controllers/force_mode_controller_parameters.hpp
[18.820s] -- Up-to-date: /home/fv/workspace/ros_ur_driver/src/install/ur_controllers/include/ur_controllers
[18.820s] -- Up-to-date: /home/fv/workspace/ros_ur_driver/src/install/ur_controllers/include/ur_controllers/ur_configuration_controller_parameters.hpp
[18.820s] -- Up-to-date: /home/fv/workspace/ros_ur_driver/src/install/ur_controllers/include/ur_controllers/freedrive_mode_controller_parameters.hpp
[18.820s] -- Up-to-date: /home/fv/workspace/ros_ur_driver/src/install/ur_controllers/include/ur_controllers/gpio_controller_parameters.hpp
[18.820s] -- Up-to-date: /home/fv/workspace/ros_ur_driver/src/install/ur_controllers/include/ur_controllers/scaled_joint_trajectory_controller_parameters.hpp
[18.821s] -- Up-to-date: /home/fv/workspace/ros_ur_driver/src/install/ur_controllers/include/ur_controllers/speed_scaling_state_broadcaster_parameters.hpp
[18.821s] -- Up-to-date: /home/fv/workspace/ros_ur_driver/src/install/ur_controllers/include/ur_controllers/tool_contact_controller_parameters.hpp
[18.821s] -- Up-to-date: /home/fv/workspace/ros_ur_driver/src/install/ur_controllers/include/ur_controllers/passthrough_trajectory_controller_parameters.hpp
[18.821s] -- Up-to-date: /home/fv/workspace/ros_ur_driver/src/install/ur_controllers/include/ur_controllers/force_mode_controller_parameters.hpp
[18.821s] -- Installing: /home/fv/workspace/ros_ur_driver/src/install/ur_controllers/share/ur_controllers/controller_plugins.xml
[18.821s] -- Installing: /home/fv/workspace/ros_ur_driver/src/install/ur_controllers/lib/libur_controllers.so
[18.823s] -- Set non-toolchain portion of runtime path of "/home/fv/workspace/ros_ur_driver/src/install/ur_controllers/lib/libur_controllers.so" to ""
[18.823s] -- Up-to-date: /home/fv/workspace/ros_ur_driver/src/install/ur_controllers/include
[18.823s] -- Up-to-date: /home/fv/workspace/ros_ur_driver/src/install/ur_controllers/include/ur_controllers
[18.823s] -- Installing: /home/fv/workspace/ros_ur_driver/src/install/ur_controllers/include/ur_controllers/freedrive_mode_controller.hpp
[18.823s] -- Installing: /home/fv/workspace/ros_ur_driver/src/install/ur_controllers/include/ur_controllers/ur_configuration_controller.hpp
[18.823s] -- Installing: /home/fv/workspace/ros_ur_driver/src/install/ur_controllers/include/ur_controllers/gpio_controller.hpp
[18.823s] -- Installing: /home/fv/workspace/ros_ur_driver/src/install/ur_controllers/include/ur_controllers/force_mode_controller.hpp
[18.823s] -- Installing: /home/fv/workspace/ros_ur_driver/src/install/ur_controllers/include/ur_controllers/scaled_joint_trajectory_controller.hpp
[18.823s] -- Installing: /home/fv/workspace/ros_ur_driver/src/install/ur_controllers/include/ur_controllers/tool_contact_controller.hpp
[18.823s] -- Installing: /home/fv/workspace/ros_ur_driver/src/install/ur_controllers/include/ur_controllers/speed_scaling_state_broadcaster.hpp
[18.823s] -- Installing: /home/fv/workspace/ros_ur_driver/src/install/ur_controllers/include/ur_controllers/passthrough_trajectory_controller.hpp
[18.823s] -- Up-to-date: /home/fv/workspace/ros_ur_driver/src/install/ur_controllers/share/ur_controllers/controller_plugins.xml
[18.823s] -- Installing: /home/fv/workspace/ros_ur_driver/src/install/ur_controllers/share/ur_controllers/environment/library_path.sh
[18.824s] -- Installing: /home/fv/workspace/ros_ur_driver/src/install/ur_controllers/share/ur_controllers/environment/library_path.dsv
[18.824s] -- Installing: /home/fv/workspace/ros_ur_driver/src/install/ur_controllers/share/ament_index/resource_index/package_run_dependencies/ur_controllers
[18.824s] -- Installing: /home/fv/workspace/ros_ur_driver/src/install/ur_controllers/share/ament_index/resource_index/parent_prefix_path/ur_controllers
[18.824s] -- Installing: /home/fv/workspace/ros_ur_driver/src/install/ur_controllers/share/ur_controllers/environment/ament_prefix_path.sh
[18.824s] -- Installing: /home/fv/workspace/ros_ur_driver/src/install/ur_controllers/share/ur_controllers/environment/ament_prefix_path.dsv
[18.824s] -- Installing: /home/fv/workspace/ros_ur_driver/src/install/ur_controllers/share/ur_controllers/environment/path.sh
[18.824s] -- Installing: /home/fv/workspace/ros_ur_driver/src/install/ur_controllers/share/ur_controllers/environment/path.dsv
[18.824s] -- Installing: /home/fv/workspace/ros_ur_driver/src/install/ur_controllers/share/ur_controllers/local_setup.bash
[18.824s] -- Installing: /home/fv/workspace/ros_ur_driver/src/install/ur_controllers/share/ur_controllers/local_setup.sh
[18.825s] -- Installing: /home/fv/workspace/ros_ur_driver/src/install/ur_controllers/share/ur_controllers/local_setup.zsh
[18.825s] -- Installing: /home/fv/workspace/ros_ur_driver/src/install/ur_controllers/share/ur_controllers/local_setup.dsv
[18.825s] -- Installing: /home/fv/workspace/ros_ur_driver/src/install/ur_controllers/share/ur_controllers/package.dsv
[18.825s] -- Installing: /home/fv/workspace/ros_ur_driver/src/install/ur_controllers/share/ament_index/resource_index/packages/ur_controllers
[18.825s] -- Installing: /home/fv/workspace/ros_ur_driver/src/install/ur_controllers/share/ament_index/resource_index/controller_interface__pluginlib__plugin/ur_controllers
[18.825s] -- Installing: /home/fv/workspace/ros_ur_driver/src/install/ur_controllers/share/ur_controllers/cmake/ament_cmake_export_dependencies-extras.cmake
[18.825s] -- Installing: /home/fv/workspace/ros_ur_driver/src/install/ur_controllers/share/ur_controllers/cmake/ament_cmake_export_include_directories-extras.cmake
[18.825s] -- Installing: /home/fv/workspace/ros_ur_driver/src/install/ur_controllers/share/ur_controllers/cmake/ament_cmake_export_libraries-extras.cmake
[18.825s] -- Installing: /home/fv/workspace/ros_ur_driver/src/install/ur_controllers/share/ur_controllers/cmake/ur_controllersConfig.cmake
[18.825s] -- Installing: /home/fv/workspace/ros_ur_driver/src/install/ur_controllers/share/ur_controllers/cmake/ur_controllersConfig-version.cmake
[18.826s] -- Installing: /home/fv/workspace/ros_ur_driver/src/install/ur_controllers/share/ur_controllers/package.xml
[18.828s] Invoked command in '/home/fv/workspace/ros_ur_driver/src/build/ur_controllers' returned '0': AMENT_PREFIX_PATH=/home/fv/workspace/ros_ur_driver/src/install/ur_msgs:/home/fv/workspace/ros_ur_driver/src/install/ur_dashboard_msgs:/home/fv/workspace/ros_ur_driver/src/install/realtime_tools:${AMENT_PREFIX_PATH} CMAKE_PREFIX_PATH=/home/fv/workspace/ros_ur_driver/src/install/ur_msgs:/home/fv/workspace/ros_ur_driver/src/install/ur_dashboard_msgs:/home/fv/workspace/ros_ur_driver/src/install/realtime_tools:/opt/ros/jazzy/opt/sdformat_vendor:/opt/ros/jazzy/opt/gz_math_vendor:/opt/ros/jazzy/opt/gz_utils_vendor:/opt/ros/jazzy/opt/gz_tools_vendor:/opt/ros/jazzy/opt/gz_cmake_vendor:/opt/ros/jazzy CONDA_PROMPT_MODIFIER=(base) DEBUGINFOD_URLS=https://debuginfod.ubuntu.com LD_LIBRARY_PATH=/home/fv/workspace/ros_ur_driver/src/install/ur_msgs/lib:/home/fv/workspace/ros_ur_driver/src/install/ur_dashboard_msgs/lib:/home/fv/workspace/ros_ur_driver/src/install/realtime_tools/lib:${LD_LIBRARY_PATH} PS1=(venv) (base) \[\e]0;\u@\h: \w\a\]${debian_chroot:+($debian_chroot)}\[\033[01;32m\]\u@\h\[\033[00m\]:\[\033[01;34m\]\w\[\033[00m\]\$ PYTHONPATH=/home/fv/workspace/ros_ur_driver/src/install/ur_msgs/lib/python3.13/site-packages:/home/fv/workspace/ros_ur_driver/src/install/ur_dashboard_msgs/lib/python3.13/site-packages:${PYTHONPATH} VIRTUAL_ENV_PROMPT=(venv) /usr/bin/cmake --install /home/fv/workspace/ros_ur_driver/src/build/ur_controllers
