[0.010s] Invoking command in '/home/fv/workspace/ros_ur_driver/src/build/control_toolbox': AMENT_PREFIX_PATH=/home/fv/workspace/ros_ur_driver/src/install/realtime_tools:/home/fv/workspace/ros_ur_driver/src/install/control_msgs:${AMENT_PREFIX_PATH} CMAKE_PREFIX_PATH=/home/fv/workspace/ros_ur_driver/src/install/realtime_tools:/home/fv/workspace/ros_ur_driver/src/install/control_msgs:/opt/ros/jazzy/opt/sdformat_vendor:/opt/ros/jazzy/opt/gz_math_vendor:/opt/ros/jazzy/opt/gz_utils_vendor:/opt/ros/jazzy/opt/gz_tools_vendor:/opt/ros/jazzy/opt/gz_cmake_vendor:/opt/ros/jazzy CONDA_PROMPT_MODIFIER=(base) DEBUGINFOD_URLS=https://debuginfod.ubuntu.com LD_LIBRARY_PATH=/home/fv/workspace/ros_ur_driver/src/install/realtime_tools/lib:/home/fv/workspace/ros_ur_driver/src/install/control_msgs/lib:${LD_LIBRARY_PATH} PS1=(venv) (base) \[\e]0;\u@\h: \w\a\]${debian_chroot:+($debian_chroot)}\[\033[01;32m\]\u@\h\[\033[00m\]:\[\033[01;34m\]\w\[\033[00m\]\$ PYTHONPATH=/home/fv/workspace/ros_ur_driver/src/install/control_msgs/lib/python3.13/site-packages:${PYTHONPATH} VIRTUAL_ENV_PROMPT=(venv) /usr/bin/cmake /home/fv/workspace/ros_ur_driver/src/control_toolbox/control_toolbox -DCMAKE_BUILD_TYPE=Release -DCMAKE_INSTALL_PREFIX=/home/fv/workspace/ros_ur_driver/src/install/control_toolbox
[0.063s] -- The CXX compiler identification is GNU 13.3.0
[0.077s] -- Detecting CXX compiler ABI info
[0.159s] -- Detecting CXX compiler ABI info - done
[0.168s] -- Check for working CXX compiler: /usr/bin/c++ - skipped
[0.168s] -- Detecting CXX compile features
[0.169s] -- Detecting CXX compile features - done
[0.170s] -- Found ros2_control_cmake: 0.2.1 (/opt/ros/jazzy/share/ros2_control_cmake/cmake)
[0.170s] -- Compiler warnings enabled for GNU
[0.170s] -- Detected GCC Version: 13.3.0 (Major: 13, Minor: 3)
[0.173s] -- Found ament_cmake: 2.5.4 (/opt/ros/jazzy/share/ament_cmake/cmake)
[0.281s] -- Found Python3: /home/fv/venv/bin/python3 (found version "3.13.5") found components: Interpreter 
[0.368s] -- Found control_msgs: 5.5.0 (/home/fv/workspace/ros_ur_driver/src/install/control_msgs/share/control_msgs/cmake)
[0.399s] -- Found rosidl_generator_c: 4.6.6 (/opt/ros/jazzy/share/rosidl_generator_c/cmake)
[0.407s] -- Found rosidl_generator_cpp: 4.6.6 (/opt/ros/jazzy/share/rosidl_generator_cpp/cmake)
[0.417s] -- Using all available rosidl_typesupport_c: rosidl_typesupport_fastrtps_c;rosidl_typesupport_introspection_c
[0.429s] -- Using all available rosidl_typesupport_cpp: rosidl_typesupport_fastrtps_cpp;rosidl_typesupport_introspection_cpp
[0.550s] -- Found rclcpp: 28.1.12 (/opt/ros/jazzy/share/rclcpp/cmake)
[0.581s] -- Found rmw_implementation_cmake: 7.3.2 (/opt/ros/jazzy/share/rmw_implementation_cmake/cmake)
[0.583s] -- Found rmw_fastrtps_cpp: 8.4.3 (/opt/ros/jazzy/share/rmw_fastrtps_cpp/cmake)
[0.642s] -- Found OpenSSL: /usr/lib/x86_64-linux-gnu/libcrypto.so (found version "3.0.13")  
[0.663s] -- Found FastRTPS: /opt/ros/jazzy/include (Required is at least version "2.13") 
[0.685s] -- Using RMW implementation 'rmw_fastrtps_cpp' as default
[0.732s] -- Found realtime_tools: 3.9.0 (/home/fv/workspace/ros_ur_driver/src/install/realtime_tools/share/realtime_tools/cmake)
[0.841s] -- Found filters: 2.2.2 (/opt/ros/jazzy/share/filters/cmake)
[0.854s] -- Found generate_parameter_library: 0.5.0 (/opt/ros/jazzy/share/generate_parameter_library/cmake)
[0.855s] -- Found parameter_traits: 0.5.0 (/opt/ros/jazzy/share/parameter_traits/cmake)
[0.867s] -- Found rclcpp_lifecycle: 28.1.12 (/opt/ros/jazzy/share/rclcpp_lifecycle/cmake)
[0.889s] -- Found tf2_geometry_msgs: 0.36.14 (/opt/ros/jazzy/share/tf2_geometry_msgs/cmake)
[0.895s] -- Found eigen3_cmake_module: 0.3.0 (/opt/ros/jazzy/share/eigen3_cmake_module/cmake)
[0.896s] -- Found Eigen3: TRUE (found version "3.4.0") 
[0.896s] -- Ensuring Eigen3 include directory is part of orocos-kdl CMake target
[0.954s] -- Found ament_cmake_gmock: 2.5.4 (/opt/ros/jazzy/share/ament_cmake_gmock/cmake)
[0.956s] -- Found gmock sources under '/opt/ros/jazzy/src/gmock_vendor': C++ tests using 'Google Mock' will be built
[0.988s] -- The C compiler identification is GNU 13.3.0
[0.999s] -- Detecting C compiler ABI info
[1.099s] -- Detecting C compiler ABI info - done
[1.109s] -- Check for working C compiler: /usr/bin/cc - skipped
[1.109s] -- Detecting C compile features
[1.110s] -- Detecting C compile features - done
[1.112s] -- Found ament_cmake_gtest: 2.5.4 (/opt/ros/jazzy/share/ament_cmake_gtest/cmake)
[1.113s] -- Found gtest sources under '/opt/ros/jazzy/src/gtest_vendor': C++ tests using 'Google Test' will be built
[1.181s] -- Configuring done (1.2s)
[1.248s] -- Generating done (0.1s)
[1.271s] -- Build files have been written to: /home/fv/workspace/ros_ur_driver/src/build/control_toolbox
[1.283s] Invoked command in '/home/fv/workspace/ros_ur_driver/src/build/control_toolbox' returned '0': AMENT_PREFIX_PATH=/home/fv/workspace/ros_ur_driver/src/install/realtime_tools:/home/fv/workspace/ros_ur_driver/src/install/control_msgs:${AMENT_PREFIX_PATH} CMAKE_PREFIX_PATH=/home/fv/workspace/ros_ur_driver/src/install/realtime_tools:/home/fv/workspace/ros_ur_driver/src/install/control_msgs:/opt/ros/jazzy/opt/sdformat_vendor:/opt/ros/jazzy/opt/gz_math_vendor:/opt/ros/jazzy/opt/gz_utils_vendor:/opt/ros/jazzy/opt/gz_tools_vendor:/opt/ros/jazzy/opt/gz_cmake_vendor:/opt/ros/jazzy CONDA_PROMPT_MODIFIER=(base) DEBUGINFOD_URLS=https://debuginfod.ubuntu.com LD_LIBRARY_PATH=/home/fv/workspace/ros_ur_driver/src/install/realtime_tools/lib:/home/fv/workspace/ros_ur_driver/src/install/control_msgs/lib:${LD_LIBRARY_PATH} PS1=(venv) (base) \[\e]0;\u@\h: \w\a\]${debian_chroot:+($debian_chroot)}\[\033[01;32m\]\u@\h\[\033[00m\]:\[\033[01;34m\]\w\[\033[00m\]\$ PYTHONPATH=/home/fv/workspace/ros_ur_driver/src/install/control_msgs/lib/python3.13/site-packages:${PYTHONPATH} VIRTUAL_ENV_PROMPT=(venv) /usr/bin/cmake /home/fv/workspace/ros_ur_driver/src/control_toolbox/control_toolbox -DCMAKE_BUILD_TYPE=Release -DCMAKE_INSTALL_PREFIX=/home/fv/workspace/ros_ur_driver/src/install/control_toolbox
[1.283s] Invoking command in '/home/fv/workspace/ros_ur_driver/src/build/control_toolbox': AMENT_PREFIX_PATH=/home/fv/workspace/ros_ur_driver/src/install/realtime_tools:/home/fv/workspace/ros_ur_driver/src/install/control_msgs:${AMENT_PREFIX_PATH} CMAKE_PREFIX_PATH=/home/fv/workspace/ros_ur_driver/src/install/realtime_tools:/home/fv/workspace/ros_ur_driver/src/install/control_msgs:/opt/ros/jazzy/opt/sdformat_vendor:/opt/ros/jazzy/opt/gz_math_vendor:/opt/ros/jazzy/opt/gz_utils_vendor:/opt/ros/jazzy/opt/gz_tools_vendor:/opt/ros/jazzy/opt/gz_cmake_vendor:/opt/ros/jazzy CONDA_PROMPT_MODIFIER=(base) DEBUGINFOD_URLS=https://debuginfod.ubuntu.com LD_LIBRARY_PATH=/home/fv/workspace/ros_ur_driver/src/install/realtime_tools/lib:/home/fv/workspace/ros_ur_driver/src/install/control_msgs/lib:${LD_LIBRARY_PATH} PS1=(venv) (base) \[\e]0;\u@\h: \w\a\]${debian_chroot:+($debian_chroot)}\[\033[01;32m\]\u@\h\[\033[00m\]:\[\033[01;34m\]\w\[\033[00m\]\$ PYTHONPATH=/home/fv/workspace/ros_ur_driver/src/install/control_msgs/lib/python3.13/site-packages:${PYTHONPATH} VIRTUAL_ENV_PROMPT=(venv) /usr/bin/cmake --build /home/fv/workspace/ros_ur_driver/src/build/control_toolbox -- -j20 -l20
[1.331s] [  5%] [34m[1mRunning `/opt/ros/jazzy/bin/generate_parameter_library_cpp /home/fv/workspace/ros_ur_driver/src/build/control_toolbox/include/control_toolbox/exponential_filter_parameters.hpp /home/fv/workspace/ros_ur_driver/src/control_toolbox/control_toolbox/src/control_filters/exponential_filter_parameters.yaml custom_validators.hpp`[0m
[1.331s] [  5%] [32mBuilding CXX object gmock/CMakeFiles/gmock_main.dir/src/gmock_main.cc.o[0m
[1.331s] [  5%] [32mBuilding CXX object gmock/CMakeFiles/gmock.dir/opt/ros/jazzy/src/gtest_vendor/src/gtest-all.cc.o[0m
[1.331s] [  7%] [32mBuilding CXX object CMakeFiles/control_toolbox.dir/src/pid_ros.cpp.o[0m
[1.331s] [  9%] [34m[1mRunning `/opt/ros/jazzy/bin/generate_parameter_library_cpp /home/fv/workspace/ros_ur_driver/src/build/control_toolbox/include/control_toolbox/gravity_compensation_filter_parameters.hpp /home/fv/workspace/ros_ur_driver/src/control_toolbox/control_toolbox/src/control_filters/gravity_compensation_filter_parameters.yaml `[0m
[1.331s] [ 11%] [32mBuilding CXX object gmock/CMakeFiles/gmock.dir/src/gmock-all.cc.o[0m
[1.331s] [ 13%] [32mBuilding CXX object CMakeFiles/control_toolbox.dir/src/dither.cpp.o[0m
[1.332s] [ 17%] [34m[1mRunning `/opt/ros/jazzy/bin/generate_parameter_library_cpp /home/fv/workspace/ros_ur_driver/src/build/control_toolbox/include/control_toolbox/rate_limiter_parameters.hpp /home/fv/workspace/ros_ur_driver/src/control_toolbox/control_toolbox/src/control_filters/rate_limiter_parameters.yaml custom_validators.hpp`[0m
[1.332s] [ 17%] [34m[1mRunning `/opt/ros/jazzy/bin/generate_parameter_library_cpp /home/fv/workspace/ros_ur_driver/src/build/control_toolbox/include/control_toolbox/low_pass_filter_parameters.hpp /home/fv/workspace/ros_ur_driver/src/control_toolbox/control_toolbox/src/control_filters/low_pass_filter_parameters.yaml `[0m
[1.332s] [ 19%] [32mBuilding CXX object CMakeFiles/control_toolbox.dir/src/limited_proxy.cpp.o[0m
[1.332s] [ 21%] [32mBuilding CXX object CMakeFiles/control_toolbox.dir/src/sine_sweep.cpp.o[0m
[1.334s] [ 23%] [32mBuilding CXX object CMakeFiles/control_toolbox.dir/src/pid.cpp.o[0m
[1.337s] [ 25%] [32mBuilding CXX object CMakeFiles/control_toolbox.dir/src/sinusoid.cpp.o[0m
[2.006s] [ 26%] [34m[1mCreating deprecated header file /home/fv/workspace/ros_ur_driver/src/build/control_toolbox/include/exponential_filter_parameters.hpp[0m
[2.024s] [ 28%] [34m[1mCreating deprecated header file /home/fv/workspace/ros_ur_driver/src/build/control_toolbox/include/low_pass_filter_parameters.hpp[0m
[2.049s] [ 28%] Built target exponential_filter_parameters
[2.061s] [ 28%] Built target low_pass_filter_parameters
[2.067s] [ 30%] [34m[1mCreating deprecated header file /home/fv/workspace/ros_ur_driver/src/build/control_toolbox/include/gravity_compensation_filter_parameters.hpp[0m
[2.090s] [ 32%] [32mBuilding CXX object CMakeFiles/low_pass_filter.dir/src/control_filters/low_pass_filter.cpp.o[0m
[2.100s] [ 34%] [32mBuilding CXX object CMakeFiles/exponential_filter.dir/src/control_filters/exponential_filter.cpp.o[0m
[2.107s] [ 34%] Built target gravity_compensation_filter_parameters
[2.156s] [ 36%] [32mBuilding CXX object CMakeFiles/gravity_compensation.dir/src/control_filters/gravity_compensation.cpp.o[0m
[2.173s] [ 38%] [34m[1mCreating deprecated header file /home/fv/workspace/ros_ur_driver/src/build/control_toolbox/include/rate_limiter_parameters.hpp[0m
[2.211s] [ 38%] Built target rate_limiter_parameters
[2.259s] [ 40%] [32mBuilding CXX object CMakeFiles/rate_limiter.dir/src/control_filters/rate_limiter.cpp.o[0m
[2.629s] [ 42%] [32m[1mLinking CXX static library libgmock_main.a[0m
[2.703s] [ 42%] Built target gmock_main
[8.240s] [ 44%] [32m[1mLinking CXX shared library libexponential_filter.so[0m
[8.446s] [ 46%] [32m[1mLinking CXX shared library libcontrol_toolbox.so[0m
[8.454s] [ 46%] Built target exponential_filter
[8.858s] [ 46%] Built target control_toolbox
[10.690s] [ 48%] [32m[1mLinking CXX shared library liblow_pass_filter.so[0m
[11.005s] [ 48%] Built target low_pass_filter
[12.929s] [ 50%] [32m[1mLinking CXX shared library libgravity_compensation.so[0m
[13.333s] [ 50%] Built target gravity_compensation
[14.161s] [ 51%] [32m[1mLinking CXX static library libgmock.a[0m
[14.263s] [ 51%] Built target gmock
[14.302s] [ 53%] [32mBuilding CXX object CMakeFiles/pid_ros_publisher_tests.dir/test/pid_ros_publisher_tests.cpp.o[0m
[14.308s] [ 55%] [32mBuilding CXX object CMakeFiles/pid_ros_parameters_tests.dir/test/pid_ros_parameters_tests.cpp.o[0m
[14.315s] [ 57%] [32mBuilding CXX object CMakeFiles/rate_limiter_tests.dir/test/rate_limiter.cpp.o[0m
[14.319s] [ 59%] [32mBuilding CXX object CMakeFiles/test_low_pass_filter.dir/test/control_filters/test_low_pass_filter.cpp.o[0m
[14.323s] [ 61%] [32mBuilding CXX object CMakeFiles/test_load_low_pass_filter.dir/test/control_filters/test_load_low_pass_filter.cpp.o[0m
[14.325s] [ 63%] [32mBuilding CXX object CMakeFiles/test_load_gravity_compensation.dir/test/control_filters/test_load_gravity_compensation.cpp.o[0m
[14.326s] [ 65%] [32mBuilding CXX object CMakeFiles/test_load_exponential_filter.dir/test/control_filters/test_load_exponential_filter.cpp.o[0m
[14.326s] [ 67%] [32mBuilding CXX object CMakeFiles/test_exponential_filter.dir/test/control_filters/test_exponential_filter.cpp.o[0m
[14.327s] [ 69%] [32mBuilding CXX object CMakeFiles/pid_tests.dir/test/pid_tests.cpp.o[0m
[14.330s] [ 71%] [32mBuilding CXX object CMakeFiles/test_gravity_compensation.dir/test/control_filters/test_gravity_compensation.cpp.o[0m
[14.562s] [ 73%] [32m[1mLinking CXX shared library librate_limiter.so[0m
[14.746s] [ 73%] Built target rate_limiter
[14.784s] [ 75%] [32mBuilding CXX object CMakeFiles/test_rate_limiter.dir/test/control_filters/test_rate_limiter.cpp.o[0m
[14.814s] [ 76%] [32mBuilding CXX object CMakeFiles/test_load_rate_limiter.dir/test/control_filters/test_load_rate_limiter.cpp.o[0m
[20.074s] [ 78%] [32m[1mLinking CXX executable rate_limiter_tests[0m
[21.091s] [ 78%] Built target rate_limiter_tests
[22.920s] [01m[K/home/fv/workspace/ros_ur_driver/src/control_toolbox/control_toolbox/test/pid_ros_parameters_tests.cpp:[m[K In member function ‘[01m[Kvirtual void PidParametersTest_PrintValuesLogsExpectedContent_Test::[01;32m[KTestBody[m[K()[m[K’:
[22.921s] [01m[K/home/fv/workspace/ros_ur_driver/src/control_toolbox/control_toolbox/test/pid_ros_parameters_tests.cpp:763:35:[m[K [01;35m[Kwarning: [m[Kignoring return value of ‘[01m[Krcutils_ret_t[01;32m[K rcutils_logging_set_logger_level[m[K(const char*, int)[m[K’ declared with attribute ‘[01m[Kwarn_unused_result[m[K’ [[01;35m[K]8;;https://gcc.gnu.org/onlinedocs/gcc/Warning-Options.html#index-Wunused-result-Wunused-result]8;;[m[K]
[22.921s]   763 |   [01;35m[Krcutils_logging_set_logger_level(kLoggerName, RCUTILS_LOG_SEVERITY_INFO)[m[K;
[22.921s]       |   [01;35m[K~~~~~~~~~~~~~~~~~~~~~~~~~~~~~~~~^~~~~~~~~~~~~~~~~~~~~~~~~~~~~~~~~~~~~~~~[m[K
[23.790s] [ 80%] [32m[1mLinking CXX executable pid_tests[0m
[24.208s] [ 80%] Built target pid_tests
[27.194s] [ 82%] [32m[1mLinking CXX executable test_exponential_filter[0m
[27.455s] [ 82%] Built target test_exponential_filter
[28.046s] [ 84%] [32m[1mLinking CXX executable test_rate_limiter[0m
[28.285s] [ 84%] Built target test_rate_limiter
[29.442s] [ 86%] [32m[1mLinking CXX executable test_low_pass_filter[0m
[29.612s] [ 86%] Built target test_low_pass_filter
[30.131s] [ 88%] [32m[1mLinking CXX executable test_load_exponential_filter[0m
[30.319s] [ 88%] Built target test_load_exponential_filter
[31.041s] [ 90%] [32m[1mLinking CXX executable test_load_gravity_compensation[0m
[31.328s] [ 90%] Built target test_load_gravity_compensation
[32.134s] [ 92%] [32m[1mLinking CXX executable pid_ros_parameters_tests[0m
[32.781s] [ 92%] Built target pid_ros_parameters_tests
[33.474s] [ 94%] [32m[1mLinking CXX executable test_load_rate_limiter[0m
[33.557s] [ 96%] [32m[1mLinking CXX executable test_gravity_compensation[0m
[33.650s] [ 96%] Built target test_load_rate_limiter
[34.066s] [ 98%] [32m[1mLinking CXX executable pid_ros_publisher_tests[0m
[34.114s] [ 98%] Built target test_gravity_compensation
[34.304s] [ 98%] Built target pid_ros_publisher_tests
[40.434s] [100%] [32m[1mLinking CXX executable test_load_low_pass_filter[0m
[40.699s] [100%] Built target test_load_low_pass_filter
[40.747s] Invoked command in '/home/fv/workspace/ros_ur_driver/src/build/control_toolbox' returned '0': AMENT_PREFIX_PATH=/home/fv/workspace/ros_ur_driver/src/install/realtime_tools:/home/fv/workspace/ros_ur_driver/src/install/control_msgs:${AMENT_PREFIX_PATH} CMAKE_PREFIX_PATH=/home/fv/workspace/ros_ur_driver/src/install/realtime_tools:/home/fv/workspace/ros_ur_driver/src/install/control_msgs:/opt/ros/jazzy/opt/sdformat_vendor:/opt/ros/jazzy/opt/gz_math_vendor:/opt/ros/jazzy/opt/gz_utils_vendor:/opt/ros/jazzy/opt/gz_tools_vendor:/opt/ros/jazzy/opt/gz_cmake_vendor:/opt/ros/jazzy CONDA_PROMPT_MODIFIER=(base) DEBUGINFOD_URLS=https://debuginfod.ubuntu.com LD_LIBRARY_PATH=/home/fv/workspace/ros_ur_driver/src/install/realtime_tools/lib:/home/fv/workspace/ros_ur_driver/src/install/control_msgs/lib:${LD_LIBRARY_PATH} PS1=(venv) (base) \[\e]0;\u@\h: \w\a\]${debian_chroot:+($debian_chroot)}\[\033[01;32m\]\u@\h\[\033[00m\]:\[\033[01;34m\]\w\[\033[00m\]\$ PYTHONPATH=/home/fv/workspace/ros_ur_driver/src/install/control_msgs/lib/python3.13/site-packages:${PYTHONPATH} VIRTUAL_ENV_PROMPT=(venv) /usr/bin/cmake --build /home/fv/workspace/ros_ur_driver/src/build/control_toolbox -- -j20 -l20
[40.750s] Invoking command in '/home/fv/workspace/ros_ur_driver/src/build/control_toolbox': AMENT_PREFIX_PATH=/home/fv/workspace/ros_ur_driver/src/install/realtime_tools:/home/fv/workspace/ros_ur_driver/src/install/control_msgs:${AMENT_PREFIX_PATH} CMAKE_PREFIX_PATH=/home/fv/workspace/ros_ur_driver/src/install/realtime_tools:/home/fv/workspace/ros_ur_driver/src/install/control_msgs:/opt/ros/jazzy/opt/sdformat_vendor:/opt/ros/jazzy/opt/gz_math_vendor:/opt/ros/jazzy/opt/gz_utils_vendor:/opt/ros/jazzy/opt/gz_tools_vendor:/opt/ros/jazzy/opt/gz_cmake_vendor:/opt/ros/jazzy CONDA_PROMPT_MODIFIER=(base) DEBUGINFOD_URLS=https://debuginfod.ubuntu.com LD_LIBRARY_PATH=/home/fv/workspace/ros_ur_driver/src/install/realtime_tools/lib:/home/fv/workspace/ros_ur_driver/src/install/control_msgs/lib:${LD_LIBRARY_PATH} PS1=(venv) (base) \[\e]0;\u@\h: \w\a\]${debian_chroot:+($debian_chroot)}\[\033[01;32m\]\u@\h\[\033[00m\]:\[\033[01;34m\]\w\[\033[00m\]\$ PYTHONPATH=/home/fv/workspace/ros_ur_driver/src/install/control_msgs/lib/python3.13/site-packages:${PYTHONPATH} VIRTUAL_ENV_PROMPT=(venv) /usr/bin/cmake --install /home/fv/workspace/ros_ur_driver/src/build/control_toolbox
[40.760s] -- Install configuration: "Release"
[40.761s] -- Installing: /home/fv/workspace/ros_ur_driver/src/install/control_toolbox/include/control_toolbox
[40.761s] -- Installing: /home/fv/workspace/ros_ur_driver/src/install/control_toolbox/include/control_toolbox/rate_limiter_parameters.hpp
[40.761s] -- Installing: /home/fv/workspace/ros_ur_driver/src/install/control_toolbox/include/control_toolbox/custom_validators.hpp
[40.761s] -- Installing: /home/fv/workspace/ros_ur_driver/src/install/control_toolbox/include/control_toolbox/low_pass_filter_parameters.hpp
[40.761s] -- Installing: /home/fv/workspace/ros_ur_driver/src/install/control_toolbox/include/control_toolbox/exponential_filter_parameters.hpp
[40.761s] -- Installing: /home/fv/workspace/ros_ur_driver/src/install/control_toolbox/include/control_toolbox/gravity_compensation_filter_parameters.hpp
[40.761s] -- Up-to-date: /home/fv/workspace/ros_ur_driver/src/install/control_toolbox/include/control_toolbox
[40.762s] -- Up-to-date: /home/fv/workspace/ros_ur_driver/src/install/control_toolbox/include/control_toolbox/rate_limiter_parameters.hpp
[40.762s] -- Up-to-date: /home/fv/workspace/ros_ur_driver/src/install/control_toolbox/include/control_toolbox/custom_validators.hpp
[40.762s] -- Up-to-date: /home/fv/workspace/ros_ur_driver/src/install/control_toolbox/include/control_toolbox/low_pass_filter_parameters.hpp
[40.762s] -- Up-to-date: /home/fv/workspace/ros_ur_driver/src/install/control_toolbox/include/control_toolbox/exponential_filter_parameters.hpp
[40.762s] -- Up-to-date: /home/fv/workspace/ros_ur_driver/src/install/control_toolbox/include/control_toolbox/gravity_compensation_filter_parameters.hpp
[40.762s] -- Up-to-date: /home/fv/workspace/ros_ur_driver/src/install/control_toolbox/include/control_toolbox
[40.762s] -- Up-to-date: /home/fv/workspace/ros_ur_driver/src/install/control_toolbox/include/control_toolbox/rate_limiter_parameters.hpp
[40.762s] -- Up-to-date: /home/fv/workspace/ros_ur_driver/src/install/control_toolbox/include/control_toolbox/custom_validators.hpp
[40.763s] -- Up-to-date: /home/fv/workspace/ros_ur_driver/src/install/control_toolbox/include/control_toolbox/low_pass_filter_parameters.hpp
[40.763s] -- Up-to-date: /home/fv/workspace/ros_ur_driver/src/install/control_toolbox/include/control_toolbox/exponential_filter_parameters.hpp
[40.763s] -- Up-to-date: /home/fv/workspace/ros_ur_driver/src/install/control_toolbox/include/control_toolbox/gravity_compensation_filter_parameters.hpp
[40.763s] -- Up-to-date: /home/fv/workspace/ros_ur_driver/src/install/control_toolbox/include/control_toolbox
[40.763s] -- Up-to-date: /home/fv/workspace/ros_ur_driver/src/install/control_toolbox/include/control_toolbox/rate_limiter_parameters.hpp
[40.763s] -- Up-to-date: /home/fv/workspace/ros_ur_driver/src/install/control_toolbox/include/control_toolbox/custom_validators.hpp
[40.763s] -- Up-to-date: /home/fv/workspace/ros_ur_driver/src/install/control_toolbox/include/control_toolbox/low_pass_filter_parameters.hpp
[40.763s] -- Up-to-date: /home/fv/workspace/ros_ur_driver/src/install/control_toolbox/include/control_toolbox/exponential_filter_parameters.hpp
[40.763s] -- Up-to-date: /home/fv/workspace/ros_ur_driver/src/install/control_toolbox/include/control_toolbox/gravity_compensation_filter_parameters.hpp
[40.764s] -- Installing: /home/fv/workspace/ros_ur_driver/src/install/control_toolbox/share/control_toolbox/control_filters.xml
[40.764s] -- Up-to-date: /home/fv/workspace/ros_ur_driver/src/install/control_toolbox/include/control_toolbox
[40.764s] -- Installing: /home/fv/workspace/ros_ur_driver/src/install/control_toolbox/include/control_toolbox/control_filters
[40.764s] -- Installing: /home/fv/workspace/ros_ur_driver/src/install/control_toolbox/include/control_toolbox/control_filters/rate_limiter.hpp
[40.764s] -- Installing: /home/fv/workspace/ros_ur_driver/src/install/control_toolbox/include/control_toolbox/control_filters/custom_validators.hpp
[40.764s] -- Installing: /home/fv/workspace/ros_ur_driver/src/install/control_toolbox/include/control_toolbox/control_filters/gravity_compensation.hpp
[40.764s] -- Installing: /home/fv/workspace/ros_ur_driver/src/install/control_toolbox/include/control_toolbox/control_filters/low_pass_filter.hpp
[40.764s] -- Installing: /home/fv/workspace/ros_ur_driver/src/install/control_toolbox/include/control_toolbox/control_filters/exponential_filter.hpp
[40.764s] -- Installing: /home/fv/workspace/ros_ur_driver/src/install/control_toolbox/include/control_toolbox/control_toolbox
[40.765s] -- Installing: /home/fv/workspace/ros_ur_driver/src/install/control_toolbox/include/control_toolbox/control_toolbox/limited_proxy.hpp
[40.765s] -- Installing: /home/fv/workspace/ros_ur_driver/src/install/control_toolbox/include/control_toolbox/control_toolbox/sine_sweep.hpp
[40.765s] -- Installing: /home/fv/workspace/ros_ur_driver/src/install/control_toolbox/include/control_toolbox/control_toolbox/sinusoid.hpp
[40.765s] -- Installing: /home/fv/workspace/ros_ur_driver/src/install/control_toolbox/include/control_toolbox/control_toolbox/rate_limiter.hpp
[40.765s] -- Installing: /home/fv/workspace/ros_ur_driver/src/install/control_toolbox/include/control_toolbox/control_toolbox/dither.hpp
[40.765s] -- Installing: /home/fv/workspace/ros_ur_driver/src/install/control_toolbox/include/control_toolbox/control_toolbox/pid_ros.hpp
[40.766s] -- Installing: /home/fv/workspace/ros_ur_driver/src/install/control_toolbox/include/control_toolbox/control_toolbox/pid.hpp
[40.766s] -- Installing: /home/fv/workspace/ros_ur_driver/src/install/control_toolbox/include/control_toolbox/control_toolbox/filters.hpp
[40.766s] -- Installing: /home/fv/workspace/ros_ur_driver/src/install/control_toolbox/include/control_toolbox/control_toolbox/low_pass_filter.hpp
[40.766s] -- Installing: /home/fv/workspace/ros_ur_driver/src/install/control_toolbox/lib/libcontrol_toolbox.so
[40.767s] -- Set non-toolchain portion of runtime path of "/home/fv/workspace/ros_ur_driver/src/install/control_toolbox/lib/libcontrol_toolbox.so" to ""
[40.767s] -- Installing: /home/fv/workspace/ros_ur_driver/src/install/control_toolbox/lib/liblow_pass_filter.so
[40.768s] -- Set non-toolchain portion of runtime path of "/home/fv/workspace/ros_ur_driver/src/install/control_toolbox/lib/liblow_pass_filter.so" to ""
[40.768s] -- Installing: /home/fv/workspace/ros_ur_driver/src/install/control_toolbox/lib/librate_limiter.so
[40.768s] -- Set non-toolchain portion of runtime path of "/home/fv/workspace/ros_ur_driver/src/install/control_toolbox/lib/librate_limiter.so" to ""
[40.769s] -- Installing: /home/fv/workspace/ros_ur_driver/src/install/control_toolbox/lib/libexponential_filter.so
[40.769s] -- Set non-toolchain portion of runtime path of "/home/fv/workspace/ros_ur_driver/src/install/control_toolbox/lib/libexponential_filter.so" to ""
[40.769s] -- Installing: /home/fv/workspace/ros_ur_driver/src/install/control_toolbox/lib/libgravity_compensation.so
[40.770s] -- Set non-toolchain portion of runtime path of "/home/fv/workspace/ros_ur_driver/src/install/control_toolbox/lib/libgravity_compensation.so" to ""
[40.770s] -- Installing: /home/fv/workspace/ros_ur_driver/src/install/control_toolbox/share/control_toolbox/environment/library_path.sh
[40.770s] -- Installing: /home/fv/workspace/ros_ur_driver/src/install/control_toolbox/share/control_toolbox/environment/library_path.dsv
[40.770s] -- Installing: /home/fv/workspace/ros_ur_driver/src/install/control_toolbox/share/ament_index/resource_index/package_run_dependencies/control_toolbox
[40.770s] -- Installing: /home/fv/workspace/ros_ur_driver/src/install/control_toolbox/share/ament_index/resource_index/parent_prefix_path/control_toolbox
[40.771s] -- Installing: /home/fv/workspace/ros_ur_driver/src/install/control_toolbox/share/control_toolbox/environment/ament_prefix_path.sh
[40.771s] -- Installing: /home/fv/workspace/ros_ur_driver/src/install/control_toolbox/share/control_toolbox/environment/ament_prefix_path.dsv
[40.771s] -- Installing: /home/fv/workspace/ros_ur_driver/src/install/control_toolbox/share/control_toolbox/environment/path.sh
[40.771s] -- Installing: /home/fv/workspace/ros_ur_driver/src/install/control_toolbox/share/control_toolbox/environment/path.dsv
[40.771s] -- Installing: /home/fv/workspace/ros_ur_driver/src/install/control_toolbox/share/control_toolbox/local_setup.bash
[40.771s] -- Installing: /home/fv/workspace/ros_ur_driver/src/install/control_toolbox/share/control_toolbox/local_setup.sh
[40.771s] -- Installing: /home/fv/workspace/ros_ur_driver/src/install/control_toolbox/share/control_toolbox/local_setup.zsh
[40.772s] -- Installing: /home/fv/workspace/ros_ur_driver/src/install/control_toolbox/share/control_toolbox/local_setup.dsv
[40.772s] -- Installing: /home/fv/workspace/ros_ur_driver/src/install/control_toolbox/share/control_toolbox/package.dsv
[40.772s] -- Installing: /home/fv/workspace/ros_ur_driver/src/install/control_toolbox/share/ament_index/resource_index/packages/control_toolbox
[40.772s] -- Installing: /home/fv/workspace/ros_ur_driver/src/install/control_toolbox/share/ament_index/resource_index/filters__pluginlib__plugin/control_toolbox
[40.772s] -- Installing: /home/fv/workspace/ros_ur_driver/src/install/control_toolbox/share/control_toolbox/cmake/export_control_toolboxExport.cmake
[40.773s] -- Installing: /home/fv/workspace/ros_ur_driver/src/install/control_toolbox/share/control_toolbox/cmake/export_control_toolboxExport-release.cmake
[40.773s] -- Installing: /home/fv/workspace/ros_ur_driver/src/install/control_toolbox/share/control_toolbox/cmake/ament_cmake_export_dependencies-extras.cmake
[40.773s] -- Installing: /home/fv/workspace/ros_ur_driver/src/install/control_toolbox/share/control_toolbox/cmake/ament_cmake_export_targets-extras.cmake
[40.773s] -- Installing: /home/fv/workspace/ros_ur_driver/src/install/control_toolbox/share/control_toolbox/cmake/control_toolboxConfig.cmake
[40.773s] -- Installing: /home/fv/workspace/ros_ur_driver/src/install/control_toolbox/share/control_toolbox/cmake/control_toolboxConfig-version.cmake
[40.773s] -- Installing: /home/fv/workspace/ros_ur_driver/src/install/control_toolbox/share/control_toolbox/package.xml
[40.777s] Invoked command in '/home/fv/workspace/ros_ur_driver/src/build/control_toolbox' returned '0': AMENT_PREFIX_PATH=/home/fv/workspace/ros_ur_driver/src/install/realtime_tools:/home/fv/workspace/ros_ur_driver/src/install/control_msgs:${AMENT_PREFIX_PATH} CMAKE_PREFIX_PATH=/home/fv/workspace/ros_ur_driver/src/install/realtime_tools:/home/fv/workspace/ros_ur_driver/src/install/control_msgs:/opt/ros/jazzy/opt/sdformat_vendor:/opt/ros/jazzy/opt/gz_math_vendor:/opt/ros/jazzy/opt/gz_utils_vendor:/opt/ros/jazzy/opt/gz_tools_vendor:/opt/ros/jazzy/opt/gz_cmake_vendor:/opt/ros/jazzy CONDA_PROMPT_MODIFIER=(base) DEBUGINFOD_URLS=https://debuginfod.ubuntu.com LD_LIBRARY_PATH=/home/fv/workspace/ros_ur_driver/src/install/realtime_tools/lib:/home/fv/workspace/ros_ur_driver/src/install/control_msgs/lib:${LD_LIBRARY_PATH} PS1=(venv) (base) \[\e]0;\u@\h: \w\a\]${debian_chroot:+($debian_chroot)}\[\033[01;32m\]\u@\h\[\033[00m\]:\[\033[01;34m\]\w\[\033[00m\]\$ PYTHONPATH=/home/fv/workspace/ros_ur_driver/src/install/control_msgs/lib/python3.13/site-packages:${PYTHONPATH} VIRTUAL_ENV_PROMPT=(venv) /usr/bin/cmake --install /home/fv/workspace/ros_ur_driver/src/build/control_toolbox
