[0.007s] Invoking command in '/home/fv/workspace/ros_ur_driver/src/build/joint_limits': AMENT_PREFIX_PATH=/home/fv/workspace/ros_ur_driver/src/install/realtime_tools:${AMENT_PREFIX_PATH} CMAKE_PREFIX_PATH=/home/fv/workspace/ros_ur_driver/src/install/realtime_tools:/opt/ros/jazzy/opt/sdformat_vendor:/opt/ros/jazzy/opt/gz_math_vendor:/opt/ros/jazzy/opt/gz_utils_vendor:/opt/ros/jazzy/opt/gz_tools_vendor:/opt/ros/jazzy/opt/gz_cmake_vendor:/opt/ros/jazzy CONDA_PROMPT_MODIFIER=(base) DEBUGINFOD_URLS=https://debuginfod.ubuntu.com LD_LIBRARY_PATH=/home/fv/workspace/ros_ur_driver/src/install/realtime_tools/lib:${LD_LIBRARY_PATH} PS1=(venv) (base) \[\e]0;\u@\h: \w\a\]${debian_chroot:+($debian_chroot)}\[\033[01;32m\]\u@\h\[\033[00m\]:\[\033[01;34m\]\w\[\033[00m\]\$ VIRTUAL_ENV_PROMPT=(venv) /usr/bin/cmake /home/fv/workspace/ros_ur_driver/src/ros2_control/joint_limits -DCMAKE_BUILD_TYPE=Release -DCMAKE_INSTALL_PREFIX=/home/fv/workspace/ros_ur_driver/src/install/joint_limits
[0.048s] -- The CXX compiler identification is GNU 13.3.0
[0.060s] -- Detecting CXX compiler ABI info
[0.134s] -- Detecting CXX compiler ABI info - done
[0.142s] -- Check for working CXX compiler: /usr/bin/c++ - skipped
[0.142s] -- Detecting CXX compile features
[0.142s] -- Detecting CXX compile features - done
[0.143s] -- Found ros2_control_cmake: 0.2.1 (/opt/ros/jazzy/share/ros2_control_cmake/cmake)
[0.143s] -- Compiler warnings enabled for GNU
[0.143s] -- Detected GCC Version: 13.3.0 (Major: 13, Minor: 3)
[0.145s] -- Found ament_cmake: 2.5.4 (/opt/ros/jazzy/share/ament_cmake/cmake)
[0.231s] -- Found Python3: /home/fv/venv/bin/python3 (found version "3.13.5") found components: Interpreter 
[0.300s] -- Found pluginlib: 5.4.2 (/opt/ros/jazzy/share/pluginlib/cmake)
[0.322s] -- Found TinyXML2 via Config file: /usr/lib/x86_64-linux-gnu/cmake/tinyxml2
[0.323s] -- Found realtime_tools: 3.9.0 (/home/fv/workspace/ros_ur_driver/src/install/realtime_tools/share/realtime_tools/cmake)
[0.341s] -- Found rosidl_generator_c: 4.6.6 (/opt/ros/jazzy/share/rosidl_generator_c/cmake)
[0.349s] -- Found rosidl_generator_cpp: 4.6.6 (/opt/ros/jazzy/share/rosidl_generator_cpp/cmake)
[0.359s] -- Using all available rosidl_typesupport_c: rosidl_typesupport_fastrtps_c;rosidl_typesupport_introspection_c
[0.367s] -- Using all available rosidl_typesupport_cpp: rosidl_typesupport_fastrtps_cpp;rosidl_typesupport_introspection_cpp
[0.413s] -- Found rmw_implementation_cmake: 7.3.2 (/opt/ros/jazzy/share/rmw_implementation_cmake/cmake)
[0.415s] -- Found rmw_fastrtps_cpp: 8.4.3 (/opt/ros/jazzy/share/rmw_fastrtps_cpp/cmake)
[0.429s] -- Found TinyXML2 via Config file: /usr/lib/x86_64-linux-gnu/cmake/tinyxml2
[0.471s] -- Found OpenSSL: /usr/lib/x86_64-linux-gnu/libcrypto.so (found version "3.0.13")  
[0.473s] -- Found TinyXML2 via Config file: /usr/lib/x86_64-linux-gnu/cmake/tinyxml2
[0.485s] -- Found FastRTPS: /opt/ros/jazzy/include (Required is at least version "2.13") 
[0.487s] -- Found TinyXML2 via Config file: /usr/lib/x86_64-linux-gnu/cmake/tinyxml2
[0.494s] -- Found TinyXML2 via Config file: /usr/lib/x86_64-linux-gnu/cmake/tinyxml2
[0.503s] -- Using RMW implementation 'rmw_fastrtps_cpp' as default
[0.672s] -- Found rclcpp_lifecycle: 28.1.12 (/opt/ros/jazzy/share/rclcpp_lifecycle/cmake)
[0.692s] -- Found trajectory_msgs: 5.3.6 (/opt/ros/jazzy/share/trajectory_msgs/cmake)
[0.731s] -- Found urdf: 2.10.0 (/opt/ros/jazzy/share/urdf/cmake)
[0.739s] -- Found ament_cmake_gmock: 2.5.4 (/opt/ros/jazzy/share/ament_cmake_gmock/cmake)
[0.749s] -- Found generate_parameter_library: 0.5.0 (/opt/ros/jazzy/share/generate_parameter_library/cmake)
[0.750s] -- Found parameter_traits: 0.5.0 (/opt/ros/jazzy/share/parameter_traits/cmake)
[0.761s] -- Found launch_testing_ament_cmake: 3.4.6 (/opt/ros/jazzy/share/launch_testing_ament_cmake/cmake)
[0.762s] -- Found python_cmake_module: 0.11.1 (/opt/ros/jazzy/share/python_cmake_module/cmake)
[0.859s] -- Found PythonExtra: /home/fv/venv/bin/python3  
[0.860s] -- Found gmock sources under '/opt/ros/jazzy/src/gmock_vendor': C++ tests using 'Google Mock' will be built
[0.891s] -- The C compiler identification is GNU 13.3.0
[0.901s] -- Detecting C compiler ABI info
[0.984s] -- Detecting C compiler ABI info - done
[0.994s] -- Check for working C compiler: /usr/bin/cc - skipped
[0.994s] -- Detecting C compile features
[0.994s] -- Detecting C compile features - done
[0.997s] -- Found ament_cmake_gtest: 2.5.4 (/opt/ros/jazzy/share/ament_cmake_gtest/cmake)
[0.998s] -- Found gtest sources under '/opt/ros/jazzy/src/gtest_vendor': C++ tests using 'Google Test' will be built
[1.059s] -- Configuring done (1.0s)
[1.091s] -- Generating done (0.0s)
[1.102s] -- Build files have been written to: /home/fv/workspace/ros_ur_driver/src/build/joint_limits
[1.112s] Invoked command in '/home/fv/workspace/ros_ur_driver/src/build/joint_limits' returned '0': AMENT_PREFIX_PATH=/home/fv/workspace/ros_ur_driver/src/install/realtime_tools:${AMENT_PREFIX_PATH} CMAKE_PREFIX_PATH=/home/fv/workspace/ros_ur_driver/src/install/realtime_tools:/opt/ros/jazzy/opt/sdformat_vendor:/opt/ros/jazzy/opt/gz_math_vendor:/opt/ros/jazzy/opt/gz_utils_vendor:/opt/ros/jazzy/opt/gz_tools_vendor:/opt/ros/jazzy/opt/gz_cmake_vendor:/opt/ros/jazzy CONDA_PROMPT_MODIFIER=(base) DEBUGINFOD_URLS=https://debuginfod.ubuntu.com LD_LIBRARY_PATH=/home/fv/workspace/ros_ur_driver/src/install/realtime_tools/lib:${LD_LIBRARY_PATH} PS1=(venv) (base) \[\e]0;\u@\h: \w\a\]${debian_chroot:+($debian_chroot)}\[\033[01;32m\]\u@\h\[\033[00m\]:\[\033[01;34m\]\w\[\033[00m\]\$ VIRTUAL_ENV_PROMPT=(venv) /usr/bin/cmake /home/fv/workspace/ros_ur_driver/src/ros2_control/joint_limits -DCMAKE_BUILD_TYPE=Release -DCMAKE_INSTALL_PREFIX=/home/fv/workspace/ros_ur_driver/src/install/joint_limits
[1.113s] Invoking command in '/home/fv/workspace/ros_ur_driver/src/build/joint_limits': AMENT_PREFIX_PATH=/home/fv/workspace/ros_ur_driver/src/install/realtime_tools:${AMENT_PREFIX_PATH} CMAKE_PREFIX_PATH=/home/fv/workspace/ros_ur_driver/src/install/realtime_tools:/opt/ros/jazzy/opt/sdformat_vendor:/opt/ros/jazzy/opt/gz_math_vendor:/opt/ros/jazzy/opt/gz_utils_vendor:/opt/ros/jazzy/opt/gz_tools_vendor:/opt/ros/jazzy/opt/gz_cmake_vendor:/opt/ros/jazzy CONDA_PROMPT_MODIFIER=(base) DEBUGINFOD_URLS=https://debuginfod.ubuntu.com LD_LIBRARY_PATH=/home/fv/workspace/ros_ur_driver/src/install/realtime_tools/lib:${LD_LIBRARY_PATH} PS1=(venv) (base) \[\e]0;\u@\h: \w\a\]${debian_chroot:+($debian_chroot)}\[\033[01;32m\]\u@\h\[\033[00m\]:\[\033[01;34m\]\w\[\033[00m\]\$ VIRTUAL_ENV_PROMPT=(venv) /usr/bin/cmake --build /home/fv/workspace/ros_ur_driver/src/build/joint_limits -- -j20 -l20
[1.156s] [ 12%] [34m[1mGenerating joint_limits/version.h[0m
[1.156s] [ 12%] [32mBuilding CXX object gmock/CMakeFiles/gmock.dir/src/gmock-all.cc.o[0m
[1.157s] [ 12%] [32mBuilding CXX object gmock/CMakeFiles/gmock.dir/opt/ros/jazzy/src/gtest_vendor/src/gtest-all.cc.o[0m
[1.157s] [ 16%] [32mBuilding CXX object gmock/CMakeFiles/gmock_main.dir/src/gmock_main.cc.o[0m
[1.173s] [ 16%] Built target ament_generate_version_header__joint_limits
[1.186s] [ 20%] [32mBuilding CXX object CMakeFiles/joint_limits_helpers.dir/src/joint_limits_helpers.cpp.o[0m
[1.191s] [ 25%] [32mBuilding CXX object CMakeFiles/joint_limiter_interface.dir/src/joint_limiter_interface.cpp.o[0m
[2.050s] [ 29%] [32m[1mLinking CXX static library libgmock_main.a[0m
[2.094s] [ 29%] Built target gmock_main
[2.429s] [ 33%] [32m[1mLinking CXX shared library libjoint_limits_helpers.so[0m
[2.589s] [ 33%] Built target joint_limits_helpers
[3.071s] [ 37%] [32m[1mLinking CXX shared library libjoint_limiter_interface.so[0m
[3.627s] [ 37%] Built target joint_limiter_interface
[3.640s] [ 45%] [32mBuilding CXX object CMakeFiles/joint_saturation_limiter.dir/src/joint_range_limiter.cpp.o[0m
[3.641s] [ 45%] [32mBuilding CXX object CMakeFiles/joint_saturation_limiter.dir/src/joint_soft_limiter.cpp.o[0m
[3.641s] [ 50%] [32mBuilding CXX object CMakeFiles/joint_saturation_limiter.dir/src/joint_saturation_limiter.cpp.o[0m
[6.934s] [ 54%] [32m[1mLinking CXX shared library libjoint_saturation_limiter.so[0m
[7.060s] [ 54%] Built target joint_saturation_limiter
[9.759s] [ 58%] [32m[1mLinking CXX static library libgmock.a[0m
[9.823s] [ 58%] Built target gmock
[9.874s] [ 66%] [32mBuilding CXX object CMakeFiles/joint_limits_rosparam_test.dir/test/joint_limits_rosparam_test.cpp.o[0m
[9.874s] [ 66%] [32mBuilding CXX object CMakeFiles/test_joint_soft_limiter.dir/test/test_joint_soft_limiter.cpp.o[0m
[9.875s] [ 70%] [32mBuilding CXX object CMakeFiles/joint_limits_urdf_test.dir/test/joint_limits_urdf_test.cpp.o[0m
[9.877s] [ 75%] [32mBuilding CXX object CMakeFiles/test_joint_range_limiter.dir/test/test_joint_range_limiter.cpp.o[0m
[9.882s] [ 79%] [32mBuilding CXX object CMakeFiles/test_joint_saturation_limiter.dir/test/test_joint_saturation_limiter.cpp.o[0m
[14.181s] [ 83%] [32m[1mLinking CXX executable joint_limits_urdf_test[0m
[14.397s] [ 83%] Built target joint_limits_urdf_test
[19.964s] [ 87%] [32m[1mLinking CXX executable joint_limits_rosparam_test[0m
[20.189s] [ 87%] Built target joint_limits_rosparam_test
[28.391s] [ 91%] [32m[1mLinking CXX executable test_joint_saturation_limiter[0m
[29.176s] [ 91%] Built target test_joint_saturation_limiter
[33.852s] [ 95%] [32m[1mLinking CXX executable test_joint_range_limiter[0m
[34.117s] [ 95%] Built target test_joint_range_limiter
[37.253s] [100%] [32m[1mLinking CXX executable test_joint_soft_limiter[0m
[37.762s] [100%] Built target test_joint_soft_limiter
[37.849s] Invoked command in '/home/fv/workspace/ros_ur_driver/src/build/joint_limits' returned '0': AMENT_PREFIX_PATH=/home/fv/workspace/ros_ur_driver/src/install/realtime_tools:${AMENT_PREFIX_PATH} CMAKE_PREFIX_PATH=/home/fv/workspace/ros_ur_driver/src/install/realtime_tools:/opt/ros/jazzy/opt/sdformat_vendor:/opt/ros/jazzy/opt/gz_math_vendor:/opt/ros/jazzy/opt/gz_utils_vendor:/opt/ros/jazzy/opt/gz_tools_vendor:/opt/ros/jazzy/opt/gz_cmake_vendor:/opt/ros/jazzy CONDA_PROMPT_MODIFIER=(base) DEBUGINFOD_URLS=https://debuginfod.ubuntu.com LD_LIBRARY_PATH=/home/fv/workspace/ros_ur_driver/src/install/realtime_tools/lib:${LD_LIBRARY_PATH} PS1=(venv) (base) \[\e]0;\u@\h: \w\a\]${debian_chroot:+($debian_chroot)}\[\033[01;32m\]\u@\h\[\033[00m\]:\[\033[01;34m\]\w\[\033[00m\]\$ VIRTUAL_ENV_PROMPT=(venv) /usr/bin/cmake --build /home/fv/workspace/ros_ur_driver/src/build/joint_limits -- -j20 -l20
[37.901s] Invoking command in '/home/fv/workspace/ros_ur_driver/src/build/joint_limits': AMENT_PREFIX_PATH=/home/fv/workspace/ros_ur_driver/src/install/realtime_tools:${AMENT_PREFIX_PATH} CMAKE_PREFIX_PATH=/home/fv/workspace/ros_ur_driver/src/install/realtime_tools:/opt/ros/jazzy/opt/sdformat_vendor:/opt/ros/jazzy/opt/gz_math_vendor:/opt/ros/jazzy/opt/gz_utils_vendor:/opt/ros/jazzy/opt/gz_tools_vendor:/opt/ros/jazzy/opt/gz_cmake_vendor:/opt/ros/jazzy CONDA_PROMPT_MODIFIER=(base) DEBUGINFOD_URLS=https://debuginfod.ubuntu.com LD_LIBRARY_PATH=/home/fv/workspace/ros_ur_driver/src/install/realtime_tools/lib:${LD_LIBRARY_PATH} PS1=(venv) (base) \[\e]0;\u@\h: \w\a\]${debian_chroot:+($debian_chroot)}\[\033[01;32m\]\u@\h\[\033[00m\]:\[\033[01;34m\]\w\[\033[00m\]\$ VIRTUAL_ENV_PROMPT=(venv) /usr/bin/cmake --install /home/fv/workspace/ros_ur_driver/src/build/joint_limits
[37.915s] -- Install configuration: "Release"
[37.915s] -- Installing: /home/fv/workspace/ros_ur_driver/src/install/joint_limits/share/joint_limits/joint_limiters.xml
[37.916s] -- Installing: /home/fv/workspace/ros_ur_driver/src/install/joint_limits/lib/joint_limits/joint_limits_rosparam_test
[37.916s] -- Set non-toolchain portion of runtime path of "/home/fv/workspace/ros_ur_driver/src/install/joint_limits/lib/joint_limits/joint_limits_rosparam_test" to ""
[37.917s] -- Installing: /home/fv/workspace/ros_ur_driver/src/install/joint_limits/share/joint_limits/test/joint_limits_rosparam.yaml
[37.917s] -- Installing: /home/fv/workspace/ros_ur_driver/src/install/joint_limits/share/joint_limits/test/joint_saturation_limiter_param.yaml
[37.918s] -- Installing: /home/fv/workspace/ros_ur_driver/src/install/joint_limits/include/joint_limits
[37.918s] -- Installing: /home/fv/workspace/ros_ur_driver/src/install/joint_limits/include/joint_limits/joint_limits
[37.918s] -- Installing: /home/fv/workspace/ros_ur_driver/src/install/joint_limits/include/joint_limits/joint_limits/joint_limits.hpp
[37.933s] -- Installing: /home/fv/workspace/ros_ur_driver/src/install/joint_limits/include/joint_limits/joint_limits/data_structures.hpp
[37.942s] -- Installing: /home/fv/workspace/ros_ur_driver/src/install/joint_limits/include/joint_limits/joint_limits/joint_limits_rosparam.hpp
[37.942s] -- Installing: /home/fv/workspace/ros_ur_driver/src/install/joint_limits/include/joint_limits/joint_limits/joint_limits_helpers.hpp
[37.942s] -- Installing: /home/fv/workspace/ros_ur_driver/src/install/joint_limits/include/joint_limits/joint_limits/joint_soft_limiter.hpp
[37.942s] -- Installing: /home/fv/workspace/ros_ur_driver/src/install/joint_limits/include/joint_limits/joint_limits/joint_saturation_limiter.hpp
[37.942s] -- Installing: /home/fv/workspace/ros_ur_driver/src/install/joint_limits/include/joint_limits/joint_limits/joint_limiter_interface.hpp
[37.942s] -- Installing: /home/fv/workspace/ros_ur_driver/src/install/joint_limits/include/joint_limits/joint_limits/joint_limits_urdf.hpp
[37.942s] -- Installing: /home/fv/workspace/ros_ur_driver/src/install/joint_limits/lib/libjoint_limiter_interface.so
[37.943s] -- Set non-toolchain portion of runtime path of "/home/fv/workspace/ros_ur_driver/src/install/joint_limits/lib/libjoint_limiter_interface.so" to ""
[37.943s] -- Installing: /home/fv/workspace/ros_ur_driver/src/install/joint_limits/lib/libjoint_saturation_limiter.so
[37.943s] -- Set non-toolchain portion of runtime path of "/home/fv/workspace/ros_ur_driver/src/install/joint_limits/lib/libjoint_saturation_limiter.so" to ""
[37.943s] -- Installing: /home/fv/workspace/ros_ur_driver/src/install/joint_limits/lib/libjoint_limits_helpers.so
[37.943s] -- Set non-toolchain portion of runtime path of "/home/fv/workspace/ros_ur_driver/src/install/joint_limits/lib/libjoint_limits_helpers.so" to ""
[37.943s] -- Installing: /home/fv/workspace/ros_ur_driver/src/install/joint_limits/share/joint_limits/environment/library_path.sh
[37.944s] -- Installing: /home/fv/workspace/ros_ur_driver/src/install/joint_limits/share/joint_limits/environment/library_path.dsv
[37.945s] -- Installing: /home/fv/workspace/ros_ur_driver/src/install/joint_limits/share/ament_index/resource_index/package_run_dependencies/joint_limits
[37.945s] -- Installing: /home/fv/workspace/ros_ur_driver/src/install/joint_limits/share/ament_index/resource_index/parent_prefix_path/joint_limits
[37.946s] -- Installing: /home/fv/workspace/ros_ur_driver/src/install/joint_limits/share/joint_limits/environment/ament_prefix_path.sh
[37.946s] -- Installing: /home/fv/workspace/ros_ur_driver/src/install/joint_limits/share/joint_limits/environment/ament_prefix_path.dsv
[37.946s] -- Installing: /home/fv/workspace/ros_ur_driver/src/install/joint_limits/share/joint_limits/environment/path.sh
[37.946s] -- Installing: /home/fv/workspace/ros_ur_driver/src/install/joint_limits/share/joint_limits/environment/path.dsv
[37.947s] -- Installing: /home/fv/workspace/ros_ur_driver/src/install/joint_limits/share/joint_limits/local_setup.bash
[37.947s] -- Installing: /home/fv/workspace/ros_ur_driver/src/install/joint_limits/share/joint_limits/local_setup.sh
[37.947s] -- Installing: /home/fv/workspace/ros_ur_driver/src/install/joint_limits/share/joint_limits/local_setup.zsh
[37.947s] -- Installing: /home/fv/workspace/ros_ur_driver/src/install/joint_limits/share/joint_limits/local_setup.dsv
[37.947s] -- Installing: /home/fv/workspace/ros_ur_driver/src/install/joint_limits/share/joint_limits/package.dsv
[37.947s] -- Installing: /home/fv/workspace/ros_ur_driver/src/install/joint_limits/share/ament_index/resource_index/packages/joint_limits
[37.947s] -- Installing: /home/fv/workspace/ros_ur_driver/src/install/joint_limits/share/ament_index/resource_index/joint_limits__pluginlib__plugin/joint_limits
[37.947s] -- Installing: /home/fv/workspace/ros_ur_driver/src/install/joint_limits/share/joint_limits/cmake/export_joint_limitsExport.cmake
[37.947s] -- Installing: /home/fv/workspace/ros_ur_driver/src/install/joint_limits/share/joint_limits/cmake/export_joint_limitsExport-release.cmake
[37.947s] -- Installing: /home/fv/workspace/ros_ur_driver/src/install/joint_limits/share/joint_limits/cmake/ament_cmake_export_targets-extras.cmake
[37.947s] -- Installing: /home/fv/workspace/ros_ur_driver/src/install/joint_limits/share/joint_limits/cmake/ament_cmake_export_dependencies-extras.cmake
[37.948s] -- Installing: /home/fv/workspace/ros_ur_driver/src/install/joint_limits/share/joint_limits/cmake/joint_limitsConfig.cmake
[37.948s] -- Installing: /home/fv/workspace/ros_ur_driver/src/install/joint_limits/share/joint_limits/cmake/joint_limitsConfig-version.cmake
[37.948s] -- Installing: /home/fv/workspace/ros_ur_driver/src/install/joint_limits/share/joint_limits/package.xml
[37.948s] -- Installing: /home/fv/workspace/ros_ur_driver/src/install/joint_limits/include/joint_limits/joint_limits/version.h
[37.949s] Invoked command in '/home/fv/workspace/ros_ur_driver/src/build/joint_limits' returned '0': AMENT_PREFIX_PATH=/home/fv/workspace/ros_ur_driver/src/install/realtime_tools:${AMENT_PREFIX_PATH} CMAKE_PREFIX_PATH=/home/fv/workspace/ros_ur_driver/src/install/realtime_tools:/opt/ros/jazzy/opt/sdformat_vendor:/opt/ros/jazzy/opt/gz_math_vendor:/opt/ros/jazzy/opt/gz_utils_vendor:/opt/ros/jazzy/opt/gz_tools_vendor:/opt/ros/jazzy/opt/gz_cmake_vendor:/opt/ros/jazzy CONDA_PROMPT_MODIFIER=(base) DEBUGINFOD_URLS=https://debuginfod.ubuntu.com LD_LIBRARY_PATH=/home/fv/workspace/ros_ur_driver/src/install/realtime_tools/lib:${LD_LIBRARY_PATH} PS1=(venv) (base) \[\e]0;\u@\h: \w\a\]${debian_chroot:+($debian_chroot)}\[\033[01;32m\]\u@\h\[\033[00m\]:\[\033[01;34m\]\w\[\033[00m\]\$ VIRTUAL_ENV_PROMPT=(venv) /usr/bin/cmake --install /home/fv/workspace/ros_ur_driver/src/build/joint_limits
