[0.020s] Invoking command in '/home/fv/workspace/ros_ur_driver/src/build/ur_client_library': CMAKE_PREFIX_PATH=${CMAKE_PREFIX_PATH}:/opt/ros/jazzy CONDA_PROMPT_MODIFIER=(base) DEBUGINFOD_URLS=https://debuginfod.ubuntu.com PS1=(venv) (base) \[\e]0;\u@\h: \w\a\]${debian_chroot:+($debian_chroot)}\[\033[01;32m\]\u@\h\[\033[00m\]:\[\033[01;34m\]\w\[\033[00m\]\$ VIRTUAL_ENV_PROMPT=(venv) /usr/bin/cmake --build /home/fv/workspace/ros_ur_driver/src/build/ur_client_library -- -j20 -l20
[0.101s] [ 58%] Built target urcl
[0.124s] [ 61%] Built target dashboard_example
[0.130s] [ 64%] Built target primary_pipeline_example
[0.132s] [ 67%] Built target primary_pipeline_calibration_example
[0.133s] [ 70%] Built target driver_example
[0.133s] [ 73%] Built target freedrive_example
[0.136s] [ 76%] Built target rtde_client_example
[0.136s] [ 79%] Built target force_mode_example
[0.137s] [ 82%] Built target instruction_executor
[0.137s] [ 85%] Built target script_sender_example
[0.138s] [ 88%] Built target direct_torque_control_example
[0.139s] [ 91%] Built target trajectory_point_interface_example
[0.142s] [ 94%] Built target spline_example
[0.142s] [ 97%] Built target script_command_interface_example
[0.142s] [100%] Built target tool_contact_example
[0.172s] Invoked command in '/home/fv/workspace/ros_ur_driver/src/build/ur_client_library' returned '0': CMAKE_PREFIX_PATH=${CMAKE_PREFIX_PATH}:/opt/ros/jazzy CONDA_PROMPT_MODIFIER=(base) DEBUGINFOD_URLS=https://debuginfod.ubuntu.com PS1=(venv) (base) \[\e]0;\u@\h: \w\a\]${debian_chroot:+($debian_chroot)}\[\033[01;32m\]\u@\h\[\033[00m\]:\[\033[01;34m\]\w\[\033[00m\]\$ VIRTUAL_ENV_PROMPT=(venv) /usr/bin/cmake --build /home/fv/workspace/ros_ur_driver/src/build/ur_client_library -- -j20 -l20
[0.173s] Invoking command in '/home/fv/workspace/ros_ur_driver/src/build/ur_client_library': CMAKE_PREFIX_PATH=${CMAKE_PREFIX_PATH}:/opt/ros/jazzy CONDA_PROMPT_MODIFIER=(base) DEBUGINFOD_URLS=https://debuginfod.ubuntu.com PS1=(venv) (base) \[\e]0;\u@\h: \w\a\]${debian_chroot:+($debian_chroot)}\[\033[01;32m\]\u@\h\[\033[00m\]:\[\033[01;34m\]\w\[\033[00m\]\$ VIRTUAL_ENV_PROMPT=(venv) /usr/bin/cmake --install /home/fv/workspace/ros_ur_driver/src/build/ur_client_library
[0.180s] -- Install configuration: "Release"
[0.181s] -- Up-to-date: /home/fv/workspace/ros_ur_driver/src/install/ur_client_library/lib/liburcl.so
[0.181s] -- Up-to-date: /home/fv/workspace/ros_ur_driver/src/install/ur_client_library/include
[0.182s] -- Up-to-date: /home/fv/workspace/ros_ur_driver/src/install/ur_client_library/include/ur_client_library
[0.183s] -- Up-to-date: /home/fv/workspace/ros_ur_driver/src/install/ur_client_library/include/ur_client_library/queue
[0.183s] -- Up-to-date: /home/fv/workspace/ros_ur_driver/src/install/ur_client_library/include/ur_client_library/queue/.clang-tidy
[0.183s] -- Up-to-date: /home/fv/workspace/ros_ur_driver/src/install/ur_client_library/include/ur_client_library/queue/readerwriterqueue.h
[0.183s] -- Up-to-date: /home/fv/workspace/ros_ur_driver/src/install/ur_client_library/include/ur_client_library/queue/LICENSE.md
[0.183s] -- Up-to-date: /home/fv/workspace/ros_ur_driver/src/install/ur_client_library/include/ur_client_library/queue/atomicops.h
[0.183s] -- Up-to-date: /home/fv/workspace/ros_ur_driver/src/install/ur_client_library/include/ur_client_library/primary
[0.183s] -- Up-to-date: /home/fv/workspace/ros_ur_driver/src/install/ur_client_library/include/ur_client_library/primary/.clang-tidy
[0.183s] -- Up-to-date: /home/fv/workspace/ros_ur_driver/src/install/ur_client_library/include/ur_client_library/primary/robot_message.h
[0.183s] -- Up-to-date: /home/fv/workspace/ros_ur_driver/src/install/ur_client_library/include/ur_client_library/primary/primary_client.h
[0.183s] -- Up-to-date: /home/fv/workspace/ros_ur_driver/src/install/ur_client_library/include/ur_client_library/primary/abstract_primary_consumer.h
[0.183s] -- Up-to-date: /home/fv/workspace/ros_ur_driver/src/install/ur_client_library/include/ur_client_library/primary/primary_parser.h
[0.183s] -- Up-to-date: /home/fv/workspace/ros_ur_driver/src/install/ur_client_library/include/ur_client_library/primary/package_header.h
[0.184s] -- Up-to-date: /home/fv/workspace/ros_ur_driver/src/install/ur_client_library/include/ur_client_library/primary/robot_message
[0.184s] -- Up-to-date: /home/fv/workspace/ros_ur_driver/src/install/ur_client_library/include/ur_client_library/primary/robot_message/version_message.h
[0.184s] -- Up-to-date: /home/fv/workspace/ros_ur_driver/src/install/ur_client_library/include/ur_client_library/primary/robot_message/error_code_message.h
[0.184s] -- Up-to-date: /home/fv/workspace/ros_ur_driver/src/install/ur_client_library/include/ur_client_library/primary/primary_consumer.h
[0.184s] -- Up-to-date: /home/fv/workspace/ros_ur_driver/src/install/ur_client_library/include/ur_client_library/primary/primary_package.h
[0.184s] -- Up-to-date: /home/fv/workspace/ros_ur_driver/src/install/ur_client_library/include/ur_client_library/primary/robot_state
[0.184s] -- Up-to-date: /home/fv/workspace/ros_ur_driver/src/install/ur_client_library/include/ur_client_library/primary/robot_state/configuration_data.h
[0.184s] -- Up-to-date: /home/fv/workspace/ros_ur_driver/src/install/ur_client_library/include/ur_client_library/primary/robot_state/robot_mode_data.h
[0.184s] -- Up-to-date: /home/fv/workspace/ros_ur_driver/src/install/ur_client_library/include/ur_client_library/primary/robot_state/kinematics_info.h
[0.184s] -- Up-to-date: /home/fv/workspace/ros_ur_driver/src/install/ur_client_library/include/ur_client_library/primary/robot_state.h
[0.184s] -- Up-to-date: /home/fv/workspace/ros_ur_driver/src/install/ur_client_library/include/ur_client_library/types.h
[0.184s] -- Up-to-date: /home/fv/workspace/ros_ur_driver/src/install/ur_client_library/include/ur_client_library/comm
[0.184s] -- Up-to-date: /home/fv/workspace/ros_ur_driver/src/install/ur_client_library/include/ur_client_library/comm/control_mode.h
[0.184s] -- Up-to-date: /home/fv/workspace/ros_ur_driver/src/install/ur_client_library/include/ur_client_library/comm/shell_consumer.h
[0.184s] -- Up-to-date: /home/fv/workspace/ros_ur_driver/src/install/ur_client_library/include/ur_client_library/comm/tcp_socket.h
[0.184s] -- Up-to-date: /home/fv/workspace/ros_ur_driver/src/install/ur_client_library/include/ur_client_library/comm/producer.h
[0.184s] -- Up-to-date: /home/fv/workspace/ros_ur_driver/src/install/ur_client_library/include/ur_client_library/comm/package.h
[0.184s] -- Up-to-date: /home/fv/workspace/ros_ur_driver/src/install/ur_client_library/include/ur_client_library/comm/bin_parser.h
[0.184s] -- Up-to-date: /home/fv/workspace/ros_ur_driver/src/install/ur_client_library/include/ur_client_library/comm/socket_t.h
[0.184s] -- Up-to-date: /home/fv/workspace/ros_ur_driver/src/install/ur_client_library/include/ur_client_library/comm/parser.h
[0.184s] -- Up-to-date: /home/fv/workspace/ros_ur_driver/src/install/ur_client_library/include/ur_client_library/comm/package_serializer.h
[0.184s] -- Up-to-date: /home/fv/workspace/ros_ur_driver/src/install/ur_client_library/include/ur_client_library/comm/tcp_server.h
[0.184s] -- Up-to-date: /home/fv/workspace/ros_ur_driver/src/install/ur_client_library/include/ur_client_library/comm/pipeline.h
[0.184s] -- Up-to-date: /home/fv/workspace/ros_ur_driver/src/install/ur_client_library/include/ur_client_library/comm/stream.h
[0.184s] -- Up-to-date: /home/fv/workspace/ros_ur_driver/src/install/ur_client_library/include/ur_client_library/rtde
[0.185s] -- Up-to-date: /home/fv/workspace/ros_ur_driver/src/install/ur_client_library/include/ur_client_library/rtde/control_package_setup_outputs.h
[0.185s] -- Up-to-date: /home/fv/workspace/ros_ur_driver/src/install/ur_client_library/include/ur_client_library/rtde/.clang-tidy
[0.185s] -- Up-to-date: /home/fv/workspace/ros_ur_driver/src/install/ur_client_library/include/ur_client_library/rtde/control_package_setup_inputs.h
[0.185s] -- Up-to-date: /home/fv/workspace/ros_ur_driver/src/install/ur_client_library/include/ur_client_library/rtde/get_urcontrol_version.h
[0.185s] -- Up-to-date: /home/fv/workspace/ros_ur_driver/src/install/ur_client_library/include/ur_client_library/rtde/rtde_package.h
[0.185s] -- Up-to-date: /home/fv/workspace/ros_ur_driver/src/install/ur_client_library/include/ur_client_library/rtde/package_header.h
[0.185s] -- Up-to-date: /home/fv/workspace/ros_ur_driver/src/install/ur_client_library/include/ur_client_library/rtde/data_package.h
[0.185s] -- Up-to-date: /home/fv/workspace/ros_ur_driver/src/install/ur_client_library/include/ur_client_library/rtde/rtde_parser.h
[0.185s] -- Up-to-date: /home/fv/workspace/ros_ur_driver/src/install/ur_client_library/include/ur_client_library/rtde/rtde_client.h
[0.185s] -- Up-to-date: /home/fv/workspace/ros_ur_driver/src/install/ur_client_library/include/ur_client_library/rtde/rtde_writer.h
[0.185s] -- Up-to-date: /home/fv/workspace/ros_ur_driver/src/install/ur_client_library/include/ur_client_library/rtde/text_message.h
[0.185s] -- Up-to-date: /home/fv/workspace/ros_ur_driver/src/install/ur_client_library/include/ur_client_library/rtde/control_package_pause.h
[0.185s] -- Up-to-date: /home/fv/workspace/ros_ur_driver/src/install/ur_client_library/include/ur_client_library/rtde/control_package_start.h
[0.185s] -- Up-to-date: /home/fv/workspace/ros_ur_driver/src/install/ur_client_library/include/ur_client_library/rtde/request_protocol_version.h
[0.185s] -- Up-to-date: /home/fv/workspace/ros_ur_driver/src/install/ur_client_library/include/ur_client_library/ur
[0.185s] -- Up-to-date: /home/fv/workspace/ros_ur_driver/src/install/ur_client_library/include/ur_client_library/ur/version_information.h
[0.185s] -- Up-to-date: /home/fv/workspace/ros_ur_driver/src/install/ur_client_library/include/ur_client_library/ur/robot_receive_timeout.h
[0.185s] -- Up-to-date: /home/fv/workspace/ros_ur_driver/src/install/ur_client_library/include/ur_client_library/ur/dashboard_client.h
[0.185s] -- Up-to-date: /home/fv/workspace/ros_ur_driver/src/install/ur_client_library/include/ur_client_library/ur/tool_communication.h
[0.185s] -- Up-to-date: /home/fv/workspace/ros_ur_driver/src/install/ur_client_library/include/ur_client_library/ur/calibration_checker.h
[0.185s] -- Up-to-date: /home/fv/workspace/ros_ur_driver/src/install/ur_client_library/include/ur_client_library/ur/datatypes.h
[0.185s] -- Up-to-date: /home/fv/workspace/ros_ur_driver/src/install/ur_client_library/include/ur_client_library/ur/instruction_executor.h
[0.186s] -- Up-to-date: /home/fv/workspace/ros_ur_driver/src/install/ur_client_library/include/ur_client_library/ur/ur_driver.h
[0.186s] -- Up-to-date: /home/fv/workspace/ros_ur_driver/src/install/ur_client_library/include/ur_client_library/exceptions.h
[0.186s] -- Up-to-date: /home/fv/workspace/ros_ur_driver/src/install/ur_client_library/include/ur_client_library/helpers.h
[0.186s] -- Up-to-date: /home/fv/workspace/ros_ur_driver/src/install/ur_client_library/include/ur_client_library/default_log_handler.h
[0.186s] -- Up-to-date: /home/fv/workspace/ros_ur_driver/src/install/ur_client_library/include/ur_client_library/example_robot_wrapper.h
[0.186s] -- Up-to-date: /home/fv/workspace/ros_ur_driver/src/install/ur_client_library/include/ur_client_library/control
[0.186s] -- Up-to-date: /home/fv/workspace/ros_ur_driver/src/install/ur_client_library/include/ur_client_library/control/motion_primitives.h
[0.186s] -- Up-to-date: /home/fv/workspace/ros_ur_driver/src/install/ur_client_library/include/ur_client_library/control/reverse_interface.h
[0.186s] -- Up-to-date: /home/fv/workspace/ros_ur_driver/src/install/ur_client_library/include/ur_client_library/control/trajectory_point_interface.h
[0.186s] -- Up-to-date: /home/fv/workspace/ros_ur_driver/src/install/ur_client_library/include/ur_client_library/control/script_command_interface.h
[0.186s] -- Up-to-date: /home/fv/workspace/ros_ur_driver/src/install/ur_client_library/include/ur_client_library/control/script_sender.h
[0.186s] -- Up-to-date: /home/fv/workspace/ros_ur_driver/src/install/ur_client_library/include/ur_client_library/control/script_reader.h
[0.186s] -- Up-to-date: /home/fv/workspace/ros_ur_driver/src/install/ur_client_library/include/ur_client_library/log.h
[0.186s] -- Up-to-date: /home/fv/workspace/ros_ur_driver/src/install/ur_client_library/lib/cmake/ur_client_library/urclTargets.cmake
[0.186s] -- Up-to-date: /home/fv/workspace/ros_ur_driver/src/install/ur_client_library/lib/cmake/ur_client_library/urclTargets-release.cmake
[0.186s] -- Up-to-date: /home/fv/workspace/ros_ur_driver/src/install/ur_client_library/lib/ur_client_library/start_ursim.sh
[0.186s] -- Up-to-date: /home/fv/workspace/ros_ur_driver/src/install/ur_client_library/lib/cmake/ur_client_library/ur_client_libraryConfig.cmake
[0.186s] -- Up-to-date: /home/fv/workspace/ros_ur_driver/src/install/ur_client_library/share/ur_client_library/package.xml
[0.186s] -- Up-to-date: /home/fv/workspace/ros_ur_driver/src/install/ur_client_library/share/ament_index/resource_index/packages/ur_client_library
[0.186s] -- Up-to-date: /home/fv/workspace/ros_ur_driver/src/install/ur_client_library/share/ur_client_library/hook/ament_prefix_path.dsv
[0.186s] -- Up-to-date: /home/fv/workspace/ros_ur_driver/src/install/ur_client_library/share/ur_client_library/hook/ros_package_path.dsv
[0.186s] -- Up-to-date: /home/fv/workspace/ros_ur_driver/src/install/ur_client_library/share/ur_client_library/resources
[0.186s] -- Up-to-date: /home/fv/workspace/ros_ur_driver/src/install/ur_client_library/share/ur_client_library/resources/external_control.urscript
[0.187s] Invoked command in '/home/fv/workspace/ros_ur_driver/src/build/ur_client_library' returned '0': CMAKE_PREFIX_PATH=${CMAKE_PREFIX_PATH}:/opt/ros/jazzy CONDA_PROMPT_MODIFIER=(base) DEBUGINFOD_URLS=https://debuginfod.ubuntu.com PS1=(venv) (base) \[\e]0;\u@\h: \w\a\]${debian_chroot:+($debian_chroot)}\[\033[01;32m\]\u@\h\[\033[00m\]:\[\033[01;34m\]\w\[\033[00m\]\$ VIRTUAL_ENV_PROMPT=(venv) /usr/bin/cmake --install /home/fv/workspace/ros_ur_driver/src/build/ur_client_library
