[0.024s] Invoking command in '/home/fv/workspace/ros_ur_driver/src/build/ur_calibration': AMENT_PREFIX_PATH=/home/fv/workspace/ros_ur_driver/src/install/ur_robot_driver:/home/fv/workspace/ros_ur_driver/src/install/ur_controllers:/home/fv/workspace/ros_ur_driver/src/install/ur_msgs:/home/fv/workspace/ros_ur_driver/src/install/ur_description:/home/fv/workspace/ros_ur_driver/src/install/ur_dashboard_msgs:/home/fv/workspace/ros_ur_driver/src/install/realtime_tools:${AMENT_PREFIX_PATH} CMAKE_PREFIX_PATH=/home/fv/workspace/ros_ur_driver/src/install/ur_robot_driver:/home/fv/workspace/ros_ur_driver/src/install/ur_controllers:/home/fv/workspace/ros_ur_driver/src/install/ur_msgs:/home/fv/workspace/ros_ur_driver/src/install/ur_description:/home/fv/workspace/ros_ur_driver/src/install/ur_dashboard_msgs:/home/fv/workspace/ros_ur_driver/src/install/ur_client_library:/home/fv/workspace/ros_ur_driver/src/install/realtime_tools:/opt/ros/jazzy/opt/sdformat_vendor:/opt/ros/jazzy/opt/gz_math_vendor:/opt/ros/jazzy/opt/gz_utils_vendor:/opt/ros/jazzy/opt/gz_tools_vendor:/opt/ros/jazzy/opt/gz_cmake_vendor:/opt/ros/jazzy CONDA_PROMPT_MODIFIER=(base) DEBUGINFOD_URLS=https://debuginfod.ubuntu.com LD_LIBRARY_PATH=/home/fv/workspace/ros_ur_driver/src/install/ur_robot_driver/lib:/home/fv/workspace/ros_ur_driver/src/install/ur_controllers/lib:/home/fv/workspace/ros_ur_driver/src/install/ur_msgs/lib:/home/fv/workspace/ros_ur_driver/src/install/ur_dashboard_msgs/lib:/home/fv/workspace/ros_ur_driver/src/install/ur_client_library/lib:/home/fv/workspace/ros_ur_driver/src/install/realtime_tools/lib:${LD_LIBRARY_PATH} PATH=/home/fv/workspace/ros_ur_driver/src/install/ur_robot_driver/bin:${PATH} PKG_CONFIG_PATH=/home/fv/workspace/ros_ur_driver/src/install/ur_client_library/lib/x86_64-linux-gnu/pkgconfig:/home/fv/workspace/ros_ur_driver/src/install/ur_client_library/lib/pkgconfig PS1=(venv) (base) \[\e]0;\u@\h: \w\a\]${debian_chroot:+($debian_chroot)}\[\033[01;32m\]\u@\h\[\033[00m\]:\[\033[01;34m\]\w\[\033[00m\]\$ PYTHONPATH=/home/fv/workspace/ros_ur_driver/src/install/ur_robot_driver/lib/python3.13/site-packages:/home/fv/workspace/ros_ur_driver/src/install/ur_msgs/lib/python3.13/site-packages:/home/fv/workspace/ros_ur_driver/src/install/ur_dashboard_msgs/lib/python3.13/site-packages:${PYTHONPATH} VIRTUAL_ENV_PROMPT=(venv) /usr/bin/cmake /home/fv/workspace/ros_ur_driver/src/Universal_Robots_ROS2_Driver/ur_calibration -DCMAKE_BUILD_TYPE=Release -DCMAKE_INSTALL_PREFIX=/home/fv/workspace/ros_ur_driver/src/install/ur_calibration
[0.079s] -- The C compiler identification is GNU 13.3.0
[0.141s] -- The CXX compiler identification is GNU 13.3.0
[0.163s] -- Detecting C compiler ABI info
[0.288s] -- Detecting C compiler ABI info - done
[0.296s] -- Check for working C compiler: /usr/bin/cc - skipped
[0.296s] -- Detecting C compile features
[0.297s] -- Detecting C compile features - done
[0.308s] -- Detecting CXX compiler ABI info
[0.438s] -- Detecting CXX compiler ABI info - done
[0.449s] -- Check for working CXX compiler: /usr/bin/c++ - skipped
[0.450s] -- Detecting CXX compile features
[0.450s] -- Detecting CXX compile features - done
[0.454s] -- Found ament_cmake: 2.5.4 (/opt/ros/jazzy/share/ament_cmake/cmake)
[0.595s] -- Found Python3: /home/fv/venv/bin/python3 (found version "3.13.5") found components: Interpreter 
[0.721s] -- Found rclcpp: 28.1.12 (/opt/ros/jazzy/share/rclcpp/cmake)
[0.770s] -- Found rosidl_generator_c: 4.6.6 (/opt/ros/jazzy/share/rosidl_generator_c/cmake)
[0.786s] -- Found rosidl_generator_cpp: 4.6.6 (/opt/ros/jazzy/share/rosidl_generator_cpp/cmake)
[0.806s] -- Using all available rosidl_typesupport_c: rosidl_typesupport_fastrtps_c;rosidl_typesupport_introspection_c
[0.830s] -- Using all available rosidl_typesupport_cpp: rosidl_typesupport_fastrtps_cpp;rosidl_typesupport_introspection_cpp
[0.943s] -- Found rmw_implementation_cmake: 7.3.2 (/opt/ros/jazzy/share/rmw_implementation_cmake/cmake)
[0.947s] -- Found rmw_fastrtps_cpp: 8.4.3 (/opt/ros/jazzy/share/rmw_fastrtps_cpp/cmake)
[1.046s] -- Found OpenSSL: /usr/lib/x86_64-linux-gnu/libcrypto.so (found version "3.0.13")  
[1.072s] -- Found FastRTPS: /opt/ros/jazzy/include (Required is at least version "2.13") 
[1.102s] -- Using RMW implementation 'rmw_fastrtps_cpp' as default
[1.180s] -- Found ur_robot_driver: 3.4.0 (/home/fv/workspace/ros_ur_driver/src/install/ur_robot_driver/share/ur_robot_driver/cmake)
[1.745s] -- Found eigen3_cmake_module: 0.3.0 (/opt/ros/jazzy/share/eigen3_cmake_module/cmake)
[1.747s] -- Found Eigen3: TRUE (found version "3.4.0") 
[1.747s] -- Ensuring Eigen3 include directory is part of orocos-kdl CMake target
[1.940s] -- Found yaml_cpp_vendor: 9.0.1 (/opt/ros/jazzy/share/yaml_cpp_vendor/cmake)
[1.941s] -- Setting yaml-cpp_DIR to: '/opt/ros/jazzy/share/yaml_cpp_vendor/cmake/../../../opt/yaml_cpp_vendor/share/cmake/yaml-cpp'
[1.981s] -- Found ament_cmake_gmock: 2.5.4 (/opt/ros/jazzy/share/ament_cmake_gmock/cmake)
[1.989s] -- Found gmock sources under '/opt/ros/jazzy/src/gmock_vendor': C++ tests using 'Google Mock' will be built
[1.992s] -- Found ament_cmake_gtest: 2.5.4 (/opt/ros/jazzy/share/ament_cmake_gtest/cmake)
[1.993s] -- Found gtest sources under '/opt/ros/jazzy/src/gtest_vendor': C++ tests using 'Google Test' will be built
[2.109s] -- Configuring done (2.1s)
[2.238s] -- Generating done (0.1s)
[2.252s] -- Build files have been written to: /home/fv/workspace/ros_ur_driver/src/build/ur_calibration
[2.274s] Invoked command in '/home/fv/workspace/ros_ur_driver/src/build/ur_calibration' returned '0': AMENT_PREFIX_PATH=/home/fv/workspace/ros_ur_driver/src/install/ur_robot_driver:/home/fv/workspace/ros_ur_driver/src/install/ur_controllers:/home/fv/workspace/ros_ur_driver/src/install/ur_msgs:/home/fv/workspace/ros_ur_driver/src/install/ur_description:/home/fv/workspace/ros_ur_driver/src/install/ur_dashboard_msgs:/home/fv/workspace/ros_ur_driver/src/install/realtime_tools:${AMENT_PREFIX_PATH} CMAKE_PREFIX_PATH=/home/fv/workspace/ros_ur_driver/src/install/ur_robot_driver:/home/fv/workspace/ros_ur_driver/src/install/ur_controllers:/home/fv/workspace/ros_ur_driver/src/install/ur_msgs:/home/fv/workspace/ros_ur_driver/src/install/ur_description:/home/fv/workspace/ros_ur_driver/src/install/ur_dashboard_msgs:/home/fv/workspace/ros_ur_driver/src/install/ur_client_library:/home/fv/workspace/ros_ur_driver/src/install/realtime_tools:/opt/ros/jazzy/opt/sdformat_vendor:/opt/ros/jazzy/opt/gz_math_vendor:/opt/ros/jazzy/opt/gz_utils_vendor:/opt/ros/jazzy/opt/gz_tools_vendor:/opt/ros/jazzy/opt/gz_cmake_vendor:/opt/ros/jazzy CONDA_PROMPT_MODIFIER=(base) DEBUGINFOD_URLS=https://debuginfod.ubuntu.com LD_LIBRARY_PATH=/home/fv/workspace/ros_ur_driver/src/install/ur_robot_driver/lib:/home/fv/workspace/ros_ur_driver/src/install/ur_controllers/lib:/home/fv/workspace/ros_ur_driver/src/install/ur_msgs/lib:/home/fv/workspace/ros_ur_driver/src/install/ur_dashboard_msgs/lib:/home/fv/workspace/ros_ur_driver/src/install/ur_client_library/lib:/home/fv/workspace/ros_ur_driver/src/install/realtime_tools/lib:${LD_LIBRARY_PATH} PATH=/home/fv/workspace/ros_ur_driver/src/install/ur_robot_driver/bin:${PATH} PKG_CONFIG_PATH=/home/fv/workspace/ros_ur_driver/src/install/ur_client_library/lib/x86_64-linux-gnu/pkgconfig:/home/fv/workspace/ros_ur_driver/src/install/ur_client_library/lib/pkgconfig PS1=(venv) (base) \[\e]0;\u@\h: \w\a\]${debian_chroot:+($debian_chroot)}\[\033[01;32m\]\u@\h\[\033[00m\]:\[\033[01;34m\]\w\[\033[00m\]\$ PYTHONPATH=/home/fv/workspace/ros_ur_driver/src/install/ur_robot_driver/lib/python3.13/site-packages:/home/fv/workspace/ros_ur_driver/src/install/ur_msgs/lib/python3.13/site-packages:/home/fv/workspace/ros_ur_driver/src/install/ur_dashboard_msgs/lib/python3.13/site-packages:${PYTHONPATH} VIRTUAL_ENV_PROMPT=(venv) /usr/bin/cmake /home/fv/workspace/ros_ur_driver/src/Universal_Robots_ROS2_Driver/ur_calibration -DCMAKE_BUILD_TYPE=Release -DCMAKE_INSTALL_PREFIX=/home/fv/workspace/ros_ur_driver/src/install/ur_calibration
[2.275s] Invoking command in '/home/fv/workspace/ros_ur_driver/src/build/ur_calibration': AMENT_PREFIX_PATH=/home/fv/workspace/ros_ur_driver/src/install/ur_robot_driver:/home/fv/workspace/ros_ur_driver/src/install/ur_controllers:/home/fv/workspace/ros_ur_driver/src/install/ur_msgs:/home/fv/workspace/ros_ur_driver/src/install/ur_description:/home/fv/workspace/ros_ur_driver/src/install/ur_dashboard_msgs:/home/fv/workspace/ros_ur_driver/src/install/realtime_tools:${AMENT_PREFIX_PATH} CMAKE_PREFIX_PATH=/home/fv/workspace/ros_ur_driver/src/install/ur_robot_driver:/home/fv/workspace/ros_ur_driver/src/install/ur_controllers:/home/fv/workspace/ros_ur_driver/src/install/ur_msgs:/home/fv/workspace/ros_ur_driver/src/install/ur_description:/home/fv/workspace/ros_ur_driver/src/install/ur_dashboard_msgs:/home/fv/workspace/ros_ur_driver/src/install/ur_client_library:/home/fv/workspace/ros_ur_driver/src/install/realtime_tools:/opt/ros/jazzy/opt/sdformat_vendor:/opt/ros/jazzy/opt/gz_math_vendor:/opt/ros/jazzy/opt/gz_utils_vendor:/opt/ros/jazzy/opt/gz_tools_vendor:/opt/ros/jazzy/opt/gz_cmake_vendor:/opt/ros/jazzy CONDA_PROMPT_MODIFIER=(base) DEBUGINFOD_URLS=https://debuginfod.ubuntu.com LD_LIBRARY_PATH=/home/fv/workspace/ros_ur_driver/src/install/ur_robot_driver/lib:/home/fv/workspace/ros_ur_driver/src/install/ur_controllers/lib:/home/fv/workspace/ros_ur_driver/src/install/ur_msgs/lib:/home/fv/workspace/ros_ur_driver/src/install/ur_dashboard_msgs/lib:/home/fv/workspace/ros_ur_driver/src/install/ur_client_library/lib:/home/fv/workspace/ros_ur_driver/src/install/realtime_tools/lib:${LD_LIBRARY_PATH} PATH=/home/fv/workspace/ros_ur_driver/src/install/ur_robot_driver/bin:${PATH} PKG_CONFIG_PATH=/home/fv/workspace/ros_ur_driver/src/install/ur_client_library/lib/x86_64-linux-gnu/pkgconfig:/home/fv/workspace/ros_ur_driver/src/install/ur_client_library/lib/pkgconfig PS1=(venv) (base) \[\e]0;\u@\h: \w\a\]${debian_chroot:+($debian_chroot)}\[\033[01;32m\]\u@\h\[\033[00m\]:\[\033[01;34m\]\w\[\033[00m\]\$ PYTHONPATH=/home/fv/workspace/ros_ur_driver/src/install/ur_robot_driver/lib/python3.13/site-packages:/home/fv/workspace/ros_ur_driver/src/install/ur_msgs/lib/python3.13/site-packages:/home/fv/workspace/ros_ur_driver/src/install/ur_dashboard_msgs/lib/python3.13/site-packages:${PYTHONPATH} VIRTUAL_ENV_PROMPT=(venv) /usr/bin/cmake --build /home/fv/workspace/ros_ur_driver/src/build/ur_calibration -- -j20 -l20
[2.330s] [ 16%] [32mBuilding CXX object gmock/CMakeFiles/gmock.dir/opt/ros/jazzy/src/gtest_vendor/src/gtest-all.cc.o[0m
[2.331s] [ 16%] [32mBuilding CXX object CMakeFiles/calibration.dir/src/calibration.cpp.o[0m
[2.332s] [ 25%] [32mBuilding CXX object CMakeFiles/calibration.dir/src/calibration_consumer.cpp.o[0m
[2.336s] [ 33%] [32mBuilding CXX object gmock/CMakeFiles/gmock_main.dir/src/gmock_main.cc.o[0m
[2.337s] [ 41%] [32mBuilding CXX object gmock/CMakeFiles/gmock.dir/src/gmock-all.cc.o[0m
[3.723s] [ 50%] [32m[1mLinking CXX static library libgmock_main.a[0m
[3.758s] [ 50%] Built target gmock_main
[8.172s] [ 58%] [32m[1mLinking CXX static library libcalibration.a[0m
[8.202s] [ 58%] Built target calibration
[8.226s] [ 66%] [32mBuilding CXX object CMakeFiles/calibration_correction.dir/src/calibration_correction.cpp.o[0m
[10.951s] [ 75%] [32m[1mLinking CXX static library libgmock.a[0m
[10.994s] [ 75%] Built target gmock
[11.022s] [ 83%] [32mBuilding CXX object CMakeFiles/calibration_test.dir/test/calibration_test.cpp.o[0m
[14.291s] [ 91%] [32m[1mLinking CXX executable calibration_correction[0m
[14.712s] [ 91%] Built target calibration_correction
[16.857s] [100%] [32m[1mLinking CXX executable calibration_test[0m
[17.055s] [100%] Built target calibration_test
[17.071s] Invoked command in '/home/fv/workspace/ros_ur_driver/src/build/ur_calibration' returned '0': AMENT_PREFIX_PATH=/home/fv/workspace/ros_ur_driver/src/install/ur_robot_driver:/home/fv/workspace/ros_ur_driver/src/install/ur_controllers:/home/fv/workspace/ros_ur_driver/src/install/ur_msgs:/home/fv/workspace/ros_ur_driver/src/install/ur_description:/home/fv/workspace/ros_ur_driver/src/install/ur_dashboard_msgs:/home/fv/workspace/ros_ur_driver/src/install/realtime_tools:${AMENT_PREFIX_PATH} CMAKE_PREFIX_PATH=/home/fv/workspace/ros_ur_driver/src/install/ur_robot_driver:/home/fv/workspace/ros_ur_driver/src/install/ur_controllers:/home/fv/workspace/ros_ur_driver/src/install/ur_msgs:/home/fv/workspace/ros_ur_driver/src/install/ur_description:/home/fv/workspace/ros_ur_driver/src/install/ur_dashboard_msgs:/home/fv/workspace/ros_ur_driver/src/install/ur_client_library:/home/fv/workspace/ros_ur_driver/src/install/realtime_tools:/opt/ros/jazzy/opt/sdformat_vendor:/opt/ros/jazzy/opt/gz_math_vendor:/opt/ros/jazzy/opt/gz_utils_vendor:/opt/ros/jazzy/opt/gz_tools_vendor:/opt/ros/jazzy/opt/gz_cmake_vendor:/opt/ros/jazzy CONDA_PROMPT_MODIFIER=(base) DEBUGINFOD_URLS=https://debuginfod.ubuntu.com LD_LIBRARY_PATH=/home/fv/workspace/ros_ur_driver/src/install/ur_robot_driver/lib:/home/fv/workspace/ros_ur_driver/src/install/ur_controllers/lib:/home/fv/workspace/ros_ur_driver/src/install/ur_msgs/lib:/home/fv/workspace/ros_ur_driver/src/install/ur_dashboard_msgs/lib:/home/fv/workspace/ros_ur_driver/src/install/ur_client_library/lib:/home/fv/workspace/ros_ur_driver/src/install/realtime_tools/lib:${LD_LIBRARY_PATH} PATH=/home/fv/workspace/ros_ur_driver/src/install/ur_robot_driver/bin:${PATH} PKG_CONFIG_PATH=/home/fv/workspace/ros_ur_driver/src/install/ur_client_library/lib/x86_64-linux-gnu/pkgconfig:/home/fv/workspace/ros_ur_driver/src/install/ur_client_library/lib/pkgconfig PS1=(venv) (base) \[\e]0;\u@\h: \w\a\]${debian_chroot:+($debian_chroot)}\[\033[01;32m\]\u@\h\[\033[00m\]:\[\033[01;34m\]\w\[\033[00m\]\$ PYTHONPATH=/home/fv/workspace/ros_ur_driver/src/install/ur_robot_driver/lib/python3.13/site-packages:/home/fv/workspace/ros_ur_driver/src/install/ur_msgs/lib/python3.13/site-packages:/home/fv/workspace/ros_ur_driver/src/install/ur_dashboard_msgs/lib/python3.13/site-packages:${PYTHONPATH} VIRTUAL_ENV_PROMPT=(venv) /usr/bin/cmake --build /home/fv/workspace/ros_ur_driver/src/build/ur_calibration -- -j20 -l20
[17.073s] Invoking command in '/home/fv/workspace/ros_ur_driver/src/build/ur_calibration': AMENT_PREFIX_PATH=/home/fv/workspace/ros_ur_driver/src/install/ur_robot_driver:/home/fv/workspace/ros_ur_driver/src/install/ur_controllers:/home/fv/workspace/ros_ur_driver/src/install/ur_msgs:/home/fv/workspace/ros_ur_driver/src/install/ur_description:/home/fv/workspace/ros_ur_driver/src/install/ur_dashboard_msgs:/home/fv/workspace/ros_ur_driver/src/install/realtime_tools:${AMENT_PREFIX_PATH} CMAKE_PREFIX_PATH=/home/fv/workspace/ros_ur_driver/src/install/ur_robot_driver:/home/fv/workspace/ros_ur_driver/src/install/ur_controllers:/home/fv/workspace/ros_ur_driver/src/install/ur_msgs:/home/fv/workspace/ros_ur_driver/src/install/ur_description:/home/fv/workspace/ros_ur_driver/src/install/ur_dashboard_msgs:/home/fv/workspace/ros_ur_driver/src/install/ur_client_library:/home/fv/workspace/ros_ur_driver/src/install/realtime_tools:/opt/ros/jazzy/opt/sdformat_vendor:/opt/ros/jazzy/opt/gz_math_vendor:/opt/ros/jazzy/opt/gz_utils_vendor:/opt/ros/jazzy/opt/gz_tools_vendor:/opt/ros/jazzy/opt/gz_cmake_vendor:/opt/ros/jazzy CONDA_PROMPT_MODIFIER=(base) DEBUGINFOD_URLS=https://debuginfod.ubuntu.com LD_LIBRARY_PATH=/home/fv/workspace/ros_ur_driver/src/install/ur_robot_driver/lib:/home/fv/workspace/ros_ur_driver/src/install/ur_controllers/lib:/home/fv/workspace/ros_ur_driver/src/install/ur_msgs/lib:/home/fv/workspace/ros_ur_driver/src/install/ur_dashboard_msgs/lib:/home/fv/workspace/ros_ur_driver/src/install/ur_client_library/lib:/home/fv/workspace/ros_ur_driver/src/install/realtime_tools/lib:${LD_LIBRARY_PATH} PATH=/home/fv/workspace/ros_ur_driver/src/install/ur_robot_driver/bin:${PATH} PKG_CONFIG_PATH=/home/fv/workspace/ros_ur_driver/src/install/ur_client_library/lib/x86_64-linux-gnu/pkgconfig:/home/fv/workspace/ros_ur_driver/src/install/ur_client_library/lib/pkgconfig PS1=(venv) (base) \[\e]0;\u@\h: \w\a\]${debian_chroot:+($debian_chroot)}\[\033[01;32m\]\u@\h\[\033[00m\]:\[\033[01;34m\]\w\[\033[00m\]\$ PYTHONPATH=/home/fv/workspace/ros_ur_driver/src/install/ur_robot_driver/lib/python3.13/site-packages:/home/fv/workspace/ros_ur_driver/src/install/ur_msgs/lib/python3.13/site-packages:/home/fv/workspace/ros_ur_driver/src/install/ur_dashboard_msgs/lib/python3.13/site-packages:${PYTHONPATH} VIRTUAL_ENV_PROMPT=(venv) /usr/bin/cmake --install /home/fv/workspace/ros_ur_driver/src/build/ur_calibration
[17.079s] -- Install configuration: "Release"
[17.079s] -- Installing: /home/fv/workspace/ros_ur_driver/src/install/ur_calibration/lib/ur_calibration/calibration_correction
[17.080s] -- Set non-toolchain portion of runtime path of "/home/fv/workspace/ros_ur_driver/src/install/ur_calibration/lib/ur_calibration/calibration_correction" to ""
[17.080s] -- Installing: /home/fv/workspace/ros_ur_driver/src/install/ur_calibration/include
[17.080s] -- Installing: /home/fv/workspace/ros_ur_driver/src/install/ur_calibration/include/ur_calibration
[17.080s] -- Installing: /home/fv/workspace/ros_ur_driver/src/install/ur_calibration/include/ur_calibration/calibration.hpp
[17.080s] -- Installing: /home/fv/workspace/ros_ur_driver/src/install/ur_calibration/include/ur_calibration/calibration_consumer.hpp
[17.080s] -- Installing: /home/fv/workspace/ros_ur_driver/src/install/ur_calibration/share/ur_calibration/launch
[17.080s] -- Installing: /home/fv/workspace/ros_ur_driver/src/install/ur_calibration/share/ur_calibration/launch/calibration_correction.launch.py
[17.081s] -- Installing: /home/fv/workspace/ros_ur_driver/src/install/ur_calibration/share/ament_index/resource_index/package_run_dependencies/ur_calibration
[17.081s] -- Installing: /home/fv/workspace/ros_ur_driver/src/install/ur_calibration/share/ament_index/resource_index/parent_prefix_path/ur_calibration
[17.081s] -- Installing: /home/fv/workspace/ros_ur_driver/src/install/ur_calibration/share/ur_calibration/environment/ament_prefix_path.sh
[17.081s] -- Installing: /home/fv/workspace/ros_ur_driver/src/install/ur_calibration/share/ur_calibration/environment/ament_prefix_path.dsv
[17.081s] -- Installing: /home/fv/workspace/ros_ur_driver/src/install/ur_calibration/share/ur_calibration/environment/path.sh
[17.081s] -- Installing: /home/fv/workspace/ros_ur_driver/src/install/ur_calibration/share/ur_calibration/environment/path.dsv
[17.081s] -- Installing: /home/fv/workspace/ros_ur_driver/src/install/ur_calibration/share/ur_calibration/local_setup.bash
[17.081s] -- Installing: /home/fv/workspace/ros_ur_driver/src/install/ur_calibration/share/ur_calibration/local_setup.sh
[17.081s] -- Installing: /home/fv/workspace/ros_ur_driver/src/install/ur_calibration/share/ur_calibration/local_setup.zsh
[17.081s] -- Installing: /home/fv/workspace/ros_ur_driver/src/install/ur_calibration/share/ur_calibration/local_setup.dsv
[17.082s] -- Installing: /home/fv/workspace/ros_ur_driver/src/install/ur_calibration/share/ur_calibration/package.dsv
[17.082s] -- Installing: /home/fv/workspace/ros_ur_driver/src/install/ur_calibration/share/ament_index/resource_index/packages/ur_calibration
[17.082s] -- Installing: /home/fv/workspace/ros_ur_driver/src/install/ur_calibration/share/ur_calibration/cmake/ament_cmake_export_include_directories-extras.cmake
[17.082s] -- Installing: /home/fv/workspace/ros_ur_driver/src/install/ur_calibration/share/ur_calibration/cmake/ament_cmake_export_dependencies-extras.cmake
[17.082s] -- Installing: /home/fv/workspace/ros_ur_driver/src/install/ur_calibration/share/ur_calibration/cmake/ur_calibrationConfig.cmake
[17.082s] -- Installing: /home/fv/workspace/ros_ur_driver/src/install/ur_calibration/share/ur_calibration/cmake/ur_calibrationConfig-version.cmake
[17.082s] -- Installing: /home/fv/workspace/ros_ur_driver/src/install/ur_calibration/share/ur_calibration/package.xml
[17.084s] Invoked command in '/home/fv/workspace/ros_ur_driver/src/build/ur_calibration' returned '0': AMENT_PREFIX_PATH=/home/fv/workspace/ros_ur_driver/src/install/ur_robot_driver:/home/fv/workspace/ros_ur_driver/src/install/ur_controllers:/home/fv/workspace/ros_ur_driver/src/install/ur_msgs:/home/fv/workspace/ros_ur_driver/src/install/ur_description:/home/fv/workspace/ros_ur_driver/src/install/ur_dashboard_msgs:/home/fv/workspace/ros_ur_driver/src/install/realtime_tools:${AMENT_PREFIX_PATH} CMAKE_PREFIX_PATH=/home/fv/workspace/ros_ur_driver/src/install/ur_robot_driver:/home/fv/workspace/ros_ur_driver/src/install/ur_controllers:/home/fv/workspace/ros_ur_driver/src/install/ur_msgs:/home/fv/workspace/ros_ur_driver/src/install/ur_description:/home/fv/workspace/ros_ur_driver/src/install/ur_dashboard_msgs:/home/fv/workspace/ros_ur_driver/src/install/ur_client_library:/home/fv/workspace/ros_ur_driver/src/install/realtime_tools:/opt/ros/jazzy/opt/sdformat_vendor:/opt/ros/jazzy/opt/gz_math_vendor:/opt/ros/jazzy/opt/gz_utils_vendor:/opt/ros/jazzy/opt/gz_tools_vendor:/opt/ros/jazzy/opt/gz_cmake_vendor:/opt/ros/jazzy CONDA_PROMPT_MODIFIER=(base) DEBUGINFOD_URLS=https://debuginfod.ubuntu.com LD_LIBRARY_PATH=/home/fv/workspace/ros_ur_driver/src/install/ur_robot_driver/lib:/home/fv/workspace/ros_ur_driver/src/install/ur_controllers/lib:/home/fv/workspace/ros_ur_driver/src/install/ur_msgs/lib:/home/fv/workspace/ros_ur_driver/src/install/ur_dashboard_msgs/lib:/home/fv/workspace/ros_ur_driver/src/install/ur_client_library/lib:/home/fv/workspace/ros_ur_driver/src/install/realtime_tools/lib:${LD_LIBRARY_PATH} PATH=/home/fv/workspace/ros_ur_driver/src/install/ur_robot_driver/bin:${PATH} PKG_CONFIG_PATH=/home/fv/workspace/ros_ur_driver/src/install/ur_client_library/lib/x86_64-linux-gnu/pkgconfig:/home/fv/workspace/ros_ur_driver/src/install/ur_client_library/lib/pkgconfig PS1=(venv) (base) \[\e]0;\u@\h: \w\a\]${debian_chroot:+($debian_chroot)}\[\033[01;32m\]\u@\h\[\033[00m\]:\[\033[01;34m\]\w\[\033[00m\]\$ PYTHONPATH=/home/fv/workspace/ros_ur_driver/src/install/ur_robot_driver/lib/python3.13/site-packages:/home/fv/workspace/ros_ur_driver/src/install/ur_msgs/lib/python3.13/site-packages:/home/fv/workspace/ros_ur_driver/src/install/ur_dashboard_msgs/lib/python3.13/site-packages:${PYTHONPATH} VIRTUAL_ENV_PROMPT=(venv) /usr/bin/cmake --install /home/fv/workspace/ros_ur_driver/src/build/ur_calibration
