[0.019s] Invoking command in '/home/fv/workspace/ros_ur_driver/src/build/moveit_resources_prbt_support': CMAKE_PREFIX_PATH=${CMAKE_PREFIX_PATH}:/opt/ros/jazzy CONDA_PROMPT_MODIFIER=(base) DEBUGINFOD_URLS=https://debuginfod.ubuntu.com PS1=(venv) (base) \[\e]0;\u@\h: \w\a\]${debian_chroot:+($debian_chroot)}\[\033[01;32m\]\u@\h\[\033[00m\]:\[\033[01;34m\]\w\[\033[00m\]\$ VIRTUAL_ENV_PROMPT=(venv) /usr/bin/cmake /home/fv/workspace/ros_ur_driver/src/moveit2/moveit_planners/test_configs/prbt_support -DCMAKE_BUILD_TYPE=Release -DCMAKE_INSTALL_PREFIX=/home/fv/workspace/ros_ur_driver/src/install/moveit_resources_prbt_support
[0.274s] -- The C compiler identification is GNU 13.3.0
[0.274s] -- The CXX compiler identification is GNU 13.3.0
[0.274s] -- Detecting C compiler ABI info
[0.274s] -- Detecting C compiler ABI info - done
[0.274s] -- Check for working C compiler: /usr/bin/cc - skipped
[0.275s] -- Detecting C compile features
[0.275s] -- Detecting C compile features - done
[0.275s] -- Detecting CXX compiler ABI info
[0.275s] -- Detecting CXX compiler ABI info - done
[0.275s] -- Check for working CXX compiler: /usr/bin/c++ - skipped
[0.275s] -- Detecting CXX compile features
[0.275s] -- Detecting CXX compile features - done
[0.279s] -- Found ament_cmake: 2.5.4 (/opt/ros/jazzy/share/ament_cmake/cmake)
[0.362s] -- Found Python3: /home/fv/venv/bin/python3 (found version "3.13.5") found components: Interpreter 
[0.483s] -- Configuring done (0.5s)
[0.485s] -- Generating done (0.0s)
[0.486s] -- Build files have been written to: /home/fv/workspace/ros_ur_driver/src/build/moveit_resources_prbt_support
[0.489s] Invoked command in '/home/fv/workspace/ros_ur_driver/src/build/moveit_resources_prbt_support' returned '0': CMAKE_PREFIX_PATH=${CMAKE_PREFIX_PATH}:/opt/ros/jazzy CONDA_PROMPT_MODIFIER=(base) DEBUGINFOD_URLS=https://debuginfod.ubuntu.com PS1=(venv) (base) \[\e]0;\u@\h: \w\a\]${debian_chroot:+($debian_chroot)}\[\033[01;32m\]\u@\h\[\033[00m\]:\[\033[01;34m\]\w\[\033[00m\]\$ VIRTUAL_ENV_PROMPT=(venv) /usr/bin/cmake /home/fv/workspace/ros_ur_driver/src/moveit2/moveit_planners/test_configs/prbt_support -DCMAKE_BUILD_TYPE=Release -DCMAKE_INSTALL_PREFIX=/home/fv/workspace/ros_ur_driver/src/install/moveit_resources_prbt_support
[0.490s] Invoking command in '/home/fv/workspace/ros_ur_driver/src/build/moveit_resources_prbt_support': CMAKE_PREFIX_PATH=${CMAKE_PREFIX_PATH}:/opt/ros/jazzy CONDA_PROMPT_MODIFIER=(base) DEBUGINFOD_URLS=https://debuginfod.ubuntu.com PS1=(venv) (base) \[\e]0;\u@\h: \w\a\]${debian_chroot:+($debian_chroot)}\[\033[01;32m\]\u@\h\[\033[00m\]:\[\033[01;34m\]\w\[\033[00m\]\$ VIRTUAL_ENV_PROMPT=(venv) /usr/bin/cmake --build /home/fv/workspace/ros_ur_driver/src/build/moveit_resources_prbt_support -- -j20 -l20
[0.514s] Invoked command in '/home/fv/workspace/ros_ur_driver/src/build/moveit_resources_prbt_support' returned '0': CMAKE_PREFIX_PATH=${CMAKE_PREFIX_PATH}:/opt/ros/jazzy CONDA_PROMPT_MODIFIER=(base) DEBUGINFOD_URLS=https://debuginfod.ubuntu.com PS1=(venv) (base) \[\e]0;\u@\h: \w\a\]${debian_chroot:+($debian_chroot)}\[\033[01;32m\]\u@\h\[\033[00m\]:\[\033[01;34m\]\w\[\033[00m\]\$ VIRTUAL_ENV_PROMPT=(venv) /usr/bin/cmake --build /home/fv/workspace/ros_ur_driver/src/build/moveit_resources_prbt_support -- -j20 -l20
[0.515s] Invoking command in '/home/fv/workspace/ros_ur_driver/src/build/moveit_resources_prbt_support': CMAKE_PREFIX_PATH=${CMAKE_PREFIX_PATH}:/opt/ros/jazzy CONDA_PROMPT_MODIFIER=(base) DEBUGINFOD_URLS=https://debuginfod.ubuntu.com PS1=(venv) (base) \[\e]0;\u@\h: \w\a\]${debian_chroot:+($debian_chroot)}\[\033[01;32m\]\u@\h\[\033[00m\]:\[\033[01;34m\]\w\[\033[00m\]\$ VIRTUAL_ENV_PROMPT=(venv) /usr/bin/cmake --install /home/fv/workspace/ros_ur_driver/src/build/moveit_resources_prbt_support
[0.522s] -- Install configuration: "Release"
[0.522s] -- Installing: /home/fv/workspace/ros_ur_driver/src/install/moveit_resources_prbt_support/share/ament_index/resource_index/package_run_dependencies/moveit_resources_prbt_support
[0.522s] -- Installing: /home/fv/workspace/ros_ur_driver/src/install/moveit_resources_prbt_support/share/ament_index/resource_index/parent_prefix_path/moveit_resources_prbt_support
[0.522s] -- Installing: /home/fv/workspace/ros_ur_driver/src/install/moveit_resources_prbt_support/share/moveit_resources_prbt_support/environment/ament_prefix_path.sh
[0.522s] -- Installing: /home/fv/workspace/ros_ur_driver/src/install/moveit_resources_prbt_support/share/moveit_resources_prbt_support/environment/ament_prefix_path.dsv
[0.523s] -- Installing: /home/fv/workspace/ros_ur_driver/src/install/moveit_resources_prbt_support/share/moveit_resources_prbt_support/environment/path.sh
[0.523s] -- Installing: /home/fv/workspace/ros_ur_driver/src/install/moveit_resources_prbt_support/share/moveit_resources_prbt_support/environment/path.dsv
[0.523s] -- Installing: /home/fv/workspace/ros_ur_driver/src/install/moveit_resources_prbt_support/share/moveit_resources_prbt_support/local_setup.bash
[0.523s] -- Installing: /home/fv/workspace/ros_ur_driver/src/install/moveit_resources_prbt_support/share/moveit_resources_prbt_support/local_setup.sh
[0.523s] -- Installing: /home/fv/workspace/ros_ur_driver/src/install/moveit_resources_prbt_support/share/moveit_resources_prbt_support/local_setup.zsh
[0.523s] -- Installing: /home/fv/workspace/ros_ur_driver/src/install/moveit_resources_prbt_support/share/moveit_resources_prbt_support/local_setup.dsv
[0.523s] -- Installing: /home/fv/workspace/ros_ur_driver/src/install/moveit_resources_prbt_support/share/moveit_resources_prbt_support/package.dsv
[0.523s] -- Installing: /home/fv/workspace/ros_ur_driver/src/install/moveit_resources_prbt_support/share/ament_index/resource_index/packages/moveit_resources_prbt_support
[0.524s] -- Installing: /home/fv/workspace/ros_ur_driver/src/install/moveit_resources_prbt_support/share/moveit_resources_prbt_support/cmake/moveit_resources_prbt_supportConfig.cmake
[0.524s] -- Installing: /home/fv/workspace/ros_ur_driver/src/install/moveit_resources_prbt_support/share/moveit_resources_prbt_support/cmake/moveit_resources_prbt_supportConfig-version.cmake
[0.524s] -- Installing: /home/fv/workspace/ros_ur_driver/src/install/moveit_resources_prbt_support/share/moveit_resources_prbt_support/package.xml
[0.524s] -- Installing: /home/fv/workspace/ros_ur_driver/src/install/moveit_resources_prbt_support/share/moveit_resources_prbt_support/urdf
[0.524s] -- Installing: /home/fv/workspace/ros_ur_driver/src/install/moveit_resources_prbt_support/share/moveit_resources_prbt_support/urdf/prbt_macro.xacro
[0.524s] -- Installing: /home/fv/workspace/ros_ur_driver/src/install/moveit_resources_prbt_support/share/moveit_resources_prbt_support/urdf/simple_gripper_brackets.urdf.xacro
[0.524s] -- Installing: /home/fv/workspace/ros_ur_driver/src/install/moveit_resources_prbt_support/share/moveit_resources_prbt_support/urdf/prbt.ros2_control.xacro
[0.524s] -- Installing: /home/fv/workspace/ros_ur_driver/src/install/moveit_resources_prbt_support/share/moveit_resources_prbt_support/urdf/prbt.xacro
[0.525s] -- Installing: /home/fv/workspace/ros_ur_driver/src/install/moveit_resources_prbt_support/share/moveit_resources_prbt_support/meshes
[0.525s] -- Installing: /home/fv/workspace/ros_ur_driver/src/install/moveit_resources_prbt_support/share/moveit_resources_prbt_support/meshes/link_5.dae
[0.525s] -- Installing: /home/fv/workspace/ros_ur_driver/src/install/moveit_resources_prbt_support/share/moveit_resources_prbt_support/meshes/link_1.dae
[0.525s] -- Installing: /home/fv/workspace/ros_ur_driver/src/install/moveit_resources_prbt_support/share/moveit_resources_prbt_support/meshes/link_2.dae
[0.526s] -- Installing: /home/fv/workspace/ros_ur_driver/src/install/moveit_resources_prbt_support/share/moveit_resources_prbt_support/meshes/link_1.stl
[0.526s] -- Installing: /home/fv/workspace/ros_ur_driver/src/install/moveit_resources_prbt_support/share/moveit_resources_prbt_support/meshes/link_2.stl
[0.527s] -- Installing: /home/fv/workspace/ros_ur_driver/src/install/moveit_resources_prbt_support/share/moveit_resources_prbt_support/meshes/link_3.dae
[0.527s] -- Installing: /home/fv/workspace/ros_ur_driver/src/install/moveit_resources_prbt_support/share/moveit_resources_prbt_support/meshes/foot.stl
[0.527s] -- Installing: /home/fv/workspace/ros_ur_driver/src/install/moveit_resources_prbt_support/share/moveit_resources_prbt_support/meshes/flange.stl
[0.527s] -- Installing: /home/fv/workspace/ros_ur_driver/src/install/moveit_resources_prbt_support/share/moveit_resources_prbt_support/meshes/link_3.stl
[0.527s] -- Installing: /home/fv/workspace/ros_ur_driver/src/install/moveit_resources_prbt_support/share/moveit_resources_prbt_support/meshes/link_4.dae
[0.528s] -- Installing: /home/fv/workspace/ros_ur_driver/src/install/moveit_resources_prbt_support/share/moveit_resources_prbt_support/meshes/link_5.stl
[0.528s] -- Installing: /home/fv/workspace/ros_ur_driver/src/install/moveit_resources_prbt_support/share/moveit_resources_prbt_support/meshes/foot.dae
[0.529s] -- Installing: /home/fv/workspace/ros_ur_driver/src/install/moveit_resources_prbt_support/share/moveit_resources_prbt_support/meshes/flange.dae
[0.529s] -- Installing: /home/fv/workspace/ros_ur_driver/src/install/moveit_resources_prbt_support/share/moveit_resources_prbt_support/meshes/link_4.stl
[0.530s] -- Installing: /home/fv/workspace/ros_ur_driver/src/install/moveit_resources_prbt_support/share/moveit_resources_prbt_support/config
[0.530s] -- Installing: /home/fv/workspace/ros_ur_driver/src/install/moveit_resources_prbt_support/share/moveit_resources_prbt_support/config/manipulator_controller.yaml
[0.530s] -- Installing: /home/fv/workspace/ros_ur_driver/src/install/moveit_resources_prbt_support/share/moveit_resources_prbt_support/config/manipulator_driver.yaml
[0.530s] -- Installing: /home/fv/workspace/ros_ur_driver/src/install/moveit_resources_prbt_support/share/moveit_resources_prbt_support/config/prbt_0_1.dcf
[0.531s] Invoked command in '/home/fv/workspace/ros_ur_driver/src/build/moveit_resources_prbt_support' returned '0': CMAKE_PREFIX_PATH=${CMAKE_PREFIX_PATH}:/opt/ros/jazzy CONDA_PROMPT_MODIFIER=(base) DEBUGINFOD_URLS=https://debuginfod.ubuntu.com PS1=(venv) (base) \[\e]0;\u@\h: \w\a\]${debian_chroot:+($debian_chroot)}\[\033[01;32m\]\u@\h\[\033[00m\]:\[\033[01;34m\]\w\[\033[00m\]\$ VIRTUAL_ENV_PROMPT=(venv) /usr/bin/cmake --install /home/fv/workspace/ros_ur_driver/src/build/moveit_resources_prbt_support
