[0.020s] Invoking command in '/home/fv/workspace/ros_ur_driver/src/build/moveit_common': CMAKE_PREFIX_PATH=${CMAKE_PREFIX_PATH}:/opt/ros/jazzy CONDA_PROMPT_MODIFIER=(base) DEBUGINFOD_URLS=https://debuginfod.ubuntu.com PS1=(venv) (base) \[\e]0;\u@\h: \w\a\]${debian_chroot:+($debian_chroot)}\[\033[01;32m\]\u@\h\[\033[00m\]:\[\033[01;34m\]\w\[\033[00m\]\$ VIRTUAL_ENV_PROMPT=(venv) /usr/bin/cmake /home/fv/workspace/ros_ur_driver/src/moveit2/moveit_common -DCMAKE_BUILD_TYPE=Release -DCMAKE_INSTALL_PREFIX=/home/fv/workspace/ros_ur_driver/src/install/moveit_common
[0.276s] -- Found ament_cmake: 2.5.4 (/opt/ros/jazzy/share/ament_cmake/cmake)
[0.276s] -- Found Python3: /home/fv/venv/bin/python3 (found version "3.13.5") found components: Interpreter 
[0.357s] -- Configuring done (0.3s)
[0.360s] -- Generating done (0.0s)
[0.361s] -- Build files have been written to: /home/fv/workspace/ros_ur_driver/src/build/moveit_common
[0.364s] Invoked command in '/home/fv/workspace/ros_ur_driver/src/build/moveit_common' returned '0': CMAKE_PREFIX_PATH=${CMAKE_PREFIX_PATH}:/opt/ros/jazzy CONDA_PROMPT_MODIFIER=(base) DEBUGINFOD_URLS=https://debuginfod.ubuntu.com PS1=(venv) (base) \[\e]0;\u@\h: \w\a\]${debian_chroot:+($debian_chroot)}\[\033[01;32m\]\u@\h\[\033[00m\]:\[\033[01;34m\]\w\[\033[00m\]\$ VIRTUAL_ENV_PROMPT=(venv) /usr/bin/cmake /home/fv/workspace/ros_ur_driver/src/moveit2/moveit_common -DCMAKE_BUILD_TYPE=Release -DCMAKE_INSTALL_PREFIX=/home/fv/workspace/ros_ur_driver/src/install/moveit_common
[0.365s] Invoking command in '/home/fv/workspace/ros_ur_driver/src/build/moveit_common': CMAKE_PREFIX_PATH=${CMAKE_PREFIX_PATH}:/opt/ros/jazzy CONDA_PROMPT_MODIFIER=(base) DEBUGINFOD_URLS=https://debuginfod.ubuntu.com PS1=(venv) (base) \[\e]0;\u@\h: \w\a\]${debian_chroot:+($debian_chroot)}\[\033[01;32m\]\u@\h\[\033[00m\]:\[\033[01;34m\]\w\[\033[00m\]\$ VIRTUAL_ENV_PROMPT=(venv) /usr/bin/cmake --build /home/fv/workspace/ros_ur_driver/src/build/moveit_common -- -j20 -l20
[0.388s] Invoked command in '/home/fv/workspace/ros_ur_driver/src/build/moveit_common' returned '0': CMAKE_PREFIX_PATH=${CMAKE_PREFIX_PATH}:/opt/ros/jazzy CONDA_PROMPT_MODIFIER=(base) DEBUGINFOD_URLS=https://debuginfod.ubuntu.com PS1=(venv) (base) \[\e]0;\u@\h: \w\a\]${debian_chroot:+($debian_chroot)}\[\033[01;32m\]\u@\h\[\033[00m\]:\[\033[01;34m\]\w\[\033[00m\]\$ VIRTUAL_ENV_PROMPT=(venv) /usr/bin/cmake --build /home/fv/workspace/ros_ur_driver/src/build/moveit_common -- -j20 -l20
[0.398s] Invoking command in '/home/fv/workspace/ros_ur_driver/src/build/moveit_common': CMAKE_PREFIX_PATH=${CMAKE_PREFIX_PATH}:/opt/ros/jazzy CONDA_PROMPT_MODIFIER=(base) DEBUGINFOD_URLS=https://debuginfod.ubuntu.com PS1=(venv) (base) \[\e]0;\u@\h: \w\a\]${debian_chroot:+($debian_chroot)}\[\033[01;32m\]\u@\h\[\033[00m\]:\[\033[01;34m\]\w\[\033[00m\]\$ VIRTUAL_ENV_PROMPT=(venv) /usr/bin/cmake --install /home/fv/workspace/ros_ur_driver/src/build/moveit_common
[0.406s] -- Install configuration: "Release"
[0.406s] -- Installing: /home/fv/workspace/ros_ur_driver/src/install/moveit_common/share/ament_index/resource_index/package_run_dependencies/moveit_common
[0.406s] -- Installing: /home/fv/workspace/ros_ur_driver/src/install/moveit_common/share/ament_index/resource_index/parent_prefix_path/moveit_common
[0.406s] -- Installing: /home/fv/workspace/ros_ur_driver/src/install/moveit_common/share/moveit_common/environment/ament_prefix_path.sh
[0.406s] -- Installing: /home/fv/workspace/ros_ur_driver/src/install/moveit_common/share/moveit_common/environment/ament_prefix_path.dsv
[0.406s] -- Installing: /home/fv/workspace/ros_ur_driver/src/install/moveit_common/share/moveit_common/environment/path.sh
[0.406s] -- Installing: /home/fv/workspace/ros_ur_driver/src/install/moveit_common/share/moveit_common/environment/path.dsv
[0.407s] -- Installing: /home/fv/workspace/ros_ur_driver/src/install/moveit_common/share/moveit_common/local_setup.bash
[0.407s] -- Installing: /home/fv/workspace/ros_ur_driver/src/install/moveit_common/share/moveit_common/local_setup.sh
[0.407s] -- Installing: /home/fv/workspace/ros_ur_driver/src/install/moveit_common/share/moveit_common/local_setup.zsh
[0.407s] -- Installing: /home/fv/workspace/ros_ur_driver/src/install/moveit_common/share/moveit_common/local_setup.dsv
[0.407s] -- Installing: /home/fv/workspace/ros_ur_driver/src/install/moveit_common/share/moveit_common/package.dsv
[0.407s] -- Installing: /home/fv/workspace/ros_ur_driver/src/install/moveit_common/share/ament_index/resource_index/packages/moveit_common
[0.407s] -- Installing: /home/fv/workspace/ros_ur_driver/src/install/moveit_common/share/moveit_common/cmake/moveit_common-extras.cmake
[0.407s] -- Installing: /home/fv/workspace/ros_ur_driver/src/install/moveit_common/share/moveit_common/cmake/moveit_commonConfig.cmake
[0.407s] -- Installing: /home/fv/workspace/ros_ur_driver/src/install/moveit_common/share/moveit_common/cmake/moveit_commonConfig-version.cmake
[0.408s] -- Installing: /home/fv/workspace/ros_ur_driver/src/install/moveit_common/share/moveit_common/package.xml
[0.408s] -- Up-to-date: /home/fv/workspace/ros_ur_driver/src/install/moveit_common/share/moveit_common/cmake
[0.408s] -- Installing: /home/fv/workspace/ros_ur_driver/src/install/moveit_common/share/moveit_common/cmake/moveit_package.cmake
[0.410s] Invoked command in '/home/fv/workspace/ros_ur_driver/src/build/moveit_common' returned '0': CMAKE_PREFIX_PATH=${CMAKE_PREFIX_PATH}:/opt/ros/jazzy CONDA_PROMPT_MODIFIER=(base) DEBUGINFOD_URLS=https://debuginfod.ubuntu.com PS1=(venv) (base) \[\e]0;\u@\h: \w\a\]${debian_chroot:+($debian_chroot)}\[\033[01;32m\]\u@\h\[\033[00m\]:\[\033[01;34m\]\w\[\033[00m\]\$ VIRTUAL_ENV_PROMPT=(venv) /usr/bin/cmake --install /home/fv/workspace/ros_ur_driver/src/build/moveit_common
