[0.021s] Invoking command in '/home/fv/workspace/ros_ur_driver/src/build/realtime_tools': CMAKE_PREFIX_PATH=${CMAKE_PREFIX_PATH}:/opt/ros/jazzy CONDA_PROMPT_MODIFIER=(base) DEBUGINFOD_URLS=https://debuginfod.ubuntu.com PS1=(venv) (base) \[\e]0;\u@\h: \w\a\]${debian_chroot:+($debian_chroot)}\[\033[01;32m\]\u@\h\[\033[00m\]:\[\033[01;34m\]\w\[\033[00m\]\$ VIRTUAL_ENV_PROMPT=(venv) /usr/bin/cmake --build /home/fv/workspace/ros_ur_driver/src/build/realtime_tools -- -j20 -l20
[0.055s] [  7%] Built target thread_priority
[0.057s] [ 17%] Built target realtime_tools
[0.058s] [ 25%] Built target gmock_main
[0.059s] [ 35%] Built target gmock
[0.094s] [ 46%] Built target thread_priority_tests
[0.094s] [ 50%] Built target realtime_buffer_tests
[0.094s] [ 57%] Built target realtime_box_tests
[0.094s] [ 64%] Built target realtime_mutex_tests
[0.094s] [ 71%] Built target realtime_clock_tests
[0.094s] [ 78%] Built target realtime_server_goal_handle_tests
[0.094s] [ 85%] Built target test_async_function_handler
[0.094s] [ 92%] Built target lock_free_queue_tests
[0.095s] [100%] Built target realtime_publisher_tests
[0.121s] Invoked command in '/home/fv/workspace/ros_ur_driver/src/build/realtime_tools' returned '0': CMAKE_PREFIX_PATH=${CMAKE_PREFIX_PATH}:/opt/ros/jazzy CONDA_PROMPT_MODIFIER=(base) DEBUGINFOD_URLS=https://debuginfod.ubuntu.com PS1=(venv) (base) \[\e]0;\u@\h: \w\a\]${debian_chroot:+($debian_chroot)}\[\033[01;32m\]\u@\h\[\033[00m\]:\[\033[01;34m\]\w\[\033[00m\]\$ VIRTUAL_ENV_PROMPT=(venv) /usr/bin/cmake --build /home/fv/workspace/ros_ur_driver/src/build/realtime_tools -- -j20 -l20
[0.122s] Invoking command in '/home/fv/workspace/ros_ur_driver/src/build/realtime_tools': CMAKE_PREFIX_PATH=${CMAKE_PREFIX_PATH}:/opt/ros/jazzy CONDA_PROMPT_MODIFIER=(base) DEBUGINFOD_URLS=https://debuginfod.ubuntu.com PS1=(venv) (base) \[\e]0;\u@\h: \w\a\]${debian_chroot:+($debian_chroot)}\[\033[01;32m\]\u@\h\[\033[00m\]:\[\033[01;34m\]\w\[\033[00m\]\$ VIRTUAL_ENV_PROMPT=(venv) /usr/bin/cmake --install /home/fv/workspace/ros_ur_driver/src/build/realtime_tools
[0.141s] -- Install configuration: "Release"
[0.141s] -- Up-to-date: /home/fv/workspace/ros_ur_driver/src/install/realtime_tools/include/realtime_tools
[0.141s] -- Up-to-date: /home/fv/workspace/ros_ur_driver/src/install/realtime_tools/include/realtime_tools/realtime_tools
[0.141s] -- Up-to-date: /home/fv/workspace/ros_ur_driver/src/install/realtime_tools/include/realtime_tools/realtime_tools/realtime_helpers.hpp
[0.141s] -- Up-to-date: /home/fv/workspace/ros_ur_driver/src/install/realtime_tools/include/realtime_tools/realtime_tools/realtime_buffer.hpp
[0.141s] -- Up-to-date: /home/fv/workspace/ros_ur_driver/src/install/realtime_tools/include/realtime_tools/realtime_tools/realtime_clock.h
[0.141s] -- Up-to-date: /home/fv/workspace/ros_ur_driver/src/install/realtime_tools/include/realtime_tools/realtime_tools/realtime_thread_safe_box.hpp
[0.141s] -- Up-to-date: /home/fv/workspace/ros_ur_driver/src/install/realtime_tools/include/realtime_tools/realtime_tools/realtime_server_goal_handle.hpp
[0.141s] -- Up-to-date: /home/fv/workspace/ros_ur_driver/src/install/realtime_tools/include/realtime_tools/realtime_tools/realtime_box_best_effort.h
[0.141s] -- Up-to-date: /home/fv/workspace/ros_ur_driver/src/install/realtime_tools/include/realtime_tools/realtime_tools/realtime_buffer.h
[0.141s] -- Up-to-date: /home/fv/workspace/ros_ur_driver/src/install/realtime_tools/include/realtime_tools/realtime_tools/thread_priority.hpp
[0.141s] -- Up-to-date: /home/fv/workspace/ros_ur_driver/src/install/realtime_tools/include/realtime_tools/realtime_tools/lock_free_queue.hpp
[0.141s] -- Up-to-date: /home/fv/workspace/ros_ur_driver/src/install/realtime_tools/include/realtime_tools/realtime_tools/mutex.hpp
[0.141s] -- Up-to-date: /home/fv/workspace/ros_ur_driver/src/install/realtime_tools/include/realtime_tools/realtime_tools/realtime_server_goal_handle.h
[0.142s] -- Up-to-date: /home/fv/workspace/ros_ur_driver/src/install/realtime_tools/include/realtime_tools/realtime_tools/realtime_publisher.hpp
[0.142s] -- Up-to-date: /home/fv/workspace/ros_ur_driver/src/install/realtime_tools/include/realtime_tools/realtime_tools/async_function_handler.hpp
[0.143s] -- Up-to-date: /home/fv/workspace/ros_ur_driver/src/install/realtime_tools/include/realtime_tools/realtime_tools/realtime_box.h
[0.143s] -- Up-to-date: /home/fv/workspace/ros_ur_driver/src/install/realtime_tools/include/realtime_tools/realtime_tools/realtime_publisher.h
[0.143s] -- Up-to-date: /home/fv/workspace/ros_ur_driver/src/install/realtime_tools/include/realtime_tools/realtime_tools/realtime_clock.hpp
[0.143s] -- Up-to-date: /home/fv/workspace/ros_ur_driver/src/install/realtime_tools/include/realtime_tools/realtime_tools/realtime_box.hpp
[0.143s] -- Up-to-date: /home/fv/workspace/ros_ur_driver/src/install/realtime_tools/lib/librealtime_tools.so
[0.143s] -- Up-to-date: /home/fv/workspace/ros_ur_driver/src/install/realtime_tools/lib/libthread_priority.so
[0.143s] -- Up-to-date: /home/fv/workspace/ros_ur_driver/src/install/realtime_tools/share/realtime_tools/environment/library_path.sh
[0.143s] -- Up-to-date: /home/fv/workspace/ros_ur_driver/src/install/realtime_tools/share/realtime_tools/environment/library_path.dsv
[0.143s] -- Up-to-date: /home/fv/workspace/ros_ur_driver/src/install/realtime_tools/share/ament_index/resource_index/package_run_dependencies/realtime_tools
[0.143s] -- Up-to-date: /home/fv/workspace/ros_ur_driver/src/install/realtime_tools/share/ament_index/resource_index/parent_prefix_path/realtime_tools
[0.143s] -- Up-to-date: /home/fv/workspace/ros_ur_driver/src/install/realtime_tools/share/realtime_tools/environment/ament_prefix_path.sh
[0.143s] -- Up-to-date: /home/fv/workspace/ros_ur_driver/src/install/realtime_tools/share/realtime_tools/environment/ament_prefix_path.dsv
[0.143s] -- Up-to-date: /home/fv/workspace/ros_ur_driver/src/install/realtime_tools/share/realtime_tools/environment/path.sh
[0.143s] -- Up-to-date: /home/fv/workspace/ros_ur_driver/src/install/realtime_tools/share/realtime_tools/environment/path.dsv
[0.143s] -- Up-to-date: /home/fv/workspace/ros_ur_driver/src/install/realtime_tools/share/realtime_tools/local_setup.bash
[0.143s] -- Up-to-date: /home/fv/workspace/ros_ur_driver/src/install/realtime_tools/share/realtime_tools/local_setup.sh
[0.143s] -- Up-to-date: /home/fv/workspace/ros_ur_driver/src/install/realtime_tools/share/realtime_tools/local_setup.zsh
[0.143s] -- Up-to-date: /home/fv/workspace/ros_ur_driver/src/install/realtime_tools/share/realtime_tools/local_setup.dsv
[0.143s] -- Installing: /home/fv/workspace/ros_ur_driver/src/install/realtime_tools/share/realtime_tools/package.dsv
[0.143s] -- Up-to-date: /home/fv/workspace/ros_ur_driver/src/install/realtime_tools/share/ament_index/resource_index/packages/realtime_tools
[0.143s] -- Up-to-date: /home/fv/workspace/ros_ur_driver/src/install/realtime_tools/share/realtime_tools/cmake/export_realtime_toolsExport.cmake
[0.144s] -- Up-to-date: /home/fv/workspace/ros_ur_driver/src/install/realtime_tools/share/realtime_tools/cmake/export_realtime_toolsExport-release.cmake
[0.144s] -- Up-to-date: /home/fv/workspace/ros_ur_driver/src/install/realtime_tools/share/realtime_tools/cmake/ament_cmake_export_targets-extras.cmake
[0.144s] -- Up-to-date: /home/fv/workspace/ros_ur_driver/src/install/realtime_tools/share/realtime_tools/cmake/ament_cmake_export_dependencies-extras.cmake
[0.144s] -- Up-to-date: /home/fv/workspace/ros_ur_driver/src/install/realtime_tools/share/realtime_tools/cmake/realtime_toolsConfig.cmake
[0.144s] -- Up-to-date: /home/fv/workspace/ros_ur_driver/src/install/realtime_tools/share/realtime_tools/cmake/realtime_toolsConfig-version.cmake
[0.144s] -- Up-to-date: /home/fv/workspace/ros_ur_driver/src/install/realtime_tools/share/realtime_tools/package.xml
[0.167s] Invoked command in '/home/fv/workspace/ros_ur_driver/src/build/realtime_tools' returned '0': CMAKE_PREFIX_PATH=${CMAKE_PREFIX_PATH}:/opt/ros/jazzy CONDA_PROMPT_MODIFIER=(base) DEBUGINFOD_URLS=https://debuginfod.ubuntu.com PS1=(venv) (base) \[\e]0;\u@\h: \w\a\]${debian_chroot:+($debian_chroot)}\[\033[01;32m\]\u@\h\[\033[00m\]:\[\033[01;34m\]\w\[\033[00m\]\$ VIRTUAL_ENV_PROMPT=(venv) /usr/bin/cmake --install /home/fv/workspace/ros_ur_driver/src/build/realtime_tools
