[0.009s] Invoking command in '/home/fv/workspace/ros_ur_driver/src/build/moveit_core': AMENT_PREFIX_PATH=/home/fv/workspace/ros_ur_driver/src/install/srdfdom:/home/fv/workspace/ros_ur_driver/src/install/moveit_msgs:/home/fv/workspace/ros_ur_driver/src/install/moveit_common:${AMENT_PREFIX_PATH} CMAKE_PREFIX_PATH=/home/fv/workspace/ros_ur_driver/src/install/srdfdom:/home/fv/workspace/ros_ur_driver/src/install/moveit_msgs:/home/fv/workspace/ros_ur_driver/src/install/moveit_common:/opt/ros/jazzy/opt/sdformat_vendor:/opt/ros/jazzy/opt/gz_math_vendor:/opt/ros/jazzy/opt/gz_utils_vendor:/opt/ros/jazzy/opt/gz_tools_vendor:/opt/ros/jazzy/opt/gz_cmake_vendor:/opt/ros/jazzy CONDA_PROMPT_MODIFIER=(base) DEBUGINFOD_URLS=https://debuginfod.ubuntu.com LD_LIBRARY_PATH=/home/fv/workspace/ros_ur_driver/src/install/srdfdom/lib:/home/fv/workspace/ros_ur_driver/src/install/moveit_msgs/lib:${LD_LIBRARY_PATH} PS1=(venv) (base) \[\e]0;\u@\h: \w\a\]${debian_chroot:+($debian_chroot)}\[\033[01;32m\]\u@\h\[\033[00m\]:\[\033[01;34m\]\w\[\033[00m\]\$ PYTHONPATH=/home/fv/workspace/ros_ur_driver/src/install/srdfdom/lib/python3.13/site-packages:/home/fv/workspace/ros_ur_driver/src/install/moveit_msgs/lib/python3.13/site-packages:${PYTHONPATH} VIRTUAL_ENV_PROMPT=(venv) /usr/bin/cmake /home/fv/workspace/ros_ur_driver/src/moveit2/moveit_core -DCMAKE_BUILD_TYPE=Release -DCMAKE_INSTALL_PREFIX=/home/fv/workspace/ros_ur_driver/src/install/moveit_core
[0.054s] -- The CXX compiler identification is GNU 13.3.0
[0.067s] -- Detecting CXX compiler ABI info
[0.139s] -- Detecting CXX compiler ABI info - done
[0.145s] -- Check for working CXX compiler: /usr/bin/c++ - skipped
[0.145s] -- Detecting CXX compile features
[0.145s] -- Detecting CXX compile features - done
[0.147s] -- Found moveit_common: 2.14.1 (/home/fv/workspace/ros_ur_driver/src/install/moveit_common/share/moveit_common/cmake)
[0.148s] -- Found ament_cmake: 2.5.4 (/opt/ros/jazzy/share/ament_cmake/cmake)
[0.230s] -- Found Python3: /home/fv/venv/bin/python3 (found version "3.13.5") found components: Interpreter 
[0.356s] -- Found angles: 1.16.0 (/opt/ros/jazzy/share/angles/cmake)
[0.376s] -- Found Bullet: /usr/lib/x86_64-linux-gnu/libBulletDynamics.so (Required is at least version "2.87") 
[0.379s] -- Found common_interfaces: 5.3.6 (/opt/ros/jazzy/share/common_interfaces/cmake)
[0.381s] -- Found eigen_stl_containers: 1.1.0 (/opt/ros/jazzy/share/eigen_stl_containers/cmake)
[0.387s] -- Found eigen3_cmake_module: 0.3.0 (/opt/ros/jazzy/share/eigen3_cmake_module/cmake)
[0.395s] -- Found Eigen3: TRUE (found version "3.4.0") 
[0.400s] -- Found generate_parameter_library: 0.5.0 (/opt/ros/jazzy/share/generate_parameter_library/cmake)
[0.403s] -- Found parameter_traits: 0.5.0 (/opt/ros/jazzy/share/parameter_traits/cmake)
[0.424s] -- Found rosidl_generator_c: 4.6.6 (/opt/ros/jazzy/share/rosidl_generator_c/cmake)
[0.431s] -- Found rosidl_generator_cpp: 4.6.6 (/opt/ros/jazzy/share/rosidl_generator_cpp/cmake)
[0.441s] -- Using all available rosidl_typesupport_c: rosidl_typesupport_fastrtps_c;rosidl_typesupport_introspection_c
[0.451s] -- Using all available rosidl_typesupport_cpp: rosidl_typesupport_fastrtps_cpp;rosidl_typesupport_introspection_cpp
[0.496s] -- Found rmw_implementation_cmake: 7.3.2 (/opt/ros/jazzy/share/rmw_implementation_cmake/cmake)
[0.497s] -- Found rmw_fastrtps_cpp: 8.4.3 (/opt/ros/jazzy/share/rmw_fastrtps_cpp/cmake)
[0.553s] -- Found OpenSSL: /usr/lib/x86_64-linux-gnu/libcrypto.so (found version "3.0.13")  
[0.564s] -- Found FastRTPS: /opt/ros/jazzy/include (Required is at least version "2.13") 
[0.580s] -- Using RMW implementation 'rmw_fastrtps_cpp' as default
[0.629s] -- Found rclcpp_lifecycle: 28.1.12 (/opt/ros/jazzy/share/rclcpp_lifecycle/cmake)
[0.650s] -- Found geometric_shapes: 2.3.2 (/opt/ros/jazzy/share/geometric_shapes/cmake)
[0.662s] -- Found Boost: /usr/lib/x86_64-linux-gnu/cmake/Boost-1.83.0/BoostConfig.cmake (found version "1.83.0") found components: filesystem 
[0.745s] -- Found kdl_parser: 2.11.0 (/opt/ros/jazzy/share/kdl_parser/cmake)
[0.750s] -- Ensuring Eigen3 include directory is part of orocos-kdl CMake target
[0.752s] -- Found moveit_msgs: 2.7.1 (/home/fv/workspace/ros_ur_driver/src/install/moveit_msgs/share/moveit_msgs/cmake)
[0.871s] -- Found pluginlib: 5.4.2 (/opt/ros/jazzy/share/pluginlib/cmake)
[0.880s] -- Found srdfdom: 2.0.8 (/home/fv/workspace/ros_ur_driver/src/install/srdfdom/share/srdfdom/cmake)
[0.889s] -- Found tf2_eigen: 0.36.14 (/opt/ros/jazzy/share/tf2_eigen/cmake)
[0.950s] -- Found tf2_geometry_msgs: 0.36.14 (/opt/ros/jazzy/share/tf2_geometry_msgs/cmake)
[0.955s] -- Found tf2_kdl: 0.36.14 (/opt/ros/jazzy/share/tf2_kdl/cmake)
[1.128s] -- Found Boost: /usr/lib/x86_64-linux-gnu/cmake/Boost-1.83.0/BoostConfig.cmake (found version "1.83.0") found components: chrono date_time filesystem iostreams program_options regex serialization system thread 
[1.138s] -- Performing Test COMPILER_HAS_HIDDEN_VISIBILITY
[1.262s] -- Performing Test COMPILER_HAS_HIDDEN_VISIBILITY - Success
[1.263s] -- Performing Test COMPILER_HAS_HIDDEN_INLINE_VISIBILITY
[1.353s] -- Performing Test COMPILER_HAS_HIDDEN_INLINE_VISIBILITY - Success
[1.353s] -- Performing Test COMPILER_HAS_DEPRECATED_ATTR
[1.451s] -- Performing Test COMPILER_HAS_DEPRECATED_ATTR - Success
[1.460s] -- Found ament_cmake_gtest: 2.5.4 (/opt/ros/jazzy/share/ament_cmake_gtest/cmake)
[1.462s] -- Found gtest sources under '/opt/ros/jazzy/src/gtest_vendor': C++ tests using 'Google Test' will be built
[1.496s] -- The C compiler identification is GNU 13.3.0
[1.507s] -- Detecting C compiler ABI info
[1.598s] -- Detecting C compiler ABI info - done
[1.608s] -- Check for working C compiler: /usr/bin/cc - skipped
[1.608s] -- Detecting C compile features
[1.608s] -- Detecting C compile features - done
[1.611s] -- Found Threads: TRUE  
[1.623s] -- Found gtest sources under '/opt/ros/jazzy/src/gtest_vendor': C++ tests using 'Google Test' will be built
[1.635s] -- Found gtest sources under '/opt/ros/jazzy/src/gtest_vendor': C++ tests using 'Google Test' will be built
[1.646s] -- Found ament_cmake_gtest: 2.5.4 (/opt/ros/jazzy/share/ament_cmake_gtest/cmake)
[1.646s] -- Found gtest sources under '/opt/ros/jazzy/src/gtest_vendor': C++ tests using 'Google Test' will be built
[1.655s] -- Found ament_cmake_gmock: 2.5.4 (/opt/ros/jazzy/share/ament_cmake_gmock/cmake)
[1.660s] -- Found gmock sources under '/opt/ros/jazzy/src/gmock_vendor': C++ tests using 'Google Mock' will be built
[1.664s] -- Found ament_cmake_gtest: 2.5.4 (/opt/ros/jazzy/share/ament_cmake_gtest/cmake)
[1.664s] -- Found gtest sources under '/opt/ros/jazzy/src/gtest_vendor': C++ tests using 'Google Test' will be built
[1.675s] -- Found ament_cmake_gtest: 2.5.4 (/opt/ros/jazzy/share/ament_cmake_gtest/cmake)
[1.675s] -- Found gtest sources under '/opt/ros/jazzy/src/gtest_vendor': C++ tests using 'Google Test' will be built
[1.695s] -- Found ament_cmake_gtest: 2.5.4 (/opt/ros/jazzy/share/ament_cmake_gtest/cmake)
[1.695s] -- Found gtest sources under '/opt/ros/jazzy/src/gtest_vendor': C++ tests using 'Google Test' will be built
[1.720s] -- Found ament_cmake_gtest: 2.5.4 (/opt/ros/jazzy/share/ament_cmake_gtest/cmake)
[1.721s] -- Found gtest sources under '/opt/ros/jazzy/src/gtest_vendor': C++ tests using 'Google Test' will be built
[1.738s] -- Found ament_cmake_gtest: 2.5.4 (/opt/ros/jazzy/share/ament_cmake_gtest/cmake)
[1.738s] -- Found gtest sources under '/opt/ros/jazzy/src/gtest_vendor': C++ tests using 'Google Test' will be built
[1.750s] -- Found ament_cmake_gtest: 2.5.4 (/opt/ros/jazzy/share/ament_cmake_gtest/cmake)
[1.751s] -- Found gtest sources under '/opt/ros/jazzy/src/gtest_vendor': C++ tests using 'Google Test' will be built
[1.766s] -- Found ament_cmake_google_benchmark: 2.5.4 (/opt/ros/jazzy/share/ament_cmake_google_benchmark/cmake)
[1.767s] -- Found ament_cmake_gtest: 2.5.4 (/opt/ros/jazzy/share/ament_cmake_gtest/cmake)
[1.771s] -- Found gmock sources under '/opt/ros/jazzy/src/gmock_vendor': C++ tests using 'Google Mock' will be built
[1.771s] -- Found gtest sources under '/opt/ros/jazzy/src/gtest_vendor': C++ tests using 'Google Test' will be built
[1.779s] -- Performance tests are disabled by default, so Google Benchmark tests will be skipped. To enable these tests, set the CMake variable 'AMENT_RUN_PERFORMANCE_TESTS'.
[1.784s] -- Found gtest sources under '/opt/ros/jazzy/src/gtest_vendor': C++ tests using 'Google Test' will be built
[1.793s] -- Found ament_cmake_google_benchmark: 2.5.4 (/opt/ros/jazzy/share/ament_cmake_google_benchmark/cmake)
[1.794s] -- Found ament_cmake_gtest: 2.5.4 (/opt/ros/jazzy/share/ament_cmake_gtest/cmake)
[1.795s] -- Found gtest sources under '/opt/ros/jazzy/src/gtest_vendor': C++ tests using 'Google Test' will be built
[1.801s] -- Performance tests are disabled by default, so Google Benchmark tests will be skipped. To enable these tests, set the CMake variable 'AMENT_RUN_PERFORMANCE_TESTS'.
[1.810s] -- Found ament_cmake_gtest: 2.5.4 (/opt/ros/jazzy/share/ament_cmake_gtest/cmake)
[1.811s] -- Found gtest sources under '/opt/ros/jazzy/src/gtest_vendor': C++ tests using 'Google Test' will be built
[1.832s] -- Found launch_testing_ament_cmake: 3.4.6 (/opt/ros/jazzy/share/launch_testing_ament_cmake/cmake)
[1.835s] -- Found python_cmake_module: 0.11.1 (/opt/ros/jazzy/share/python_cmake_module/cmake)
[1.968s] -- Found PythonExtra: /home/fv/venv/bin/python3  
[1.973s] --  *** Building MoveIt 2.14.1 devel ***
[1.982s] -- Configuring done (2.0s)
[2.858s] -- Generating done (0.8s)
[3.045s] -- Build files have been written to: /home/fv/workspace/ros_ur_driver/src/build/moveit_core
[3.113s] Invoked command in '/home/fv/workspace/ros_ur_driver/src/build/moveit_core' returned '0': AMENT_PREFIX_PATH=/home/fv/workspace/ros_ur_driver/src/install/srdfdom:/home/fv/workspace/ros_ur_driver/src/install/moveit_msgs:/home/fv/workspace/ros_ur_driver/src/install/moveit_common:${AMENT_PREFIX_PATH} CMAKE_PREFIX_PATH=/home/fv/workspace/ros_ur_driver/src/install/srdfdom:/home/fv/workspace/ros_ur_driver/src/install/moveit_msgs:/home/fv/workspace/ros_ur_driver/src/install/moveit_common:/opt/ros/jazzy/opt/sdformat_vendor:/opt/ros/jazzy/opt/gz_math_vendor:/opt/ros/jazzy/opt/gz_utils_vendor:/opt/ros/jazzy/opt/gz_tools_vendor:/opt/ros/jazzy/opt/gz_cmake_vendor:/opt/ros/jazzy CONDA_PROMPT_MODIFIER=(base) DEBUGINFOD_URLS=https://debuginfod.ubuntu.com LD_LIBRARY_PATH=/home/fv/workspace/ros_ur_driver/src/install/srdfdom/lib:/home/fv/workspace/ros_ur_driver/src/install/moveit_msgs/lib:${LD_LIBRARY_PATH} PS1=(venv) (base) \[\e]0;\u@\h: \w\a\]${debian_chroot:+($debian_chroot)}\[\033[01;32m\]\u@\h\[\033[00m\]:\[\033[01;34m\]\w\[\033[00m\]\$ PYTHONPATH=/home/fv/workspace/ros_ur_driver/src/install/srdfdom/lib/python3.13/site-packages:/home/fv/workspace/ros_ur_driver/src/install/moveit_msgs/lib/python3.13/site-packages:${PYTHONPATH} VIRTUAL_ENV_PROMPT=(venv) /usr/bin/cmake /home/fv/workspace/ros_ur_driver/src/moveit2/moveit_core -DCMAKE_BUILD_TYPE=Release -DCMAKE_INSTALL_PREFIX=/home/fv/workspace/ros_ur_driver/src/install/moveit_core
[3.114s] Invoking command in '/home/fv/workspace/ros_ur_driver/src/build/moveit_core': AMENT_PREFIX_PATH=/home/fv/workspace/ros_ur_driver/src/install/srdfdom:/home/fv/workspace/ros_ur_driver/src/install/moveit_msgs:/home/fv/workspace/ros_ur_driver/src/install/moveit_common:${AMENT_PREFIX_PATH} CMAKE_PREFIX_PATH=/home/fv/workspace/ros_ur_driver/src/install/srdfdom:/home/fv/workspace/ros_ur_driver/src/install/moveit_msgs:/home/fv/workspace/ros_ur_driver/src/install/moveit_common:/opt/ros/jazzy/opt/sdformat_vendor:/opt/ros/jazzy/opt/gz_math_vendor:/opt/ros/jazzy/opt/gz_utils_vendor:/opt/ros/jazzy/opt/gz_tools_vendor:/opt/ros/jazzy/opt/gz_cmake_vendor:/opt/ros/jazzy CONDA_PROMPT_MODIFIER=(base) DEBUGINFOD_URLS=https://debuginfod.ubuntu.com LD_LIBRARY_PATH=/home/fv/workspace/ros_ur_driver/src/install/srdfdom/lib:/home/fv/workspace/ros_ur_driver/src/install/moveit_msgs/lib:${LD_LIBRARY_PATH} PS1=(venv) (base) \[\e]0;\u@\h: \w\a\]${debian_chroot:+($debian_chroot)}\[\033[01;32m\]\u@\h\[\033[00m\]:\[\033[01;34m\]\w\[\033[00m\]\$ PYTHONPATH=/home/fv/workspace/ros_ur_driver/src/install/srdfdom/lib/python3.13/site-packages:/home/fv/workspace/ros_ur_driver/src/install/moveit_msgs/lib/python3.13/site-packages:${PYTHONPATH} VIRTUAL_ENV_PROMPT=(venv) /usr/bin/cmake --build /home/fv/workspace/ros_ur_driver/src/build/moveit_core -- -j20 -l20
[3.174s] [  1%] [34m[1mGenerate version header[0m
[3.175s] [  1%] [32mBuilding CXX object gtest/CMakeFiles/gtest_main.dir/src/gtest_main.cc.o[0m
[3.175s] [  2%] [34m[1mRunning `/opt/ros/jazzy/bin/generate_parameter_library_cpp /home/fv/workspace/ros_ur_driver/src/build/moveit_core/online_signal_smoothing/include/moveit_core/moveit_butterworth_filter_parameters.hpp /home/fv/workspace/ros_ur_driver/src/moveit2/moveit_core/online_signal_smoothing/src/butterworth_parameters.yaml `[0m
[3.175s] [  3%] [32mBuilding CXX object utils/CMakeFiles/moveit_utils.dir/src/lexical_casts.cpp.o[0m
[3.176s] [  5%] [32mBuilding CXX object gmock/CMakeFiles/gmock_main.dir/src/gmock_main.cc.o[0m
[3.176s] [  5%] [32mBuilding CXX object online_signal_smoothing/CMakeFiles/moveit_smoothing_base.dir/src/smoothing_base_class.cpp.o[0m
[3.176s] [  6%] [34m[1mRunning `/opt/ros/jazzy/bin/generate_parameter_library_cpp /home/fv/workspace/ros_ur_driver/src/build/moveit_core/online_signal_smoothing/include/moveit_core/moveit_ruckig_filter_parameters.hpp /home/fv/workspace/ros_ur_driver/src/moveit2/moveit_core/online_signal_smoothing/src/ruckig_filter_parameters.yaml `[0m
[3.181s] [  6%] [32mBuilding CXX object utils/CMakeFiles/moveit_utils.dir/src/message_checks.cpp.o[0m
[3.181s] [  7%] [32mBuilding CXX object utils/CMakeFiles/moveit_utils.dir/src/logger.cpp.o[0m
[3.182s] [  7%] [34m[1mRunning `/opt/ros/jazzy/bin/generate_parameter_library_cpp /home/fv/workspace/ros_ur_driver/src/build/moveit_core/online_signal_smoothing/include/moveit_core/moveit_acceleration_filter_parameters.hpp /home/fv/workspace/ros_ur_driver/src/moveit2/moveit_core/online_signal_smoothing/src/acceleration_filter_parameters.yaml `[0m
[3.182s] [  7%] [32mBuilding CXX object gmock/CMakeFiles/gmock.dir/opt/ros/jazzy/src/gtest_vendor/src/gtest-all.cc.o[0m
[3.183s] [  8%] [32mBuilding CXX object utils/CMakeFiles/moveit_utils.dir/src/rclcpp_utils.cpp.o[0m
[3.185s] [  9%] [32mBuilding CXX object gmock/CMakeFiles/gmock.dir/src/gmock-all.cc.o[0m
[3.190s] [  9%] [32mBuilding CXX object gtest/CMakeFiles/gtest.dir/src/gtest-all.cc.o[0m
[3.260s] [ 10%] [34m[1mGenerating version.hpp[0m
[3.277s] [ 10%] Built target version_hpp
[3.320s] [ 10%] [32mBuilding CXX object version/CMakeFiles/moveit_version.dir/version.cpp.o[0m
[3.697s] [ 11%] [32m[1mLinking CXX executable moveit_version[0m
[3.790s] [ 11%] Built target moveit_version
[3.879s] [ 11%] [34m[1mCreating deprecated header file /home/fv/workspace/ros_ur_driver/src/build/moveit_core/online_signal_smoothing/include/moveit_acceleration_filter_parameters.hpp[0m
[3.897s] [ 11%] Built target moveit_acceleration_filter_parameters
[3.910s] [ 11%] [34m[1mCreating deprecated header file /home/fv/workspace/ros_ur_driver/src/build/moveit_core/online_signal_smoothing/include/moveit_butterworth_filter_parameters.hpp[0m
[3.931s] [ 11%] Built target moveit_butterworth_filter_parameters
[3.957s] [ 11%] [34m[1mCreating deprecated header file /home/fv/workspace/ros_ur_driver/src/build/moveit_core/online_signal_smoothing/include/moveit_ruckig_filter_parameters.hpp[0m
[3.974s] [ 11%] Built target moveit_ruckig_filter_parameters
[4.067s] [ 12%] [32m[1mLinking CXX static library libgtest_main.a[0m
[4.099s] [ 12%] Built target gtest_main
[4.285s] [ 13%] [32m[1mLinking CXX static library libgmock_main.a[0m
[4.309s] [ 13%] Built target gmock_main
[7.000s] [ 14%] [32m[1mLinking CXX shared library libmoveit_smoothing_base.so[0m
[7.369s] [ 14%] Built target moveit_smoothing_base
[7.679s] [ 15%] [32m[1mLinking CXX shared library libmoveit_utils.so[0m
[7.826s] [ 15%] Built target moveit_utils
[7.846s] [ 15%] [32mBuilding CXX object distance_field/CMakeFiles/moveit_distance_field.dir/src/find_internal_points.cpp.o[0m
[7.849s] [ 18%] [32mBuilding CXX object transforms/CMakeFiles/moveit_transforms.dir/src/transforms.cpp.o[0m
[7.849s] [ 18%] [32mBuilding CXX object distance_field/CMakeFiles/moveit_distance_field.dir/src/distance_field.cpp.o[0m
[7.849s] [ 18%] [32mBuilding CXX object distance_field/CMakeFiles/moveit_distance_field.dir/src/propagation_distance_field.cpp.o[0m
[7.849s] [ 18%] [32mBuilding CXX object utils/test/CMakeFiles/logger_dut.dir/logger_dut.cpp.o[0m
[7.849s] [ 18%] [32mBuilding CXX object exceptions/CMakeFiles/moveit_exceptions.dir/src/exceptions.cpp.o[0m
[8.279s] [ 19%] [32m[1mLinking CXX shared library libmoveit_exceptions.so[0m
[8.361s] [ 19%] Built target moveit_exceptions
[8.383s] [ 21%] [32mBuilding CXX object robot_model/CMakeFiles/moveit_robot_model.dir/src/link_model.cpp.o[0m
[8.383s] [ 21%] [32mBuilding CXX object robot_model/CMakeFiles/moveit_robot_model.dir/src/aabb.cpp.o[0m
[8.383s] [ 23%] [32mBuilding CXX object robot_model/CMakeFiles/moveit_robot_model.dir/src/floating_joint_model.cpp.o[0m
[8.383s] [ 23%] [32mBuilding CXX object robot_model/CMakeFiles/moveit_robot_model.dir/src/joint_model_group.cpp.o[0m
[8.385s] [ 23%] [32mBuilding CXX object robot_model/CMakeFiles/moveit_robot_model.dir/src/fixed_joint_model.cpp.o[0m
[8.385s] [ 24%] [32mBuilding CXX object robot_model/CMakeFiles/moveit_robot_model.dir/src/prismatic_joint_model.cpp.o[0m
[8.385s] [ 24%] [32mBuilding CXX object robot_model/CMakeFiles/moveit_robot_model.dir/src/joint_model.cpp.o[0m
[8.386s] [ 24%] [32mBuilding CXX object robot_model/CMakeFiles/moveit_robot_model.dir/src/revolute_joint_model.cpp.o[0m
[8.387s] [ 24%] [32mBuilding CXX object robot_model/CMakeFiles/moveit_robot_model.dir/src/planar_joint_model.cpp.o[0m
[8.389s] [ 25%] [32mBuilding CXX object robot_model/CMakeFiles/moveit_robot_model.dir/src/robot_model.cpp.o[0m
[10.410s] [ 26%] [32m[1mLinking CXX executable logger_dut[0m
[10.514s] [ 26%] Built target logger_dut
[10.724s] [ 27%] [32m[1mLinking CXX static library libgtest.a[0m
[10.767s] [ 27%] Built target gtest
[12.740s] [ 27%] [32m[1mLinking CXX static library libgmock.a[0m
[12.782s] [ 27%] Built target gmock
[12.964s] [ 28%] [32m[1mLinking CXX shared library libmoveit_transforms.so[0m
[13.067s] [ 28%] Built target moveit_transforms
[13.086s] [ 29%] [32mBuilding CXX object transforms/CMakeFiles/test_transforms.dir/test/test_transforms.cpp.o[0m
[14.395s] [ 29%] [32m[1mLinking CXX shared library libmoveit_distance_field.so[0m
[14.512s] [ 29%] Built target moveit_distance_field
[14.530s] [ 30%] [32mBuilding CXX object distance_field/CMakeFiles/test_voxel_grid.dir/test/test_voxel_grid.cpp.o[0m
[14.530s] [ 30%] [32mBuilding CXX object distance_field/CMakeFiles/test_distance_field.dir/test/test_distance_field.cpp.o[0m
[14.683s] [ 30%] [32m[1mLinking CXX executable test_transforms[0m
[14.791s] [ 30%] Built target test_transforms
[15.013s] [ 30%] [32m[1mLinking CXX shared library libmoveit_robot_model.so[0m
[15.122s] [ 30%] Built target moveit_robot_model
[15.140s] [ 31%] [32mBuilding CXX object online_signal_smoothing/CMakeFiles/moveit_butterworth_filter.dir/src/butterworth_filter.cpp.o[0m
[15.142s] [ 32%] [32mBuilding CXX object kinematics_base/CMakeFiles/moveit_kinematics_base.dir/src/kinematics_base.cpp.o[0m
[16.807s] [ 32%] [32m[1mLinking CXX executable test_voxel_grid[0m
[17.148s] [ 32%] Built target test_voxel_grid
[18.008s] [ 32%] [32m[1mLinking CXX shared library libmoveit_kinematics_base.so[0m
[18.082s] [ 32%] Built target moveit_kinematics_base
[18.101s] [ 33%] [32mBuilding CXX object robot_state/CMakeFiles/moveit_robot_state.dir/src/robot_state.cpp.o[0m
[18.102s] [ 34%] [32mBuilding CXX object robot_state/CMakeFiles/moveit_robot_state.dir/src/cartesian_interpolator.cpp.o[0m
[18.103s] [ 35%] [32mBuilding CXX object utils/CMakeFiles/moveit_test_utils.dir/src/robot_model_test_utils.cpp.o[0m
[18.103s] [ 35%] [32mBuilding CXX object robot_state/CMakeFiles/moveit_robot_state.dir/src/attached_body.cpp.o[0m
[18.103s] [ 35%] [32mBuilding CXX object robot_state/CMakeFiles/moveit_robot_state.dir/src/conversions.cpp.o[0m
[18.810s] [ 35%] [32m[1mLinking CXX shared library libmoveit_butterworth_filter.so[0m
[18.931s] [ 35%] Built target moveit_butterworth_filter
[18.952s] [ 35%] [32mBuilding CXX object online_signal_smoothing/CMakeFiles/test_butterworth_filter.dir/test/test_butterworth_filter.cpp.o[0m
[20.022s] [ 36%] [32m[1mLinking CXX executable test_distance_field[0m
[20.215s] [ 36%] Built target test_distance_field
[23.658s] [ 37%] [32m[1mLinking CXX executable test_butterworth_filter[0m
[23.846s] [ 37%] Built target test_butterworth_filter
[29.016s] [ 38%] [32m[1mLinking CXX shared library libmoveit_test_utils.so[0m
[29.166s] [ 38%] Built target moveit_test_utils
[29.187s] [ 39%] [32mBuilding CXX object robot_model/CMakeFiles/test_robot_model.dir/test/test.cpp.o[0m
[32.970s] [ 39%] [32m[1mLinking CXX executable test_robot_model[0m
[33.123s] [ 39%] Built target test_robot_model
[33.627s] [ 39%] [32m[1mLinking CXX shared library libmoveit_robot_state.so[0m
[33.746s] [ 39%] Built target moveit_robot_state
[33.762s] [ 40%] [32mBuilding CXX object online_signal_smoothing/CMakeFiles/moveit_ruckig_filter.dir/src/ruckig_filter.cpp.o[0m
[33.762s] [ 41%] [32mBuilding CXX object robot_state/CMakeFiles/test_robot_state_complex.dir/test/test_kinematic_complex.cpp.o[0m
[33.762s] [ 41%] [32mBuilding CXX object kinematics_metrics/CMakeFiles/moveit_kinematics_metrics.dir/src/kinematics_metrics.cpp.o[0m
[33.762s] [ 41%] [32mBuilding CXX object robot_state/CMakeFiles/robot_state_benchmark.dir/test/robot_state_benchmark.cpp.o[0m
[33.762s] [ 42%] [32mBuilding CXX object collision_detection/CMakeFiles/moveit_collision_detection.dir/src/allvalid/collision_env_allvalid.cpp.o[0m
[33.763s] [ 42%] [32mBuilding CXX object collision_detection/CMakeFiles/moveit_collision_detection.dir/src/collision_common.cpp.o[0m
[33.763s] [ 43%] [32mBuilding CXX object robot_state/CMakeFiles/test_robot_state.dir/test/robot_state_test.cpp.o[0m
[33.763s] [ 43%] [32mBuilding CXX object online_signal_smoothing/CMakeFiles/moveit_acceleration_filter.dir/src/acceleration_filter.cpp.o[0m
[33.763s] [ 43%] [32mBuilding CXX object collision_detection/CMakeFiles/moveit_collision_detection.dir/src/collision_tools.cpp.o[0m
[33.763s] [ 44%] [32mBuilding CXX object robot_state/CMakeFiles/test_aabb.dir/test/test_aabb.cpp.o[0m
[33.764s] [ 44%] [32mBuilding CXX object collision_detection/CMakeFiles/moveit_collision_detection.dir/src/world_diff.cpp.o[0m
[33.764s] [ 45%] [32mBuilding CXX object robot_trajectory/CMakeFiles/moveit_robot_trajectory.dir/src/robot_trajectory.cpp.o[0m
[33.764s] [ 46%] [32mBuilding CXX object collision_detection/CMakeFiles/moveit_collision_detection.dir/src/collision_matrix.cpp.o[0m
[33.764s] [ 47%] [32mBuilding CXX object dynamics_solver/CMakeFiles/moveit_dynamics_solver.dir/src/dynamics_solver.cpp.o[0m
[33.764s] [ 48%] [32mBuilding CXX object collision_detection/CMakeFiles/moveit_collision_detection.dir/src/world.cpp.o[0m
[33.765s] [ 49%] [32mBuilding CXX object collision_detection/CMakeFiles/moveit_collision_detection.dir/src/collision_octomap_filter.cpp.o[0m
[33.765s] [ 49%] [32mBuilding CXX object robot_state/CMakeFiles/test_cartesian_interpolator.dir/test/test_cartesian_interpolator.cpp.o[0m
[33.767s] [ 49%] [32mBuilding CXX object collision_detection/CMakeFiles/moveit_collision_detection.dir/src/collision_plugin_cache.cpp.o[0m
[33.768s] [ 50%] [32mBuilding CXX object collision_detection/CMakeFiles/moveit_collision_detection.dir/src/collision_env.cpp.o[0m
[40.879s] [ 51%] [32m[1mLinking CXX executable test_cartesian_interpolator[0m
[41.048s] [ 51%] [32m[1mLinking CXX shared library libmoveit_dynamics_solver.so[0m
[41.098s] [ 52%] [32m[1mLinking CXX executable robot_state_benchmark[0m
[41.161s] [ 52%] Built target moveit_dynamics_solver
[41.244s] [ 52%] Built target test_cartesian_interpolator
[41.301s] [ 52%] Built target robot_state_benchmark
[41.636s] [ 52%] [32m[1mLinking CXX executable test_aabb[0m
[41.830s] [ 52%] Built target test_aabb
[42.463s] [ 53%] [32m[1mLinking CXX executable test_robot_state_complex[0m
[42.782s] [ 53%] Built target test_robot_state_complex
[42.899s] [ 53%] [32m[1mLinking CXX shared library libmoveit_robot_trajectory.so[0m
[43.029s] [ 53%] Built target moveit_robot_trajectory
[43.049s] [ 53%] [32mBuilding CXX object robot_trajectory/CMakeFiles/test_robot_trajectory.dir/test/test_robot_trajectory.cpp.o[0m
[43.052s] [ 54%] [32mBuilding CXX object trajectory_processing/CMakeFiles/moveit_trajectory_processing.dir/src/time_optimal_trajectory_generation.cpp.o[0m
[43.052s] [ 54%] [32mBuilding CXX object trajectory_processing/CMakeFiles/moveit_trajectory_processing.dir/src/ruckig_traj_smoothing.cpp.o[0m
[43.052s] [ 54%] [32mBuilding CXX object trajectory_processing/CMakeFiles/moveit_trajectory_processing.dir/src/trajectory_tools.cpp.o[0m
[43.107s] [ 54%] [32m[1mLinking CXX shared library libmoveit_ruckig_filter.so[0m
[43.220s] [ 55%] [32m[1mLinking CXX shared library libmoveit_acceleration_filter.so[0m
[43.303s] [ 55%] Built target moveit_ruckig_filter
[43.341s] [ 55%] Built target moveit_acceleration_filter
[43.356s] [ 56%] [32mBuilding CXX object online_signal_smoothing/CMakeFiles/test_acceleration_filter.dir/test/test_acceleration_filter.cpp.o[0m
[45.183s] [ 57%] [32m[1mLinking CXX shared library libmoveit_collision_detection.so[0m
[45.325s] [ 58%] [32m[1mLinking CXX executable test_robot_state[0m
[45.325s] [ 58%] Built target moveit_collision_detection
[45.355s] [ 60%] [32mBuilding CXX object collision_detection_fcl/CMakeFiles/moveit_collision_detection_fcl.dir/src/collision_common.cpp.o[0m
[45.355s] [ 60%] [32mBuilding CXX object collision_detection_bullet/CMakeFiles/moveit_collision_detection_bullet.dir/src/bullet_integration/bullet_utils.cpp.o[0m
[45.355s] [ 60%] [32mBuilding CXX object collision_detection_bullet/CMakeFiles/moveit_collision_detection_bullet.dir/src/collision_env_bullet.cpp.o[0m
[45.355s] [ 60%] [32mBuilding CXX object collision_detection_fcl/CMakeFiles/moveit_collision_detection_fcl.dir/src/collision_env_fcl.cpp.o[0m
[45.355s] [ 60%] [32mBuilding CXX object collision_detection/CMakeFiles/test_world_diff.dir/test/test_world_diff.cpp.o[0m
[45.356s] [ 62%] [32mBuilding CXX object collision_detection_bullet/CMakeFiles/moveit_collision_detection_bullet.dir/src/bullet_integration/bullet_discrete_bvh_manager.cpp.o[0m
[45.356s] [ 62%] [32mBuilding CXX object collision_detection/CMakeFiles/test_world.dir/test/test_world.cpp.o[0m
[45.357s] [ 63%] [32mBuilding CXX object collision_detection_bullet/CMakeFiles/moveit_collision_detection_bullet.dir/src/bullet_integration/bullet_bvh_manager.cpp.o[0m
[45.357s] [ 63%] [32mBuilding CXX object collision_detection_bullet/CMakeFiles/moveit_collision_detection_bullet.dir/src/bullet_integration/contact_checker_common.cpp.o[0m
[45.357s] [ 65%] [32mBuilding CXX object collision_detection_bullet/CMakeFiles/moveit_collision_detection_bullet.dir/src/bullet_integration/ros_bullet_utils.cpp.o[0m
[45.357s] [ 65%] [32mBuilding CXX object collision_detection_bullet/CMakeFiles/moveit_collision_detection_bullet.dir/src/bullet_integration/bullet_cast_bvh_manager.cpp.o[0m
[45.358s] [ 66%] [32mBuilding CXX object collision_detection/CMakeFiles/test_all_valid.dir/test/test_all_valid.cpp.o[0m
[45.727s] [ 66%] Built target test_robot_state
[51.046s] [ 66%] [32m[1mLinking CXX executable test_world_diff[0m
[51.130s] [ 66%] [32m[1mLinking CXX executable test_world[0m
[51.379s] [ 66%] Built target test_world_diff
[51.410s] [ 66%] Built target test_world
[51.613s] [ 66%] [32m[1mLinking CXX executable test_all_valid[0m
[51.903s] [ 66%] Built target test_all_valid
[52.180s] [ 66%] [32m[1mLinking CXX executable test_acceleration_filter[0m
[52.329s] [ 67%] [32m[1mLinking CXX executable test_robot_trajectory[0m
[52.396s] [ 67%] Built target test_acceleration_filter
[52.449s] [ 68%] [32m[1mLinking CXX shared library libmoveit_trajectory_processing.so[0m
[52.560s] [ 68%] Built target test_robot_trajectory
[52.573s] [ 68%] Built target moveit_trajectory_processing
[52.594s] [ 68%] [32mBuilding CXX object trajectory_processing/CMakeFiles/test_time_optimal_trajectory_generation.dir/test/test_time_optimal_trajectory_generation.cpp.o[0m
[52.595s] [ 68%] [32mBuilding CXX object trajectory_processing/CMakeFiles/test_ruckig_traj_smoothing.dir/test/test_ruckig_traj_smoothing.cpp.o[0m
[52.595s] [ 69%] [32mBuilding CXX object trajectory_processing/CMakeFiles/robot_trajectory_benchmark.dir/test/robot_trajectory_benchmark.cpp.o[0m
[53.178s] [ 69%] [32m[1mLinking CXX shared library libmoveit_kinematics_metrics.so[0m
[53.310s] [ 69%] Built target moveit_kinematics_metrics
[53.468s] [ 69%] [32m[1mLinking CXX shared library libmoveit_collision_detection_bullet.so[0m
[53.592s] [ 69%] Built target moveit_collision_detection_bullet
[53.609s] [ 70%] [32mBuilding CXX object collision_detection_bullet/CMakeFiles/test_bullet_collision_detection.dir/test/test_bullet_collision_detection_pr2.cpp.o[0m
[53.610s] [ 70%] [32mBuilding CXX object collision_detection_bullet/CMakeFiles/test_bullet_collision_detection_panda.dir/test/test_bullet_collision_detection_panda.cpp.o[0m
[53.610s] [ 70%] [32mBuilding CXX object collision_detection_bullet/CMakeFiles/test_bullet_continuous_collision_checking.dir/test/test_bullet_continuous_collision_checking.cpp.o[0m
[53.816s] [ 71%] [32m[1mLinking CXX shared library libmoveit_collision_detection_fcl.so[0m
[53.944s] [ 71%] Built target moveit_collision_detection_fcl
[53.961s] [ 71%] [32mBuilding CXX object collision_detection_fcl/CMakeFiles/test_fcl_collision_env.dir/test/test_fcl_env.cpp.o[0m
[53.963s] [ 72%] [32mBuilding CXX object kinematic_constraints/CMakeFiles/moveit_kinematic_constraints.dir/src/utils.cpp.o[0m
[53.963s] [ 72%] [32mBuilding CXX object kinematic_constraints/CMakeFiles/moveit_kinematic_constraints.dir/src/kinematic_constraint.cpp.o[0m
[53.963s] [ 72%] [32mBuilding CXX object collision_detection_fcl/CMakeFiles/test_fcl_collision_detection_panda.dir/test/test_fcl_collision_detection_panda.cpp.o[0m
[53.963s] [ 72%] [32mBuilding CXX object collision_detection_fcl/CMakeFiles/test_fcl_collision_detection.dir/test/test_fcl_collision_detection_pr2.cpp.o[0m
[56.773s] [ 72%] [32m[1mLinking CXX executable robot_trajectory_benchmark[0m
[56.936s] [ 72%] Built target robot_trajectory_benchmark
[58.181s] [ 73%] [32m[1mLinking CXX executable test_time_optimal_trajectory_generation[0m
[58.391s] [ 73%] Built target test_time_optimal_trajectory_generation
[58.516s] [ 74%] [32m[1mLinking CXX executable test_bullet_collision_detection_panda[0m
[58.715s] [ 74%] Built target test_bullet_collision_detection_panda
[58.926s] [ 75%] [32m[1mLinking CXX executable test_fcl_collision_env[0m
[58.959s] [ 76%] [32m[1mLinking CXX executable test_ruckig_traj_smoothing[0m
[59.114s] [ 76%] Built target test_fcl_collision_env
[59.195s] [ 76%] Built target test_ruckig_traj_smoothing
[59.305s] [ 77%] [32m[1mLinking CXX executable test_bullet_continuous_collision_checking[0m
[59.501s] [ 77%] Built target test_bullet_continuous_collision_checking
[60.653s] [ 78%] [32m[1mLinking CXX executable test_bullet_collision_detection[0m
[60.870s] [ 78%] Built target test_bullet_collision_detection
[61.206s] [ 79%] [32m[1mLinking CXX executable test_fcl_collision_detection[0m
[61.393s] [ 79%] Built target test_fcl_collision_detection
[61.561s] [ 80%] [32m[1mLinking CXX executable test_fcl_collision_detection_panda[0m
[61.729s] [ 80%] Built target test_fcl_collision_detection_panda
[62.792s] [ 80%] [32m[1mLinking CXX shared library libmoveit_kinematic_constraints.so[0m
[62.908s] [ 80%] Built target moveit_kinematic_constraints
[62.934s] [ 81%] [32mBuilding CXX object planning_scene/CMakeFiles/moveit_planning_scene.dir/src/planning_scene.cpp.o[0m
[62.934s] [ 82%] [32mBuilding CXX object kinematic_constraints/CMakeFiles/test_orientation_constraints.dir/test/test_orientation_constraints.cpp.o[0m
[62.934s] [ 83%] [32mBuilding CXX object kinematic_constraints/CMakeFiles/test_constraints.dir/test/test_constraints.cpp.o[0m
[68.100s] [ 83%] [32m[1mLinking CXX executable test_orientation_constraints[0m
[68.280s] [ 83%] Built target test_orientation_constraints
[68.608s] [ 84%] [32m[1mLinking CXX executable test_constraints[0m
[68.768s] [ 84%] Built target test_constraints
[72.863s] [ 84%] [32m[1mLinking CXX shared library libmoveit_planning_scene.so[0m
[72.984s] [ 84%] Built target moveit_planning_scene
[73.008s] [ 84%] [32mBuilding CXX object constraint_samplers/CMakeFiles/moveit_constraint_samplers.dir/src/constraint_sampler.cpp.o[0m
[73.008s] [ 85%] [32mBuilding CXX object constraint_samplers/CMakeFiles/moveit_constraint_samplers.dir/src/constraint_sampler_manager.cpp.o[0m
[73.009s] [ 86%] [32mBuilding CXX object planning_scene/CMakeFiles/test_collision_objects.dir/test/test_collision_objects.cpp.o[0m
[73.009s] [ 86%] [32mBuilding CXX object collision_detection_fcl/CMakeFiles/collision_detector_fcl_plugin.dir/src/collision_detector_fcl_plugin_loader.cpp.o[0m
[73.009s] [ 86%] [32mBuilding CXX object collision_detection_bullet/CMakeFiles/collision_detector_bullet_plugin.dir/src/collision_detector_bullet_plugin_loader.cpp.o[0m
[73.012s] [ 87%] [32mBuilding CXX object planning_scene/CMakeFiles/test_planning_scene.dir/test/test_planning_scene.cpp.o[0m
[73.013s] [ 87%] [32mBuilding CXX object constraint_samplers/CMakeFiles/moveit_constraint_samplers.dir/src/constraint_sampler_tools.cpp.o[0m
[73.014s] [ 88%] [32mBuilding CXX object constraint_samplers/CMakeFiles/moveit_constraint_samplers.dir/src/default_constraint_samplers.cpp.o[0m
[73.014s] [ 89%] [32mBuilding CXX object constraint_samplers/CMakeFiles/moveit_constraint_samplers.dir/src/union_constraint_sampler.cpp.o[0m
[73.017s] [ 90%] [32mBuilding CXX object collision_distance_field/CMakeFiles/moveit_collision_distance_field.dir/src/collision_distance_field_types.cpp.o[0m
[73.018s] [ 90%] [32mBuilding CXX object collision_distance_field/CMakeFiles/moveit_collision_distance_field.dir/src/collision_common_distance_field.cpp.o[0m
[73.018s] [ 92%] [32mBuilding CXX object planning_scene/CMakeFiles/test_multi_threaded.dir/test/test_multi_threaded.cpp.o[0m
[73.018s] [ 92%] [32mBuilding CXX object planning_interface/CMakeFiles/moveit_planning_interface.dir/src/planning_response.cpp.o[0m
[73.019s] [ 93%] [32mBuilding CXX object collision_distance_field/CMakeFiles/moveit_collision_distance_field.dir/src/collision_env_distance_field.cpp.o[0m
[73.019s] [ 94%] [32mBuilding CXX object planning_interface/CMakeFiles/moveit_planning_interface.dir/src/planning_interface.cpp.o[0m
[73.020s] [ 94%] [32mBuilding CXX object collision_distance_field/CMakeFiles/moveit_collision_distance_field.dir/src/collision_env_hybrid.cpp.o[0m
[78.285s] [ 95%] [32m[1mLinking CXX shared library libcollision_detector_fcl_plugin.so[0m
[78.384s] [ 95%] Built target collision_detector_fcl_plugin
[78.579s] [ 95%] [32m[1mLinking CXX executable test_multi_threaded[0m
[78.765s] [ 95%] Built target test_multi_threaded
[80.912s] [ 96%] [32m[1mLinking CXX shared library libcollision_detector_bullet_plugin.so[0m
[80.966s] [ 96%] [32m[1mLinking CXX shared library libmoveit_planning_interface.so[0m
[81.032s] [ 96%] Built target collision_detector_bullet_plugin
[81.074s] [ 96%] Built target moveit_planning_interface
[81.927s] [ 96%] [32m[1mLinking CXX shared library libmoveit_constraint_samplers.so[0m
[82.064s] [ 96%] Built target moveit_constraint_samplers
[82.094s] [ 97%] [32mBuilding CXX object constraint_samplers/CMakeFiles/test_constraint_samplers.dir/test/test_constraint_samplers.cpp.o[0m
[82.095s] [ 98%] [32mBuilding CXX object constraint_samplers/CMakeFiles/test_constraint_samplers.dir/test/pr2_arm_kinematics_plugin.cpp.o[0m
[82.095s] [ 98%] [32mBuilding CXX object constraint_samplers/CMakeFiles/test_constraint_samplers.dir/test/pr2_arm_ik.cpp.o[0m
[82.817s] [ 98%] [32m[1mLinking CXX executable test_collision_objects[0m
[83.003s] [ 98%] Built target test_collision_objects
[84.124s] [ 98%] [32m[1mLinking CXX executable test_planning_scene[0m
[84.320s] [ 98%] Built target test_planning_scene
[84.439s] [ 99%] [32m[1mLinking CXX shared library libmoveit_collision_distance_field.so[0m
[84.577s] [ 99%] Built target moveit_collision_distance_field
[84.595s] [100%] [32mBuilding CXX object collision_distance_field/CMakeFiles/test_collision_distance_field.dir/test/test_collision_distance_field.cpp.o[0m
[89.612s] [100%] [32m[1mLinking CXX executable test_constraint_samplers[0m
[89.801s] [100%] Built target test_constraint_samplers
[90.128s] [100%] [32m[1mLinking CXX executable test_collision_distance_field[0m
[90.292s] [100%] Built target test_collision_distance_field
[90.304s] Invoked command in '/home/fv/workspace/ros_ur_driver/src/build/moveit_core' returned '0': AMENT_PREFIX_PATH=/home/fv/workspace/ros_ur_driver/src/install/srdfdom:/home/fv/workspace/ros_ur_driver/src/install/moveit_msgs:/home/fv/workspace/ros_ur_driver/src/install/moveit_common:${AMENT_PREFIX_PATH} CMAKE_PREFIX_PATH=/home/fv/workspace/ros_ur_driver/src/install/srdfdom:/home/fv/workspace/ros_ur_driver/src/install/moveit_msgs:/home/fv/workspace/ros_ur_driver/src/install/moveit_common:/opt/ros/jazzy/opt/sdformat_vendor:/opt/ros/jazzy/opt/gz_math_vendor:/opt/ros/jazzy/opt/gz_utils_vendor:/opt/ros/jazzy/opt/gz_tools_vendor:/opt/ros/jazzy/opt/gz_cmake_vendor:/opt/ros/jazzy CONDA_PROMPT_MODIFIER=(base) DEBUGINFOD_URLS=https://debuginfod.ubuntu.com LD_LIBRARY_PATH=/home/fv/workspace/ros_ur_driver/src/install/srdfdom/lib:/home/fv/workspace/ros_ur_driver/src/install/moveit_msgs/lib:${LD_LIBRARY_PATH} PS1=(venv) (base) \[\e]0;\u@\h: \w\a\]${debian_chroot:+($debian_chroot)}\[\033[01;32m\]\u@\h\[\033[00m\]:\[\033[01;34m\]\w\[\033[00m\]\$ PYTHONPATH=/home/fv/workspace/ros_ur_driver/src/install/srdfdom/lib/python3.13/site-packages:/home/fv/workspace/ros_ur_driver/src/install/moveit_msgs/lib/python3.13/site-packages:${PYTHONPATH} VIRTUAL_ENV_PROMPT=(venv) /usr/bin/cmake --build /home/fv/workspace/ros_ur_driver/src/build/moveit_core -- -j20 -l20
[90.307s] Invoking command in '/home/fv/workspace/ros_ur_driver/src/build/moveit_core': AMENT_PREFIX_PATH=/home/fv/workspace/ros_ur_driver/src/install/srdfdom:/home/fv/workspace/ros_ur_driver/src/install/moveit_msgs:/home/fv/workspace/ros_ur_driver/src/install/moveit_common:${AMENT_PREFIX_PATH} CMAKE_PREFIX_PATH=/home/fv/workspace/ros_ur_driver/src/install/srdfdom:/home/fv/workspace/ros_ur_driver/src/install/moveit_msgs:/home/fv/workspace/ros_ur_driver/src/install/moveit_common:/opt/ros/jazzy/opt/sdformat_vendor:/opt/ros/jazzy/opt/gz_math_vendor:/opt/ros/jazzy/opt/gz_utils_vendor:/opt/ros/jazzy/opt/gz_tools_vendor:/opt/ros/jazzy/opt/gz_cmake_vendor:/opt/ros/jazzy CONDA_PROMPT_MODIFIER=(base) DEBUGINFOD_URLS=https://debuginfod.ubuntu.com LD_LIBRARY_PATH=/home/fv/workspace/ros_ur_driver/src/install/srdfdom/lib:/home/fv/workspace/ros_ur_driver/src/install/moveit_msgs/lib:${LD_LIBRARY_PATH} PS1=(venv) (base) \[\e]0;\u@\h: \w\a\]${debian_chroot:+($debian_chroot)}\[\033[01;32m\]\u@\h\[\033[00m\]:\[\033[01;34m\]\w\[\033[00m\]\$ PYTHONPATH=/home/fv/workspace/ros_ur_driver/src/install/srdfdom/lib/python3.13/site-packages:/home/fv/workspace/ros_ur_driver/src/install/moveit_msgs/lib/python3.13/site-packages:${PYTHONPATH} VIRTUAL_ENV_PROMPT=(venv) /usr/bin/cmake --install /home/fv/workspace/ros_ur_driver/src/build/moveit_core
[90.316s] -- Install configuration: "Release"
[90.316s] -- Installing: /home/fv/workspace/ros_ur_driver/src/install/moveit_core/include/moveit_core
[90.316s] -- Installing: /home/fv/workspace/ros_ur_driver/src/install/moveit_core/include/moveit_core/moveit
[90.316s] -- Installing: /home/fv/workspace/ros_ur_driver/src/install/moveit_core/include/moveit_core/moveit/collision_detection_bullet
[90.316s] -- Installing: /home/fv/workspace/ros_ur_driver/src/install/moveit_core/include/moveit_core/moveit/collision_detection_bullet/collision_detector_allocator_bullet.h
[90.317s] -- Installing: /home/fv/workspace/ros_ur_driver/src/install/moveit_core/include/moveit_core/moveit/collision_detection_bullet/collision_detector_bullet_plugin_loader.h
[90.317s] -- Installing: /home/fv/workspace/ros_ur_driver/src/install/moveit_core/include/moveit_core/moveit/collision_detection_bullet/collision_env_bullet.hpp
[90.317s] -- Installing: /home/fv/workspace/ros_ur_driver/src/install/moveit_core/include/moveit_core/moveit/collision_detection_bullet/collision_detector_allocator_bullet.hpp
[90.317s] -- Installing: /home/fv/workspace/ros_ur_driver/src/install/moveit_core/include/moveit_core/moveit/collision_detection_bullet/collision_env_bullet.h
[90.317s] -- Installing: /home/fv/workspace/ros_ur_driver/src/install/moveit_core/include/moveit_core/moveit/collision_detection_bullet/bullet_integration
[90.317s] -- Installing: /home/fv/workspace/ros_ur_driver/src/install/moveit_core/include/moveit_core/moveit/collision_detection_bullet/bullet_integration/bullet_bvh_manager.h
[90.318s] -- Installing: /home/fv/workspace/ros_ur_driver/src/install/moveit_core/include/moveit_core/moveit/collision_detection_bullet/bullet_integration/ros_bullet_utils.h
[90.318s] -- Installing: /home/fv/workspace/ros_ur_driver/src/install/moveit_core/include/moveit_core/moveit/collision_detection_bullet/bullet_integration/bullet_utils.hpp
[90.318s] -- Installing: /home/fv/workspace/ros_ur_driver/src/install/moveit_core/include/moveit_core/moveit/collision_detection_bullet/bullet_integration/bullet_bvh_manager.hpp
[90.318s] -- Installing: /home/fv/workspace/ros_ur_driver/src/install/moveit_core/include/moveit_core/moveit/collision_detection_bullet/bullet_integration/bullet_discrete_bvh_manager.h
[90.318s] -- Installing: /home/fv/workspace/ros_ur_driver/src/install/moveit_core/include/moveit_core/moveit/collision_detection_bullet/bullet_integration/bullet_cast_bvh_manager.hpp
[90.318s] -- Installing: /home/fv/workspace/ros_ur_driver/src/install/moveit_core/include/moveit_core/moveit/collision_detection_bullet/bullet_integration/bullet_utils.h
[90.318s] -- Installing: /home/fv/workspace/ros_ur_driver/src/install/moveit_core/include/moveit_core/moveit/collision_detection_bullet/bullet_integration/ros_bullet_utils.hpp
[90.319s] -- Installing: /home/fv/workspace/ros_ur_driver/src/install/moveit_core/include/moveit_core/moveit/collision_detection_bullet/bullet_integration/bullet_cast_bvh_manager.h
[90.319s] -- Installing: /home/fv/workspace/ros_ur_driver/src/install/moveit_core/include/moveit_core/moveit/collision_detection_bullet/bullet_integration/contact_checker_common.hpp
[90.319s] -- Installing: /home/fv/workspace/ros_ur_driver/src/install/moveit_core/include/moveit_core/moveit/collision_detection_bullet/bullet_integration/bullet_discrete_bvh_manager.hpp
[90.319s] -- Installing: /home/fv/workspace/ros_ur_driver/src/install/moveit_core/include/moveit_core/moveit/collision_detection_bullet/bullet_integration/contact_checker_common.h
[90.319s] -- Installing: /home/fv/workspace/ros_ur_driver/src/install/moveit_core/include/moveit_core/moveit/collision_detection_bullet/bullet_integration/basic_types.hpp
[90.319s] -- Installing: /home/fv/workspace/ros_ur_driver/src/install/moveit_core/include/moveit_core/moveit/collision_detection_bullet/bullet_integration/basic_types.h
[90.319s] -- Installing: /home/fv/workspace/ros_ur_driver/src/install/moveit_core/include/moveit_core/moveit/collision_detection_bullet/collision_detector_bullet_plugin_loader.hpp
[90.319s] -- Installing: /home/fv/workspace/ros_ur_driver/src/install/moveit_core/include/moveit_core/moveit_collision_detection_bullet_export.h
[90.320s] -- Up-to-date: /home/fv/workspace/ros_ur_driver/src/install/moveit_core/include/moveit_core
[90.320s] -- Up-to-date: /home/fv/workspace/ros_ur_driver/src/install/moveit_core/include/moveit_core/moveit
[90.320s] -- Installing: /home/fv/workspace/ros_ur_driver/src/install/moveit_core/include/moveit_core/moveit/collision_detection_fcl
[90.320s] -- Installing: /home/fv/workspace/ros_ur_driver/src/install/moveit_core/include/moveit_core/moveit/collision_detection_fcl/fcl_compat.hpp
[90.320s] -- Installing: /home/fv/workspace/ros_ur_driver/src/install/moveit_core/include/moveit_core/moveit/collision_detection_fcl/collision_detector_fcl_plugin_loader.h
[90.320s] -- Installing: /home/fv/workspace/ros_ur_driver/src/install/moveit_core/include/moveit_core/moveit/collision_detection_fcl/collision_common.h
[90.320s] -- Installing: /home/fv/workspace/ros_ur_driver/src/install/moveit_core/include/moveit_core/moveit/collision_detection_fcl/collision_env_fcl.hpp
[90.320s] -- Installing: /home/fv/workspace/ros_ur_driver/src/install/moveit_core/include/moveit_core/moveit/collision_detection_fcl/collision_common.hpp
[90.321s] -- Installing: /home/fv/workspace/ros_ur_driver/src/install/moveit_core/include/moveit_core/moveit/collision_detection_fcl/collision_env_fcl.h
[90.321s] -- Installing: /home/fv/workspace/ros_ur_driver/src/install/moveit_core/include/moveit_core/moveit/collision_detection_fcl/fcl_compat.h
[90.321s] -- Installing: /home/fv/workspace/ros_ur_driver/src/install/moveit_core/include/moveit_core/moveit/collision_detection_fcl/collision_detector_allocator_fcl.h
[90.321s] -- Installing: /home/fv/workspace/ros_ur_driver/src/install/moveit_core/include/moveit_core/moveit/collision_detection_fcl/collision_detector_allocator_fcl.hpp
[90.321s] -- Installing: /home/fv/workspace/ros_ur_driver/src/install/moveit_core/include/moveit_core/moveit/collision_detection_fcl/collision_detector_fcl_plugin_loader.hpp
[90.321s] -- Installing: /home/fv/workspace/ros_ur_driver/src/install/moveit_core/include/moveit_core/moveit_collision_detection_fcl_export.h
[90.321s] -- Up-to-date: /home/fv/workspace/ros_ur_driver/src/install/moveit_core/include/moveit_core
[90.322s] -- Up-to-date: /home/fv/workspace/ros_ur_driver/src/install/moveit_core/include/moveit_core/moveit
[90.322s] -- Installing: /home/fv/workspace/ros_ur_driver/src/install/moveit_core/include/moveit_core/moveit/collision_detection
[90.322s] -- Installing: /home/fv/workspace/ros_ur_driver/src/install/moveit_core/include/moveit_core/moveit/collision_detection/allvalid
[90.322s] -- Installing: /home/fv/workspace/ros_ur_driver/src/install/moveit_core/include/moveit_core/moveit/collision_detection/allvalid/collision_detector_allocator_allvalid.h
[90.322s] -- Installing: /home/fv/workspace/ros_ur_driver/src/install/moveit_core/include/moveit_core/moveit/collision_detection/allvalid/collision_detector_allocator_allvalid.hpp
[90.322s] -- Installing: /home/fv/workspace/ros_ur_driver/src/install/moveit_core/include/moveit_core/moveit/collision_detection/allvalid/collision_env_allvalid.hpp
[90.322s] -- Installing: /home/fv/workspace/ros_ur_driver/src/install/moveit_core/include/moveit_core/moveit/collision_detection/allvalid/collision_env_allvalid.h
[90.323s] -- Installing: /home/fv/workspace/ros_ur_driver/src/install/moveit_core/include/moveit_core/moveit/collision_detection/collision_plugin_cache.h
[90.323s] -- Installing: /home/fv/workspace/ros_ur_driver/src/install/moveit_core/include/moveit_core/moveit/collision_detection/occupancy_map.hpp
[90.323s] -- Installing: /home/fv/workspace/ros_ur_driver/src/install/moveit_core/include/moveit_core/moveit/collision_detection/collision_detector_allocator.hpp
[90.323s] -- Installing: /home/fv/workspace/ros_ur_driver/src/install/moveit_core/include/moveit_core/moveit/collision_detection/world_diff.hpp
[90.323s] -- Installing: /home/fv/workspace/ros_ur_driver/src/install/moveit_core/include/moveit_core/moveit/collision_detection/test_collision_common_panda.h
[90.323s] -- Installing: /home/fv/workspace/ros_ur_driver/src/install/moveit_core/include/moveit_core/moveit/collision_detection/collision_plugin.h
[90.323s] -- Installing: /home/fv/workspace/ros_ur_driver/src/install/moveit_core/include/moveit_core/moveit/collision_detection/collision_octomap_filter.h
[90.323s] -- Installing: /home/fv/workspace/ros_ur_driver/src/install/moveit_core/include/moveit_core/moveit/collision_detection/world.h
[90.323s] -- Installing: /home/fv/workspace/ros_ur_driver/src/install/moveit_core/include/moveit_core/moveit/collision_detection/collision_octomap_filter.hpp
[90.324s] -- Installing: /home/fv/workspace/ros_ur_driver/src/install/moveit_core/include/moveit_core/moveit/collision_detection/test_collision_common_panda.hpp
[90.324s] -- Installing: /home/fv/workspace/ros_ur_driver/src/install/moveit_core/include/moveit_core/moveit/collision_detection/collision_detector_allocator.h
[90.324s] -- Installing: /home/fv/workspace/ros_ur_driver/src/install/moveit_core/include/moveit_core/moveit/collision_detection/collision_common.h
[90.324s] -- Installing: /home/fv/workspace/ros_ur_driver/src/install/moveit_core/include/moveit_core/moveit/collision_detection/collision_tools.hpp
[90.324s] -- Installing: /home/fv/workspace/ros_ur_driver/src/install/moveit_core/include/moveit_core/moveit/collision_detection/world.hpp
[90.324s] -- Installing: /home/fv/workspace/ros_ur_driver/src/install/moveit_core/include/moveit_core/moveit/collision_detection/collision_matrix.h
[90.324s] -- Installing: /home/fv/workspace/ros_ur_driver/src/install/moveit_core/include/moveit_core/moveit/collision_detection/collision_env.h
[90.324s] -- Installing: /home/fv/workspace/ros_ur_driver/src/install/moveit_core/include/moveit_core/moveit/collision_detection/collision_tools.h
[90.324s] -- Installing: /home/fv/workspace/ros_ur_driver/src/install/moveit_core/include/moveit_core/moveit/collision_detection/collision_common.hpp
[90.324s] -- Installing: /home/fv/workspace/ros_ur_driver/src/install/moveit_core/include/moveit_core/moveit/collision_detection/test_collision_common_pr2.h
[90.324s] -- Installing: /home/fv/workspace/ros_ur_driver/src/install/moveit_core/include/moveit_core/moveit/collision_detection/collision_env.hpp
[90.324s] -- Installing: /home/fv/workspace/ros_ur_driver/src/install/moveit_core/include/moveit_core/moveit/collision_detection/world_diff.h
[90.324s] -- Installing: /home/fv/workspace/ros_ur_driver/src/install/moveit_core/include/moveit_core/moveit/collision_detection/collision_plugin.hpp
[90.325s] -- Installing: /home/fv/workspace/ros_ur_driver/src/install/moveit_core/include/moveit_core/moveit/collision_detection/test_collision_common_pr2.hpp
[90.325s] -- Installing: /home/fv/workspace/ros_ur_driver/src/install/moveit_core/include/moveit_core/moveit/collision_detection/occupancy_map.h
[90.325s] -- Installing: /home/fv/workspace/ros_ur_driver/src/install/moveit_core/include/moveit_core/moveit/collision_detection/collision_matrix.hpp
[90.325s] -- Installing: /home/fv/workspace/ros_ur_driver/src/install/moveit_core/include/moveit_core/moveit/collision_detection/collision_plugin_cache.hpp
[90.325s] -- Installing: /home/fv/workspace/ros_ur_driver/src/install/moveit_core/include/moveit_core/moveit_collision_detection_export.h
[90.325s] -- Up-to-date: /home/fv/workspace/ros_ur_driver/src/install/moveit_core/include/moveit_core
[90.326s] -- Up-to-date: /home/fv/workspace/ros_ur_driver/src/install/moveit_core/include/moveit_core/moveit
[90.326s] -- Installing: /home/fv/workspace/ros_ur_driver/src/install/moveit_core/include/moveit_core/moveit/collision_distance_field
[90.326s] -- Installing: /home/fv/workspace/ros_ur_driver/src/install/moveit_core/include/moveit_core/moveit/collision_distance_field/collision_env_hybrid.h
[90.326s] -- Installing: /home/fv/workspace/ros_ur_driver/src/install/moveit_core/include/moveit_core/moveit/collision_distance_field/collision_detector_allocator_distance_field.h
[90.326s] -- Installing: /home/fv/workspace/ros_ur_driver/src/install/moveit_core/include/moveit_core/moveit/collision_distance_field/collision_env_distance_field.hpp
[90.326s] -- Installing: /home/fv/workspace/ros_ur_driver/src/install/moveit_core/include/moveit_core/moveit/collision_distance_field/collision_detector_allocator_distance_field.hpp
[90.326s] -- Installing: /home/fv/workspace/ros_ur_driver/src/install/moveit_core/include/moveit_core/moveit/collision_distance_field/collision_detector_allocator_hybrid.h
[90.327s] -- Installing: /home/fv/workspace/ros_ur_driver/src/install/moveit_core/include/moveit_core/moveit/collision_distance_field/collision_distance_field_types.h
[90.327s] -- Installing: /home/fv/workspace/ros_ur_driver/src/install/moveit_core/include/moveit_core/moveit/collision_distance_field/collision_common_distance_field.h
[90.327s] -- Installing: /home/fv/workspace/ros_ur_driver/src/install/moveit_core/include/moveit_core/moveit/collision_distance_field/collision_env_distance_field.h
[90.327s] -- Installing: /home/fv/workspace/ros_ur_driver/src/install/moveit_core/include/moveit_core/moveit/collision_distance_field/collision_env_hybrid.hpp
[90.327s] -- Installing: /home/fv/workspace/ros_ur_driver/src/install/moveit_core/include/moveit_core/moveit/collision_distance_field/collision_detector_allocator_hybrid.hpp
[90.327s] -- Installing: /home/fv/workspace/ros_ur_driver/src/install/moveit_core/include/moveit_core/moveit/collision_distance_field/collision_distance_field_types.hpp
[90.327s] -- Installing: /home/fv/workspace/ros_ur_driver/src/install/moveit_core/include/moveit_core/moveit/collision_distance_field/collision_common_distance_field.hpp
[90.328s] -- Installing: /home/fv/workspace/ros_ur_driver/src/install/moveit_core/include/moveit_core/moveit_collision_distance_field_export.h
[90.328s] -- Up-to-date: /home/fv/workspace/ros_ur_driver/src/install/moveit_core/include/moveit_core
[90.328s] -- Up-to-date: /home/fv/workspace/ros_ur_driver/src/install/moveit_core/include/moveit_core/moveit
[90.328s] -- Installing: /home/fv/workspace/ros_ur_driver/src/install/moveit_core/include/moveit_core/moveit/constraint_samplers
[90.328s] -- Installing: /home/fv/workspace/ros_ur_driver/src/install/moveit_core/include/moveit_core/moveit/constraint_samplers/union_constraint_sampler.hpp
[90.328s] -- Installing: /home/fv/workspace/ros_ur_driver/src/install/moveit_core/include/moveit_core/moveit/constraint_samplers/constraint_sampler_manager.h
[90.328s] -- Installing: /home/fv/workspace/ros_ur_driver/src/install/moveit_core/include/moveit_core/moveit/constraint_samplers/constraint_sampler_allocator.hpp
[90.328s] -- Installing: /home/fv/workspace/ros_ur_driver/src/install/moveit_core/include/moveit_core/moveit/constraint_samplers/union_constraint_sampler.h
[90.329s] -- Installing: /home/fv/workspace/ros_ur_driver/src/install/moveit_core/include/moveit_core/moveit/constraint_samplers/constraint_sampler_allocator.h
[90.329s] -- Installing: /home/fv/workspace/ros_ur_driver/src/install/moveit_core/include/moveit_core/moveit/constraint_samplers/constraint_sampler.h
[90.329s] -- Installing: /home/fv/workspace/ros_ur_driver/src/install/moveit_core/include/moveit_core/moveit/constraint_samplers/constraint_sampler.hpp
[90.329s] -- Installing: /home/fv/workspace/ros_ur_driver/src/install/moveit_core/include/moveit_core/moveit/constraint_samplers/constraint_sampler_tools.h
[90.329s] -- Installing: /home/fv/workspace/ros_ur_driver/src/install/moveit_core/include/moveit_core/moveit/constraint_samplers/default_constraint_samplers.hpp
[90.329s] -- Installing: /home/fv/workspace/ros_ur_driver/src/install/moveit_core/include/moveit_core/moveit/constraint_samplers/constraint_sampler_manager.hpp
[90.329s] -- Installing: /home/fv/workspace/ros_ur_driver/src/install/moveit_core/include/moveit_core/moveit/constraint_samplers/constraint_sampler_tools.hpp
[90.329s] -- Installing: /home/fv/workspace/ros_ur_driver/src/install/moveit_core/include/moveit_core/moveit/constraint_samplers/default_constraint_samplers.h
[90.330s] -- Up-to-date: /home/fv/workspace/ros_ur_driver/src/install/moveit_core/include/moveit_core
[90.330s] -- Up-to-date: /home/fv/workspace/ros_ur_driver/src/install/moveit_core/include/moveit_core/moveit
[90.330s] -- Installing: /home/fv/workspace/ros_ur_driver/src/install/moveit_core/include/moveit_core/moveit/controller_manager
[90.330s] -- Installing: /home/fv/workspace/ros_ur_driver/src/install/moveit_core/include/moveit_core/moveit/controller_manager/controller_manager.h
[90.330s] -- Installing: /home/fv/workspace/ros_ur_driver/src/install/moveit_core/include/moveit_core/moveit/controller_manager/controller_manager.hpp
[90.331s] -- Up-to-date: /home/fv/workspace/ros_ur_driver/src/install/moveit_core/include/moveit_core
[90.331s] -- Up-to-date: /home/fv/workspace/ros_ur_driver/src/install/moveit_core/include/moveit_core/moveit
[90.331s] -- Installing: /home/fv/workspace/ros_ur_driver/src/install/moveit_core/include/moveit_core/moveit/distance_field
[90.331s] -- Installing: /home/fv/workspace/ros_ur_driver/src/install/moveit_core/include/moveit_core/moveit/distance_field/distance_field.hpp
[90.331s] -- Installing: /home/fv/workspace/ros_ur_driver/src/install/moveit_core/include/moveit_core/moveit/distance_field/find_internal_points.hpp
[90.332s] -- Installing: /home/fv/workspace/ros_ur_driver/src/install/moveit_core/include/moveit_core/moveit/distance_field/propagation_distance_field.hpp
[90.332s] -- Installing: /home/fv/workspace/ros_ur_driver/src/install/moveit_core/include/moveit_core/moveit/distance_field/voxel_grid.h
[90.332s] -- Installing: /home/fv/workspace/ros_ur_driver/src/install/moveit_core/include/moveit_core/moveit/distance_field/propagation_distance_field.h
[90.332s] -- Installing: /home/fv/workspace/ros_ur_driver/src/install/moveit_core/include/moveit_core/moveit/distance_field/find_internal_points.h
[90.332s] -- Installing: /home/fv/workspace/ros_ur_driver/src/install/moveit_core/include/moveit_core/moveit/distance_field/voxel_grid.hpp
[90.332s] -- Installing: /home/fv/workspace/ros_ur_driver/src/install/moveit_core/include/moveit_core/moveit/distance_field/distance_field.h
[90.333s] -- Up-to-date: /home/fv/workspace/ros_ur_driver/src/install/moveit_core/include/moveit_core
[90.333s] -- Up-to-date: /home/fv/workspace/ros_ur_driver/src/install/moveit_core/include/moveit_core/moveit
[90.333s] -- Installing: /home/fv/workspace/ros_ur_driver/src/install/moveit_core/include/moveit_core/moveit/dynamics_solver
[90.333s] -- Installing: /home/fv/workspace/ros_ur_driver/src/install/moveit_core/include/moveit_core/moveit/dynamics_solver/dynamics_solver.h
[90.333s] -- Installing: /home/fv/workspace/ros_ur_driver/src/install/moveit_core/include/moveit_core/moveit/dynamics_solver/dynamics_solver.hpp
[90.334s] -- Up-to-date: /home/fv/workspace/ros_ur_driver/src/install/moveit_core/include/moveit_core
[90.334s] -- Up-to-date: /home/fv/workspace/ros_ur_driver/src/install/moveit_core/include/moveit_core/moveit
[90.334s] -- Installing: /home/fv/workspace/ros_ur_driver/src/install/moveit_core/include/moveit_core/moveit/exceptions
[90.334s] -- Installing: /home/fv/workspace/ros_ur_driver/src/install/moveit_core/include/moveit_core/moveit/exceptions/exceptions.h
[90.334s] -- Installing: /home/fv/workspace/ros_ur_driver/src/install/moveit_core/include/moveit_core/moveit/exceptions/exceptions.hpp
[90.334s] -- Up-to-date: /home/fv/workspace/ros_ur_driver/src/install/moveit_core/include/moveit_core
[90.334s] -- Up-to-date: /home/fv/workspace/ros_ur_driver/src/install/moveit_core/include/moveit_core/moveit
[90.335s] -- Installing: /home/fv/workspace/ros_ur_driver/src/install/moveit_core/include/moveit_core/moveit/kinematic_constraints
[90.335s] -- Installing: /home/fv/workspace/ros_ur_driver/src/install/moveit_core/include/moveit_core/moveit/kinematic_constraints/utils.h
[90.335s] -- Installing: /home/fv/workspace/ros_ur_driver/src/install/moveit_core/include/moveit_core/moveit/kinematic_constraints/utils.hpp
[90.335s] -- Installing: /home/fv/workspace/ros_ur_driver/src/install/moveit_core/include/moveit_core/moveit/kinematic_constraints/kinematic_constraint.h
[90.335s] -- Installing: /home/fv/workspace/ros_ur_driver/src/install/moveit_core/include/moveit_core/moveit/kinematic_constraints/kinematic_constraint.hpp
[90.335s] -- Up-to-date: /home/fv/workspace/ros_ur_driver/src/install/moveit_core/include/moveit_core
[90.335s] -- Up-to-date: /home/fv/workspace/ros_ur_driver/src/install/moveit_core/include/moveit_core/moveit
[90.336s] -- Installing: /home/fv/workspace/ros_ur_driver/src/install/moveit_core/include/moveit_core/moveit/kinematics_base
[90.336s] -- Installing: /home/fv/workspace/ros_ur_driver/src/install/moveit_core/include/moveit_core/moveit/kinematics_base/kinematics_base.h
[90.336s] -- Installing: /home/fv/workspace/ros_ur_driver/src/install/moveit_core/include/moveit_core/moveit/kinematics_base/kinematics_base.hpp
[90.336s] -- Installing: /home/fv/workspace/ros_ur_driver/src/install/moveit_core/include/moveit_core/moveit_kinematics_base_export.h
[90.336s] -- Up-to-date: /home/fv/workspace/ros_ur_driver/src/install/moveit_core/include/moveit_core
[90.336s] -- Up-to-date: /home/fv/workspace/ros_ur_driver/src/install/moveit_core/include/moveit_core/moveit
[90.336s] -- Installing: /home/fv/workspace/ros_ur_driver/src/install/moveit_core/include/moveit_core/moveit/kinematics_metrics
[90.337s] -- Installing: /home/fv/workspace/ros_ur_driver/src/install/moveit_core/include/moveit_core/moveit/kinematics_metrics/kinematics_metrics.hpp
[90.337s] -- Installing: /home/fv/workspace/ros_ur_driver/src/install/moveit_core/include/moveit_core/moveit/kinematics_metrics/kinematics_metrics.h
[90.337s] -- Up-to-date: /home/fv/workspace/ros_ur_driver/src/install/moveit_core/include/moveit_core
[90.337s] -- Up-to-date: /home/fv/workspace/ros_ur_driver/src/install/moveit_core/include/moveit_core/moveit
[90.337s] -- Installing: /home/fv/workspace/ros_ur_driver/src/install/moveit_core/include/moveit_core/moveit/macros
[90.337s] -- Installing: /home/fv/workspace/ros_ur_driver/src/install/moveit_core/include/moveit_core/moveit/macros/console_colors.h
[90.338s] -- Installing: /home/fv/workspace/ros_ur_driver/src/install/moveit_core/include/moveit_core/moveit/macros/declare_ptr.hpp
[90.338s] -- Installing: /home/fv/workspace/ros_ur_driver/src/install/moveit_core/include/moveit_core/moveit/macros/class_forward.h
[90.338s] -- Installing: /home/fv/workspace/ros_ur_driver/src/install/moveit_core/include/moveit_core/moveit/macros/declare_ptr.h
[90.338s] -- Installing: /home/fv/workspace/ros_ur_driver/src/install/moveit_core/include/moveit_core/moveit/macros/class_forward.hpp
[90.338s] -- Installing: /home/fv/workspace/ros_ur_driver/src/install/moveit_core/include/moveit_core/moveit/macros/console_colors.hpp
[90.339s] -- Up-to-date: /home/fv/workspace/ros_ur_driver/src/install/moveit_core/include/moveit_core
[90.339s] -- Installing: /home/fv/workspace/ros_ur_driver/src/install/moveit_core/include/moveit_core/moveit_acceleration_filter_parameters.hpp
[90.339s] -- Installing: /home/fv/workspace/ros_ur_driver/src/install/moveit_core/include/moveit_core/moveit_butterworth_filter_parameters.hpp
[90.339s] -- Installing: /home/fv/workspace/ros_ur_driver/src/install/moveit_core/include/moveit_core/moveit_ruckig_filter_parameters.hpp
[90.339s] -- Up-to-date: /home/fv/workspace/ros_ur_driver/src/install/moveit_core/include/moveit_core
[90.339s] -- Up-to-date: /home/fv/workspace/ros_ur_driver/src/install/moveit_core/include/moveit_core/moveit_acceleration_filter_parameters.hpp
[90.339s] -- Up-to-date: /home/fv/workspace/ros_ur_driver/src/install/moveit_core/include/moveit_core/moveit_butterworth_filter_parameters.hpp
[90.339s] -- Up-to-date: /home/fv/workspace/ros_ur_driver/src/install/moveit_core/include/moveit_core/moveit_ruckig_filter_parameters.hpp
[90.340s] -- Up-to-date: /home/fv/workspace/ros_ur_driver/src/install/moveit_core/include/moveit_core
[90.340s] -- Up-to-date: /home/fv/workspace/ros_ur_driver/src/install/moveit_core/include/moveit_core/moveit_acceleration_filter_parameters.hpp
[90.340s] -- Up-to-date: /home/fv/workspace/ros_ur_driver/src/install/moveit_core/include/moveit_core/moveit_butterworth_filter_parameters.hpp
[90.340s] -- Up-to-date: /home/fv/workspace/ros_ur_driver/src/install/moveit_core/include/moveit_core/moveit_ruckig_filter_parameters.hpp
[90.340s] -- Up-to-date: /home/fv/workspace/ros_ur_driver/src/install/moveit_core/include/moveit_core
[90.340s] -- Up-to-date: /home/fv/workspace/ros_ur_driver/src/install/moveit_core/include/moveit_core/moveit
[90.340s] -- Installing: /home/fv/workspace/ros_ur_driver/src/install/moveit_core/include/moveit_core/moveit/online_signal_smoothing
[90.340s] -- Installing: /home/fv/workspace/ros_ur_driver/src/install/moveit_core/include/moveit_core/moveit/online_signal_smoothing/ruckig_filter.hpp
[90.340s] -- Installing: /home/fv/workspace/ros_ur_driver/src/install/moveit_core/include/moveit_core/moveit/online_signal_smoothing/butterworth_filter.h
[90.340s] -- Installing: /home/fv/workspace/ros_ur_driver/src/install/moveit_core/include/moveit_core/moveit/online_signal_smoothing/smoothing_base_class.h
[90.341s] -- Installing: /home/fv/workspace/ros_ur_driver/src/install/moveit_core/include/moveit_core/moveit/online_signal_smoothing/acceleration_filter.h
[90.341s] -- Installing: /home/fv/workspace/ros_ur_driver/src/install/moveit_core/include/moveit_core/moveit/online_signal_smoothing/smoothing_base_class.hpp
[90.341s] -- Installing: /home/fv/workspace/ros_ur_driver/src/install/moveit_core/include/moveit_core/moveit/online_signal_smoothing/acceleration_filter.hpp
[90.341s] -- Installing: /home/fv/workspace/ros_ur_driver/src/install/moveit_core/include/moveit_core/moveit/online_signal_smoothing/ruckig_filter.h
[90.341s] -- Installing: /home/fv/workspace/ros_ur_driver/src/install/moveit_core/include/moveit_core/moveit/online_signal_smoothing/butterworth_filter.hpp
[90.341s] -- Installing: /home/fv/workspace/ros_ur_driver/src/install/moveit_core/include/moveit_core/moveit_smoothing_base_export.h
[90.341s] -- Installing: /home/fv/workspace/ros_ur_driver/src/install/moveit_core/include/moveit_core/moveit_acceleration_filter_export.h
[90.342s] -- Installing: /home/fv/workspace/ros_ur_driver/src/install/moveit_core/include/moveit_core/moveit_butterworth_filter_export.h
[90.342s] -- Installing: /home/fv/workspace/ros_ur_driver/src/install/moveit_core/include/moveit_core/moveit_ruckig_filter_export.h
[90.342s] -- Up-to-date: /home/fv/workspace/ros_ur_driver/src/install/moveit_core/include/moveit_core
[90.342s] -- Up-to-date: /home/fv/workspace/ros_ur_driver/src/install/moveit_core/include/moveit_core/moveit
[90.342s] -- Installing: /home/fv/workspace/ros_ur_driver/src/install/moveit_core/include/moveit_core/moveit/planning_interface
[90.343s] -- Installing: /home/fv/workspace/ros_ur_driver/src/install/moveit_core/include/moveit_core/moveit/planning_interface/planning_response.hpp
[90.343s] -- Installing: /home/fv/workspace/ros_ur_driver/src/install/moveit_core/include/moveit_core/moveit/planning_interface/planning_response_adapter.hpp
[90.343s] -- Installing: /home/fv/workspace/ros_ur_driver/src/install/moveit_core/include/moveit_core/moveit/planning_interface/planning_request_adapter.hpp
[90.343s] -- Installing: /home/fv/workspace/ros_ur_driver/src/install/moveit_core/include/moveit_core/moveit/planning_interface/planning_interface.h
[90.343s] -- Installing: /home/fv/workspace/ros_ur_driver/src/install/moveit_core/include/moveit_core/moveit/planning_interface/planning_request_adapter.h
[90.344s] -- Installing: /home/fv/workspace/ros_ur_driver/src/install/moveit_core/include/moveit_core/moveit/planning_interface/planning_response.h
[90.344s] -- Installing: /home/fv/workspace/ros_ur_driver/src/install/moveit_core/include/moveit_core/moveit/planning_interface/planning_response_adapter.h
[90.344s] -- Installing: /home/fv/workspace/ros_ur_driver/src/install/moveit_core/include/moveit_core/moveit/planning_interface/planning_request.h
[90.345s] -- Installing: /home/fv/workspace/ros_ur_driver/src/install/moveit_core/include/moveit_core/moveit/planning_interface/planning_interface.hpp
[90.345s] -- Installing: /home/fv/workspace/ros_ur_driver/src/install/moveit_core/include/moveit_core/moveit/planning_interface/planning_request.hpp
[90.345s] -- Up-to-date: /home/fv/workspace/ros_ur_driver/src/install/moveit_core/include/moveit_core
[90.345s] -- Up-to-date: /home/fv/workspace/ros_ur_driver/src/install/moveit_core/include/moveit_core/moveit
[90.345s] -- Installing: /home/fv/workspace/ros_ur_driver/src/install/moveit_core/include/moveit_core/moveit/planning_scene
[90.345s] -- Installing: /home/fv/workspace/ros_ur_driver/src/install/moveit_core/include/moveit_core/moveit/planning_scene/planning_scene.hpp
[90.345s] -- Installing: /home/fv/workspace/ros_ur_driver/src/install/moveit_core/include/moveit_core/moveit/planning_scene/planning_scene.h
[90.346s] -- Installing: /home/fv/workspace/ros_ur_driver/src/install/moveit_core/include/moveit_core/moveit_planning_scene_export.h
[90.346s] -- Up-to-date: /home/fv/workspace/ros_ur_driver/src/install/moveit_core/include/moveit_core
[90.346s] -- Up-to-date: /home/fv/workspace/ros_ur_driver/src/install/moveit_core/include/moveit_core/moveit
[90.346s] -- Installing: /home/fv/workspace/ros_ur_driver/src/install/moveit_core/include/moveit_core/moveit/robot_model
[90.346s] -- Installing: /home/fv/workspace/ros_ur_driver/src/install/moveit_core/include/moveit_core/moveit/robot_model/prismatic_joint_model.h
[90.346s] -- Installing: /home/fv/workspace/ros_ur_driver/src/install/moveit_core/include/moveit_core/moveit/robot_model/joint_model.hpp
[90.346s] -- Installing: /home/fv/workspace/ros_ur_driver/src/install/moveit_core/include/moveit_core/moveit/robot_model/joint_model.h
[90.347s] -- Installing: /home/fv/workspace/ros_ur_driver/src/install/moveit_core/include/moveit_core/moveit/robot_model/aabb.hpp
[90.347s] -- Installing: /home/fv/workspace/ros_ur_driver/src/install/moveit_core/include/moveit_core/moveit/robot_model/fixed_joint_model.h
[90.347s] -- Installing: /home/fv/workspace/ros_ur_driver/src/install/moveit_core/include/moveit_core/moveit/robot_model/fixed_joint_model.hpp
[90.347s] -- Installing: /home/fv/workspace/ros_ur_driver/src/install/moveit_core/include/moveit_core/moveit/robot_model/floating_joint_model.h
[90.348s] -- Installing: /home/fv/workspace/ros_ur_driver/src/install/moveit_core/include/moveit_core/moveit/robot_model/revolute_joint_model.h
[90.348s] -- Installing: /home/fv/workspace/ros_ur_driver/src/install/moveit_core/include/moveit_core/moveit/robot_model/joint_model_group.h
[90.348s] -- Installing: /home/fv/workspace/ros_ur_driver/src/install/moveit_core/include/moveit_core/moveit/robot_model/planar_joint_model.hpp
[90.348s] -- Installing: /home/fv/workspace/ros_ur_driver/src/install/moveit_core/include/moveit_core/moveit/robot_model/aabb.h
[90.348s] -- Installing: /home/fv/workspace/ros_ur_driver/src/install/moveit_core/include/moveit_core/moveit/robot_model/link_model.h
[90.348s] -- Installing: /home/fv/workspace/ros_ur_driver/src/install/moveit_core/include/moveit_core/moveit/robot_model/joint_model_group.hpp
[90.348s] -- Installing: /home/fv/workspace/ros_ur_driver/src/install/moveit_core/include/moveit_core/moveit/robot_model/revolute_joint_model.hpp
[90.348s] -- Installing: /home/fv/workspace/ros_ur_driver/src/install/moveit_core/include/moveit_core/moveit/robot_model/planar_joint_model.h
[90.349s] -- Installing: /home/fv/workspace/ros_ur_driver/src/install/moveit_core/include/moveit_core/moveit/robot_model/prismatic_joint_model.hpp
[90.349s] -- Installing: /home/fv/workspace/ros_ur_driver/src/install/moveit_core/include/moveit_core/moveit/robot_model/link_model.hpp
[90.349s] -- Installing: /home/fv/workspace/ros_ur_driver/src/install/moveit_core/include/moveit_core/moveit/robot_model/robot_model.h
[90.349s] -- Installing: /home/fv/workspace/ros_ur_driver/src/install/moveit_core/include/moveit_core/moveit/robot_model/robot_model.hpp
[90.349s] -- Installing: /home/fv/workspace/ros_ur_driver/src/install/moveit_core/include/moveit_core/moveit/robot_model/floating_joint_model.hpp
[90.349s] -- Up-to-date: /home/fv/workspace/ros_ur_driver/src/install/moveit_core/include/moveit_core
[90.349s] -- Up-to-date: /home/fv/workspace/ros_ur_driver/src/install/moveit_core/include/moveit_core/moveit
[90.349s] -- Installing: /home/fv/workspace/ros_ur_driver/src/install/moveit_core/include/moveit_core/moveit/robot_state
[90.349s] -- Installing: /home/fv/workspace/ros_ur_driver/src/install/moveit_core/include/moveit_core/moveit/robot_state/cartesian_interpolator.hpp
[90.350s] -- Installing: /home/fv/workspace/ros_ur_driver/src/install/moveit_core/include/moveit_core/moveit/robot_state/attached_body.h
[90.350s] -- Installing: /home/fv/workspace/ros_ur_driver/src/install/moveit_core/include/moveit_core/moveit/robot_state/conversions.hpp
[90.350s] -- Installing: /home/fv/workspace/ros_ur_driver/src/install/moveit_core/include/moveit_core/moveit/robot_state/attached_body.hpp
[90.350s] -- Installing: /home/fv/workspace/ros_ur_driver/src/install/moveit_core/include/moveit_core/moveit/robot_state/cartesian_interpolator.h
[90.350s] -- Installing: /home/fv/workspace/ros_ur_driver/src/install/moveit_core/include/moveit_core/moveit/robot_state/robot_state.hpp
[90.350s] -- Installing: /home/fv/workspace/ros_ur_driver/src/install/moveit_core/include/moveit_core/moveit/robot_state/conversions.h
[90.350s] -- Installing: /home/fv/workspace/ros_ur_driver/src/install/moveit_core/include/moveit_core/moveit/robot_state/robot_state.h
[90.351s] -- Up-to-date: /home/fv/workspace/ros_ur_driver/src/install/moveit_core/include/moveit_core
[90.351s] -- Up-to-date: /home/fv/workspace/ros_ur_driver/src/install/moveit_core/include/moveit_core/moveit
[90.351s] -- Installing: /home/fv/workspace/ros_ur_driver/src/install/moveit_core/include/moveit_core/moveit/robot_trajectory
[90.351s] -- Installing: /home/fv/workspace/ros_ur_driver/src/install/moveit_core/include/moveit_core/moveit/robot_trajectory/robot_trajectory.hpp
[90.351s] -- Installing: /home/fv/workspace/ros_ur_driver/src/install/moveit_core/include/moveit_core/moveit/robot_trajectory/robot_trajectory.h
[90.351s] -- Up-to-date: /home/fv/workspace/ros_ur_driver/src/install/moveit_core/include/moveit_core
[90.351s] -- Up-to-date: /home/fv/workspace/ros_ur_driver/src/install/moveit_core/include/moveit_core/moveit
[90.351s] -- Installing: /home/fv/workspace/ros_ur_driver/src/install/moveit_core/include/moveit_core/moveit/trajectory_processing
[90.352s] -- Installing: /home/fv/workspace/ros_ur_driver/src/install/moveit_core/include/moveit_core/moveit/trajectory_processing/time_optimal_trajectory_generation.h
[90.352s] -- Installing: /home/fv/workspace/ros_ur_driver/src/install/moveit_core/include/moveit_core/moveit/trajectory_processing/trajectory_tools.hpp
[90.352s] -- Installing: /home/fv/workspace/ros_ur_driver/src/install/moveit_core/include/moveit_core/moveit/trajectory_processing/trajectory_tools.h
[90.352s] -- Installing: /home/fv/workspace/ros_ur_driver/src/install/moveit_core/include/moveit_core/moveit/trajectory_processing/ruckig_traj_smoothing.hpp
[90.352s] -- Installing: /home/fv/workspace/ros_ur_driver/src/install/moveit_core/include/moveit_core/moveit/trajectory_processing/time_parameterization.h
[90.352s] -- Installing: /home/fv/workspace/ros_ur_driver/src/install/moveit_core/include/moveit_core/moveit/trajectory_processing/ruckig_traj_smoothing.h
[90.352s] -- Installing: /home/fv/workspace/ros_ur_driver/src/install/moveit_core/include/moveit_core/moveit/trajectory_processing/time_optimal_trajectory_generation.hpp
[90.352s] -- Installing: /home/fv/workspace/ros_ur_driver/src/install/moveit_core/include/moveit_core/moveit/trajectory_processing/time_parameterization.hpp
[90.352s] -- Up-to-date: /home/fv/workspace/ros_ur_driver/src/install/moveit_core/include/moveit_core
[90.352s] -- Up-to-date: /home/fv/workspace/ros_ur_driver/src/install/moveit_core/include/moveit_core/moveit
[90.352s] -- Installing: /home/fv/workspace/ros_ur_driver/src/install/moveit_core/include/moveit_core/moveit/transforms
[90.353s] -- Installing: /home/fv/workspace/ros_ur_driver/src/install/moveit_core/include/moveit_core/moveit/transforms/transforms.hpp
[90.353s] -- Installing: /home/fv/workspace/ros_ur_driver/src/install/moveit_core/include/moveit_core/moveit/transforms/transforms.h
[90.353s] -- Up-to-date: /home/fv/workspace/ros_ur_driver/src/install/moveit_core/include/moveit_core
[90.353s] -- Up-to-date: /home/fv/workspace/ros_ur_driver/src/install/moveit_core/include/moveit_core/moveit
[90.353s] -- Installing: /home/fv/workspace/ros_ur_driver/src/install/moveit_core/include/moveit_core/moveit/utils
[90.353s] -- Installing: /home/fv/workspace/ros_ur_driver/src/install/moveit_core/include/moveit_core/moveit/utils/logger.hpp
[90.354s] -- Installing: /home/fv/workspace/ros_ur_driver/src/install/moveit_core/include/moveit_core/moveit/utils/robot_model_test_utils.h
[90.354s] -- Installing: /home/fv/workspace/ros_ur_driver/src/install/moveit_core/include/moveit_core/moveit/utils/message_checks.hpp
[90.354s] -- Installing: /home/fv/workspace/ros_ur_driver/src/install/moveit_core/include/moveit_core/moveit/utils/message_checks.h
[90.354s] -- Installing: /home/fv/workspace/ros_ur_driver/src/install/moveit_core/include/moveit_core/moveit/utils/robot_model_test_utils.hpp
[90.354s] -- Installing: /home/fv/workspace/ros_ur_driver/src/install/moveit_core/include/moveit_core/moveit/utils/eigen_test_utils.h
[90.354s] -- Installing: /home/fv/workspace/ros_ur_driver/src/install/moveit_core/include/moveit_core/moveit/utils/rclcpp_utils.h
[90.354s] -- Installing: /home/fv/workspace/ros_ur_driver/src/install/moveit_core/include/moveit_core/moveit/utils/moveit_error_code.h
[90.354s] -- Installing: /home/fv/workspace/ros_ur_driver/src/install/moveit_core/include/moveit_core/moveit/utils/moveit_error_code.hpp
[90.355s] -- Installing: /home/fv/workspace/ros_ur_driver/src/install/moveit_core/include/moveit_core/moveit/utils/lexical_casts.hpp
[90.355s] -- Installing: /home/fv/workspace/ros_ur_driver/src/install/moveit_core/include/moveit_core/moveit/utils/logger.h
[90.355s] -- Installing: /home/fv/workspace/ros_ur_driver/src/install/moveit_core/include/moveit_core/moveit/utils/eigen_test_utils.hpp
[90.355s] -- Installing: /home/fv/workspace/ros_ur_driver/src/install/moveit_core/include/moveit_core/moveit/utils/lexical_casts.h
[90.355s] -- Installing: /home/fv/workspace/ros_ur_driver/src/install/moveit_core/include/moveit_core/moveit/utils/rclcpp_utils.hpp
[90.355s] -- Installing: /home/fv/workspace/ros_ur_driver/src/install/moveit_core/lib/moveit_core/logger_dut
[90.356s] -- Set non-toolchain portion of runtime path of "/home/fv/workspace/ros_ur_driver/src/install/moveit_core/lib/moveit_core/logger_dut" to ""
[90.356s] -- Installing: /home/fv/workspace/ros_ur_driver/src/install/moveit_core/include/moveit_core/moveit/version.hpp
[90.356s] -- Installing: /home/fv/workspace/ros_ur_driver/src/install/moveit_core/bin/moveit_version
[90.356s] -- Installing: /home/fv/workspace/ros_ur_driver/src/install/moveit_core/lib/libmoveit_collision_detection.so.2.14.1
[90.357s] -- Set non-toolchain portion of runtime path of "/home/fv/workspace/ros_ur_driver/src/install/moveit_core/lib/libmoveit_collision_detection.so.2.14.1" to ""
[90.357s] -- Installing: /home/fv/workspace/ros_ur_driver/src/install/moveit_core/lib/libmoveit_collision_detection.so
[90.357s] -- Installing: /home/fv/workspace/ros_ur_driver/src/install/moveit_core/lib/libmoveit_collision_detection_bullet.so.2.14.1
[90.357s] -- Set non-toolchain portion of runtime path of "/home/fv/workspace/ros_ur_driver/src/install/moveit_core/lib/libmoveit_collision_detection_bullet.so.2.14.1" to ""
[90.357s] -- Installing: /home/fv/workspace/ros_ur_driver/src/install/moveit_core/lib/libmoveit_collision_detection_bullet.so
[90.357s] -- Installing: /home/fv/workspace/ros_ur_driver/src/install/moveit_core/lib/libmoveit_collision_detection_fcl.so.2.14.1
[90.358s] -- Set non-toolchain portion of runtime path of "/home/fv/workspace/ros_ur_driver/src/install/moveit_core/lib/libmoveit_collision_detection_fcl.so.2.14.1" to ""
[90.358s] -- Installing: /home/fv/workspace/ros_ur_driver/src/install/moveit_core/lib/libmoveit_collision_detection_fcl.so
[90.358s] -- Installing: /home/fv/workspace/ros_ur_driver/src/install/moveit_core/lib/libmoveit_collision_distance_field.so.2.14.1
[90.358s] -- Set non-toolchain portion of runtime path of "/home/fv/workspace/ros_ur_driver/src/install/moveit_core/lib/libmoveit_collision_distance_field.so.2.14.1" to ""
[90.358s] -- Installing: /home/fv/workspace/ros_ur_driver/src/install/moveit_core/lib/libmoveit_collision_distance_field.so
[90.358s] -- Installing: /home/fv/workspace/ros_ur_driver/src/install/moveit_core/lib/libmoveit_constraint_samplers.so.2.14.1
[90.359s] -- Set non-toolchain portion of runtime path of "/home/fv/workspace/ros_ur_driver/src/install/moveit_core/lib/libmoveit_constraint_samplers.so.2.14.1" to ""
[90.359s] -- Installing: /home/fv/workspace/ros_ur_driver/src/install/moveit_core/lib/libmoveit_constraint_samplers.so
[90.359s] -- Installing: /home/fv/workspace/ros_ur_driver/src/install/moveit_core/lib/libmoveit_distance_field.so.2.14.1
[90.359s] -- Set non-toolchain portion of runtime path of "/home/fv/workspace/ros_ur_driver/src/install/moveit_core/lib/libmoveit_distance_field.so.2.14.1" to ""
[90.359s] -- Installing: /home/fv/workspace/ros_ur_driver/src/install/moveit_core/lib/libmoveit_distance_field.so
[90.359s] -- Installing: /home/fv/workspace/ros_ur_driver/src/install/moveit_core/lib/libmoveit_dynamics_solver.so.2.14.1
[90.359s] -- Set non-toolchain portion of runtime path of "/home/fv/workspace/ros_ur_driver/src/install/moveit_core/lib/libmoveit_dynamics_solver.so.2.14.1" to ""
[90.359s] -- Installing: /home/fv/workspace/ros_ur_driver/src/install/moveit_core/lib/libmoveit_dynamics_solver.so
[90.359s] -- Installing: /home/fv/workspace/ros_ur_driver/src/install/moveit_core/lib/libmoveit_exceptions.so.2.14.1
[90.359s] -- Set non-toolchain portion of runtime path of "/home/fv/workspace/ros_ur_driver/src/install/moveit_core/lib/libmoveit_exceptions.so.2.14.1" to ""
[90.359s] -- Installing: /home/fv/workspace/ros_ur_driver/src/install/moveit_core/lib/libmoveit_exceptions.so
[90.359s] -- Installing: /home/fv/workspace/ros_ur_driver/src/install/moveit_core/lib/libmoveit_kinematic_constraints.so.2.14.1
[90.360s] -- Set non-toolchain portion of runtime path of "/home/fv/workspace/ros_ur_driver/src/install/moveit_core/lib/libmoveit_kinematic_constraints.so.2.14.1" to ""
[90.360s] -- Installing: /home/fv/workspace/ros_ur_driver/src/install/moveit_core/lib/libmoveit_kinematic_constraints.so
[90.360s] -- Installing: /home/fv/workspace/ros_ur_driver/src/install/moveit_core/lib/libmoveit_kinematics_base.so
[90.360s] -- Set non-toolchain portion of runtime path of "/home/fv/workspace/ros_ur_driver/src/install/moveit_core/lib/libmoveit_kinematics_base.so" to ""
[90.360s] -- Installing: /home/fv/workspace/ros_ur_driver/src/install/moveit_core/lib/libmoveit_kinematics_metrics.so.2.14.1
[90.360s] -- Set non-toolchain portion of runtime path of "/home/fv/workspace/ros_ur_driver/src/install/moveit_core/lib/libmoveit_kinematics_metrics.so.2.14.1" to ""
[90.360s] -- Installing: /home/fv/workspace/ros_ur_driver/src/install/moveit_core/lib/libmoveit_kinematics_metrics.so
[90.360s] -- Installing: /home/fv/workspace/ros_ur_driver/src/install/moveit_core/lib/libmoveit_planning_interface.so.2.14.1
[90.360s] -- Set non-toolchain portion of runtime path of "/home/fv/workspace/ros_ur_driver/src/install/moveit_core/lib/libmoveit_planning_interface.so.2.14.1" to ""
[90.360s] -- Installing: /home/fv/workspace/ros_ur_driver/src/install/moveit_core/lib/libmoveit_planning_interface.so
[90.360s] -- Installing: /home/fv/workspace/ros_ur_driver/src/install/moveit_core/lib/libmoveit_planning_scene.so.2.14.1
[90.361s] -- Set non-toolchain portion of runtime path of "/home/fv/workspace/ros_ur_driver/src/install/moveit_core/lib/libmoveit_planning_scene.so.2.14.1" to ""
[90.361s] -- Installing: /home/fv/workspace/ros_ur_driver/src/install/moveit_core/lib/libmoveit_planning_scene.so
[90.361s] -- Installing: /home/fv/workspace/ros_ur_driver/src/install/moveit_core/lib/libmoveit_robot_model.so.2.14.1
[90.361s] -- Set non-toolchain portion of runtime path of "/home/fv/workspace/ros_ur_driver/src/install/moveit_core/lib/libmoveit_robot_model.so.2.14.1" to ""
[90.361s] -- Installing: /home/fv/workspace/ros_ur_driver/src/install/moveit_core/lib/libmoveit_robot_model.so
[90.361s] -- Installing: /home/fv/workspace/ros_ur_driver/src/install/moveit_core/lib/libmoveit_robot_state.so.2.14.1
[90.361s] -- Set non-toolchain portion of runtime path of "/home/fv/workspace/ros_ur_driver/src/install/moveit_core/lib/libmoveit_robot_state.so.2.14.1" to ""
[90.361s] -- Installing: /home/fv/workspace/ros_ur_driver/src/install/moveit_core/lib/libmoveit_robot_state.so
[90.361s] -- Installing: /home/fv/workspace/ros_ur_driver/src/install/moveit_core/lib/libmoveit_robot_trajectory.so.2.14.1
[90.362s] -- Set non-toolchain portion of runtime path of "/home/fv/workspace/ros_ur_driver/src/install/moveit_core/lib/libmoveit_robot_trajectory.so.2.14.1" to ""
[90.362s] -- Installing: /home/fv/workspace/ros_ur_driver/src/install/moveit_core/lib/libmoveit_robot_trajectory.so
[90.362s] -- Installing: /home/fv/workspace/ros_ur_driver/src/install/moveit_core/lib/libmoveit_smoothing_base.so.2.14.1
[90.362s] -- Set non-toolchain portion of runtime path of "/home/fv/workspace/ros_ur_driver/src/install/moveit_core/lib/libmoveit_smoothing_base.so.2.14.1" to ""
[90.362s] -- Installing: /home/fv/workspace/ros_ur_driver/src/install/moveit_core/lib/libmoveit_smoothing_base.so
[90.362s] -- Installing: /home/fv/workspace/ros_ur_driver/src/install/moveit_core/lib/libmoveit_test_utils.so.2.14.1
[90.362s] -- Set non-toolchain portion of runtime path of "/home/fv/workspace/ros_ur_driver/src/install/moveit_core/lib/libmoveit_test_utils.so.2.14.1" to ""
[90.362s] -- Installing: /home/fv/workspace/ros_ur_driver/src/install/moveit_core/lib/libmoveit_test_utils.so
[90.362s] -- Installing: /home/fv/workspace/ros_ur_driver/src/install/moveit_core/lib/libmoveit_trajectory_processing.so.2.14.1
[90.363s] -- Set non-toolchain portion of runtime path of "/home/fv/workspace/ros_ur_driver/src/install/moveit_core/lib/libmoveit_trajectory_processing.so.2.14.1" to ""
[90.363s] -- Installing: /home/fv/workspace/ros_ur_driver/src/install/moveit_core/lib/libmoveit_trajectory_processing.so
[90.363s] -- Installing: /home/fv/workspace/ros_ur_driver/src/install/moveit_core/lib/libmoveit_transforms.so.2.14.1
[90.363s] -- Set non-toolchain portion of runtime path of "/home/fv/workspace/ros_ur_driver/src/install/moveit_core/lib/libmoveit_transforms.so.2.14.1" to ""
[90.363s] -- Installing: /home/fv/workspace/ros_ur_driver/src/install/moveit_core/lib/libmoveit_transforms.so
[90.363s] -- Installing: /home/fv/workspace/ros_ur_driver/src/install/moveit_core/lib/libmoveit_utils.so.2.14.1
[90.363s] -- Set non-toolchain portion of runtime path of "/home/fv/workspace/ros_ur_driver/src/install/moveit_core/lib/libmoveit_utils.so.2.14.1" to ""
[90.363s] -- Installing: /home/fv/workspace/ros_ur_driver/src/install/moveit_core/lib/libmoveit_utils.so
[90.363s] -- Installing: /home/fv/workspace/ros_ur_driver/src/install/moveit_core/lib/libcollision_detector_bullet_plugin.so.2.14.1
[90.363s] -- Set non-toolchain portion of runtime path of "/home/fv/workspace/ros_ur_driver/src/install/moveit_core/lib/libcollision_detector_bullet_plugin.so.2.14.1" to ""
[90.363s] -- Installing: /home/fv/workspace/ros_ur_driver/src/install/moveit_core/lib/libcollision_detector_bullet_plugin.so
[90.363s] -- Installing: /home/fv/workspace/ros_ur_driver/src/install/moveit_core/lib/libcollision_detector_fcl_plugin.so.2.14.1
[90.363s] -- Set non-toolchain portion of runtime path of "/home/fv/workspace/ros_ur_driver/src/install/moveit_core/lib/libcollision_detector_fcl_plugin.so.2.14.1" to ""
[90.363s] -- Installing: /home/fv/workspace/ros_ur_driver/src/install/moveit_core/lib/libcollision_detector_fcl_plugin.so
[90.363s] -- Installing: /home/fv/workspace/ros_ur_driver/src/install/moveit_core/lib/libmoveit_acceleration_filter.so.2.14.1
[90.363s] -- Set non-toolchain portion of runtime path of "/home/fv/workspace/ros_ur_driver/src/install/moveit_core/lib/libmoveit_acceleration_filter.so.2.14.1" to ""
[90.364s] -- Installing: /home/fv/workspace/ros_ur_driver/src/install/moveit_core/lib/libmoveit_acceleration_filter.so
[90.364s] -- Installing: /home/fv/workspace/ros_ur_driver/src/install/moveit_core/lib/libmoveit_butterworth_filter.so.2.14.1
[90.364s] -- Set non-toolchain portion of runtime path of "/home/fv/workspace/ros_ur_driver/src/install/moveit_core/lib/libmoveit_butterworth_filter.so.2.14.1" to ""
[90.364s] -- Installing: /home/fv/workspace/ros_ur_driver/src/install/moveit_core/lib/libmoveit_butterworth_filter.so
[90.364s] -- Installing: /home/fv/workspace/ros_ur_driver/src/install/moveit_core/lib/libmoveit_ruckig_filter.so.2.14.1
[90.364s] -- Set non-toolchain portion of runtime path of "/home/fv/workspace/ros_ur_driver/src/install/moveit_core/lib/libmoveit_ruckig_filter.so.2.14.1" to ""
[90.364s] -- Installing: /home/fv/workspace/ros_ur_driver/src/install/moveit_core/lib/libmoveit_ruckig_filter.so
[90.364s] -- Installing: /home/fv/workspace/ros_ur_driver/src/install/moveit_core/share/moveit_core/environment/library_path.sh
[90.364s] -- Installing: /home/fv/workspace/ros_ur_driver/src/install/moveit_core/share/moveit_core/environment/library_path.dsv
[90.364s] -- Installing: /home/fv/workspace/ros_ur_driver/src/install/moveit_core/share/moveit_core/collision_detector_fcl_description.xml
[90.364s] -- Installing: /home/fv/workspace/ros_ur_driver/src/install/moveit_core/share/moveit_core/collision_detector_bullet_description.xml
[90.364s] -- Installing: /home/fv/workspace/ros_ur_driver/src/install/moveit_core/share/moveit_core/filter_plugin_acceleration.xml
[90.365s] -- Installing: /home/fv/workspace/ros_ur_driver/src/install/moveit_core/share/moveit_core/filter_plugin_butterworth.xml
[90.365s] -- Installing: /home/fv/workspace/ros_ur_driver/src/install/moveit_core/share/moveit_core/filter_plugin_ruckig.xml
[90.365s] -- Installing: /home/fv/workspace/ros_ur_driver/src/install/moveit_core/share/ament_index/resource_index/package_run_dependencies/moveit_core
[90.365s] -- Installing: /home/fv/workspace/ros_ur_driver/src/install/moveit_core/share/ament_index/resource_index/parent_prefix_path/moveit_core
[90.365s] -- Installing: /home/fv/workspace/ros_ur_driver/src/install/moveit_core/share/moveit_core/environment/ament_prefix_path.sh
[90.365s] -- Installing: /home/fv/workspace/ros_ur_driver/src/install/moveit_core/share/moveit_core/environment/ament_prefix_path.dsv
[90.365s] -- Installing: /home/fv/workspace/ros_ur_driver/src/install/moveit_core/share/moveit_core/environment/path.sh
[90.365s] -- Installing: /home/fv/workspace/ros_ur_driver/src/install/moveit_core/share/moveit_core/environment/path.dsv
[90.365s] -- Installing: /home/fv/workspace/ros_ur_driver/src/install/moveit_core/share/moveit_core/local_setup.bash
[90.366s] -- Installing: /home/fv/workspace/ros_ur_driver/src/install/moveit_core/share/moveit_core/local_setup.sh
[90.366s] -- Installing: /home/fv/workspace/ros_ur_driver/src/install/moveit_core/share/moveit_core/local_setup.zsh
[90.366s] -- Installing: /home/fv/workspace/ros_ur_driver/src/install/moveit_core/share/moveit_core/local_setup.dsv
[90.366s] -- Installing: /home/fv/workspace/ros_ur_driver/src/install/moveit_core/share/moveit_core/package.dsv
[90.366s] -- Installing: /home/fv/workspace/ros_ur_driver/src/install/moveit_core/share/ament_index/resource_index/packages/moveit_core
[90.366s] -- Installing: /home/fv/workspace/ros_ur_driver/src/install/moveit_core/share/ament_index/resource_index/moveit_core__pluginlib__plugin/moveit_core
[90.366s] -- Installing: /home/fv/workspace/ros_ur_driver/src/install/moveit_core/share/moveit_core/cmake/moveit_coreTargetsExport.cmake
[90.366s] -- Installing: /home/fv/workspace/ros_ur_driver/src/install/moveit_core/share/moveit_core/cmake/moveit_coreTargetsExport-release.cmake
[90.367s] -- Installing: /home/fv/workspace/ros_ur_driver/src/install/moveit_core/share/moveit_core/cmake/ConfigExtras.cmake
[90.367s] -- Installing: /home/fv/workspace/ros_ur_driver/src/install/moveit_core/share/moveit_core/cmake/ament_cmake_export_targets-extras.cmake
[90.367s] -- Installing: /home/fv/workspace/ros_ur_driver/src/install/moveit_core/share/moveit_core/cmake/ament_cmake_export_dependencies-extras.cmake
[90.367s] -- Installing: /home/fv/workspace/ros_ur_driver/src/install/moveit_core/share/moveit_core/cmake/moveit_coreConfig.cmake
[90.367s] -- Installing: /home/fv/workspace/ros_ur_driver/src/install/moveit_core/share/moveit_core/cmake/moveit_coreConfig-version.cmake
[90.367s] -- Installing: /home/fv/workspace/ros_ur_driver/src/install/moveit_core/share/moveit_core/package.xml
[90.369s] Invoked command in '/home/fv/workspace/ros_ur_driver/src/build/moveit_core' returned '0': AMENT_PREFIX_PATH=/home/fv/workspace/ros_ur_driver/src/install/srdfdom:/home/fv/workspace/ros_ur_driver/src/install/moveit_msgs:/home/fv/workspace/ros_ur_driver/src/install/moveit_common:${AMENT_PREFIX_PATH} CMAKE_PREFIX_PATH=/home/fv/workspace/ros_ur_driver/src/install/srdfdom:/home/fv/workspace/ros_ur_driver/src/install/moveit_msgs:/home/fv/workspace/ros_ur_driver/src/install/moveit_common:/opt/ros/jazzy/opt/sdformat_vendor:/opt/ros/jazzy/opt/gz_math_vendor:/opt/ros/jazzy/opt/gz_utils_vendor:/opt/ros/jazzy/opt/gz_tools_vendor:/opt/ros/jazzy/opt/gz_cmake_vendor:/opt/ros/jazzy CONDA_PROMPT_MODIFIER=(base) DEBUGINFOD_URLS=https://debuginfod.ubuntu.com LD_LIBRARY_PATH=/home/fv/workspace/ros_ur_driver/src/install/srdfdom/lib:/home/fv/workspace/ros_ur_driver/src/install/moveit_msgs/lib:${LD_LIBRARY_PATH} PS1=(venv) (base) \[\e]0;\u@\h: \w\a\]${debian_chroot:+($debian_chroot)}\[\033[01;32m\]\u@\h\[\033[00m\]:\[\033[01;34m\]\w\[\033[00m\]\$ PYTHONPATH=/home/fv/workspace/ros_ur_driver/src/install/srdfdom/lib/python3.13/site-packages:/home/fv/workspace/ros_ur_driver/src/install/moveit_msgs/lib/python3.13/site-packages:${PYTHONPATH} VIRTUAL_ENV_PROMPT=(venv) /usr/bin/cmake --install /home/fv/workspace/ros_ur_driver/src/build/moveit_core
