[0.019s] Invoking command in '/home/fv/workspace/ros_ur_driver/src/build/ur_description': CMAKE_PREFIX_PATH=${CMAKE_PREFIX_PATH}:/opt/ros/jazzy CONDA_PROMPT_MODIFIER=(base) DEBUGINFOD_URLS=https://debuginfod.ubuntu.com PS1=(venv) (base) \[\e]0;\u@\h: \w\a\]${debian_chroot:+($debian_chroot)}\[\033[01;32m\]\u@\h\[\033[00m\]:\[\033[01;34m\]\w\[\033[00m\]\$ VIRTUAL_ENV_PROMPT=(venv) /usr/bin/cmake /home/fv/workspace/ros_ur_driver/src/Universal_Robots_ROS2_Description -DCMAKE_BUILD_TYPE=Release -DCMAKE_INSTALL_PREFIX=/home/fv/workspace/ros_ur_driver/src/install/ur_description
[0.274s] -- The C compiler identification is GNU 13.3.0
[0.274s] -- The CXX compiler identification is GNU 13.3.0
[0.274s] -- Detecting C compiler ABI info
[0.274s] -- Detecting C compiler ABI info - done
[0.274s] -- Check for working C compiler: /usr/bin/cc - skipped
[0.274s] -- Detecting C compile features
[0.274s] -- Detecting C compile features - done
[0.274s] -- Detecting CXX compiler ABI info
[0.274s] -- Detecting CXX compiler ABI info - done
[0.274s] -- Check for working CXX compiler: /usr/bin/c++ - skipped
[0.274s] -- Detecting CXX compile features
[0.275s] -- Detecting CXX compile features - done
[0.275s] -- Found ament_cmake: 2.5.4 (/opt/ros/jazzy/share/ament_cmake/cmake)
[0.330s] -- Found Python3: /home/fv/venv/bin/python3 (found version "3.13.5") found components: Interpreter 
[0.420s] -- Found ament_cmake_pytest: 2.5.4 (/opt/ros/jazzy/share/ament_cmake_pytest/cmake)
[0.430s] [33mCMake Warning at /opt/ros/jazzy/share/ament_cmake_pytest/cmake/ament_add_pytest_test.cmake:82 (message):
[0.430s]   The Python module 'pytest' was not found, pytests cannot be run.  On Linux,
[0.430s]   install the 'python3-pytest' package.  On other platforms, install 'pytest'
[0.430s]   using pip.
[0.430s] Call Stack (most recent call first):
[0.430s]   CMakeLists.txt:16 (ament_add_pytest_test)
[0.430s] 
[0.430s] [0m
[0.440s] [33mCMake Warning at /opt/ros/jazzy/share/ament_cmake_pytest/cmake/ament_add_pytest_test.cmake:82 (message):
[0.440s]   The Python module 'pytest' was not found, pytests cannot be run.  On Linux,
[0.440s]   install the 'python3-pytest' package.  On other platforms, install 'pytest'
[0.440s]   using pip.
[0.440s] Call Stack (most recent call first):
[0.440s]   CMakeLists.txt:17 (ament_add_pytest_test)
[0.440s] 
[0.440s] [0m
[0.519s] -- Configuring done (0.5s)
[0.521s] -- Generating done (0.0s)
[0.522s] -- Build files have been written to: /home/fv/workspace/ros_ur_driver/src/build/ur_description
[0.526s] Invoked command in '/home/fv/workspace/ros_ur_driver/src/build/ur_description' returned '0': CMAKE_PREFIX_PATH=${CMAKE_PREFIX_PATH}:/opt/ros/jazzy CONDA_PROMPT_MODIFIER=(base) DEBUGINFOD_URLS=https://debuginfod.ubuntu.com PS1=(venv) (base) \[\e]0;\u@\h: \w\a\]${debian_chroot:+($debian_chroot)}\[\033[01;32m\]\u@\h\[\033[00m\]:\[\033[01;34m\]\w\[\033[00m\]\$ VIRTUAL_ENV_PROMPT=(venv) /usr/bin/cmake /home/fv/workspace/ros_ur_driver/src/Universal_Robots_ROS2_Description -DCMAKE_BUILD_TYPE=Release -DCMAKE_INSTALL_PREFIX=/home/fv/workspace/ros_ur_driver/src/install/ur_description
[0.527s] Invoking command in '/home/fv/workspace/ros_ur_driver/src/build/ur_description': CMAKE_PREFIX_PATH=${CMAKE_PREFIX_PATH}:/opt/ros/jazzy CONDA_PROMPT_MODIFIER=(base) DEBUGINFOD_URLS=https://debuginfod.ubuntu.com PS1=(venv) (base) \[\e]0;\u@\h: \w\a\]${debian_chroot:+($debian_chroot)}\[\033[01;32m\]\u@\h\[\033[00m\]:\[\033[01;34m\]\w\[\033[00m\]\$ VIRTUAL_ENV_PROMPT=(venv) /usr/bin/cmake --build /home/fv/workspace/ros_ur_driver/src/build/ur_description -- -j20 -l20
[0.547s] Invoked command in '/home/fv/workspace/ros_ur_driver/src/build/ur_description' returned '0': CMAKE_PREFIX_PATH=${CMAKE_PREFIX_PATH}:/opt/ros/jazzy CONDA_PROMPT_MODIFIER=(base) DEBUGINFOD_URLS=https://debuginfod.ubuntu.com PS1=(venv) (base) \[\e]0;\u@\h: \w\a\]${debian_chroot:+($debian_chroot)}\[\033[01;32m\]\u@\h\[\033[00m\]:\[\033[01;34m\]\w\[\033[00m\]\$ VIRTUAL_ENV_PROMPT=(venv) /usr/bin/cmake --build /home/fv/workspace/ros_ur_driver/src/build/ur_description -- -j20 -l20
[0.548s] Invoking command in '/home/fv/workspace/ros_ur_driver/src/build/ur_description': CMAKE_PREFIX_PATH=${CMAKE_PREFIX_PATH}:/opt/ros/jazzy CONDA_PROMPT_MODIFIER=(base) DEBUGINFOD_URLS=https://debuginfod.ubuntu.com PS1=(venv) (base) \[\e]0;\u@\h: \w\a\]${debian_chroot:+($debian_chroot)}\[\033[01;32m\]\u@\h\[\033[00m\]:\[\033[01;34m\]\w\[\033[00m\]\$ VIRTUAL_ENV_PROMPT=(venv) /usr/bin/cmake --install /home/fv/workspace/ros_ur_driver/src/build/ur_description
[0.552s] -- Install configuration: "Release"
[0.552s] -- Installing: /home/fv/workspace/ros_ur_driver/src/install/ur_description/share/ur_description/config
[0.552s] -- Installing: /home/fv/workspace/ros_ur_driver/src/install/ur_description/share/ur_description/config/ur5
[0.553s] -- Installing: /home/fv/workspace/ros_ur_driver/src/install/ur_description/share/ur_description/config/ur5/visual_parameters.yaml
[0.553s] -- Installing: /home/fv/workspace/ros_ur_driver/src/install/ur_description/share/ur_description/config/ur5/default_kinematics.yaml
[0.553s] -- Installing: /home/fv/workspace/ros_ur_driver/src/install/ur_description/share/ur_description/config/ur5/joint_limits.yaml
[0.553s] -- Installing: /home/fv/workspace/ros_ur_driver/src/install/ur_description/share/ur_description/config/ur5/physical_parameters.yaml
[0.553s] -- Installing: /home/fv/workspace/ros_ur_driver/src/install/ur_description/share/ur_description/config/ur12e
[0.553s] -- Installing: /home/fv/workspace/ros_ur_driver/src/install/ur_description/share/ur_description/config/ur12e/visual_parameters.yaml
[0.553s] -- Installing: /home/fv/workspace/ros_ur_driver/src/install/ur_description/share/ur_description/config/ur12e/default_kinematics.yaml
[0.553s] -- Installing: /home/fv/workspace/ros_ur_driver/src/install/ur_description/share/ur_description/config/ur12e/joint_limits.yaml
[0.553s] -- Installing: /home/fv/workspace/ros_ur_driver/src/install/ur_description/share/ur_description/config/ur12e/physical_parameters.yaml
[0.553s] -- Installing: /home/fv/workspace/ros_ur_driver/src/install/ur_description/share/ur_description/config/ur10
[0.553s] -- Installing: /home/fv/workspace/ros_ur_driver/src/install/ur_description/share/ur_description/config/ur10/visual_parameters.yaml
[0.553s] -- Installing: /home/fv/workspace/ros_ur_driver/src/install/ur_description/share/ur_description/config/ur10/default_kinematics.yaml
[0.554s] -- Installing: /home/fv/workspace/ros_ur_driver/src/install/ur_description/share/ur_description/config/ur10/joint_limits.yaml
[0.554s] -- Installing: /home/fv/workspace/ros_ur_driver/src/install/ur_description/share/ur_description/config/ur10/physical_parameters.yaml
[0.554s] -- Installing: /home/fv/workspace/ros_ur_driver/src/install/ur_description/share/ur_description/config/ur30
[0.554s] -- Installing: /home/fv/workspace/ros_ur_driver/src/install/ur_description/share/ur_description/config/ur30/visual_parameters.yaml
[0.554s] -- Installing: /home/fv/workspace/ros_ur_driver/src/install/ur_description/share/ur_description/config/ur30/default_kinematics.yaml
[0.554s] -- Installing: /home/fv/workspace/ros_ur_driver/src/install/ur_description/share/ur_description/config/ur30/joint_limits.yaml
[0.554s] -- Installing: /home/fv/workspace/ros_ur_driver/src/install/ur_description/share/ur_description/config/ur30/physical_parameters.yaml
[0.554s] -- Installing: /home/fv/workspace/ros_ur_driver/src/install/ur_description/share/ur_description/config/ur16e
[0.554s] -- Installing: /home/fv/workspace/ros_ur_driver/src/install/ur_description/share/ur_description/config/ur16e/visual_parameters.yaml
[0.554s] -- Installing: /home/fv/workspace/ros_ur_driver/src/install/ur_description/share/ur_description/config/ur16e/default_kinematics.yaml
[0.554s] -- Installing: /home/fv/workspace/ros_ur_driver/src/install/ur_description/share/ur_description/config/ur16e/joint_limits.yaml
[0.554s] -- Installing: /home/fv/workspace/ros_ur_driver/src/install/ur_description/share/ur_description/config/ur16e/physical_parameters.yaml
[0.555s] -- Installing: /home/fv/workspace/ros_ur_driver/src/install/ur_description/share/ur_description/config/ur3
[0.555s] -- Installing: /home/fv/workspace/ros_ur_driver/src/install/ur_description/share/ur_description/config/ur3/visual_parameters.yaml
[0.555s] -- Installing: /home/fv/workspace/ros_ur_driver/src/install/ur_description/share/ur_description/config/ur3/default_kinematics.yaml
[0.555s] -- Installing: /home/fv/workspace/ros_ur_driver/src/install/ur_description/share/ur_description/config/ur3/joint_limits.yaml
[0.555s] -- Installing: /home/fv/workspace/ros_ur_driver/src/install/ur_description/share/ur_description/config/ur3/physical_parameters.yaml
[0.555s] -- Installing: /home/fv/workspace/ros_ur_driver/src/install/ur_description/share/ur_description/config/ur20
[0.555s] -- Installing: /home/fv/workspace/ros_ur_driver/src/install/ur_description/share/ur_description/config/ur20/visual_parameters.yaml
[0.555s] -- Installing: /home/fv/workspace/ros_ur_driver/src/install/ur_description/share/ur_description/config/ur20/default_kinematics.yaml
[0.555s] -- Installing: /home/fv/workspace/ros_ur_driver/src/install/ur_description/share/ur_description/config/ur20/joint_limits.yaml
[0.555s] -- Installing: /home/fv/workspace/ros_ur_driver/src/install/ur_description/share/ur_description/config/ur20/physical_parameters.yaml
[0.555s] -- Installing: /home/fv/workspace/ros_ur_driver/src/install/ur_description/share/ur_description/config/ur3e
[0.555s] -- Installing: /home/fv/workspace/ros_ur_driver/src/install/ur_description/share/ur_description/config/ur3e/visual_parameters.yaml
[0.555s] -- Installing: /home/fv/workspace/ros_ur_driver/src/install/ur_description/share/ur_description/config/ur3e/default_kinematics.yaml
[0.556s] -- Installing: /home/fv/workspace/ros_ur_driver/src/install/ur_description/share/ur_description/config/ur3e/joint_limits.yaml
[0.556s] -- Installing: /home/fv/workspace/ros_ur_driver/src/install/ur_description/share/ur_description/config/ur3e/physical_parameters.yaml
[0.556s] -- Installing: /home/fv/workspace/ros_ur_driver/src/install/ur_description/share/ur_description/config/ur8long
[0.556s] -- Installing: /home/fv/workspace/ros_ur_driver/src/install/ur_description/share/ur_description/config/ur8long/visual_parameters.yaml
[0.556s] -- Installing: /home/fv/workspace/ros_ur_driver/src/install/ur_description/share/ur_description/config/ur8long/default_kinematics.yaml
[0.556s] -- Installing: /home/fv/workspace/ros_ur_driver/src/install/ur_description/share/ur_description/config/ur8long/joint_limits.yaml
[0.556s] -- Installing: /home/fv/workspace/ros_ur_driver/src/install/ur_description/share/ur_description/config/ur8long/physical_parameters.yaml
[0.556s] -- Installing: /home/fv/workspace/ros_ur_driver/src/install/ur_description/share/ur_description/config/ur15
[0.556s] -- Installing: /home/fv/workspace/ros_ur_driver/src/install/ur_description/share/ur_description/config/ur15/visual_parameters.yaml
[0.556s] -- Installing: /home/fv/workspace/ros_ur_driver/src/install/ur_description/share/ur_description/config/ur15/default_kinematics.yaml
[0.557s] -- Installing: /home/fv/workspace/ros_ur_driver/src/install/ur_description/share/ur_description/config/ur15/joint_limits.yaml
[0.557s] -- Installing: /home/fv/workspace/ros_ur_driver/src/install/ur_description/share/ur_description/config/ur15/physical_parameters.yaml
[0.557s] -- Installing: /home/fv/workspace/ros_ur_driver/src/install/ur_description/share/ur_description/config/ur10e
[0.557s] -- Installing: /home/fv/workspace/ros_ur_driver/src/install/ur_description/share/ur_description/config/ur10e/visual_parameters.yaml
[0.557s] -- Installing: /home/fv/workspace/ros_ur_driver/src/install/ur_description/share/ur_description/config/ur10e/default_kinematics.yaml
[0.557s] -- Installing: /home/fv/workspace/ros_ur_driver/src/install/ur_description/share/ur_description/config/ur10e/joint_limits.yaml
[0.557s] -- Installing: /home/fv/workspace/ros_ur_driver/src/install/ur_description/share/ur_description/config/ur10e/physical_parameters.yaml
[0.557s] -- Installing: /home/fv/workspace/ros_ur_driver/src/install/ur_description/share/ur_description/config/ur7e
[0.557s] -- Installing: /home/fv/workspace/ros_ur_driver/src/install/ur_description/share/ur_description/config/ur7e/visual_parameters.yaml
[0.557s] -- Installing: /home/fv/workspace/ros_ur_driver/src/install/ur_description/share/ur_description/config/ur7e/default_kinematics.yaml
[0.557s] -- Installing: /home/fv/workspace/ros_ur_driver/src/install/ur_description/share/ur_description/config/ur7e/joint_limits.yaml
[0.557s] -- Installing: /home/fv/workspace/ros_ur_driver/src/install/ur_description/share/ur_description/config/ur7e/physical_parameters.yaml
[0.558s] -- Installing: /home/fv/workspace/ros_ur_driver/src/install/ur_description/share/ur_description/config/initial_positions.yaml
[0.558s] -- Installing: /home/fv/workspace/ros_ur_driver/src/install/ur_description/share/ur_description/config/ur5e
[0.558s] -- Installing: /home/fv/workspace/ros_ur_driver/src/install/ur_description/share/ur_description/config/ur5e/visual_parameters.yaml
[0.558s] -- Installing: /home/fv/workspace/ros_ur_driver/src/install/ur_description/share/ur_description/config/ur5e/default_kinematics.yaml
[0.558s] -- Installing: /home/fv/workspace/ros_ur_driver/src/install/ur_description/share/ur_description/config/ur5e/joint_limits.yaml
[0.558s] -- Installing: /home/fv/workspace/ros_ur_driver/src/install/ur_description/share/ur_description/config/ur5e/physical_parameters.yaml
[0.558s] -- Installing: /home/fv/workspace/ros_ur_driver/src/install/ur_description/share/ur_description/launch
[0.558s] -- Installing: /home/fv/workspace/ros_ur_driver/src/install/ur_description/share/ur_description/launch/view_ur.launch.py
[0.558s] -- Installing: /home/fv/workspace/ros_ur_driver/src/install/ur_description/share/ur_description/meshes
[0.558s] -- Installing: /home/fv/workspace/ros_ur_driver/src/install/ur_description/share/ur_description/meshes/ur5
[0.558s] -- Installing: /home/fv/workspace/ros_ur_driver/src/install/ur_description/share/ur_description/meshes/ur5/visual
[0.558s] -- Installing: /home/fv/workspace/ros_ur_driver/src/install/ur_description/share/ur_description/meshes/ur5/visual/shoulder.dae
[0.558s] -- Installing: /home/fv/workspace/ros_ur_driver/src/install/ur_description/share/ur_description/meshes/ur5/visual/base.dae
[0.559s] -- Installing: /home/fv/workspace/ros_ur_driver/src/install/ur_description/share/ur_description/meshes/ur5/visual/wrist1.dae
[0.559s] -- Installing: /home/fv/workspace/ros_ur_driver/src/install/ur_description/share/ur_description/meshes/ur5/visual/forearm.dae
[0.559s] -- Installing: /home/fv/workspace/ros_ur_driver/src/install/ur_description/share/ur_description/meshes/ur5/visual/wrist2.dae
[0.560s] -- Installing: /home/fv/workspace/ros_ur_driver/src/install/ur_description/share/ur_description/meshes/ur5/visual/wrist3.dae
[0.560s] -- Installing: /home/fv/workspace/ros_ur_driver/src/install/ur_description/share/ur_description/meshes/ur5/visual/upperarm.dae
[0.562s] -- Installing: /home/fv/workspace/ros_ur_driver/src/install/ur_description/share/ur_description/meshes/ur5/collision
[0.562s] -- Installing: /home/fv/workspace/ros_ur_driver/src/install/ur_description/share/ur_description/meshes/ur5/collision/wrist3.stl
[0.562s] -- Installing: /home/fv/workspace/ros_ur_driver/src/install/ur_description/share/ur_description/meshes/ur5/collision/base.stl
[0.562s] -- Installing: /home/fv/workspace/ros_ur_driver/src/install/ur_description/share/ur_description/meshes/ur5/collision/forearm.stl
[0.562s] -- Installing: /home/fv/workspace/ros_ur_driver/src/install/ur_description/share/ur_description/meshes/ur5/collision/shoulder.stl
[0.562s] -- Installing: /home/fv/workspace/ros_ur_driver/src/install/ur_description/share/ur_description/meshes/ur5/collision/wrist2.stl
[0.563s] -- Installing: /home/fv/workspace/ros_ur_driver/src/install/ur_description/share/ur_description/meshes/ur5/collision/upperarm.stl
[0.563s] -- Installing: /home/fv/workspace/ros_ur_driver/src/install/ur_description/share/ur_description/meshes/ur5/collision/wrist1.stl
[0.563s] -- Installing: /home/fv/workspace/ros_ur_driver/src/install/ur_description/share/ur_description/meshes/ur10
[0.563s] -- Installing: /home/fv/workspace/ros_ur_driver/src/install/ur_description/share/ur_description/meshes/ur10/visual
[0.563s] -- Installing: /home/fv/workspace/ros_ur_driver/src/install/ur_description/share/ur_description/meshes/ur10/visual/shoulder.dae
[0.564s] -- Installing: /home/fv/workspace/ros_ur_driver/src/install/ur_description/share/ur_description/meshes/ur10/visual/base.dae
[0.564s] -- Installing: /home/fv/workspace/ros_ur_driver/src/install/ur_description/share/ur_description/meshes/ur10/visual/wrist1.dae
[0.565s] -- Installing: /home/fv/workspace/ros_ur_driver/src/install/ur_description/share/ur_description/meshes/ur10/visual/forearm.dae
[0.567s] -- Installing: /home/fv/workspace/ros_ur_driver/src/install/ur_description/share/ur_description/meshes/ur10/visual/wrist2.dae
[0.569s] -- Installing: /home/fv/workspace/ros_ur_driver/src/install/ur_description/share/ur_description/meshes/ur10/visual/wrist3.dae
[0.569s] -- Installing: /home/fv/workspace/ros_ur_driver/src/install/ur_description/share/ur_description/meshes/ur10/visual/upperarm.dae
[0.570s] -- Installing: /home/fv/workspace/ros_ur_driver/src/install/ur_description/share/ur_description/meshes/ur10/collision
[0.571s] -- Installing: /home/fv/workspace/ros_ur_driver/src/install/ur_description/share/ur_description/meshes/ur10/collision/wrist3.stl
[0.571s] -- Installing: /home/fv/workspace/ros_ur_driver/src/install/ur_description/share/ur_description/meshes/ur10/collision/base.stl
[0.571s] -- Installing: /home/fv/workspace/ros_ur_driver/src/install/ur_description/share/ur_description/meshes/ur10/collision/forearm.stl
[0.571s] -- Installing: /home/fv/workspace/ros_ur_driver/src/install/ur_description/share/ur_description/meshes/ur10/collision/shoulder.stl
[0.571s] -- Installing: /home/fv/workspace/ros_ur_driver/src/install/ur_description/share/ur_description/meshes/ur10/collision/wrist2.stl
[0.571s] -- Installing: /home/fv/workspace/ros_ur_driver/src/install/ur_description/share/ur_description/meshes/ur10/collision/upperarm.stl
[0.571s] -- Installing: /home/fv/workspace/ros_ur_driver/src/install/ur_description/share/ur_description/meshes/ur10/collision/wrist1.stl
[0.571s] -- Installing: /home/fv/workspace/ros_ur_driver/src/install/ur_description/share/ur_description/meshes/ur30
[0.571s] -- Installing: /home/fv/workspace/ros_ur_driver/src/install/ur_description/share/ur_description/meshes/ur30/LICENSE.txt
[0.571s] -- Installing: /home/fv/workspace/ros_ur_driver/src/install/ur_description/share/ur_description/meshes/ur30/visual
[0.571s] -- Installing: /home/fv/workspace/ros_ur_driver/src/install/ur_description/share/ur_description/meshes/ur30/visual/UR30_DIFF_8bit_2K.png
[0.573s] -- Installing: /home/fv/workspace/ros_ur_driver/src/install/ur_description/share/ur_description/meshes/ur30/visual/forearm.dae
[0.573s] -- Installing: /home/fv/workspace/ros_ur_driver/src/install/ur_description/share/ur_description/meshes/ur30/visual/upperarm.dae
[0.574s] -- Installing: /home/fv/workspace/ros_ur_driver/src/install/ur_description/share/ur_description/meshes/ur30/collision
[0.574s] -- Installing: /home/fv/workspace/ros_ur_driver/src/install/ur_description/share/ur_description/meshes/ur30/collision/forearm.stl
[0.574s] -- Installing: /home/fv/workspace/ros_ur_driver/src/install/ur_description/share/ur_description/meshes/ur30/collision/upperarm.stl
[0.575s] -- Installing: /home/fv/workspace/ros_ur_driver/src/install/ur_description/share/ur_description/meshes/ur16e
[0.575s] -- Installing: /home/fv/workspace/ros_ur_driver/src/install/ur_description/share/ur_description/meshes/ur16e/visual
[0.575s] -- Installing: /home/fv/workspace/ros_ur_driver/src/install/ur_description/share/ur_description/meshes/ur16e/visual/forearm.dae
[0.576s] -- Installing: /home/fv/workspace/ros_ur_driver/src/install/ur_description/share/ur_description/meshes/ur16e/visual/upperarm.dae
[0.578s] -- Installing: /home/fv/workspace/ros_ur_driver/src/install/ur_description/share/ur_description/meshes/ur16e/collision
[0.579s] -- Installing: /home/fv/workspace/ros_ur_driver/src/install/ur_description/share/ur_description/meshes/ur16e/collision/forearm.stl
[0.579s] -- Installing: /home/fv/workspace/ros_ur_driver/src/install/ur_description/share/ur_description/meshes/ur16e/collision/upperarm.stl
[0.579s] -- Installing: /home/fv/workspace/ros_ur_driver/src/install/ur_description/share/ur_description/meshes/ur3
[0.579s] -- Installing: /home/fv/workspace/ros_ur_driver/src/install/ur_description/share/ur_description/meshes/ur3/visual
[0.579s] -- Installing: /home/fv/workspace/ros_ur_driver/src/install/ur_description/share/ur_description/meshes/ur3/visual/shoulder.dae
[0.580s] -- Installing: /home/fv/workspace/ros_ur_driver/src/install/ur_description/share/ur_description/meshes/ur3/visual/base.dae
[0.581s] -- Installing: /home/fv/workspace/ros_ur_driver/src/install/ur_description/share/ur_description/meshes/ur3/visual/wrist1.dae
[0.581s] -- Installing: /home/fv/workspace/ros_ur_driver/src/install/ur_description/share/ur_description/meshes/ur3/visual/forearm.dae
[0.582s] -- Installing: /home/fv/workspace/ros_ur_driver/src/install/ur_description/share/ur_description/meshes/ur3/visual/wrist2.dae
[0.583s] -- Installing: /home/fv/workspace/ros_ur_driver/src/install/ur_description/share/ur_description/meshes/ur3/visual/wrist3.dae
[0.583s] -- Installing: /home/fv/workspace/ros_ur_driver/src/install/ur_description/share/ur_description/meshes/ur3/visual/upperarm.dae
[0.585s] -- Installing: /home/fv/workspace/ros_ur_driver/src/install/ur_description/share/ur_description/meshes/ur3/collision
[0.585s] -- Installing: /home/fv/workspace/ros_ur_driver/src/install/ur_description/share/ur_description/meshes/ur3/collision/wrist3.stl
[0.585s] -- Installing: /home/fv/workspace/ros_ur_driver/src/install/ur_description/share/ur_description/meshes/ur3/collision/base.stl
[0.586s] -- Installing: /home/fv/workspace/ros_ur_driver/src/install/ur_description/share/ur_description/meshes/ur3/collision/forearm.stl
[0.586s] -- Installing: /home/fv/workspace/ros_ur_driver/src/install/ur_description/share/ur_description/meshes/ur3/collision/shoulder.stl
[0.586s] -- Installing: /home/fv/workspace/ros_ur_driver/src/install/ur_description/share/ur_description/meshes/ur3/collision/wrist2.stl
[0.586s] -- Installing: /home/fv/workspace/ros_ur_driver/src/install/ur_description/share/ur_description/meshes/ur3/collision/upperarm.stl
[0.587s] -- Installing: /home/fv/workspace/ros_ur_driver/src/install/ur_description/share/ur_description/meshes/ur3/collision/wrist1.stl
[0.587s] -- Installing: /home/fv/workspace/ros_ur_driver/src/install/ur_description/share/ur_description/meshes/ur20
[0.587s] -- Installing: /home/fv/workspace/ros_ur_driver/src/install/ur_description/share/ur_description/meshes/ur20/LICENSE.txt
[0.587s] -- Installing: /home/fv/workspace/ros_ur_driver/src/install/ur_description/share/ur_description/meshes/ur20/visual
[0.588s] -- Installing: /home/fv/workspace/ros_ur_driver/src/install/ur_description/share/ur_description/meshes/ur20/visual/shoulder.dae
[0.588s] -- Installing: /home/fv/workspace/ros_ur_driver/src/install/ur_description/share/ur_description/meshes/ur20/visual/base.dae
[0.588s] -- Installing: /home/fv/workspace/ros_ur_driver/src/install/ur_description/share/ur_description/meshes/ur20/visual/wrist1.dae
[0.589s] -- Installing: /home/fv/workspace/ros_ur_driver/src/install/ur_description/share/ur_description/meshes/ur20/visual/forearm.dae
[0.589s] -- Installing: /home/fv/workspace/ros_ur_driver/src/install/ur_description/share/ur_description/meshes/ur20/visual/wrist2.dae
[0.590s] -- Installing: /home/fv/workspace/ros_ur_driver/src/install/ur_description/share/ur_description/meshes/ur20/visual/wrist3.dae
[0.590s] -- Installing: /home/fv/workspace/ros_ur_driver/src/install/ur_description/share/ur_description/meshes/ur20/visual/upperarm.dae
[0.591s] -- Installing: /home/fv/workspace/ros_ur_driver/src/install/ur_description/share/ur_description/meshes/ur20/visual/UR20_DIFF_8bit_2K.png
[0.593s] -- Installing: /home/fv/workspace/ros_ur_driver/src/install/ur_description/share/ur_description/meshes/ur20/collision
[0.593s] -- Installing: /home/fv/workspace/ros_ur_driver/src/install/ur_description/share/ur_description/meshes/ur20/collision/wrist3.stl
[0.593s] -- Installing: /home/fv/workspace/ros_ur_driver/src/install/ur_description/share/ur_description/meshes/ur20/collision/base.stl
[0.593s] -- Installing: /home/fv/workspace/ros_ur_driver/src/install/ur_description/share/ur_description/meshes/ur20/collision/forearm.stl
[0.593s] -- Installing: /home/fv/workspace/ros_ur_driver/src/install/ur_description/share/ur_description/meshes/ur20/collision/shoulder.stl
[0.593s] -- Installing: /home/fv/workspace/ros_ur_driver/src/install/ur_description/share/ur_description/meshes/ur20/collision/wrist2.stl
[0.593s] -- Installing: /home/fv/workspace/ros_ur_driver/src/install/ur_description/share/ur_description/meshes/ur20/collision/upperarm.stl
[0.593s] -- Installing: /home/fv/workspace/ros_ur_driver/src/install/ur_description/share/ur_description/meshes/ur20/collision/wrist1.stl
[0.593s] -- Installing: /home/fv/workspace/ros_ur_driver/src/install/ur_description/share/ur_description/meshes/ur3e
[0.593s] -- Installing: /home/fv/workspace/ros_ur_driver/src/install/ur_description/share/ur_description/meshes/ur3e/visual
[0.593s] -- Installing: /home/fv/workspace/ros_ur_driver/src/install/ur_description/share/ur_description/meshes/ur3e/visual/shoulder.dae
[0.595s] -- Installing: /home/fv/workspace/ros_ur_driver/src/install/ur_description/share/ur_description/meshes/ur3e/visual/base.dae
[0.595s] -- Installing: /home/fv/workspace/ros_ur_driver/src/install/ur_description/share/ur_description/meshes/ur3e/visual/wrist1.dae
[0.596s] -- Installing: /home/fv/workspace/ros_ur_driver/src/install/ur_description/share/ur_description/meshes/ur3e/visual/forearm.dae
[0.597s] -- Installing: /home/fv/workspace/ros_ur_driver/src/install/ur_description/share/ur_description/meshes/ur3e/visual/wrist2.dae
[0.599s] -- Installing: /home/fv/workspace/ros_ur_driver/src/install/ur_description/share/ur_description/meshes/ur3e/visual/wrist3.dae
[0.599s] -- Installing: /home/fv/workspace/ros_ur_driver/src/install/ur_description/share/ur_description/meshes/ur3e/visual/upperarm.dae
[0.601s] -- Installing: /home/fv/workspace/ros_ur_driver/src/install/ur_description/share/ur_description/meshes/ur3e/collision
[0.602s] -- Installing: /home/fv/workspace/ros_ur_driver/src/install/ur_description/share/ur_description/meshes/ur3e/collision/wrist3.stl
[0.602s] -- Installing: /home/fv/workspace/ros_ur_driver/src/install/ur_description/share/ur_description/meshes/ur3e/collision/base.stl
[0.602s] -- Installing: /home/fv/workspace/ros_ur_driver/src/install/ur_description/share/ur_description/meshes/ur3e/collision/forearm.stl
[0.602s] -- Installing: /home/fv/workspace/ros_ur_driver/src/install/ur_description/share/ur_description/meshes/ur3e/collision/shoulder.stl
[0.602s] -- Installing: /home/fv/workspace/ros_ur_driver/src/install/ur_description/share/ur_description/meshes/ur3e/collision/wrist2.stl
[0.602s] -- Installing: /home/fv/workspace/ros_ur_driver/src/install/ur_description/share/ur_description/meshes/ur3e/collision/upperarm.stl
[0.602s] -- Installing: /home/fv/workspace/ros_ur_driver/src/install/ur_description/share/ur_description/meshes/ur3e/collision/wrist1.stl
[0.602s] -- Installing: /home/fv/workspace/ros_ur_driver/src/install/ur_description/share/ur_description/meshes/ur8long
[0.603s] -- Installing: /home/fv/workspace/ros_ur_driver/src/install/ur_description/share/ur_description/meshes/ur8long/LICENSE.txt
[0.603s] -- Installing: /home/fv/workspace/ros_ur_driver/src/install/ur_description/share/ur_description/meshes/ur8long/visual
[0.603s] -- Installing: /home/fv/workspace/ros_ur_driver/src/install/ur_description/share/ur_description/meshes/ur8long/visual/forearm.dae
[0.603s] -- Installing: /home/fv/workspace/ros_ur_driver/src/install/ur_description/share/ur_description/meshes/ur8long/visual/UR8Long_DIFF_8bit_2K.jpg
[0.603s] -- Installing: /home/fv/workspace/ros_ur_driver/src/install/ur_description/share/ur_description/meshes/ur8long/visual/upperarm.dae
[0.604s] -- Installing: /home/fv/workspace/ros_ur_driver/src/install/ur_description/share/ur_description/meshes/ur8long/collision
[0.604s] -- Installing: /home/fv/workspace/ros_ur_driver/src/install/ur_description/share/ur_description/meshes/ur8long/collision/forearm.stl
[0.604s] -- Installing: /home/fv/workspace/ros_ur_driver/src/install/ur_description/share/ur_description/meshes/ur8long/collision/upperarm.stl
[0.604s] -- Installing: /home/fv/workspace/ros_ur_driver/src/install/ur_description/share/ur_description/meshes/ur15
[0.604s] -- Installing: /home/fv/workspace/ros_ur_driver/src/install/ur_description/share/ur_description/meshes/ur15/LICENSE.txt
[0.604s] -- Installing: /home/fv/workspace/ros_ur_driver/src/install/ur_description/share/ur_description/meshes/ur15/visual
[0.604s] -- Installing: /home/fv/workspace/ros_ur_driver/src/install/ur_description/share/ur_description/meshes/ur15/visual/shoulder.dae
[0.605s] -- Installing: /home/fv/workspace/ros_ur_driver/src/install/ur_description/share/ur_description/meshes/ur15/visual/base.dae
[0.605s] -- Installing: /home/fv/workspace/ros_ur_driver/src/install/ur_description/share/ur_description/meshes/ur15/visual/wrist1.dae
[0.605s] -- Installing: /home/fv/workspace/ros_ur_driver/src/install/ur_description/share/ur_description/meshes/ur15/visual/UR15_DIFF_8bit_2K.jpg
[0.606s] -- Installing: /home/fv/workspace/ros_ur_driver/src/install/ur_description/share/ur_description/meshes/ur15/visual/forearm.dae
[0.606s] -- Installing: /home/fv/workspace/ros_ur_driver/src/install/ur_description/share/ur_description/meshes/ur15/visual/wrist2.dae
[0.606s] -- Installing: /home/fv/workspace/ros_ur_driver/src/install/ur_description/share/ur_description/meshes/ur15/visual/wrist3.dae
[0.607s] -- Installing: /home/fv/workspace/ros_ur_driver/src/install/ur_description/share/ur_description/meshes/ur15/visual/upperarm.dae
[0.607s] -- Installing: /home/fv/workspace/ros_ur_driver/src/install/ur_description/share/ur_description/meshes/ur15/collision
[0.607s] -- Installing: /home/fv/workspace/ros_ur_driver/src/install/ur_description/share/ur_description/meshes/ur15/collision/wrist3.stl
[0.607s] -- Installing: /home/fv/workspace/ros_ur_driver/src/install/ur_description/share/ur_description/meshes/ur15/collision/base.stl
[0.607s] -- Installing: /home/fv/workspace/ros_ur_driver/src/install/ur_description/share/ur_description/meshes/ur15/collision/forearm.stl
[0.607s] -- Installing: /home/fv/workspace/ros_ur_driver/src/install/ur_description/share/ur_description/meshes/ur15/collision/shoulder.stl
[0.608s] -- Installing: /home/fv/workspace/ros_ur_driver/src/install/ur_description/share/ur_description/meshes/ur15/collision/wrist2.stl
[0.608s] -- Installing: /home/fv/workspace/ros_ur_driver/src/install/ur_description/share/ur_description/meshes/ur15/collision/upperarm.stl
[0.608s] -- Installing: /home/fv/workspace/ros_ur_driver/src/install/ur_description/share/ur_description/meshes/ur15/collision/wrist1.stl
[0.608s] -- Installing: /home/fv/workspace/ros_ur_driver/src/install/ur_description/share/ur_description/meshes/ur10e
[0.608s] -- Installing: /home/fv/workspace/ros_ur_driver/src/install/ur_description/share/ur_description/meshes/ur10e/visual
[0.608s] -- Installing: /home/fv/workspace/ros_ur_driver/src/install/ur_description/share/ur_description/meshes/ur10e/visual/shoulder.dae
[0.610s] -- Installing: /home/fv/workspace/ros_ur_driver/src/install/ur_description/share/ur_description/meshes/ur10e/visual/base.dae
[0.610s] -- Installing: /home/fv/workspace/ros_ur_driver/src/install/ur_description/share/ur_description/meshes/ur10e/visual/wrist1.dae
[0.611s] -- Installing: /home/fv/workspace/ros_ur_driver/src/install/ur_description/share/ur_description/meshes/ur10e/visual/forearm.dae
[0.612s] -- Installing: /home/fv/workspace/ros_ur_driver/src/install/ur_description/share/ur_description/meshes/ur10e/visual/wrist2.dae
[0.614s] -- Installing: /home/fv/workspace/ros_ur_driver/src/install/ur_description/share/ur_description/meshes/ur10e/visual/wrist3.dae
[0.614s] -- Installing: /home/fv/workspace/ros_ur_driver/src/install/ur_description/share/ur_description/meshes/ur10e/visual/upperarm.dae
[0.616s] -- Installing: /home/fv/workspace/ros_ur_driver/src/install/ur_description/share/ur_description/meshes/ur10e/collision
[0.616s] -- Installing: /home/fv/workspace/ros_ur_driver/src/install/ur_description/share/ur_description/meshes/ur10e/collision/wrist3.stl
[0.617s] -- Installing: /home/fv/workspace/ros_ur_driver/src/install/ur_description/share/ur_description/meshes/ur10e/collision/base.stl
[0.617s] -- Installing: /home/fv/workspace/ros_ur_driver/src/install/ur_description/share/ur_description/meshes/ur10e/collision/forearm.stl
[0.617s] -- Installing: /home/fv/workspace/ros_ur_driver/src/install/ur_description/share/ur_description/meshes/ur10e/collision/shoulder.stl
[0.617s] -- Installing: /home/fv/workspace/ros_ur_driver/src/install/ur_description/share/ur_description/meshes/ur10e/collision/wrist2.stl
[0.617s] -- Installing: /home/fv/workspace/ros_ur_driver/src/install/ur_description/share/ur_description/meshes/ur10e/collision/upperarm.stl
[0.617s] -- Installing: /home/fv/workspace/ros_ur_driver/src/install/ur_description/share/ur_description/meshes/ur10e/collision/wrist1.stl
[0.617s] -- Installing: /home/fv/workspace/ros_ur_driver/src/install/ur_description/share/ur_description/meshes/ur5e
[0.617s] -- Installing: /home/fv/workspace/ros_ur_driver/src/install/ur_description/share/ur_description/meshes/ur5e/visual
[0.617s] -- Installing: /home/fv/workspace/ros_ur_driver/src/install/ur_description/share/ur_description/meshes/ur5e/visual/shoulder.dae
[0.619s] -- Installing: /home/fv/workspace/ros_ur_driver/src/install/ur_description/share/ur_description/meshes/ur5e/visual/base.dae
[0.619s] -- Installing: /home/fv/workspace/ros_ur_driver/src/install/ur_description/share/ur_description/meshes/ur5e/visual/wrist1.dae
[0.620s] -- Installing: /home/fv/workspace/ros_ur_driver/src/install/ur_description/share/ur_description/meshes/ur5e/visual/forearm.dae
[0.621s] -- Installing: /home/fv/workspace/ros_ur_driver/src/install/ur_description/share/ur_description/meshes/ur5e/visual/wrist2.dae
[0.623s] -- Installing: /home/fv/workspace/ros_ur_driver/src/install/ur_description/share/ur_description/meshes/ur5e/visual/wrist3.dae
[0.623s] -- Installing: /home/fv/workspace/ros_ur_driver/src/install/ur_description/share/ur_description/meshes/ur5e/visual/upperarm.dae
[0.625s] -- Installing: /home/fv/workspace/ros_ur_driver/src/install/ur_description/share/ur_description/meshes/ur5e/collision
[0.625s] -- Installing: /home/fv/workspace/ros_ur_driver/src/install/ur_description/share/ur_description/meshes/ur5e/collision/wrist3.stl
[0.625s] -- Installing: /home/fv/workspace/ros_ur_driver/src/install/ur_description/share/ur_description/meshes/ur5e/collision/base.stl
[0.626s] -- Installing: /home/fv/workspace/ros_ur_driver/src/install/ur_description/share/ur_description/meshes/ur5e/collision/forearm.stl
[0.626s] -- Installing: /home/fv/workspace/ros_ur_driver/src/install/ur_description/share/ur_description/meshes/ur5e/collision/shoulder.stl
[0.626s] -- Installing: /home/fv/workspace/ros_ur_driver/src/install/ur_description/share/ur_description/meshes/ur5e/collision/wrist2.stl
[0.626s] -- Installing: /home/fv/workspace/ros_ur_driver/src/install/ur_description/share/ur_description/meshes/ur5e/collision/upperarm.stl
[0.626s] -- Installing: /home/fv/workspace/ros_ur_driver/src/install/ur_description/share/ur_description/meshes/ur5e/collision/wrist1.stl
[0.626s] -- Installing: /home/fv/workspace/ros_ur_driver/src/install/ur_description/share/ur_description/rviz
[0.626s] -- Installing: /home/fv/workspace/ros_ur_driver/src/install/ur_description/share/ur_description/rviz/view_robot.rviz
[0.626s] -- Installing: /home/fv/workspace/ros_ur_driver/src/install/ur_description/share/ur_description/urdf
[0.626s] -- Installing: /home/fv/workspace/ros_ur_driver/src/install/ur_description/share/ur_description/urdf/ur.urdf.xacro
[0.626s] -- Installing: /home/fv/workspace/ros_ur_driver/src/install/ur_description/share/ur_description/urdf/ur_mocked.urdf.xacro
[0.627s] -- Installing: /home/fv/workspace/ros_ur_driver/src/install/ur_description/share/ur_description/urdf/inc
[0.627s] -- Installing: /home/fv/workspace/ros_ur_driver/src/install/ur_description/share/ur_description/urdf/inc/ur_transmissions.xacro
[0.627s] -- Installing: /home/fv/workspace/ros_ur_driver/src/install/ur_description/share/ur_description/urdf/inc/ur_joint_control.xacro
[0.627s] -- Installing: /home/fv/workspace/ros_ur_driver/src/install/ur_description/share/ur_description/urdf/inc/ur_common.xacro
[0.627s] -- Installing: /home/fv/workspace/ros_ur_driver/src/install/ur_description/share/ur_description/urdf/inc/ur_sensors.xacro
[0.627s] -- Installing: /home/fv/workspace/ros_ur_driver/src/install/ur_description/share/ur_description/urdf/ur_macro.xacro
[0.627s] -- Installing: /home/fv/workspace/ros_ur_driver/src/install/ur_description/share/ur_description/urdf/ros2_control_mock_hardware.xacro
[0.627s] -- Installing: /home/fv/workspace/ros_ur_driver/src/install/ur_description/share/ur_description/test
[0.627s] -- Installing: /home/fv/workspace/ros_ur_driver/src/install/ur_description/share/ur_description/test/test_view_ur_launch.py
[0.627s] -- Installing: /home/fv/workspace/ros_ur_driver/src/install/ur_description/share/ur_description/test/test_ur_urdf_xacro.py
[0.627s] -- Installing: /home/fv/workspace/ros_ur_driver/src/install/ur_description/share/ament_index/resource_index/package_run_dependencies/ur_description
[0.628s] -- Installing: /home/fv/workspace/ros_ur_driver/src/install/ur_description/share/ament_index/resource_index/parent_prefix_path/ur_description
[0.628s] -- Installing: /home/fv/workspace/ros_ur_driver/src/install/ur_description/share/ur_description/environment/ament_prefix_path.sh
[0.628s] -- Installing: /home/fv/workspace/ros_ur_driver/src/install/ur_description/share/ur_description/environment/ament_prefix_path.dsv
[0.628s] -- Installing: /home/fv/workspace/ros_ur_driver/src/install/ur_description/share/ur_description/environment/path.sh
[0.628s] -- Installing: /home/fv/workspace/ros_ur_driver/src/install/ur_description/share/ur_description/environment/path.dsv
[0.628s] -- Installing: /home/fv/workspace/ros_ur_driver/src/install/ur_description/share/ur_description/local_setup.bash
[0.628s] -- Installing: /home/fv/workspace/ros_ur_driver/src/install/ur_description/share/ur_description/local_setup.sh
[0.628s] -- Installing: /home/fv/workspace/ros_ur_driver/src/install/ur_description/share/ur_description/local_setup.zsh
[0.628s] -- Installing: /home/fv/workspace/ros_ur_driver/src/install/ur_description/share/ur_description/local_setup.dsv
[0.628s] -- Installing: /home/fv/workspace/ros_ur_driver/src/install/ur_description/share/ur_description/package.dsv
[0.628s] -- Installing: /home/fv/workspace/ros_ur_driver/src/install/ur_description/share/ament_index/resource_index/packages/ur_description
[0.629s] -- Installing: /home/fv/workspace/ros_ur_driver/src/install/ur_description/share/ur_description/cmake/ur_descriptionConfig.cmake
[0.629s] -- Installing: /home/fv/workspace/ros_ur_driver/src/install/ur_description/share/ur_description/cmake/ur_descriptionConfig-version.cmake
[0.629s] -- Installing: /home/fv/workspace/ros_ur_driver/src/install/ur_description/share/ur_description/package.xml
[0.631s] Invoked command in '/home/fv/workspace/ros_ur_driver/src/build/ur_description' returned '0': CMAKE_PREFIX_PATH=${CMAKE_PREFIX_PATH}:/opt/ros/jazzy CONDA_PROMPT_MODIFIER=(base) DEBUGINFOD_URLS=https://debuginfod.ubuntu.com PS1=(venv) (base) \[\e]0;\u@\h: \w\a\]${debian_chroot:+($debian_chroot)}\[\033[01;32m\]\u@\h\[\033[00m\]:\[\033[01;34m\]\w\[\033[00m\]\$ VIRTUAL_ENV_PROMPT=(venv) /usr/bin/cmake --install /home/fv/workspace/ros_ur_driver/src/build/ur_description
