[0.024s] Invoking command in '/home/fv/workspace/ros_ur_driver/src/build/realtime_tools': CMAKE_PREFIX_PATH=${CMAKE_PREFIX_PATH}:/opt/ros/jazzy CONDA_PROMPT_MODIFIER=(base) DEBUGINFOD_URLS=https://debuginfod.ubuntu.com PS1=(venv) (base) \[\e]0;\u@\h: \w\a\]${debian_chroot:+($debian_chroot)}\[\033[01;32m\]\u@\h\[\033[00m\]:\[\033[01;34m\]\w\[\033[00m\]\$ VIRTUAL_ENV_PROMPT=(venv) /usr/bin/cmake /home/fv/workspace/ros_ur_driver/src/realtime_tools/realtime_tools -DCMAKE_BUILD_TYPE=Release -DCMAKE_INSTALL_PREFIX=/home/fv/workspace/ros_ur_driver/src/install/realtime_tools
[0.278s] -- The CXX compiler identification is GNU 13.3.0
[0.278s] -- Detecting CXX compiler ABI info
[0.278s] -- Detecting CXX compiler ABI info - done
[0.278s] -- Check for working CXX compiler: /usr/bin/c++ - skipped
[0.278s] -- Detecting CXX compile features
[0.278s] -- Detecting CXX compile features - done
[0.278s] -- Found ros2_control_cmake: 0.2.1 (/opt/ros/jazzy/share/ros2_control_cmake/cmake)
[0.278s] -- Compiler warnings enabled for GNU
[0.278s] -- Detected GCC Version: 13.3.0 (Major: 13, Minor: 3)
[0.278s] -- Found ament_cmake: 2.5.4 (/opt/ros/jazzy/share/ament_cmake/cmake)
[0.279s] -- Found Python3: /home/fv/venv/bin/python3 (found version "3.13.5") found components: Interpreter 
[0.308s] -- Found rclcpp: 28.1.12 (/opt/ros/jazzy/share/rclcpp/cmake)
[0.337s] -- Found rosidl_generator_c: 4.6.6 (/opt/ros/jazzy/share/rosidl_generator_c/cmake)
[0.349s] -- Found rosidl_generator_cpp: 4.6.6 (/opt/ros/jazzy/share/rosidl_generator_cpp/cmake)
[0.359s] -- Using all available rosidl_typesupport_c: rosidl_typesupport_fastrtps_c;rosidl_typesupport_introspection_c
[0.374s] -- Using all available rosidl_typesupport_cpp: rosidl_typesupport_fastrtps_cpp;rosidl_typesupport_introspection_cpp
[0.465s] -- Found rmw_implementation_cmake: 7.3.2 (/opt/ros/jazzy/share/rmw_implementation_cmake/cmake)
[0.468s] -- Found rmw_fastrtps_cpp: 8.4.3 (/opt/ros/jazzy/share/rmw_fastrtps_cpp/cmake)
[0.533s] -- Found OpenSSL: /usr/lib/x86_64-linux-gnu/libcrypto.so (found version "3.0.13")  
[0.556s] -- Found FastRTPS: /opt/ros/jazzy/include (Required is at least version "2.13") 
[0.576s] -- Using RMW implementation 'rmw_fastrtps_cpp' as default
[0.624s] -- Found rclcpp_action: 28.1.12 (/opt/ros/jazzy/share/rclcpp_action/cmake)
[0.657s] -- Performing Test CMAKE_HAVE_LIBC_PTHREAD
[0.854s] -- Performing Test CMAKE_HAVE_LIBC_PTHREAD - Success
[0.857s] -- Found Threads: TRUE  
[0.875s] -- Found Boost: /usr/lib/x86_64-linux-gnu/cmake/Boost-1.83.0/BoostConfig.cmake (found version "1.83.0") found components: headers 
[0.877s] -- Found ament_cmake_gmock: 2.5.4 (/opt/ros/jazzy/share/ament_cmake_gmock/cmake)
[0.882s] -- Found lifecycle_msgs: 2.0.3 (/opt/ros/jazzy/share/lifecycle_msgs/cmake)
[0.925s] -- Found rclcpp_lifecycle: 28.1.12 (/opt/ros/jazzy/share/rclcpp_lifecycle/cmake)
[0.960s] -- Found test_msgs: 2.0.3 (/opt/ros/jazzy/share/test_msgs/cmake)
[1.063s] -- Found gmock sources under '/opt/ros/jazzy/src/gmock_vendor': C++ tests using 'Google Mock' will be built
[1.162s] -- The C compiler identification is GNU 13.3.0
[1.200s] -- Detecting C compiler ABI info
[1.410s] -- Detecting C compiler ABI info - done
[1.434s] -- Check for working C compiler: /usr/bin/cc - skipped
[1.434s] -- Detecting C compile features
[1.435s] -- Detecting C compile features - done
[1.446s] -- Found ament_cmake_gtest: 2.5.4 (/opt/ros/jazzy/share/ament_cmake_gtest/cmake)
[1.447s] -- Found gtest sources under '/opt/ros/jazzy/src/gtest_vendor': C++ tests using 'Google Test' will be built
[1.697s] -- Configuring done (1.7s)
[1.810s] -- Generating done (0.1s)
[1.836s] -- Build files have been written to: /home/fv/workspace/ros_ur_driver/src/build/realtime_tools
[1.866s] Invoked command in '/home/fv/workspace/ros_ur_driver/src/build/realtime_tools' returned '0': CMAKE_PREFIX_PATH=${CMAKE_PREFIX_PATH}:/opt/ros/jazzy CONDA_PROMPT_MODIFIER=(base) DEBUGINFOD_URLS=https://debuginfod.ubuntu.com PS1=(venv) (base) \[\e]0;\u@\h: \w\a\]${debian_chroot:+($debian_chroot)}\[\033[01;32m\]\u@\h\[\033[00m\]:\[\033[01;34m\]\w\[\033[00m\]\$ VIRTUAL_ENV_PROMPT=(venv) /usr/bin/cmake /home/fv/workspace/ros_ur_driver/src/realtime_tools/realtime_tools -DCMAKE_BUILD_TYPE=Release -DCMAKE_INSTALL_PREFIX=/home/fv/workspace/ros_ur_driver/src/install/realtime_tools
[1.867s] Invoking command in '/home/fv/workspace/ros_ur_driver/src/build/realtime_tools': CMAKE_PREFIX_PATH=${CMAKE_PREFIX_PATH}:/opt/ros/jazzy CONDA_PROMPT_MODIFIER=(base) DEBUGINFOD_URLS=https://debuginfod.ubuntu.com PS1=(venv) (base) \[\e]0;\u@\h: \w\a\]${debian_chroot:+($debian_chroot)}\[\033[01;32m\]\u@\h\[\033[00m\]:\[\033[01;34m\]\w\[\033[00m\]\$ VIRTUAL_ENV_PROMPT=(venv) /usr/bin/cmake --build /home/fv/workspace/ros_ur_driver/src/build/realtime_tools -- -j20 -l20
[1.965s] [  3%] [32mBuilding CXX object CMakeFiles/realtime_tools.dir/src/realtime_helpers.cpp.o[0m
[1.966s] [  7%] [32mBuilding CXX object CMakeFiles/realtime_tools.dir/src/realtime_clock.cpp.o[0m
[1.970s] [ 10%] [32mBuilding CXX object gmock/CMakeFiles/gmock_main.dir/src/gmock_main.cc.o[0m
[1.970s] [ 14%] [32mBuilding CXX object CMakeFiles/thread_priority.dir/src/realtime_helpers.cpp.o[0m
[1.981s] [ 17%] [32mBuilding CXX object gmock/CMakeFiles/gmock.dir/opt/ros/jazzy/src/gtest_vendor/src/gtest-all.cc.o[0m
[1.988s] [ 21%] [32mBuilding CXX object gmock/CMakeFiles/gmock.dir/src/gmock-all.cc.o[0m
[3.235s] [ 25%] [32m[1mLinking CXX shared library libthread_priority.so[0m
[3.384s] [ 25%] Built target thread_priority
[3.714s] [ 28%] [32m[1mLinking CXX static library libgmock_main.a[0m
[3.745s] [ 32%] [32m[1mLinking CXX shared library librealtime_tools.so[0m
[3.751s] [ 32%] Built target gmock_main
[3.860s] [ 32%] Built target realtime_tools
[13.865s] [ 35%] [32m[1mLinking CXX static library libgmock.a[0m
[14.003s] [ 35%] Built target gmock
[14.077s] [ 39%] [32mBuilding CXX object CMakeFiles/realtime_clock_tests.dir/test/realtime_clock_tests.cpp.o[0m
[14.080s] [ 42%] [32mBuilding CXX object CMakeFiles/thread_priority_tests.dir/test/thread_priority_tests.cpp.o[0m
[14.089s] [ 46%] [32mBuilding CXX object CMakeFiles/lock_free_queue_tests.dir/test/lock_free_queue_tests.cpp.o[0m
[14.089s] [ 50%] [32mBuilding CXX object CMakeFiles/realtime_server_goal_handle_tests.dir/test/realtime_server_goal_handle_tests.cpp.o[0m
[14.090s] [ 53%] [32mBuilding CXX object CMakeFiles/realtime_box_tests.dir/test/realtime_box_tests.cpp.o[0m
[14.096s] [ 57%] [32mBuilding CXX object CMakeFiles/test_async_function_handler.dir/test/test_async_function_handler.cpp.o[0m
[14.102s] [ 60%] [32mBuilding CXX object CMakeFiles/realtime_mutex_tests.dir/test/realtime_mutex_tests.cpp.o[0m
[14.108s] [ 64%] [32mBuilding CXX object CMakeFiles/realtime_publisher_tests.dir/test/realtime_publisher_tests.cpp.o[0m
[14.108s] [ 67%] [32mBuilding CXX object CMakeFiles/realtime_buffer_tests.dir/test/realtime_buffer_tests.cpp.o[0m
[17.724s] [ 71%] [32m[1mLinking CXX executable realtime_buffer_tests[0m
[17.836s] [ 75%] [32m[1mLinking CXX executable realtime_clock_tests[0m
[17.858s] [ 75%] Built target realtime_buffer_tests
[17.980s] [ 78%] [32m[1mLinking CXX executable thread_priority_tests[0m
[17.998s] [ 78%] Built target realtime_clock_tests
[18.108s] [ 78%] Built target thread_priority_tests
[19.152s] [ 82%] [32m[1mLinking CXX executable realtime_box_tests[0m
[19.302s] [ 82%] Built target realtime_box_tests
[19.421s] [ 85%] [32m[1mLinking CXX executable realtime_mutex_tests[0m
[19.759s] [ 85%] Built target realtime_mutex_tests
[24.276s] [ 89%] [32m[1mLinking CXX executable lock_free_queue_tests[0m
[24.308s] [ 92%] [32m[1mLinking CXX executable test_async_function_handler[0m
[24.472s] [ 92%] Built target lock_free_queue_tests
[24.624s] [ 92%] Built target test_async_function_handler
[24.700s] [ 96%] [32m[1mLinking CXX executable realtime_server_goal_handle_tests[0m
[24.960s] [ 96%] Built target realtime_server_goal_handle_tests
[28.451s] [100%] [32m[1mLinking CXX executable realtime_publisher_tests[0m
[28.556s] [100%] Built target realtime_publisher_tests
[28.567s] Invoked command in '/home/fv/workspace/ros_ur_driver/src/build/realtime_tools' returned '0': CMAKE_PREFIX_PATH=${CMAKE_PREFIX_PATH}:/opt/ros/jazzy CONDA_PROMPT_MODIFIER=(base) DEBUGINFOD_URLS=https://debuginfod.ubuntu.com PS1=(venv) (base) \[\e]0;\u@\h: \w\a\]${debian_chroot:+($debian_chroot)}\[\033[01;32m\]\u@\h\[\033[00m\]:\[\033[01;34m\]\w\[\033[00m\]\$ VIRTUAL_ENV_PROMPT=(venv) /usr/bin/cmake --build /home/fv/workspace/ros_ur_driver/src/build/realtime_tools -- -j20 -l20
[28.568s] Invoking command in '/home/fv/workspace/ros_ur_driver/src/build/realtime_tools': CMAKE_PREFIX_PATH=${CMAKE_PREFIX_PATH}:/opt/ros/jazzy CONDA_PROMPT_MODIFIER=(base) DEBUGINFOD_URLS=https://debuginfod.ubuntu.com PS1=(venv) (base) \[\e]0;\u@\h: \w\a\]${debian_chroot:+($debian_chroot)}\[\033[01;32m\]\u@\h\[\033[00m\]:\[\033[01;34m\]\w\[\033[00m\]\$ VIRTUAL_ENV_PROMPT=(venv) /usr/bin/cmake --install /home/fv/workspace/ros_ur_driver/src/build/realtime_tools
[28.574s] -- Install configuration: "Release"
[28.574s] -- Installing: /home/fv/workspace/ros_ur_driver/src/install/realtime_tools/include/realtime_tools
[28.574s] -- Installing: /home/fv/workspace/ros_ur_driver/src/install/realtime_tools/include/realtime_tools/realtime_tools
[28.574s] -- Installing: /home/fv/workspace/ros_ur_driver/src/install/realtime_tools/include/realtime_tools/realtime_tools/realtime_helpers.hpp
[28.574s] -- Installing: /home/fv/workspace/ros_ur_driver/src/install/realtime_tools/include/realtime_tools/realtime_tools/realtime_buffer.hpp
[28.574s] -- Installing: /home/fv/workspace/ros_ur_driver/src/install/realtime_tools/include/realtime_tools/realtime_tools/realtime_clock.h
[28.574s] -- Installing: /home/fv/workspace/ros_ur_driver/src/install/realtime_tools/include/realtime_tools/realtime_tools/realtime_thread_safe_box.hpp
[28.574s] -- Installing: /home/fv/workspace/ros_ur_driver/src/install/realtime_tools/include/realtime_tools/realtime_tools/realtime_server_goal_handle.hpp
[28.574s] -- Installing: /home/fv/workspace/ros_ur_driver/src/install/realtime_tools/include/realtime_tools/realtime_tools/realtime_box_best_effort.h
[28.574s] -- Installing: /home/fv/workspace/ros_ur_driver/src/install/realtime_tools/include/realtime_tools/realtime_tools/realtime_buffer.h
[28.574s] -- Installing: /home/fv/workspace/ros_ur_driver/src/install/realtime_tools/include/realtime_tools/realtime_tools/thread_priority.hpp
[28.574s] -- Installing: /home/fv/workspace/ros_ur_driver/src/install/realtime_tools/include/realtime_tools/realtime_tools/lock_free_queue.hpp
[28.574s] -- Installing: /home/fv/workspace/ros_ur_driver/src/install/realtime_tools/include/realtime_tools/realtime_tools/mutex.hpp
[28.574s] -- Installing: /home/fv/workspace/ros_ur_driver/src/install/realtime_tools/include/realtime_tools/realtime_tools/realtime_server_goal_handle.h
[28.574s] -- Installing: /home/fv/workspace/ros_ur_driver/src/install/realtime_tools/include/realtime_tools/realtime_tools/realtime_publisher.hpp
[28.574s] -- Installing: /home/fv/workspace/ros_ur_driver/src/install/realtime_tools/include/realtime_tools/realtime_tools/async_function_handler.hpp
[28.574s] -- Installing: /home/fv/workspace/ros_ur_driver/src/install/realtime_tools/include/realtime_tools/realtime_tools/realtime_box.h
[28.574s] -- Installing: /home/fv/workspace/ros_ur_driver/src/install/realtime_tools/include/realtime_tools/realtime_tools/realtime_publisher.h
[28.574s] -- Installing: /home/fv/workspace/ros_ur_driver/src/install/realtime_tools/include/realtime_tools/realtime_tools/realtime_clock.hpp
[28.574s] -- Installing: /home/fv/workspace/ros_ur_driver/src/install/realtime_tools/include/realtime_tools/realtime_tools/realtime_box.hpp
[28.575s] -- Installing: /home/fv/workspace/ros_ur_driver/src/install/realtime_tools/lib/librealtime_tools.so
[28.575s] -- Set non-toolchain portion of runtime path of "/home/fv/workspace/ros_ur_driver/src/install/realtime_tools/lib/librealtime_tools.so" to ""
[28.575s] -- Installing: /home/fv/workspace/ros_ur_driver/src/install/realtime_tools/lib/libthread_priority.so
[28.575s] -- Set non-toolchain portion of runtime path of "/home/fv/workspace/ros_ur_driver/src/install/realtime_tools/lib/libthread_priority.so" to ""
[28.575s] -- Installing: /home/fv/workspace/ros_ur_driver/src/install/realtime_tools/share/realtime_tools/environment/library_path.sh
[28.575s] -- Installing: /home/fv/workspace/ros_ur_driver/src/install/realtime_tools/share/realtime_tools/environment/library_path.dsv
[28.575s] -- Installing: /home/fv/workspace/ros_ur_driver/src/install/realtime_tools/share/ament_index/resource_index/package_run_dependencies/realtime_tools
[28.575s] -- Installing: /home/fv/workspace/ros_ur_driver/src/install/realtime_tools/share/ament_index/resource_index/parent_prefix_path/realtime_tools
[28.575s] -- Installing: /home/fv/workspace/ros_ur_driver/src/install/realtime_tools/share/realtime_tools/environment/ament_prefix_path.sh
[28.575s] -- Installing: /home/fv/workspace/ros_ur_driver/src/install/realtime_tools/share/realtime_tools/environment/ament_prefix_path.dsv
[28.575s] -- Installing: /home/fv/workspace/ros_ur_driver/src/install/realtime_tools/share/realtime_tools/environment/path.sh
[28.575s] -- Installing: /home/fv/workspace/ros_ur_driver/src/install/realtime_tools/share/realtime_tools/environment/path.dsv
[28.575s] -- Installing: /home/fv/workspace/ros_ur_driver/src/install/realtime_tools/share/realtime_tools/local_setup.bash
[28.575s] -- Installing: /home/fv/workspace/ros_ur_driver/src/install/realtime_tools/share/realtime_tools/local_setup.sh
[28.575s] -- Installing: /home/fv/workspace/ros_ur_driver/src/install/realtime_tools/share/realtime_tools/local_setup.zsh
[28.575s] -- Installing: /home/fv/workspace/ros_ur_driver/src/install/realtime_tools/share/realtime_tools/local_setup.dsv
[28.575s] -- Installing: /home/fv/workspace/ros_ur_driver/src/install/realtime_tools/share/realtime_tools/package.dsv
[28.575s] -- Installing: /home/fv/workspace/ros_ur_driver/src/install/realtime_tools/share/ament_index/resource_index/packages/realtime_tools
[28.575s] -- Installing: /home/fv/workspace/ros_ur_driver/src/install/realtime_tools/share/realtime_tools/cmake/export_realtime_toolsExport.cmake
[28.576s] -- Installing: /home/fv/workspace/ros_ur_driver/src/install/realtime_tools/share/realtime_tools/cmake/export_realtime_toolsExport-release.cmake
[28.576s] -- Installing: /home/fv/workspace/ros_ur_driver/src/install/realtime_tools/share/realtime_tools/cmake/ament_cmake_export_targets-extras.cmake
[28.576s] -- Installing: /home/fv/workspace/ros_ur_driver/src/install/realtime_tools/share/realtime_tools/cmake/ament_cmake_export_dependencies-extras.cmake
[28.576s] -- Installing: /home/fv/workspace/ros_ur_driver/src/install/realtime_tools/share/realtime_tools/cmake/realtime_toolsConfig.cmake
[28.576s] -- Installing: /home/fv/workspace/ros_ur_driver/src/install/realtime_tools/share/realtime_tools/cmake/realtime_toolsConfig-version.cmake
[28.576s] -- Installing: /home/fv/workspace/ros_ur_driver/src/install/realtime_tools/share/realtime_tools/package.xml
[28.577s] Invoked command in '/home/fv/workspace/ros_ur_driver/src/build/realtime_tools' returned '0': CMAKE_PREFIX_PATH=${CMAKE_PREFIX_PATH}:/opt/ros/jazzy CONDA_PROMPT_MODIFIER=(base) DEBUGINFOD_URLS=https://debuginfod.ubuntu.com PS1=(venv) (base) \[\e]0;\u@\h: \w\a\]${debian_chroot:+($debian_chroot)}\[\033[01;32m\]\u@\h\[\033[00m\]:\[\033[01;34m\]\w\[\033[00m\]\$ VIRTUAL_ENV_PROMPT=(venv) /usr/bin/cmake --install /home/fv/workspace/ros_ur_driver/src/build/realtime_tools
