[0.024s] Invoking command in '/home/fv/workspace/ros_ur_driver/src/build/srdfdom': CMAKE_PREFIX_PATH=${CMAKE_PREFIX_PATH}:/opt/ros/jazzy CONDA_PROMPT_MODIFIER=(base) DEBUGINFOD_URLS=https://debuginfod.ubuntu.com PS1=(venv) (base) \[\e]0;\u@\h: \w\a\]${debian_chroot:+($debian_chroot)}\[\033[01;32m\]\u@\h\[\033[00m\]:\[\033[01;34m\]\w\[\033[00m\]\$ VIRTUAL_ENV_PROMPT=(venv) /usr/bin/cmake --build /home/fv/workspace/ros_ur_driver/src/build/srdfdom -- -j20 -l20
[0.058s] [ 18%] Built target gtest_main
[0.060s] [ 36%] Built target gtest
[0.066s] [ 63%] Built target srdfdom
[0.066s] [ 63%] Built target ament_cmake_python_copy_srdfdom
[0.103s] [ 81%] Built target test_cpp_nl_NL.UTF-8
[0.103s] [100%] Built target test_cpp_C
[0.222s] running egg_info
[0.235s] writing srdfdom.egg-info/PKG-INFO
[0.235s] writing dependency_links to srdfdom.egg-info/dependency_links.txt
[0.235s] writing top-level names to srdfdom.egg-info/top_level.txt
[0.258s] reading manifest file 'srdfdom.egg-info/SOURCES.txt'
[0.259s] writing manifest file 'srdfdom.egg-info/SOURCES.txt'
[0.296s] [100%] Built target ament_cmake_python_build_srdfdom_egg
[0.317s] Invoked command in '/home/fv/workspace/ros_ur_driver/src/build/srdfdom' returned '0': CMAKE_PREFIX_PATH=${CMAKE_PREFIX_PATH}:/opt/ros/jazzy CONDA_PROMPT_MODIFIER=(base) DEBUGINFOD_URLS=https://debuginfod.ubuntu.com PS1=(venv) (base) \[\e]0;\u@\h: \w\a\]${debian_chroot:+($debian_chroot)}\[\033[01;32m\]\u@\h\[\033[00m\]:\[\033[01;34m\]\w\[\033[00m\]\$ VIRTUAL_ENV_PROMPT=(venv) /usr/bin/cmake --build /home/fv/workspace/ros_ur_driver/src/build/srdfdom -- -j20 -l20
[0.324s] Invoking command in '/home/fv/workspace/ros_ur_driver/src/build/srdfdom': CMAKE_PREFIX_PATH=${CMAKE_PREFIX_PATH}:/opt/ros/jazzy CONDA_PROMPT_MODIFIER=(base) DEBUGINFOD_URLS=https://debuginfod.ubuntu.com PS1=(venv) (base) \[\e]0;\u@\h: \w\a\]${debian_chroot:+($debian_chroot)}\[\033[01;32m\]\u@\h\[\033[00m\]:\[\033[01;34m\]\w\[\033[00m\]\$ VIRTUAL_ENV_PROMPT=(venv) /usr/bin/cmake --install /home/fv/workspace/ros_ur_driver/src/build/srdfdom
[0.331s] -- Install configuration: "Release"
[0.331s] -- Up-to-date: /home/fv/workspace/ros_ur_driver/src/install/srdfdom/lib/libsrdfdom.so.2.0.8
[0.331s] -- Up-to-date: /home/fv/workspace/ros_ur_driver/src/install/srdfdom/lib/libsrdfdom.so
[0.331s] -- Up-to-date: /home/fv/workspace/ros_ur_driver/src/install/srdfdom/include/srdfdom
[0.331s] -- Up-to-date: /home/fv/workspace/ros_ur_driver/src/install/srdfdom/include/srdfdom/srdfdom
[0.331s] -- Up-to-date: /home/fv/workspace/ros_ur_driver/src/install/srdfdom/include/srdfdom/srdfdom/srdf_writer.h
[0.331s] -- Up-to-date: /home/fv/workspace/ros_ur_driver/src/install/srdfdom/include/srdfdom/srdfdom/visibility_control.h
[0.331s] -- Up-to-date: /home/fv/workspace/ros_ur_driver/src/install/srdfdom/include/srdfdom/srdfdom/model.h
[0.331s] -- Up-to-date: /home/fv/workspace/ros_ur_driver/src/install/srdfdom/lib/srdfdom/display_srdf
[0.331s] -- Up-to-date: /home/fv/workspace/ros_ur_driver/src/install/srdfdom/share/srdfdom/environment/pythonpath.sh
[0.331s] -- Up-to-date: /home/fv/workspace/ros_ur_driver/src/install/srdfdom/share/srdfdom/environment/pythonpath.dsv
[0.331s] -- Up-to-date: /home/fv/workspace/ros_ur_driver/src/install/srdfdom/lib/python3.13/site-packages/srdfdom-2.0.8-py3.13.egg-info
[0.331s] -- Installing: /home/fv/workspace/ros_ur_driver/src/install/srdfdom/lib/python3.13/site-packages/srdfdom-2.0.8-py3.13.egg-info/dependency_links.txt
[0.331s] -- Installing: /home/fv/workspace/ros_ur_driver/src/install/srdfdom/lib/python3.13/site-packages/srdfdom-2.0.8-py3.13.egg-info/SOURCES.txt
[0.331s] -- Installing: /home/fv/workspace/ros_ur_driver/src/install/srdfdom/lib/python3.13/site-packages/srdfdom-2.0.8-py3.13.egg-info/top_level.txt
[0.331s] -- Installing: /home/fv/workspace/ros_ur_driver/src/install/srdfdom/lib/python3.13/site-packages/srdfdom-2.0.8-py3.13.egg-info/PKG-INFO
[0.331s] -- Up-to-date: /home/fv/workspace/ros_ur_driver/src/install/srdfdom/lib/python3.13/site-packages/srdfdom
[0.331s] -- Up-to-date: /home/fv/workspace/ros_ur_driver/src/install/srdfdom/lib/python3.13/site-packages/srdfdom/srdf.py
[0.331s] -- Up-to-date: /home/fv/workspace/ros_ur_driver/src/install/srdfdom/lib/python3.13/site-packages/srdfdom/__init__.py
[0.364s] Listing '/home/fv/workspace/ros_ur_driver/src/install/srdfdom/lib/python3.13/site-packages/srdfdom'...
[0.368s] -- Up-to-date: /home/fv/workspace/ros_ur_driver/src/install/srdfdom/share/srdfdom/environment/library_path.sh
[0.370s] -- Up-to-date: /home/fv/workspace/ros_ur_driver/src/install/srdfdom/share/srdfdom/environment/library_path.dsv
[0.370s] -- Up-to-date: /home/fv/workspace/ros_ur_driver/src/install/srdfdom/share/ament_index/resource_index/package_run_dependencies/srdfdom
[0.370s] -- Up-to-date: /home/fv/workspace/ros_ur_driver/src/install/srdfdom/share/ament_index/resource_index/parent_prefix_path/srdfdom
[0.370s] -- Up-to-date: /home/fv/workspace/ros_ur_driver/src/install/srdfdom/share/srdfdom/environment/ament_prefix_path.sh
[0.370s] -- Up-to-date: /home/fv/workspace/ros_ur_driver/src/install/srdfdom/share/srdfdom/environment/ament_prefix_path.dsv
[0.370s] -- Up-to-date: /home/fv/workspace/ros_ur_driver/src/install/srdfdom/share/srdfdom/environment/path.sh
[0.370s] -- Up-to-date: /home/fv/workspace/ros_ur_driver/src/install/srdfdom/share/srdfdom/environment/path.dsv
[0.370s] -- Up-to-date: /home/fv/workspace/ros_ur_driver/src/install/srdfdom/share/srdfdom/local_setup.bash
[0.371s] -- Up-to-date: /home/fv/workspace/ros_ur_driver/src/install/srdfdom/share/srdfdom/local_setup.sh
[0.371s] -- Up-to-date: /home/fv/workspace/ros_ur_driver/src/install/srdfdom/share/srdfdom/local_setup.zsh
[0.371s] -- Up-to-date: /home/fv/workspace/ros_ur_driver/src/install/srdfdom/share/srdfdom/local_setup.dsv
[0.371s] -- Installing: /home/fv/workspace/ros_ur_driver/src/install/srdfdom/share/srdfdom/package.dsv
[0.371s] -- Up-to-date: /home/fv/workspace/ros_ur_driver/src/install/srdfdom/share/ament_index/resource_index/packages/srdfdom
[0.371s] -- Up-to-date: /home/fv/workspace/ros_ur_driver/src/install/srdfdom/share/srdfdom/cmake/srdfdomTargetsExport.cmake
[0.371s] -- Up-to-date: /home/fv/workspace/ros_ur_driver/src/install/srdfdom/share/srdfdom/cmake/srdfdomTargetsExport-release.cmake
[0.371s] -- Up-to-date: /home/fv/workspace/ros_ur_driver/src/install/srdfdom/share/srdfdom/cmake/ament_cmake_export_targets-extras.cmake
[0.371s] -- Up-to-date: /home/fv/workspace/ros_ur_driver/src/install/srdfdom/share/srdfdom/cmake/ament_cmake_export_dependencies-extras.cmake
[0.371s] -- Up-to-date: /home/fv/workspace/ros_ur_driver/src/install/srdfdom/share/srdfdom/cmake/srdfdomConfig.cmake
[0.371s] -- Up-to-date: /home/fv/workspace/ros_ur_driver/src/install/srdfdom/share/srdfdom/cmake/srdfdomConfig-version.cmake
[0.371s] -- Up-to-date: /home/fv/workspace/ros_ur_driver/src/install/srdfdom/share/srdfdom/package.xml
[0.374s] Invoked command in '/home/fv/workspace/ros_ur_driver/src/build/srdfdom' returned '0': CMAKE_PREFIX_PATH=${CMAKE_PREFIX_PATH}:/opt/ros/jazzy CONDA_PROMPT_MODIFIER=(base) DEBUGINFOD_URLS=https://debuginfod.ubuntu.com PS1=(venv) (base) \[\e]0;\u@\h: \w\a\]${debian_chroot:+($debian_chroot)}\[\033[01;32m\]\u@\h\[\033[00m\]:\[\033[01;34m\]\w\[\033[00m\]\$ VIRTUAL_ENV_PROMPT=(venv) /usr/bin/cmake --install /home/fv/workspace/ros_ur_driver/src/build/srdfdom
