[0.014s] Invoking command in '/home/fv/workspace/ros_ur_driver/src/build/ur_robot_driver': AMENT_PREFIX_PATH=/home/fv/workspace/ros_ur_driver/src/install/ur_controllers:/home/fv/workspace/ros_ur_driver/src/install/ur_msgs:/home/fv/workspace/ros_ur_driver/src/install/ur_description:/home/fv/workspace/ros_ur_driver/src/install/ur_dashboard_msgs:/home/fv/workspace/ros_ur_driver/src/install/realtime_tools:${AMENT_PREFIX_PATH} CMAKE_PREFIX_PATH=/home/fv/workspace/ros_ur_driver/src/install/ur_controllers:/home/fv/workspace/ros_ur_driver/src/install/ur_msgs:/home/fv/workspace/ros_ur_driver/src/install/ur_description:/home/fv/workspace/ros_ur_driver/src/install/ur_dashboard_msgs:/home/fv/workspace/ros_ur_driver/src/install/ur_client_library:/home/fv/workspace/ros_ur_driver/src/install/realtime_tools:/opt/ros/jazzy/opt/sdformat_vendor:/opt/ros/jazzy/opt/gz_math_vendor:/opt/ros/jazzy/opt/gz_utils_vendor:/opt/ros/jazzy/opt/gz_tools_vendor:/opt/ros/jazzy/opt/gz_cmake_vendor:/opt/ros/jazzy CONDA_PROMPT_MODIFIER=(base) DEBUGINFOD_URLS=https://debuginfod.ubuntu.com LD_LIBRARY_PATH=/home/fv/workspace/ros_ur_driver/src/install/ur_controllers/lib:/home/fv/workspace/ros_ur_driver/src/install/ur_msgs/lib:/home/fv/workspace/ros_ur_driver/src/install/ur_dashboard_msgs/lib:/home/fv/workspace/ros_ur_driver/src/install/ur_client_library/lib:/home/fv/workspace/ros_ur_driver/src/install/realtime_tools/lib:${LD_LIBRARY_PATH} PKG_CONFIG_PATH=/home/fv/workspace/ros_ur_driver/src/install/ur_client_library/lib/x86_64-linux-gnu/pkgconfig:/home/fv/workspace/ros_ur_driver/src/install/ur_client_library/lib/pkgconfig PS1=(venv) (base) \[\e]0;\u@\h: \w\a\]${debian_chroot:+($debian_chroot)}\[\033[01;32m\]\u@\h\[\033[00m\]:\[\033[01;34m\]\w\[\033[00m\]\$ PYTHONPATH=/home/fv/workspace/ros_ur_driver/src/install/ur_msgs/lib/python3.13/site-packages:/home/fv/workspace/ros_ur_driver/src/install/ur_dashboard_msgs/lib/python3.13/site-packages:${PYTHONPATH} VIRTUAL_ENV_PROMPT=(venv) /usr/bin/cmake /home/fv/workspace/ros_ur_driver/src/Universal_Robots_ROS2_Driver/ur_robot_driver -DCMAKE_BUILD_TYPE=Release -DCMAKE_INSTALL_PREFIX=/home/fv/workspace/ros_ur_driver/src/install/ur_robot_driver
[0.061s] -- The C compiler identification is GNU 13.3.0
[0.106s] -- The CXX compiler identification is GNU 13.3.0
[0.119s] -- Detecting C compiler ABI info
[0.199s] -- Detecting C compiler ABI info - done
[0.205s] -- Check for working C compiler: /usr/bin/cc - skipped
[0.205s] -- Detecting C compile features
[0.205s] -- Detecting C compile features - done
[0.213s] -- Detecting CXX compiler ABI info
[0.303s] -- Detecting CXX compiler ABI info - done
[0.313s] -- Check for working CXX compiler: /usr/bin/c++ - skipped
[0.313s] -- Detecting CXX compile features
[0.314s] -- Detecting CXX compile features - done
[0.317s] -- Found ament_cmake: 2.5.4 (/opt/ros/jazzy/share/ament_cmake/cmake)
[0.425s] -- Found Python3: /home/fv/venv/bin/python3 (found version "3.13.5") found components: Interpreter 
[0.540s] -- Found controller_manager: 4.37.0 (/opt/ros/jazzy/share/controller_manager/cmake)
[0.594s] -- Found rosidl_generator_c: 4.6.6 (/opt/ros/jazzy/share/rosidl_generator_c/cmake)
[0.610s] -- Found rosidl_generator_cpp: 4.6.6 (/opt/ros/jazzy/share/rosidl_generator_cpp/cmake)
[0.629s] -- Using all available rosidl_typesupport_c: rosidl_typesupport_fastrtps_c;rosidl_typesupport_introspection_c
[0.649s] -- Using all available rosidl_typesupport_cpp: rosidl_typesupport_fastrtps_cpp;rosidl_typesupport_introspection_cpp
[0.741s] -- Found rmw_implementation_cmake: 7.3.2 (/opt/ros/jazzy/share/rmw_implementation_cmake/cmake)
[0.745s] -- Found rmw_fastrtps_cpp: 8.4.3 (/opt/ros/jazzy/share/rmw_fastrtps_cpp/cmake)
[0.829s] -- Found OpenSSL: /usr/lib/x86_64-linux-gnu/libcrypto.so (found version "3.0.13")  
[0.854s] -- Found FastRTPS: /opt/ros/jazzy/include (Required is at least version "2.13") 
[0.878s] -- Using RMW implementation 'rmw_fastrtps_cpp' as default
[1.400s] -- Found std_srvs: 5.3.6 (/opt/ros/jazzy/share/std_srvs/cmake)
[1.421s] -- Found tf2_geometry_msgs: 0.36.14 (/opt/ros/jazzy/share/tf2_geometry_msgs/cmake)
[1.433s] -- Found eigen3_cmake_module: 0.3.0 (/opt/ros/jazzy/share/eigen3_cmake_module/cmake)
[1.434s] -- Found Eigen3: TRUE (found version "3.4.0") 
[1.434s] -- Ensuring Eigen3 include directory is part of orocos-kdl CMake target
[1.547s] -- Found ur_dashboard_msgs: 3.4.0 (/home/fv/workspace/ros_ur_driver/src/install/ur_dashboard_msgs/share/ur_dashboard_msgs/cmake)
[1.591s] -- Found ur_msgs: 2.3.0 (/home/fv/workspace/ros_ur_driver/src/install/ur_msgs/share/ur_msgs/cmake)
[1.853s] -- Found ur_controllers: 3.4.0 (/home/fv/workspace/ros_ur_driver/src/install/ur_controllers/share/ur_controllers/cmake)
[1.938s] -- Found ur_description: 3.3.1 (/home/fv/workspace/ros_ur_driver/src/install/ur_description/share/ur_description/cmake)
[1.939s] -- Found launch_testing_ament_cmake: 3.4.6 (/opt/ros/jazzy/share/launch_testing_ament_cmake/cmake)
[1.940s] -- Found python_cmake_module: 0.11.1 (/opt/ros/jazzy/share/python_cmake_module/cmake)
[2.050s] -- Found PythonExtra: /home/fv/venv/bin/python3  
[2.051s] -- Configuring done (2.0s)
[2.134s] -- Generating done (0.1s)
[2.145s] -- Build files have been written to: /home/fv/workspace/ros_ur_driver/src/build/ur_robot_driver
[2.156s] Invoked command in '/home/fv/workspace/ros_ur_driver/src/build/ur_robot_driver' returned '0': AMENT_PREFIX_PATH=/home/fv/workspace/ros_ur_driver/src/install/ur_controllers:/home/fv/workspace/ros_ur_driver/src/install/ur_msgs:/home/fv/workspace/ros_ur_driver/src/install/ur_description:/home/fv/workspace/ros_ur_driver/src/install/ur_dashboard_msgs:/home/fv/workspace/ros_ur_driver/src/install/realtime_tools:${AMENT_PREFIX_PATH} CMAKE_PREFIX_PATH=/home/fv/workspace/ros_ur_driver/src/install/ur_controllers:/home/fv/workspace/ros_ur_driver/src/install/ur_msgs:/home/fv/workspace/ros_ur_driver/src/install/ur_description:/home/fv/workspace/ros_ur_driver/src/install/ur_dashboard_msgs:/home/fv/workspace/ros_ur_driver/src/install/ur_client_library:/home/fv/workspace/ros_ur_driver/src/install/realtime_tools:/opt/ros/jazzy/opt/sdformat_vendor:/opt/ros/jazzy/opt/gz_math_vendor:/opt/ros/jazzy/opt/gz_utils_vendor:/opt/ros/jazzy/opt/gz_tools_vendor:/opt/ros/jazzy/opt/gz_cmake_vendor:/opt/ros/jazzy CONDA_PROMPT_MODIFIER=(base) DEBUGINFOD_URLS=https://debuginfod.ubuntu.com LD_LIBRARY_PATH=/home/fv/workspace/ros_ur_driver/src/install/ur_controllers/lib:/home/fv/workspace/ros_ur_driver/src/install/ur_msgs/lib:/home/fv/workspace/ros_ur_driver/src/install/ur_dashboard_msgs/lib:/home/fv/workspace/ros_ur_driver/src/install/ur_client_library/lib:/home/fv/workspace/ros_ur_driver/src/install/realtime_tools/lib:${LD_LIBRARY_PATH} PKG_CONFIG_PATH=/home/fv/workspace/ros_ur_driver/src/install/ur_client_library/lib/x86_64-linux-gnu/pkgconfig:/home/fv/workspace/ros_ur_driver/src/install/ur_client_library/lib/pkgconfig PS1=(venv) (base) \[\e]0;\u@\h: \w\a\]${debian_chroot:+($debian_chroot)}\[\033[01;32m\]\u@\h\[\033[00m\]:\[\033[01;34m\]\w\[\033[00m\]\$ PYTHONPATH=/home/fv/workspace/ros_ur_driver/src/install/ur_msgs/lib/python3.13/site-packages:/home/fv/workspace/ros_ur_driver/src/install/ur_dashboard_msgs/lib/python3.13/site-packages:${PYTHONPATH} VIRTUAL_ENV_PROMPT=(venv) /usr/bin/cmake /home/fv/workspace/ros_ur_driver/src/Universal_Robots_ROS2_Driver/ur_robot_driver -DCMAKE_BUILD_TYPE=Release -DCMAKE_INSTALL_PREFIX=/home/fv/workspace/ros_ur_driver/src/install/ur_robot_driver
[2.158s] Invoking command in '/home/fv/workspace/ros_ur_driver/src/build/ur_robot_driver': AMENT_PREFIX_PATH=/home/fv/workspace/ros_ur_driver/src/install/ur_controllers:/home/fv/workspace/ros_ur_driver/src/install/ur_msgs:/home/fv/workspace/ros_ur_driver/src/install/ur_description:/home/fv/workspace/ros_ur_driver/src/install/ur_dashboard_msgs:/home/fv/workspace/ros_ur_driver/src/install/realtime_tools:${AMENT_PREFIX_PATH} CMAKE_PREFIX_PATH=/home/fv/workspace/ros_ur_driver/src/install/ur_controllers:/home/fv/workspace/ros_ur_driver/src/install/ur_msgs:/home/fv/workspace/ros_ur_driver/src/install/ur_description:/home/fv/workspace/ros_ur_driver/src/install/ur_dashboard_msgs:/home/fv/workspace/ros_ur_driver/src/install/ur_client_library:/home/fv/workspace/ros_ur_driver/src/install/realtime_tools:/opt/ros/jazzy/opt/sdformat_vendor:/opt/ros/jazzy/opt/gz_math_vendor:/opt/ros/jazzy/opt/gz_utils_vendor:/opt/ros/jazzy/opt/gz_tools_vendor:/opt/ros/jazzy/opt/gz_cmake_vendor:/opt/ros/jazzy CONDA_PROMPT_MODIFIER=(base) DEBUGINFOD_URLS=https://debuginfod.ubuntu.com LD_LIBRARY_PATH=/home/fv/workspace/ros_ur_driver/src/install/ur_controllers/lib:/home/fv/workspace/ros_ur_driver/src/install/ur_msgs/lib:/home/fv/workspace/ros_ur_driver/src/install/ur_dashboard_msgs/lib:/home/fv/workspace/ros_ur_driver/src/install/ur_client_library/lib:/home/fv/workspace/ros_ur_driver/src/install/realtime_tools/lib:${LD_LIBRARY_PATH} PKG_CONFIG_PATH=/home/fv/workspace/ros_ur_driver/src/install/ur_client_library/lib/x86_64-linux-gnu/pkgconfig:/home/fv/workspace/ros_ur_driver/src/install/ur_client_library/lib/pkgconfig PS1=(venv) (base) \[\e]0;\u@\h: \w\a\]${debian_chroot:+($debian_chroot)}\[\033[01;32m\]\u@\h\[\033[00m\]:\[\033[01;34m\]\w\[\033[00m\]\$ PYTHONPATH=/home/fv/workspace/ros_ur_driver/src/install/ur_msgs/lib/python3.13/site-packages:/home/fv/workspace/ros_ur_driver/src/install/ur_dashboard_msgs/lib/python3.13/site-packages:${PYTHONPATH} VIRTUAL_ENV_PROMPT=(venv) /usr/bin/cmake --build /home/fv/workspace/ros_ur_driver/src/build/ur_robot_driver -- -j20 -l20
[2.206s] [  5%] [32mBuilding CXX object CMakeFiles/dashboard_client.dir/src/urcl_log_handler.cpp.o[0m
[2.206s] [ 11%] [32mBuilding CXX object CMakeFiles/dashboard_client.dir/src/dashboard_client_node.cpp.o[0m
[2.206s] [ 16%] [32mBuilding CXX object CMakeFiles/dashboard_client.dir/src/dashboard_client_ros.cpp.o[0m
[2.207s] [ 27%] [32mBuilding CXX object CMakeFiles/controller_stopper_node.dir/src/controller_stopper_node.cpp.o[0m
[2.207s] [ 27%] [32mBuilding CXX object CMakeFiles/robot_state_helper.dir/src/robot_state_helper_node.cpp.o[0m
[2.208s] [ 33%] [32mBuilding CXX object CMakeFiles/ur_robot_driver_plugin.dir/src/hardware_interface.cpp.o[0m
[2.208s] [ 38%] [32mBuilding CXX object CMakeFiles/ur_robot_driver_plugin.dir/src/urcl_log_handler.cpp.o[0m
[2.208s] [ 44%] [32mBuilding CXX object CMakeFiles/robot_state_helper.dir/src/urcl_log_handler.cpp.o[0m
[2.209s] [ 55%] [32mBuilding CXX object CMakeFiles/robot_state_helper.dir/src/robot_state_helper.cpp.o[0m
[2.209s] [ 61%] [32mBuilding CXX object CMakeFiles/ur_robot_driver_plugin.dir/src/robot_state_helper.cpp.o[0m
[2.209s] [ 66%] [32mBuilding CXX object CMakeFiles/controller_stopper_node.dir/src/controller_stopper.cpp.o[0m
[2.210s] [ 55%] [32mBuilding CXX object CMakeFiles/ur_robot_driver_plugin.dir/src/dashboard_client_ros.cpp.o[0m
[2.210s] [ 72%] [32mBuilding CXX object CMakeFiles/urscript_interface.dir/src/urscript_interface.cpp.o[0m
[2.218s] [ 72%] Built target ament_cmake_python_copy_ur_robot_driver
[2.403s] running egg_info
[2.415s] creating ur_robot_driver.egg-info
[2.416s] writing ur_robot_driver.egg-info/PKG-INFO
[2.416s] writing dependency_links to ur_robot_driver.egg-info/dependency_links.txt
[2.417s] writing top-level names to ur_robot_driver.egg-info/top_level.txt
[2.417s] writing manifest file 'ur_robot_driver.egg-info/SOURCES.txt'
[2.450s] reading manifest file 'ur_robot_driver.egg-info/SOURCES.txt'
[2.451s] writing manifest file 'ur_robot_driver.egg-info/SOURCES.txt'
[2.485s] [ 72%] Built target ament_cmake_python_build_ur_robot_driver_egg
[7.071s] [01m[K/home/fv/workspace/ros_ur_driver/src/Universal_Robots_ROS2_Driver/ur_robot_driver/src/hardware_interface.cpp:[m[K In member function ‘[01m[Kvirtual hardware_interface::CallbackReturn ur_robot_driver::URPositionHardwareInterface::[01;32m[Kon_init[m[K(const hardware_interface::HardwareInfo&)[m[K’:
[7.071s] [01m[K/home/fv/workspace/ros_ur_driver/src/Universal_Robots_ROS2_Driver/ur_robot_driver/src/hardware_interface.cpp:106:51:[m[K [01;35m[Kwarning: [m[K‘[01m[Kvirtual rclcpp_lifecycle::node_interfaces::LifecycleNodeInterface::CallbackReturn hardware_interface::HardwareComponentInterface::[01;32m[Kon_init[m[K(const hardware_interface::HardwareInfo&)[m[K’ is deprecated: Use on_init(const HardwareComponentInterfaceParams & params) instead. [[01;35m[K]8;;https://gcc.gnu.org/onlinedocs/gcc/Warning-Options.html#index-Wdeprecated-declarations-Wdeprecated-declarations]8;;[m[K]
[7.071s]   106 |   if ([01;35m[Khardware_interface::SystemInterface::on_init(system_info)[m[K != hardware_interface::CallbackReturn::SUCCESS) {
[7.071s]       |       [01;35m[K~~~~~~~~~~~~~~~~~~~~~~~~~~~~~~~~~~~~~~~~~~~~^~~~~~~~~~~~~[m[K
[7.072s] In file included from [01m[K/opt/ros/jazzy/include/hardware_interface/hardware_interface/system_interface.hpp:18[m[K,
[7.072s]                  from [01m[K/home/fv/workspace/ros_ur_driver/src/Universal_Robots_ROS2_Driver/ur_robot_driver/include/ur_robot_driver/hardware_interface.hpp:51[m[K,
[7.072s]                  from [01m[K/home/fv/workspace/ros_ur_driver/src/Universal_Robots_ROS2_Driver/ur_robot_driver/src/hardware_interface.cpp:52[m[K:
[7.072s] [01m[K/opt/ros/jazzy/include/hardware_interface/hardware_interface/hardware_component_interface.hpp:209:26:[m[K [01;36m[Knote: [m[Kdeclared here
[7.072s]   209 |   virtual CallbackReturn [01;36m[Kon_init[m[K(const HardwareInfo & hardware_info)
[7.072s]       |                          [01;36m[K^~~~~~~[m[K
[9.719s] [ 77%] [32m[1mLinking CXX executable urscript_interface[0m
[9.959s] [ 77%] Built target urscript_interface
[13.250s] [ 83%] [32m[1mLinking CXX executable controller_stopper_node[0m
[13.412s] [ 83%] Built target controller_stopper_node
[14.437s] [ 88%] [32m[1mLinking CXX shared library libur_robot_driver_plugin.so[0m
[14.666s] [ 88%] Built target ur_robot_driver_plugin
[17.370s] [ 94%] [32m[1mLinking CXX executable robot_state_helper[0m
[17.520s] [100%] [32m[1mLinking CXX executable dashboard_client[0m
[17.777s] [100%] Built target robot_state_helper
[17.873s] [100%] Built target dashboard_client
[17.890s] Invoked command in '/home/fv/workspace/ros_ur_driver/src/build/ur_robot_driver' returned '0': AMENT_PREFIX_PATH=/home/fv/workspace/ros_ur_driver/src/install/ur_controllers:/home/fv/workspace/ros_ur_driver/src/install/ur_msgs:/home/fv/workspace/ros_ur_driver/src/install/ur_description:/home/fv/workspace/ros_ur_driver/src/install/ur_dashboard_msgs:/home/fv/workspace/ros_ur_driver/src/install/realtime_tools:${AMENT_PREFIX_PATH} CMAKE_PREFIX_PATH=/home/fv/workspace/ros_ur_driver/src/install/ur_controllers:/home/fv/workspace/ros_ur_driver/src/install/ur_msgs:/home/fv/workspace/ros_ur_driver/src/install/ur_description:/home/fv/workspace/ros_ur_driver/src/install/ur_dashboard_msgs:/home/fv/workspace/ros_ur_driver/src/install/ur_client_library:/home/fv/workspace/ros_ur_driver/src/install/realtime_tools:/opt/ros/jazzy/opt/sdformat_vendor:/opt/ros/jazzy/opt/gz_math_vendor:/opt/ros/jazzy/opt/gz_utils_vendor:/opt/ros/jazzy/opt/gz_tools_vendor:/opt/ros/jazzy/opt/gz_cmake_vendor:/opt/ros/jazzy CONDA_PROMPT_MODIFIER=(base) DEBUGINFOD_URLS=https://debuginfod.ubuntu.com LD_LIBRARY_PATH=/home/fv/workspace/ros_ur_driver/src/install/ur_controllers/lib:/home/fv/workspace/ros_ur_driver/src/install/ur_msgs/lib:/home/fv/workspace/ros_ur_driver/src/install/ur_dashboard_msgs/lib:/home/fv/workspace/ros_ur_driver/src/install/ur_client_library/lib:/home/fv/workspace/ros_ur_driver/src/install/realtime_tools/lib:${LD_LIBRARY_PATH} PKG_CONFIG_PATH=/home/fv/workspace/ros_ur_driver/src/install/ur_client_library/lib/x86_64-linux-gnu/pkgconfig:/home/fv/workspace/ros_ur_driver/src/install/ur_client_library/lib/pkgconfig PS1=(venv) (base) \[\e]0;\u@\h: \w\a\]${debian_chroot:+($debian_chroot)}\[\033[01;32m\]\u@\h\[\033[00m\]:\[\033[01;34m\]\w\[\033[00m\]\$ PYTHONPATH=/home/fv/workspace/ros_ur_driver/src/install/ur_msgs/lib/python3.13/site-packages:/home/fv/workspace/ros_ur_driver/src/install/ur_dashboard_msgs/lib/python3.13/site-packages:${PYTHONPATH} VIRTUAL_ENV_PROMPT=(venv) /usr/bin/cmake --build /home/fv/workspace/ros_ur_driver/src/build/ur_robot_driver -- -j20 -l20
[17.893s] Invoking command in '/home/fv/workspace/ros_ur_driver/src/build/ur_robot_driver': AMENT_PREFIX_PATH=/home/fv/workspace/ros_ur_driver/src/install/ur_controllers:/home/fv/workspace/ros_ur_driver/src/install/ur_msgs:/home/fv/workspace/ros_ur_driver/src/install/ur_description:/home/fv/workspace/ros_ur_driver/src/install/ur_dashboard_msgs:/home/fv/workspace/ros_ur_driver/src/install/realtime_tools:${AMENT_PREFIX_PATH} CMAKE_PREFIX_PATH=/home/fv/workspace/ros_ur_driver/src/install/ur_controllers:/home/fv/workspace/ros_ur_driver/src/install/ur_msgs:/home/fv/workspace/ros_ur_driver/src/install/ur_description:/home/fv/workspace/ros_ur_driver/src/install/ur_dashboard_msgs:/home/fv/workspace/ros_ur_driver/src/install/ur_client_library:/home/fv/workspace/ros_ur_driver/src/install/realtime_tools:/opt/ros/jazzy/opt/sdformat_vendor:/opt/ros/jazzy/opt/gz_math_vendor:/opt/ros/jazzy/opt/gz_utils_vendor:/opt/ros/jazzy/opt/gz_tools_vendor:/opt/ros/jazzy/opt/gz_cmake_vendor:/opt/ros/jazzy CONDA_PROMPT_MODIFIER=(base) DEBUGINFOD_URLS=https://debuginfod.ubuntu.com LD_LIBRARY_PATH=/home/fv/workspace/ros_ur_driver/src/install/ur_controllers/lib:/home/fv/workspace/ros_ur_driver/src/install/ur_msgs/lib:/home/fv/workspace/ros_ur_driver/src/install/ur_dashboard_msgs/lib:/home/fv/workspace/ros_ur_driver/src/install/ur_client_library/lib:/home/fv/workspace/ros_ur_driver/src/install/realtime_tools/lib:${LD_LIBRARY_PATH} PKG_CONFIG_PATH=/home/fv/workspace/ros_ur_driver/src/install/ur_client_library/lib/x86_64-linux-gnu/pkgconfig:/home/fv/workspace/ros_ur_driver/src/install/ur_client_library/lib/pkgconfig PS1=(venv) (base) \[\e]0;\u@\h: \w\a\]${debian_chroot:+($debian_chroot)}\[\033[01;32m\]\u@\h\[\033[00m\]:\[\033[01;34m\]\w\[\033[00m\]\$ PYTHONPATH=/home/fv/workspace/ros_ur_driver/src/install/ur_msgs/lib/python3.13/site-packages:/home/fv/workspace/ros_ur_driver/src/install/ur_dashboard_msgs/lib/python3.13/site-packages:${PYTHONPATH} VIRTUAL_ENV_PROMPT=(venv) /usr/bin/cmake --install /home/fv/workspace/ros_ur_driver/src/build/ur_robot_driver
[17.903s] -- Install configuration: "Release"
[17.903s] -- Installing: /home/fv/workspace/ros_ur_driver/src/install/ur_robot_driver/share/ur_robot_driver/hardware_interface_plugin.xml
[17.904s] -- Installing: /home/fv/workspace/ros_ur_driver/src/install/ur_robot_driver/lib/ur_robot_driver/dashboard_client
[17.906s] -- Set non-toolchain portion of runtime path of "/home/fv/workspace/ros_ur_driver/src/install/ur_robot_driver/lib/ur_robot_driver/dashboard_client" to ""
[17.906s] -- Installing: /home/fv/workspace/ros_ur_driver/src/install/ur_robot_driver/lib/ur_robot_driver/controller_stopper_node
[17.907s] -- Set non-toolchain portion of runtime path of "/home/fv/workspace/ros_ur_driver/src/install/ur_robot_driver/lib/ur_robot_driver/controller_stopper_node" to ""
[17.908s] -- Installing: /home/fv/workspace/ros_ur_driver/src/install/ur_robot_driver/lib/ur_robot_driver/urscript_interface
[17.908s] -- Set non-toolchain portion of runtime path of "/home/fv/workspace/ros_ur_driver/src/install/ur_robot_driver/lib/ur_robot_driver/urscript_interface" to ""
[17.908s] -- Installing: /home/fv/workspace/ros_ur_driver/src/install/ur_robot_driver/lib/ur_robot_driver/robot_state_helper
[17.911s] -- Set non-toolchain portion of runtime path of "/home/fv/workspace/ros_ur_driver/src/install/ur_robot_driver/lib/ur_robot_driver/robot_state_helper" to ""
[17.911s] -- Installing: /home/fv/workspace/ros_ur_driver/src/install/ur_robot_driver/lib/libur_robot_driver_plugin.so
[17.914s] -- Set non-toolchain portion of runtime path of "/home/fv/workspace/ros_ur_driver/src/install/ur_robot_driver/lib/libur_robot_driver_plugin.so" to ""
[17.914s] -- Installing: /home/fv/workspace/ros_ur_driver/src/install/ur_robot_driver/include
[17.915s] -- Installing: /home/fv/workspace/ros_ur_driver/src/install/ur_robot_driver/include/ur_robot_driver
[17.918s] -- Installing: /home/fv/workspace/ros_ur_driver/src/install/ur_robot_driver/include/ur_robot_driver/robot_state_helper.hpp
[17.918s] -- Installing: /home/fv/workspace/ros_ur_driver/src/install/ur_robot_driver/include/ur_robot_driver/hardware_interface.hpp
[17.918s] -- Installing: /home/fv/workspace/ros_ur_driver/src/install/ur_robot_driver/include/ur_robot_driver/urcl_log_handler.hpp
[17.919s] -- Installing: /home/fv/workspace/ros_ur_driver/src/install/ur_robot_driver/include/ur_robot_driver/dashboard_client_ros.hpp
[17.919s] -- Installing: /home/fv/workspace/ros_ur_driver/src/install/ur_robot_driver/include/ur_robot_driver/controller_stopper.hpp
[17.919s] -- Installing: /home/fv/workspace/ros_ur_driver/src/install/ur_robot_driver/share/ur_robot_driver/environment/library_path.sh
[17.919s] -- Installing: /home/fv/workspace/ros_ur_driver/src/install/ur_robot_driver/share/ur_robot_driver/environment/library_path.dsv
[17.919s] -- Installing: /home/fv/workspace/ros_ur_driver/src/install/ur_robot_driver/share/ur_robot_driver/resources
[17.919s] -- Installing: /home/fv/workspace/ros_ur_driver/src/install/ur_robot_driver/share/ur_robot_driver/resources/rs485-1.0.urcap
[17.919s] -- Installing: /home/fv/workspace/ros_ur_driver/src/install/ur_robot_driver/share/ur_robot_driver/resources/externalcontrol-1.0.5.urcap
[17.919s] -- Installing: /home/fv/workspace/ros_ur_driver/src/install/ur_robot_driver/share/ur_robot_driver/resources/rtde_output_recipe.txt
[17.919s] -- Installing: /home/fv/workspace/ros_ur_driver/src/install/ur_robot_driver/share/ur_robot_driver/resources/rtde_input_recipe.txt
[17.920s] -- Up-to-date: /home/fv/workspace/ros_ur_driver/src/install/ur_robot_driver/include
[17.920s] -- Up-to-date: /home/fv/workspace/ros_ur_driver/src/install/ur_robot_driver/include/ur_robot_driver
[17.920s] -- Up-to-date: /home/fv/workspace/ros_ur_driver/src/install/ur_robot_driver/include/ur_robot_driver/robot_state_helper.hpp
[17.920s] -- Up-to-date: /home/fv/workspace/ros_ur_driver/src/install/ur_robot_driver/include/ur_robot_driver/hardware_interface.hpp
[17.920s] -- Up-to-date: /home/fv/workspace/ros_ur_driver/src/install/ur_robot_driver/include/ur_robot_driver/urcl_log_handler.hpp
[17.920s] -- Up-to-date: /home/fv/workspace/ros_ur_driver/src/install/ur_robot_driver/include/ur_robot_driver/dashboard_client_ros.hpp
[17.920s] -- Up-to-date: /home/fv/workspace/ros_ur_driver/src/install/ur_robot_driver/include/ur_robot_driver/controller_stopper.hpp
[17.920s] -- Installing: /home/fv/workspace/ros_ur_driver/src/install/ur_robot_driver/share/ur_robot_driver/environment/pythonpath.sh
[17.920s] -- Installing: /home/fv/workspace/ros_ur_driver/src/install/ur_robot_driver/share/ur_robot_driver/environment/pythonpath.dsv
[17.920s] -- Installing: /home/fv/workspace/ros_ur_driver/src/install/ur_robot_driver/lib/python3.13/site-packages/ur_robot_driver-3.4.0-py3.13.egg-info
[17.920s] -- Installing: /home/fv/workspace/ros_ur_driver/src/install/ur_robot_driver/lib/python3.13/site-packages/ur_robot_driver-3.4.0-py3.13.egg-info/dependency_links.txt
[17.920s] -- Installing: /home/fv/workspace/ros_ur_driver/src/install/ur_robot_driver/lib/python3.13/site-packages/ur_robot_driver-3.4.0-py3.13.egg-info/SOURCES.txt
[17.920s] -- Installing: /home/fv/workspace/ros_ur_driver/src/install/ur_robot_driver/lib/python3.13/site-packages/ur_robot_driver-3.4.0-py3.13.egg-info/top_level.txt
[17.920s] -- Installing: /home/fv/workspace/ros_ur_driver/src/install/ur_robot_driver/lib/python3.13/site-packages/ur_robot_driver-3.4.0-py3.13.egg-info/PKG-INFO
[17.921s] -- Installing: /home/fv/workspace/ros_ur_driver/src/install/ur_robot_driver/lib/python3.13/site-packages/ur_robot_driver
[17.921s] -- Installing: /home/fv/workspace/ros_ur_driver/src/install/ur_robot_driver/lib/python3.13/site-packages/ur_robot_driver/__init__.py
[17.960s] Listing '/home/fv/workspace/ros_ur_driver/src/install/ur_robot_driver/lib/python3.13/site-packages/ur_robot_driver'...
[17.960s] Compiling '/home/fv/workspace/ros_ur_driver/src/install/ur_robot_driver/lib/python3.13/site-packages/ur_robot_driver/__init__.py'...
[17.966s] -- Installing: /home/fv/workspace/ros_ur_driver/src/install/ur_robot_driver/lib/ur_robot_driver/tool_communication.py
[17.967s] -- Installing: /home/fv/workspace/ros_ur_driver/src/install/ur_robot_driver/lib/ur_robot_driver/wait_for_robot_description
[17.967s] -- Installing: /home/fv/workspace/ros_ur_driver/src/install/ur_robot_driver/lib/ur_robot_driver/example_move.py
[17.968s] -- Installing: /home/fv/workspace/ros_ur_driver/src/install/ur_robot_driver/lib/ur_robot_driver/start_ursim.sh
[17.968s] -- Installing: /home/fv/workspace/ros_ur_driver/src/install/ur_robot_driver/lib/ur_robot_driver/examples.py
[17.968s] -- Installing: /home/fv/workspace/ros_ur_driver/src/install/ur_robot_driver/lib/ur_robot_driver/force_mode.py
[17.969s] -- Installing: /home/fv/workspace/ros_ur_driver/src/install/ur_robot_driver/bin/wait_dashboard_server.sh
[17.969s] -- Installing: /home/fv/workspace/ros_ur_driver/src/install/ur_robot_driver/share/ur_robot_driver/config
[17.970s] -- Installing: /home/fv/workspace/ros_ur_driver/src/install/ur_robot_driver/share/ur_robot_driver/config/ur5_update_rate.yaml
[17.970s] -- Installing: /home/fv/workspace/ros_ur_driver/src/install/ur_robot_driver/share/ur_robot_driver/config/ur3e_update_rate.yaml
[17.970s] -- Installing: /home/fv/workspace/ros_ur_driver/src/install/ur_robot_driver/share/ur_robot_driver/config/test_velocity_goal_publishers_config.yaml
[17.971s] -- Installing: /home/fv/workspace/ros_ur_driver/src/install/ur_robot_driver/share/ur_robot_driver/config/ur16e_update_rate.yaml
[17.971s] -- Installing: /home/fv/workspace/ros_ur_driver/src/install/ur_robot_driver/share/ur_robot_driver/config/ur10_update_rate.yaml
[17.972s] -- Installing: /home/fv/workspace/ros_ur_driver/src/install/ur_robot_driver/share/ur_robot_driver/config/ur_controllers.yaml
[17.972s] -- Installing: /home/fv/workspace/ros_ur_driver/src/install/ur_robot_driver/share/ur_robot_driver/config/ur10e_update_rate.yaml
[17.972s] -- Installing: /home/fv/workspace/ros_ur_driver/src/install/ur_robot_driver/share/ur_robot_driver/config/ur15_update_rate.yaml
[17.972s] -- Installing: /home/fv/workspace/ros_ur_driver/src/install/ur_robot_driver/share/ur_robot_driver/config/ur8long_update_rate.yaml
[17.972s] -- Installing: /home/fv/workspace/ros_ur_driver/src/install/ur_robot_driver/share/ur_robot_driver/config/ur5e_update_rate.yaml
[17.972s] -- Installing: /home/fv/workspace/ros_ur_driver/src/install/ur_robot_driver/share/ur_robot_driver/config/ur20_update_rate.yaml
[17.972s] -- Installing: /home/fv/workspace/ros_ur_driver/src/install/ur_robot_driver/share/ur_robot_driver/config/ur30_update_rate.yaml
[17.972s] -- Installing: /home/fv/workspace/ros_ur_driver/src/install/ur_robot_driver/share/ur_robot_driver/config/test_goal_publishers_config.yaml
[17.972s] -- Installing: /home/fv/workspace/ros_ur_driver/src/install/ur_robot_driver/share/ur_robot_driver/config/ur3_update_rate.yaml
[17.973s] -- Installing: /home/fv/workspace/ros_ur_driver/src/install/ur_robot_driver/share/ur_robot_driver/launch
[17.973s] -- Installing: /home/fv/workspace/ros_ur_driver/src/install/ur_robot_driver/share/ur_robot_driver/launch/ur_rsp.launch.py
[17.973s] -- Installing: /home/fv/workspace/ros_ur_driver/src/install/ur_robot_driver/share/ur_robot_driver/launch/ur12e.launch.py
[17.973s] -- Installing: /home/fv/workspace/ros_ur_driver/src/install/ur_robot_driver/share/ur_robot_driver/launch/test_scaled_joint_trajectory_controller.launch.py
[17.974s] -- Installing: /home/fv/workspace/ros_ur_driver/src/install/ur_robot_driver/share/ur_robot_driver/launch/ur5.launch.py
[17.974s] -- Installing: /home/fv/workspace/ros_ur_driver/src/install/ur_robot_driver/share/ur_robot_driver/launch/ur16e.launch.py
[17.974s] -- Installing: /home/fv/workspace/ros_ur_driver/src/install/ur_robot_driver/share/ur_robot_driver/launch/ur5e.launch.py
[17.974s] -- Installing: /home/fv/workspace/ros_ur_driver/src/install/ur_robot_driver/share/ur_robot_driver/launch/ur3e.launch.py
[17.974s] -- Installing: /home/fv/workspace/ros_ur_driver/src/install/ur_robot_driver/share/ur_robot_driver/launch/ur_control.launch.py
[17.974s] -- Installing: /home/fv/workspace/ros_ur_driver/src/install/ur_robot_driver/share/ur_robot_driver/launch/ur8long.launch.py
[17.975s] -- Installing: /home/fv/workspace/ros_ur_driver/src/install/ur_robot_driver/share/ur_robot_driver/launch/ur20.launch.py
[17.975s] -- Installing: /home/fv/workspace/ros_ur_driver/src/install/ur_robot_driver/share/ur_robot_driver/launch/ur30.launch.py
[17.975s] -- Installing: /home/fv/workspace/ros_ur_driver/src/install/ur_robot_driver/share/ur_robot_driver/launch/test_joint_trajectory_controller.launch.py
[17.976s] -- Installing: /home/fv/workspace/ros_ur_driver/src/install/ur_robot_driver/share/ur_robot_driver/launch/ur10.launch.py
[17.976s] -- Installing: /home/fv/workspace/ros_ur_driver/src/install/ur_robot_driver/share/ur_robot_driver/launch/ur3.launch.py
[17.976s] -- Installing: /home/fv/workspace/ros_ur_driver/src/install/ur_robot_driver/share/ur_robot_driver/launch/ur7e.launch.py
[17.976s] -- Installing: /home/fv/workspace/ros_ur_driver/src/install/ur_robot_driver/share/ur_robot_driver/launch/test_forward_velocity_controller.launch.py
[17.976s] -- Installing: /home/fv/workspace/ros_ur_driver/src/install/ur_robot_driver/share/ur_robot_driver/launch/ur_dashboard_client.launch.py
[17.977s] -- Installing: /home/fv/workspace/ros_ur_driver/src/install/ur_robot_driver/share/ur_robot_driver/launch/ur15.launch.py
[17.977s] -- Installing: /home/fv/workspace/ros_ur_driver/src/install/ur_robot_driver/share/ur_robot_driver/launch/ur10e.launch.py
[17.977s] -- Installing: /home/fv/workspace/ros_ur_driver/src/install/ur_robot_driver/share/ur_robot_driver/urdf
[17.977s] -- Installing: /home/fv/workspace/ros_ur_driver/src/install/ur_robot_driver/share/ur_robot_driver/urdf/ur.urdf.xacro
[17.978s] -- Installing: /home/fv/workspace/ros_ur_driver/src/install/ur_robot_driver/share/ur_robot_driver/urdf/ur.ros2_control.xacro
[17.978s] -- Installing: /home/fv/workspace/ros_ur_driver/src/install/ur_robot_driver/share/ament_index/resource_index/package_run_dependencies/ur_robot_driver
[17.979s] -- Installing: /home/fv/workspace/ros_ur_driver/src/install/ur_robot_driver/share/ament_index/resource_index/parent_prefix_path/ur_robot_driver
[17.979s] -- Installing: /home/fv/workspace/ros_ur_driver/src/install/ur_robot_driver/share/ur_robot_driver/environment/ament_prefix_path.sh
[17.979s] -- Installing: /home/fv/workspace/ros_ur_driver/src/install/ur_robot_driver/share/ur_robot_driver/environment/ament_prefix_path.dsv
[17.979s] -- Installing: /home/fv/workspace/ros_ur_driver/src/install/ur_robot_driver/share/ur_robot_driver/environment/path.sh
[17.980s] -- Installing: /home/fv/workspace/ros_ur_driver/src/install/ur_robot_driver/share/ur_robot_driver/environment/path.dsv
[17.980s] -- Installing: /home/fv/workspace/ros_ur_driver/src/install/ur_robot_driver/share/ur_robot_driver/local_setup.bash
[17.980s] -- Installing: /home/fv/workspace/ros_ur_driver/src/install/ur_robot_driver/share/ur_robot_driver/local_setup.sh
[17.980s] -- Installing: /home/fv/workspace/ros_ur_driver/src/install/ur_robot_driver/share/ur_robot_driver/local_setup.zsh
[17.980s] -- Installing: /home/fv/workspace/ros_ur_driver/src/install/ur_robot_driver/share/ur_robot_driver/local_setup.dsv
[17.981s] -- Installing: /home/fv/workspace/ros_ur_driver/src/install/ur_robot_driver/share/ur_robot_driver/package.dsv
[17.981s] -- Installing: /home/fv/workspace/ros_ur_driver/src/install/ur_robot_driver/share/ament_index/resource_index/packages/ur_robot_driver
[17.981s] -- Installing: /home/fv/workspace/ros_ur_driver/src/install/ur_robot_driver/share/ament_index/resource_index/hardware_interface__pluginlib__plugin/ur_robot_driver
[17.982s] -- Installing: /home/fv/workspace/ros_ur_driver/src/install/ur_robot_driver/share/ur_robot_driver/cmake/ament_cmake_export_include_directories-extras.cmake
[17.982s] -- Installing: /home/fv/workspace/ros_ur_driver/src/install/ur_robot_driver/share/ur_robot_driver/cmake/ament_cmake_export_libraries-extras.cmake
[17.982s] -- Installing: /home/fv/workspace/ros_ur_driver/src/install/ur_robot_driver/share/ur_robot_driver/cmake/ament_cmake_export_dependencies-extras.cmake
[17.982s] -- Installing: /home/fv/workspace/ros_ur_driver/src/install/ur_robot_driver/share/ur_robot_driver/cmake/ur_robot_driverConfig.cmake
[17.983s] -- Installing: /home/fv/workspace/ros_ur_driver/src/install/ur_robot_driver/share/ur_robot_driver/cmake/ur_robot_driverConfig-version.cmake
[17.989s] -- Installing: /home/fv/workspace/ros_ur_driver/src/install/ur_robot_driver/share/ur_robot_driver/package.xml
[17.989s] Invoked command in '/home/fv/workspace/ros_ur_driver/src/build/ur_robot_driver' returned '0': AMENT_PREFIX_PATH=/home/fv/workspace/ros_ur_driver/src/install/ur_controllers:/home/fv/workspace/ros_ur_driver/src/install/ur_msgs:/home/fv/workspace/ros_ur_driver/src/install/ur_description:/home/fv/workspace/ros_ur_driver/src/install/ur_dashboard_msgs:/home/fv/workspace/ros_ur_driver/src/install/realtime_tools:${AMENT_PREFIX_PATH} CMAKE_PREFIX_PATH=/home/fv/workspace/ros_ur_driver/src/install/ur_controllers:/home/fv/workspace/ros_ur_driver/src/install/ur_msgs:/home/fv/workspace/ros_ur_driver/src/install/ur_description:/home/fv/workspace/ros_ur_driver/src/install/ur_dashboard_msgs:/home/fv/workspace/ros_ur_driver/src/install/ur_client_library:/home/fv/workspace/ros_ur_driver/src/install/realtime_tools:/opt/ros/jazzy/opt/sdformat_vendor:/opt/ros/jazzy/opt/gz_math_vendor:/opt/ros/jazzy/opt/gz_utils_vendor:/opt/ros/jazzy/opt/gz_tools_vendor:/opt/ros/jazzy/opt/gz_cmake_vendor:/opt/ros/jazzy CONDA_PROMPT_MODIFIER=(base) DEBUGINFOD_URLS=https://debuginfod.ubuntu.com LD_LIBRARY_PATH=/home/fv/workspace/ros_ur_driver/src/install/ur_controllers/lib:/home/fv/workspace/ros_ur_driver/src/install/ur_msgs/lib:/home/fv/workspace/ros_ur_driver/src/install/ur_dashboard_msgs/lib:/home/fv/workspace/ros_ur_driver/src/install/ur_client_library/lib:/home/fv/workspace/ros_ur_driver/src/install/realtime_tools/lib:${LD_LIBRARY_PATH} PKG_CONFIG_PATH=/home/fv/workspace/ros_ur_driver/src/install/ur_client_library/lib/x86_64-linux-gnu/pkgconfig:/home/fv/workspace/ros_ur_driver/src/install/ur_client_library/lib/pkgconfig PS1=(venv) (base) \[\e]0;\u@\h: \w\a\]${debian_chroot:+($debian_chroot)}\[\033[01;32m\]\u@\h\[\033[00m\]:\[\033[01;34m\]\w\[\033[00m\]\$ PYTHONPATH=/home/fv/workspace/ros_ur_driver/src/install/ur_msgs/lib/python3.13/site-packages:/home/fv/workspace/ros_ur_driver/src/install/ur_dashboard_msgs/lib/python3.13/site-packages:${PYTHONPATH} VIRTUAL_ENV_PROMPT=(venv) /usr/bin/cmake --install /home/fv/workspace/ros_ur_driver/src/build/ur_robot_driver
