[33mCMake Warning at CMakeLists.txt:33 (add_library):
  Cannot generate a safe runtime search path for target moveit_warehouse
  because files in some directories may conflict with libraries in implicit
  directories:

    runtime library [libcrypto.so.3] in /usr/lib/x86_64-linux-gnu may be hidden by files in:
      /home/fv/miniconda3/lib

  Some of these libraries may not be found correctly.

[0m
[33mCMake Warning at CMakeLists.txt:51 (add_executable):
  Cannot generate a safe runtime search path for target
  moveit_warehouse_broadcast because files in some directories may conflict
  with libraries in implicit directories:

    runtime library [libcrypto.so.3] in /usr/lib/x86_64-linux-gnu may be hidden by files in:
      /home/fv/miniconda3/lib

  Some of these libraries may not be found correctly.

[0m
[33mCMake Warning at CMakeLists.txt:56 (add_executable):
  Cannot generate a safe runtime search path for target
  moveit_save_to_warehouse because files in some directories may conflict
  with libraries in implicit directories:

    runtime library [libcrypto.so.3] in /usr/lib/x86_64-linux-gnu may be hidden by files in:
      /home/fv/miniconda3/lib

  Some of these libraries may not be found correctly.

[0m
[33mCMake Warning at CMakeLists.txt:61 (add_executable):
  Cannot generate a safe runtime search path for target
  moveit_warehouse_import_from_text because files in some directories may
  conflict with libraries in implicit directories:

    runtime library [libcrypto.so.3] in /usr/lib/x86_64-linux-gnu may be hidden by files in:
      /home/fv/miniconda3/lib

  Some of these libraries may not be found correctly.

[0m
[33mCMake Warning at CMakeLists.txt:66 (add_executable):
  Cannot generate a safe runtime search path for target
  moveit_warehouse_save_as_text because files in some directories may
  conflict with libraries in implicit directories:

    runtime library [libcrypto.so.3] in /usr/lib/x86_64-linux-gnu may be hidden by files in:
      /home/fv/miniconda3/lib

  Some of these libraries may not be found correctly.

[0m
[33mCMake Warning at CMakeLists.txt:71 (add_executable):
  Cannot generate a safe runtime search path for target
  moveit_init_demo_warehouse because files in some directories may conflict
  with libraries in implicit directories:

    runtime library [libcrypto.so.3] in /usr/lib/x86_64-linux-gnu may be hidden by files in:
      /home/fv/miniconda3/lib

  Some of these libraries may not be found correctly.

[0m
[33mCMake Warning at CMakeLists.txt:76 (add_executable):
  Cannot generate a safe runtime search path for target
  moveit_warehouse_services because files in some directories may conflict
  with libraries in implicit directories:

    runtime library [libcrypto.so.3] in /usr/lib/x86_64-linux-gnu may be hidden by files in:
      /home/fv/miniconda3/lib

  Some of these libraries may not be found correctly.

[0m
