[0.019s] Invoking command in '/home/fv/workspace/ros_ur_driver/src/build/moveit_ros_warehouse': AMENT_PREFIX_PATH=/home/fv/workspace/ros_ur_driver/src/install/moveit_ros_planning:/home/fv/workspace/ros_ur_driver/src/install/moveit_ros_occupancy_map_monitor:/home/fv/workspace/ros_ur_driver/src/install/moveit_core:/home/fv/workspace/ros_ur_driver/src/install/moveit_configs_utils:/home/fv/workspace/ros_ur_driver/src/install/srdfdom:/home/fv/workspace/ros_ur_driver/src/install/moveit_msgs:/home/fv/workspace/ros_ur_driver/src/install/moveit_common:${AMENT_PREFIX_PATH} CMAKE_PREFIX_PATH=/home/fv/workspace/ros_ur_driver/src/install/moveit_ros_planning:/home/fv/workspace/ros_ur_driver/src/install/moveit_ros_occupancy_map_monitor:/home/fv/workspace/ros_ur_driver/src/install/moveit_core:/home/fv/workspace/ros_ur_driver/src/install/srdfdom:/home/fv/workspace/ros_ur_driver/src/install/moveit_msgs:/home/fv/workspace/ros_ur_driver/src/install/moveit_common:/opt/ros/jazzy/opt/sdformat_vendor:/opt/ros/jazzy/opt/gz_math_vendor:/opt/ros/jazzy/opt/gz_utils_vendor:/opt/ros/jazzy/opt/gz_tools_vendor:/opt/ros/jazzy/opt/gz_cmake_vendor:/opt/ros/jazzy CONDA_PROMPT_MODIFIER=(base) DEBUGINFOD_URLS=https://debuginfod.ubuntu.com LD_LIBRARY_PATH=/home/fv/workspace/ros_ur_driver/src/install/moveit_ros_planning/lib:/home/fv/workspace/ros_ur_driver/src/install/moveit_ros_occupancy_map_monitor/lib:/home/fv/workspace/ros_ur_driver/src/install/moveit_core/lib:/home/fv/workspace/ros_ur_driver/src/install/srdfdom/lib:/home/fv/workspace/ros_ur_driver/src/install/moveit_msgs/lib:${LD_LIBRARY_PATH} PATH=/home/fv/workspace/ros_ur_driver/src/install/moveit_core/bin:${PATH} PS1=(venv) (base) \[\e]0;\u@\h: \w\a\]${debian_chroot:+($debian_chroot)}\[\033[01;32m\]\u@\h\[\033[00m\]:\[\033[01;34m\]\w\[\033[00m\]\$ PYTHONPATH=/home/fv/workspace/ros_ur_driver/src/install/moveit_configs_utils/lib/python3.12/site-packages:/home/fv/workspace/ros_ur_driver/src/install/srdfdom/lib/python3.13/site-packages:/home/fv/workspace/ros_ur_driver/src/install/moveit_msgs/lib/python3.13/site-packages:${PYTHONPATH} VIRTUAL_ENV_PROMPT=(venv) /usr/bin/cmake /home/fv/workspace/ros_ur_driver/src/moveit2/moveit_ros/warehouse -DCMAKE_BUILD_TYPE=Release -DCMAKE_INSTALL_PREFIX=/home/fv/workspace/ros_ur_driver/src/install/moveit_ros_warehouse
[0.068s] -- The CXX compiler identification is GNU 13.3.0
[0.079s] -- Detecting CXX compiler ABI info
[0.145s] -- Detecting CXX compiler ABI info - done
[0.155s] -- Check for working CXX compiler: /usr/bin/c++ - skipped
[0.155s] -- Detecting CXX compile features
[0.155s] -- Detecting CXX compile features - done
[0.156s] -- Found moveit_common: 2.14.1 (/home/fv/workspace/ros_ur_driver/src/install/moveit_common/share/moveit_common/cmake)
[0.158s] -- Found ament_cmake: 2.5.4 (/opt/ros/jazzy/share/ament_cmake/cmake)
[0.239s] -- Found Python3: /home/fv/venv/bin/python3 (found version "3.13.5") found components: Interpreter 
[0.380s] -- Found rclcpp: 28.1.12 (/opt/ros/jazzy/share/rclcpp/cmake)
[0.405s] -- Found rosidl_generator_c: 4.6.6 (/opt/ros/jazzy/share/rosidl_generator_c/cmake)
[0.414s] -- Found rosidl_generator_cpp: 4.6.6 (/opt/ros/jazzy/share/rosidl_generator_cpp/cmake)
[0.424s] -- Using all available rosidl_typesupport_c: rosidl_typesupport_fastrtps_c;rosidl_typesupport_introspection_c
[0.435s] -- Using all available rosidl_typesupport_cpp: rosidl_typesupport_fastrtps_cpp;rosidl_typesupport_introspection_cpp
[0.483s] -- Found rmw_implementation_cmake: 7.3.2 (/opt/ros/jazzy/share/rmw_implementation_cmake/cmake)
[0.485s] -- Found rmw_fastrtps_cpp: 8.4.3 (/opt/ros/jazzy/share/rmw_fastrtps_cpp/cmake)
[0.545s] -- Found OpenSSL: /usr/lib/x86_64-linux-gnu/libcrypto.so (found version "3.0.13")  
[0.563s] -- Found FastRTPS: /opt/ros/jazzy/include (Required is at least version "2.13") 
[0.584s] -- Using RMW implementation 'rmw_fastrtps_cpp' as default
[0.632s] -- Found moveit_core: 2.14.1 (/home/fv/workspace/ros_ur_driver/src/install/moveit_core/share/moveit_core/cmake)
[0.740s] -- Found Boost: /usr/lib/x86_64-linux-gnu/cmake/Boost-1.83.0/BoostConfig.cmake (found version "1.83.0") found components: chrono date_time filesystem iostreams program_options regex serialization system thread 
[0.783s] -- Found parameter_traits: 0.5.0 (/opt/ros/jazzy/share/parameter_traits/cmake)
[0.791s] -- Found rclcpp_lifecycle: 28.1.12 (/opt/ros/jazzy/share/rclcpp_lifecycle/cmake)
[0.815s] -- Found Boost: /usr/lib/x86_64-linux-gnu/cmake/Boost-1.83.0/BoostConfig.cmake (found version "1.83.0") found components: filesystem 
[0.904s] -- Found Eigen3: TRUE (found version "3.4.0") 
[0.904s] -- Ensuring Eigen3 include directory is part of orocos-kdl CMake target
[1.136s] -- Found warehouse_ros: 2.0.5 (/opt/ros/jazzy/share/warehouse_ros/cmake)
[1.141s] -- Found moveit_ros_planning: 2.14.1 (/home/fv/workspace/ros_ur_driver/src/install/moveit_ros_planning/share/moveit_ros_planning/cmake)
[1.144s] -- Found Boost: /usr/lib/x86_64-linux-gnu/cmake/Boost-1.83.0/BoostConfig.cmake (found version "1.83.0") found components: system filesystem date_time program_options thread chrono 
[1.175s] -- Found Boost: /usr/lib/x86_64-linux-gnu/cmake/Boost-1.83.0/BoostConfig.cmake (found version "1.83.0") found components: thread system filesystem regex date_time program_options 
[1.177s] -- Performing Test COMPILER_HAS_HIDDEN_VISIBILITY
[1.259s] -- Performing Test COMPILER_HAS_HIDDEN_VISIBILITY - Success
[1.260s] -- Performing Test COMPILER_HAS_HIDDEN_INLINE_VISIBILITY
[1.335s] -- Performing Test COMPILER_HAS_HIDDEN_INLINE_VISIBILITY - Success
[1.335s] -- Performing Test COMPILER_HAS_DEPRECATED_ATTR
[1.421s] -- Performing Test COMPILER_HAS_DEPRECATED_ATTR - Success
[1.451s] -- Configuring done (1.4s)
[1.476s] [33mCMake Warning at CMakeLists.txt:33 (add_library):
[1.476s]   Cannot generate a safe runtime search path for target moveit_warehouse
[1.476s]   because files in some directories may conflict with libraries in implicit
[1.476s]   directories:
[1.476s] 
[1.476s]     runtime library [libcrypto.so.3] in /usr/lib/x86_64-linux-gnu may be hidden by files in:
[1.476s]       /home/fv/miniconda3/lib
[1.476s] 
[1.476s]   Some of these libraries may not be found correctly.
[1.476s] 
[1.476s] [0m
[1.484s] [33mCMake Warning at CMakeLists.txt:51 (add_executable):
[1.484s]   Cannot generate a safe runtime search path for target
[1.484s]   moveit_warehouse_broadcast because files in some directories may conflict
[1.484s]   with libraries in implicit directories:
[1.484s] 
[1.484s]     runtime library [libcrypto.so.3] in /usr/lib/x86_64-linux-gnu may be hidden by files in:
[1.484s]       /home/fv/miniconda3/lib
[1.484s] 
[1.484s]   Some of these libraries may not be found correctly.
[1.484s] 
[1.484s] [0m
[1.491s] [33mCMake Warning at CMakeLists.txt:56 (add_executable):
[1.491s]   Cannot generate a safe runtime search path for target
[1.491s]   moveit_save_to_warehouse because files in some directories may conflict
[1.491s]   with libraries in implicit directories:
[1.491s] 
[1.491s]     runtime library [libcrypto.so.3] in /usr/lib/x86_64-linux-gnu may be hidden by files in:
[1.491s]       /home/fv/miniconda3/lib
[1.492s] 
[1.492s]   Some of these libraries may not be found correctly.
[1.492s] 
[1.492s] [0m
[1.499s] [33mCMake Warning at CMakeLists.txt:61 (add_executable):
[1.499s]   Cannot generate a safe runtime search path for target
[1.499s]   moveit_warehouse_import_from_text because files in some directories may
[1.499s]   conflict with libraries in implicit directories:
[1.499s] 
[1.499s]     runtime library [libcrypto.so.3] in /usr/lib/x86_64-linux-gnu may be hidden by files in:
[1.499s]       /home/fv/miniconda3/lib
[1.499s] 
[1.499s]   Some of these libraries may not be found correctly.
[1.499s] 
[1.499s] [0m
[1.506s] [33mCMake Warning at CMakeLists.txt:66 (add_executable):
[1.506s]   Cannot generate a safe runtime search path for target
[1.506s]   moveit_warehouse_save_as_text because files in some directories may
[1.506s]   conflict with libraries in implicit directories:
[1.506s] 
[1.506s]     runtime library [libcrypto.so.3] in /usr/lib/x86_64-linux-gnu may be hidden by files in:
[1.506s]       /home/fv/miniconda3/lib
[1.506s] 
[1.506s]   Some of these libraries may not be found correctly.
[1.506s] 
[1.506s] [0m
[1.514s] [33mCMake Warning at CMakeLists.txt:71 (add_executable):
[1.514s]   Cannot generate a safe runtime search path for target
[1.514s]   moveit_init_demo_warehouse because files in some directories may conflict
[1.514s]   with libraries in implicit directories:
[1.514s] 
[1.514s]     runtime library [libcrypto.so.3] in /usr/lib/x86_64-linux-gnu may be hidden by files in:
[1.514s]       /home/fv/miniconda3/lib
[1.514s] 
[1.514s]   Some of these libraries may not be found correctly.
[1.514s] 
[1.514s] [0m
[1.521s] [33mCMake Warning at CMakeLists.txt:76 (add_executable):
[1.522s]   Cannot generate a safe runtime search path for target
[1.522s]   moveit_warehouse_services because files in some directories may conflict
[1.522s]   with libraries in implicit directories:
[1.522s] 
[1.522s]     runtime library [libcrypto.so.3] in /usr/lib/x86_64-linux-gnu may be hidden by files in:
[1.522s]       /home/fv/miniconda3/lib
[1.522s] 
[1.522s]   Some of these libraries may not be found correctly.
[1.522s] 
[1.522s] [0m
[1.523s] -- Generating done (0.1s)
[1.538s] -- Build files have been written to: /home/fv/workspace/ros_ur_driver/src/build/moveit_ros_warehouse
[1.549s] Invoked command in '/home/fv/workspace/ros_ur_driver/src/build/moveit_ros_warehouse' returned '0': AMENT_PREFIX_PATH=/home/fv/workspace/ros_ur_driver/src/install/moveit_ros_planning:/home/fv/workspace/ros_ur_driver/src/install/moveit_ros_occupancy_map_monitor:/home/fv/workspace/ros_ur_driver/src/install/moveit_core:/home/fv/workspace/ros_ur_driver/src/install/moveit_configs_utils:/home/fv/workspace/ros_ur_driver/src/install/srdfdom:/home/fv/workspace/ros_ur_driver/src/install/moveit_msgs:/home/fv/workspace/ros_ur_driver/src/install/moveit_common:${AMENT_PREFIX_PATH} CMAKE_PREFIX_PATH=/home/fv/workspace/ros_ur_driver/src/install/moveit_ros_planning:/home/fv/workspace/ros_ur_driver/src/install/moveit_ros_occupancy_map_monitor:/home/fv/workspace/ros_ur_driver/src/install/moveit_core:/home/fv/workspace/ros_ur_driver/src/install/srdfdom:/home/fv/workspace/ros_ur_driver/src/install/moveit_msgs:/home/fv/workspace/ros_ur_driver/src/install/moveit_common:/opt/ros/jazzy/opt/sdformat_vendor:/opt/ros/jazzy/opt/gz_math_vendor:/opt/ros/jazzy/opt/gz_utils_vendor:/opt/ros/jazzy/opt/gz_tools_vendor:/opt/ros/jazzy/opt/gz_cmake_vendor:/opt/ros/jazzy CONDA_PROMPT_MODIFIER=(base) DEBUGINFOD_URLS=https://debuginfod.ubuntu.com LD_LIBRARY_PATH=/home/fv/workspace/ros_ur_driver/src/install/moveit_ros_planning/lib:/home/fv/workspace/ros_ur_driver/src/install/moveit_ros_occupancy_map_monitor/lib:/home/fv/workspace/ros_ur_driver/src/install/moveit_core/lib:/home/fv/workspace/ros_ur_driver/src/install/srdfdom/lib:/home/fv/workspace/ros_ur_driver/src/install/moveit_msgs/lib:${LD_LIBRARY_PATH} PATH=/home/fv/workspace/ros_ur_driver/src/install/moveit_core/bin:${PATH} PS1=(venv) (base) \[\e]0;\u@\h: \w\a\]${debian_chroot:+($debian_chroot)}\[\033[01;32m\]\u@\h\[\033[00m\]:\[\033[01;34m\]\w\[\033[00m\]\$ PYTHONPATH=/home/fv/workspace/ros_ur_driver/src/install/moveit_configs_utils/lib/python3.12/site-packages:/home/fv/workspace/ros_ur_driver/src/install/srdfdom/lib/python3.13/site-packages:/home/fv/workspace/ros_ur_driver/src/install/moveit_msgs/lib/python3.13/site-packages:${PYTHONPATH} VIRTUAL_ENV_PROMPT=(venv) /usr/bin/cmake /home/fv/workspace/ros_ur_driver/src/moveit2/moveit_ros/warehouse -DCMAKE_BUILD_TYPE=Release -DCMAKE_INSTALL_PREFIX=/home/fv/workspace/ros_ur_driver/src/install/moveit_ros_warehouse
[1.549s] Invoking command in '/home/fv/workspace/ros_ur_driver/src/build/moveit_ros_warehouse': AMENT_PREFIX_PATH=/home/fv/workspace/ros_ur_driver/src/install/moveit_ros_planning:/home/fv/workspace/ros_ur_driver/src/install/moveit_ros_occupancy_map_monitor:/home/fv/workspace/ros_ur_driver/src/install/moveit_core:/home/fv/workspace/ros_ur_driver/src/install/moveit_configs_utils:/home/fv/workspace/ros_ur_driver/src/install/srdfdom:/home/fv/workspace/ros_ur_driver/src/install/moveit_msgs:/home/fv/workspace/ros_ur_driver/src/install/moveit_common:${AMENT_PREFIX_PATH} CMAKE_PREFIX_PATH=/home/fv/workspace/ros_ur_driver/src/install/moveit_ros_planning:/home/fv/workspace/ros_ur_driver/src/install/moveit_ros_occupancy_map_monitor:/home/fv/workspace/ros_ur_driver/src/install/moveit_core:/home/fv/workspace/ros_ur_driver/src/install/srdfdom:/home/fv/workspace/ros_ur_driver/src/install/moveit_msgs:/home/fv/workspace/ros_ur_driver/src/install/moveit_common:/opt/ros/jazzy/opt/sdformat_vendor:/opt/ros/jazzy/opt/gz_math_vendor:/opt/ros/jazzy/opt/gz_utils_vendor:/opt/ros/jazzy/opt/gz_tools_vendor:/opt/ros/jazzy/opt/gz_cmake_vendor:/opt/ros/jazzy CONDA_PROMPT_MODIFIER=(base) DEBUGINFOD_URLS=https://debuginfod.ubuntu.com LD_LIBRARY_PATH=/home/fv/workspace/ros_ur_driver/src/install/moveit_ros_planning/lib:/home/fv/workspace/ros_ur_driver/src/install/moveit_ros_occupancy_map_monitor/lib:/home/fv/workspace/ros_ur_driver/src/install/moveit_core/lib:/home/fv/workspace/ros_ur_driver/src/install/srdfdom/lib:/home/fv/workspace/ros_ur_driver/src/install/moveit_msgs/lib:${LD_LIBRARY_PATH} PATH=/home/fv/workspace/ros_ur_driver/src/install/moveit_core/bin:${PATH} PS1=(venv) (base) \[\e]0;\u@\h: \w\a\]${debian_chroot:+($debian_chroot)}\[\033[01;32m\]\u@\h\[\033[00m\]:\[\033[01;34m\]\w\[\033[00m\]\$ PYTHONPATH=/home/fv/workspace/ros_ur_driver/src/install/moveit_configs_utils/lib/python3.12/site-packages:/home/fv/workspace/ros_ur_driver/src/install/srdfdom/lib/python3.13/site-packages:/home/fv/workspace/ros_ur_driver/src/install/moveit_msgs/lib/python3.13/site-packages:${PYTHONPATH} VIRTUAL_ENV_PROMPT=(venv) /usr/bin/cmake --build /home/fv/workspace/ros_ur_driver/src/build/moveit_ros_warehouse -- -j20 -l20
[1.589s] [  5%] [32mBuilding CXX object CMakeFiles/moveit_warehouse.dir/src/constraints_storage.cpp.o[0m
[1.590s] [ 15%] [32mBuilding CXX object CMakeFiles/moveit_warehouse.dir/src/state_storage.cpp.o[0m
[1.590s] [ 15%] [32mBuilding CXX object CMakeFiles/moveit_warehouse.dir/src/planning_scene_storage.cpp.o[0m
[1.591s] [ 20%] [32mBuilding CXX object CMakeFiles/moveit_warehouse.dir/src/warehouse_connector.cpp.o[0m
[1.591s] [ 25%] [32mBuilding CXX object CMakeFiles/moveit_warehouse.dir/src/moveit_message_storage.cpp.o[0m
[1.591s] [ 35%] [32mBuilding CXX object CMakeFiles/moveit_warehouse.dir/src/planning_scene_world_storage.cpp.o[0m
[1.591s] [ 35%] [32mBuilding CXX object CMakeFiles/moveit_warehouse.dir/src/trajectory_constraints_storage.cpp.o[0m
