[0.010s] Invoking command in '/home/fv/workspace/ros_ur_driver/src/build/kinematics_interface_kdl': AMENT_PREFIX_PATH=/home/fv/workspace/ros_ur_driver/src/install/ros2_control_test_assets:/home/fv/workspace/ros_ur_driver/src/install/kinematics_interface:${AMENT_PREFIX_PATH} CMAKE_PREFIX_PATH=/home/fv/workspace/ros_ur_driver/src/install/ros2_control_test_assets:/home/fv/workspace/ros_ur_driver/src/install/kinematics_interface:/opt/ros/jazzy/opt/sdformat_vendor:/opt/ros/jazzy/opt/gz_math_vendor:/opt/ros/jazzy/opt/gz_utils_vendor:/opt/ros/jazzy/opt/gz_tools_vendor:/opt/ros/jazzy/opt/gz_cmake_vendor:/opt/ros/jazzy CONDA_PROMPT_MODIFIER=(base) DEBUGINFOD_URLS=https://debuginfod.ubuntu.com LD_LIBRARY_PATH=/home/fv/workspace/ros_ur_driver/src/install/ros2_control_test_assets/lib:/home/fv/workspace/ros_ur_driver/src/install/kinematics_interface/lib:${LD_LIBRARY_PATH} PS1=(venv) (base) \[\e]0;\u@\h: \w\a\]${debian_chroot:+($debian_chroot)}\[\033[01;32m\]\u@\h\[\033[00m\]:\[\033[01;34m\]\w\[\033[00m\]\$ VIRTUAL_ENV_PROMPT=(venv) /usr/bin/cmake /home/fv/workspace/ros_ur_driver/src/kinematics_interface/kinematics_interface_kdl -DCMAKE_BUILD_TYPE=Release -DCMAKE_INSTALL_PREFIX=/home/fv/workspace/ros_ur_driver/src/install/kinematics_interface_kdl
[0.071s] -- The CXX compiler identification is GNU 13.3.0
[0.091s] -- Detecting CXX compiler ABI info
[0.183s] -- Detecting CXX compiler ABI info - done
[0.189s] -- Check for working CXX compiler: /usr/bin/c++ - skipped
[0.190s] -- Detecting CXX compile features
[0.190s] -- Detecting CXX compile features - done
[0.193s] -- Found ros2_control_cmake: 0.2.1 (/opt/ros/jazzy/share/ros2_control_cmake/cmake)
[0.193s] -- Compiler warnings enabled for GNU
[0.193s] -- Detected GCC Version: 13.3.0 (Major: 13, Minor: 3)
[0.196s] -- Found ament_cmake: 2.5.4 (/opt/ros/jazzy/share/ament_cmake/cmake)
[0.314s] -- Found Python3: /home/fv/venv/bin/python3 (found version "3.13.5") found components: Interpreter 
[0.427s] -- Found kdl_parser: 2.11.0 (/opt/ros/jazzy/share/kdl_parser/cmake)
[0.444s] -- Found eigen3_cmake_module: 0.3.0 (/opt/ros/jazzy/share/eigen3_cmake_module/cmake)
[0.445s] -- Found Eigen3: TRUE (found version "3.4.0") 
[0.445s] -- Ensuring Eigen3 include directory is part of orocos-kdl CMake target
[0.453s] -- Found kinematics_interface: 1.6.0 (/home/fv/workspace/ros_ur_driver/src/install/kinematics_interface/share/kinematics_interface/cmake)
[0.480s] -- Found rosidl_generator_c: 4.6.6 (/opt/ros/jazzy/share/rosidl_generator_c/cmake)
[0.492s] -- Found rosidl_generator_cpp: 4.6.6 (/opt/ros/jazzy/share/rosidl_generator_cpp/cmake)
[0.504s] -- Using all available rosidl_typesupport_c: rosidl_typesupport_fastrtps_c;rosidl_typesupport_introspection_c
[0.524s] -- Using all available rosidl_typesupport_cpp: rosidl_typesupport_fastrtps_cpp;rosidl_typesupport_introspection_cpp
[0.609s] -- Found rmw_implementation_cmake: 7.3.2 (/opt/ros/jazzy/share/rmw_implementation_cmake/cmake)
[0.613s] -- Found rmw_fastrtps_cpp: 8.4.3 (/opt/ros/jazzy/share/rmw_fastrtps_cpp/cmake)
[0.690s] -- Found OpenSSL: /usr/lib/x86_64-linux-gnu/libcrypto.so (found version "3.0.13")  
[0.711s] -- Found FastRTPS: /opt/ros/jazzy/include (Required is at least version "2.13") 
[0.741s] -- Using RMW implementation 'rmw_fastrtps_cpp' as default
[0.891s] -- Found pluginlib: 5.4.2 (/opt/ros/jazzy/share/pluginlib/cmake)
[0.909s] -- Found tf2_eigen_kdl: 0.36.14 (/opt/ros/jazzy/share/tf2_eigen_kdl/cmake)
[0.967s] -- Found ament_cmake_gmock: 2.5.4 (/opt/ros/jazzy/share/ament_cmake_gmock/cmake)
[0.968s] -- Found ros2_control_test_assets: 5.7.0 (/home/fv/workspace/ros_ur_driver/src/install/ros2_control_test_assets/share/ros2_control_test_assets/cmake)
[0.971s] -- Found gmock sources under '/opt/ros/jazzy/src/gmock_vendor': C++ tests using 'Google Mock' will be built
[1.016s] -- The C compiler identification is GNU 13.3.0
[1.029s] -- Detecting C compiler ABI info
[1.139s] -- Detecting C compiler ABI info - done
[1.148s] -- Check for working C compiler: /usr/bin/cc - skipped
[1.148s] -- Detecting C compile features
[1.149s] -- Detecting C compile features - done
[1.153s] -- Found ament_cmake_gtest: 2.5.4 (/opt/ros/jazzy/share/ament_cmake_gtest/cmake)
[1.154s] -- Found gtest sources under '/opt/ros/jazzy/src/gtest_vendor': C++ tests using 'Google Test' will be built
[1.256s] -- Configuring done (1.2s)
[1.279s] -- Generating done (0.0s)
[1.287s] -- Build files have been written to: /home/fv/workspace/ros_ur_driver/src/build/kinematics_interface_kdl
[1.301s] Invoked command in '/home/fv/workspace/ros_ur_driver/src/build/kinematics_interface_kdl' returned '0': AMENT_PREFIX_PATH=/home/fv/workspace/ros_ur_driver/src/install/ros2_control_test_assets:/home/fv/workspace/ros_ur_driver/src/install/kinematics_interface:${AMENT_PREFIX_PATH} CMAKE_PREFIX_PATH=/home/fv/workspace/ros_ur_driver/src/install/ros2_control_test_assets:/home/fv/workspace/ros_ur_driver/src/install/kinematics_interface:/opt/ros/jazzy/opt/sdformat_vendor:/opt/ros/jazzy/opt/gz_math_vendor:/opt/ros/jazzy/opt/gz_utils_vendor:/opt/ros/jazzy/opt/gz_tools_vendor:/opt/ros/jazzy/opt/gz_cmake_vendor:/opt/ros/jazzy CONDA_PROMPT_MODIFIER=(base) DEBUGINFOD_URLS=https://debuginfod.ubuntu.com LD_LIBRARY_PATH=/home/fv/workspace/ros_ur_driver/src/install/ros2_control_test_assets/lib:/home/fv/workspace/ros_ur_driver/src/install/kinematics_interface/lib:${LD_LIBRARY_PATH} PS1=(venv) (base) \[\e]0;\u@\h: \w\a\]${debian_chroot:+($debian_chroot)}\[\033[01;32m\]\u@\h\[\033[00m\]:\[\033[01;34m\]\w\[\033[00m\]\$ VIRTUAL_ENV_PROMPT=(venv) /usr/bin/cmake /home/fv/workspace/ros_ur_driver/src/kinematics_interface/kinematics_interface_kdl -DCMAKE_BUILD_TYPE=Release -DCMAKE_INSTALL_PREFIX=/home/fv/workspace/ros_ur_driver/src/install/kinematics_interface_kdl
[1.302s] Invoking command in '/home/fv/workspace/ros_ur_driver/src/build/kinematics_interface_kdl': AMENT_PREFIX_PATH=/home/fv/workspace/ros_ur_driver/src/install/ros2_control_test_assets:/home/fv/workspace/ros_ur_driver/src/install/kinematics_interface:${AMENT_PREFIX_PATH} CMAKE_PREFIX_PATH=/home/fv/workspace/ros_ur_driver/src/install/ros2_control_test_assets:/home/fv/workspace/ros_ur_driver/src/install/kinematics_interface:/opt/ros/jazzy/opt/sdformat_vendor:/opt/ros/jazzy/opt/gz_math_vendor:/opt/ros/jazzy/opt/gz_utils_vendor:/opt/ros/jazzy/opt/gz_tools_vendor:/opt/ros/jazzy/opt/gz_cmake_vendor:/opt/ros/jazzy CONDA_PROMPT_MODIFIER=(base) DEBUGINFOD_URLS=https://debuginfod.ubuntu.com LD_LIBRARY_PATH=/home/fv/workspace/ros_ur_driver/src/install/ros2_control_test_assets/lib:/home/fv/workspace/ros_ur_driver/src/install/kinematics_interface/lib:${LD_LIBRARY_PATH} PS1=(venv) (base) \[\e]0;\u@\h: \w\a\]${debian_chroot:+($debian_chroot)}\[\033[01;32m\]\u@\h\[\033[00m\]:\[\033[01;34m\]\w\[\033[00m\]\$ VIRTUAL_ENV_PROMPT=(venv) /usr/bin/cmake --build /home/fv/workspace/ros_ur_driver/src/build/kinematics_interface_kdl -- -j20 -l20
[1.338s] [ 11%] [32mBuilding CXX object gmock/CMakeFiles/gmock_main.dir/src/gmock_main.cc.o[0m
[1.340s] [ 33%] [32mBuilding CXX object CMakeFiles/kinematics_interface_kdl.dir/src/kinematics_interface_kdl.cpp.o[0m
[1.341s] [ 33%] [32mBuilding CXX object gmock/CMakeFiles/gmock.dir/opt/ros/jazzy/src/gtest_vendor/src/gtest-all.cc.o[0m
[1.341s] [ 44%] [32mBuilding CXX object gmock/CMakeFiles/gmock.dir/src/gmock-all.cc.o[0m
[2.594s] [ 55%] [32m[1mLinking CXX static library libgmock_main.a[0m
[2.670s] [ 55%] Built target gmock_main
[13.669s] [ 66%] [32m[1mLinking CXX static library libgmock.a[0m
[13.731s] [ 66%] Built target gmock
[14.267s] [ 77%] [32m[1mLinking CXX shared library libkinematics_interface_kdl.so[0m
[14.406s] [ 77%] Built target kinematics_interface_kdl
[14.419s] [ 88%] [32mBuilding CXX object CMakeFiles/test_kinematics_interface_kdl.dir/test/test_kinematics_interface_kdl.cpp.o[0m
[31.278s] [100%] [32m[1mLinking CXX executable test_kinematics_interface_kdl[0m
[31.395s] [100%] Built target test_kinematics_interface_kdl
[31.405s] Invoked command in '/home/fv/workspace/ros_ur_driver/src/build/kinematics_interface_kdl' returned '0': AMENT_PREFIX_PATH=/home/fv/workspace/ros_ur_driver/src/install/ros2_control_test_assets:/home/fv/workspace/ros_ur_driver/src/install/kinematics_interface:${AMENT_PREFIX_PATH} CMAKE_PREFIX_PATH=/home/fv/workspace/ros_ur_driver/src/install/ros2_control_test_assets:/home/fv/workspace/ros_ur_driver/src/install/kinematics_interface:/opt/ros/jazzy/opt/sdformat_vendor:/opt/ros/jazzy/opt/gz_math_vendor:/opt/ros/jazzy/opt/gz_utils_vendor:/opt/ros/jazzy/opt/gz_tools_vendor:/opt/ros/jazzy/opt/gz_cmake_vendor:/opt/ros/jazzy CONDA_PROMPT_MODIFIER=(base) DEBUGINFOD_URLS=https://debuginfod.ubuntu.com LD_LIBRARY_PATH=/home/fv/workspace/ros_ur_driver/src/install/ros2_control_test_assets/lib:/home/fv/workspace/ros_ur_driver/src/install/kinematics_interface/lib:${LD_LIBRARY_PATH} PS1=(venv) (base) \[\e]0;\u@\h: \w\a\]${debian_chroot:+($debian_chroot)}\[\033[01;32m\]\u@\h\[\033[00m\]:\[\033[01;34m\]\w\[\033[00m\]\$ VIRTUAL_ENV_PROMPT=(venv) /usr/bin/cmake --build /home/fv/workspace/ros_ur_driver/src/build/kinematics_interface_kdl -- -j20 -l20
[31.406s] Invoking command in '/home/fv/workspace/ros_ur_driver/src/build/kinematics_interface_kdl': AMENT_PREFIX_PATH=/home/fv/workspace/ros_ur_driver/src/install/ros2_control_test_assets:/home/fv/workspace/ros_ur_driver/src/install/kinematics_interface:${AMENT_PREFIX_PATH} CMAKE_PREFIX_PATH=/home/fv/workspace/ros_ur_driver/src/install/ros2_control_test_assets:/home/fv/workspace/ros_ur_driver/src/install/kinematics_interface:/opt/ros/jazzy/opt/sdformat_vendor:/opt/ros/jazzy/opt/gz_math_vendor:/opt/ros/jazzy/opt/gz_utils_vendor:/opt/ros/jazzy/opt/gz_tools_vendor:/opt/ros/jazzy/opt/gz_cmake_vendor:/opt/ros/jazzy CONDA_PROMPT_MODIFIER=(base) DEBUGINFOD_URLS=https://debuginfod.ubuntu.com LD_LIBRARY_PATH=/home/fv/workspace/ros_ur_driver/src/install/ros2_control_test_assets/lib:/home/fv/workspace/ros_ur_driver/src/install/kinematics_interface/lib:${LD_LIBRARY_PATH} PS1=(venv) (base) \[\e]0;\u@\h: \w\a\]${debian_chroot:+($debian_chroot)}\[\033[01;32m\]\u@\h\[\033[00m\]:\[\033[01;34m\]\w\[\033[00m\]\$ VIRTUAL_ENV_PROMPT=(venv) /usr/bin/cmake --install /home/fv/workspace/ros_ur_driver/src/build/kinematics_interface_kdl
[31.411s] -- Install configuration: "Release"
[31.411s] -- Installing: /home/fv/workspace/ros_ur_driver/src/install/kinematics_interface_kdl/share/kinematics_interface_kdl/kinematics_interface_kdl.xml
[31.411s] -- Installing: /home/fv/workspace/ros_ur_driver/src/install/kinematics_interface_kdl/include/kinematics_interface_kdl
[31.411s] -- Installing: /home/fv/workspace/ros_ur_driver/src/install/kinematics_interface_kdl/include/kinematics_interface_kdl/kinematics_interface_kdl
[31.411s] -- Installing: /home/fv/workspace/ros_ur_driver/src/install/kinematics_interface_kdl/include/kinematics_interface_kdl/kinematics_interface_kdl/kinematics_interface_kdl.hpp
[31.412s] -- Installing: /home/fv/workspace/ros_ur_driver/src/install/kinematics_interface_kdl/lib/libkinematics_interface_kdl.so
[31.412s] -- Set non-toolchain portion of runtime path of "/home/fv/workspace/ros_ur_driver/src/install/kinematics_interface_kdl/lib/libkinematics_interface_kdl.so" to ""
[31.412s] -- Installing: /home/fv/workspace/ros_ur_driver/src/install/kinematics_interface_kdl/share/kinematics_interface_kdl/environment/library_path.sh
[31.412s] -- Installing: /home/fv/workspace/ros_ur_driver/src/install/kinematics_interface_kdl/share/kinematics_interface_kdl/environment/library_path.dsv
[31.412s] -- Installing: /home/fv/workspace/ros_ur_driver/src/install/kinematics_interface_kdl/share/ament_index/resource_index/package_run_dependencies/kinematics_interface_kdl
[31.412s] -- Installing: /home/fv/workspace/ros_ur_driver/src/install/kinematics_interface_kdl/share/ament_index/resource_index/parent_prefix_path/kinematics_interface_kdl
[31.412s] -- Installing: /home/fv/workspace/ros_ur_driver/src/install/kinematics_interface_kdl/share/kinematics_interface_kdl/environment/ament_prefix_path.sh
[31.412s] -- Installing: /home/fv/workspace/ros_ur_driver/src/install/kinematics_interface_kdl/share/kinematics_interface_kdl/environment/ament_prefix_path.dsv
[31.412s] -- Installing: /home/fv/workspace/ros_ur_driver/src/install/kinematics_interface_kdl/share/kinematics_interface_kdl/environment/path.sh
[31.412s] -- Installing: /home/fv/workspace/ros_ur_driver/src/install/kinematics_interface_kdl/share/kinematics_interface_kdl/environment/path.dsv
[31.413s] -- Installing: /home/fv/workspace/ros_ur_driver/src/install/kinematics_interface_kdl/share/kinematics_interface_kdl/local_setup.bash
[31.413s] -- Installing: /home/fv/workspace/ros_ur_driver/src/install/kinematics_interface_kdl/share/kinematics_interface_kdl/local_setup.sh
[31.413s] -- Installing: /home/fv/workspace/ros_ur_driver/src/install/kinematics_interface_kdl/share/kinematics_interface_kdl/local_setup.zsh
[31.413s] -- Installing: /home/fv/workspace/ros_ur_driver/src/install/kinematics_interface_kdl/share/kinematics_interface_kdl/local_setup.dsv
[31.413s] -- Installing: /home/fv/workspace/ros_ur_driver/src/install/kinematics_interface_kdl/share/kinematics_interface_kdl/package.dsv
[31.413s] -- Installing: /home/fv/workspace/ros_ur_driver/src/install/kinematics_interface_kdl/share/ament_index/resource_index/packages/kinematics_interface_kdl
[31.413s] -- Installing: /home/fv/workspace/ros_ur_driver/src/install/kinematics_interface_kdl/share/ament_index/resource_index/kinematics_interface__pluginlib__plugin/kinematics_interface_kdl
[31.413s] -- Installing: /home/fv/workspace/ros_ur_driver/src/install/kinematics_interface_kdl/share/kinematics_interface_kdl/cmake/export_kinematics_interface_kdlExport.cmake
[31.413s] -- Installing: /home/fv/workspace/ros_ur_driver/src/install/kinematics_interface_kdl/share/kinematics_interface_kdl/cmake/export_kinematics_interface_kdlExport-release.cmake
[31.413s] -- Installing: /home/fv/workspace/ros_ur_driver/src/install/kinematics_interface_kdl/share/kinematics_interface_kdl/cmake/ament_cmake_export_targets-extras.cmake
[31.413s] -- Installing: /home/fv/workspace/ros_ur_driver/src/install/kinematics_interface_kdl/share/kinematics_interface_kdl/cmake/ament_cmake_export_dependencies-extras.cmake
[31.413s] -- Installing: /home/fv/workspace/ros_ur_driver/src/install/kinematics_interface_kdl/share/kinematics_interface_kdl/cmake/kinematics_interface_kdlConfig.cmake
[31.414s] -- Installing: /home/fv/workspace/ros_ur_driver/src/install/kinematics_interface_kdl/share/kinematics_interface_kdl/cmake/kinematics_interface_kdlConfig-version.cmake
[31.414s] -- Installing: /home/fv/workspace/ros_ur_driver/src/install/kinematics_interface_kdl/share/kinematics_interface_kdl/package.xml
[31.415s] Invoked command in '/home/fv/workspace/ros_ur_driver/src/build/kinematics_interface_kdl' returned '0': AMENT_PREFIX_PATH=/home/fv/workspace/ros_ur_driver/src/install/ros2_control_test_assets:/home/fv/workspace/ros_ur_driver/src/install/kinematics_interface:${AMENT_PREFIX_PATH} CMAKE_PREFIX_PATH=/home/fv/workspace/ros_ur_driver/src/install/ros2_control_test_assets:/home/fv/workspace/ros_ur_driver/src/install/kinematics_interface:/opt/ros/jazzy/opt/sdformat_vendor:/opt/ros/jazzy/opt/gz_math_vendor:/opt/ros/jazzy/opt/gz_utils_vendor:/opt/ros/jazzy/opt/gz_tools_vendor:/opt/ros/jazzy/opt/gz_cmake_vendor:/opt/ros/jazzy CONDA_PROMPT_MODIFIER=(base) DEBUGINFOD_URLS=https://debuginfod.ubuntu.com LD_LIBRARY_PATH=/home/fv/workspace/ros_ur_driver/src/install/ros2_control_test_assets/lib:/home/fv/workspace/ros_ur_driver/src/install/kinematics_interface/lib:${LD_LIBRARY_PATH} PS1=(venv) (base) \[\e]0;\u@\h: \w\a\]${debian_chroot:+($debian_chroot)}\[\033[01;32m\]\u@\h\[\033[00m\]:\[\033[01;34m\]\w\[\033[00m\]\$ VIRTUAL_ENV_PROMPT=(venv) /usr/bin/cmake --install /home/fv/workspace/ros_ur_driver/src/build/kinematics_interface_kdl
