[0.012s] Invoking command in '/home/fv/workspace/ros_ur_driver/src/build/moveit_planners_stomp': AMENT_PREFIX_PATH=/home/fv/workspace/ros_ur_driver/src/install/moveit_core:/home/fv/workspace/ros_ur_driver/src/install/srdfdom:/home/fv/workspace/ros_ur_driver/src/install/moveit_msgs:/home/fv/workspace/ros_ur_driver/src/install/moveit_common:${AMENT_PREFIX_PATH} CMAKE_PREFIX_PATH=/home/fv/workspace/ros_ur_driver/src/install/moveit_core:/home/fv/workspace/ros_ur_driver/src/install/srdfdom:/home/fv/workspace/ros_ur_driver/src/install/moveit_msgs:/home/fv/workspace/ros_ur_driver/src/install/moveit_common:/opt/ros/jazzy/opt/sdformat_vendor:/opt/ros/jazzy/opt/gz_math_vendor:/opt/ros/jazzy/opt/gz_utils_vendor:/opt/ros/jazzy/opt/gz_tools_vendor:/opt/ros/jazzy/opt/gz_cmake_vendor:/opt/ros/jazzy CONDA_PROMPT_MODIFIER=(base) DEBUGINFOD_URLS=https://debuginfod.ubuntu.com LD_LIBRARY_PATH=/home/fv/workspace/ros_ur_driver/src/install/moveit_core/lib:/home/fv/workspace/ros_ur_driver/src/install/srdfdom/lib:/home/fv/workspace/ros_ur_driver/src/install/moveit_msgs/lib:${LD_LIBRARY_PATH} PATH=/home/fv/workspace/ros_ur_driver/src/install/moveit_core/bin:${PATH} PS1=(venv) (base) \[\e]0;\u@\h: \w\a\]${debian_chroot:+($debian_chroot)}\[\033[01;32m\]\u@\h\[\033[00m\]:\[\033[01;34m\]\w\[\033[00m\]\$ PYTHONPATH=/home/fv/workspace/ros_ur_driver/src/install/srdfdom/lib/python3.13/site-packages:/home/fv/workspace/ros_ur_driver/src/install/moveit_msgs/lib/python3.13/site-packages:${PYTHONPATH} VIRTUAL_ENV_PROMPT=(venv) /usr/bin/cmake /home/fv/workspace/ros_ur_driver/src/moveit2/moveit_planners/stomp -DCMAKE_BUILD_TYPE=Release -DCMAKE_INSTALL_PREFIX=/home/fv/workspace/ros_ur_driver/src/install/moveit_planners_stomp
[0.099s] -- The C compiler identification is GNU 13.3.0
[0.132s] -- The CXX compiler identification is GNU 13.3.0
[0.144s] -- Detecting C compiler ABI info
[0.213s] -- Detecting C compiler ABI info - done
[0.218s] -- Check for working C compiler: /usr/bin/cc - skipped
[0.219s] -- Detecting C compile features
[0.219s] -- Detecting C compile features - done
[0.226s] -- Detecting CXX compiler ABI info
[0.301s] -- Detecting CXX compiler ABI info - done
[0.307s] -- Check for working CXX compiler: /usr/bin/c++ - skipped
[0.307s] -- Detecting CXX compile features
[0.308s] -- Detecting CXX compile features - done
[0.308s] -- Found moveit_common: 2.14.1 (/home/fv/workspace/ros_ur_driver/src/install/moveit_common/share/moveit_common/cmake)
[0.310s] -- Found ament_cmake: 2.5.4 (/opt/ros/jazzy/share/ament_cmake/cmake)
[0.404s] -- Found Python3: /home/fv/venv/bin/python3 (found version "3.13.5") found components: Interpreter 
[0.535s] -- Found generate_parameter_library: 0.5.0 (/opt/ros/jazzy/share/generate_parameter_library/cmake)
[0.538s] -- Found parameter_traits: 0.5.0 (/opt/ros/jazzy/share/parameter_traits/cmake)
[0.571s] -- Found rosidl_generator_c: 4.6.6 (/opt/ros/jazzy/share/rosidl_generator_c/cmake)
[0.580s] -- Found rosidl_generator_cpp: 4.6.6 (/opt/ros/jazzy/share/rosidl_generator_cpp/cmake)
[0.590s] -- Using all available rosidl_typesupport_c: rosidl_typesupport_fastrtps_c;rosidl_typesupport_introspection_c
[0.602s] -- Using all available rosidl_typesupport_cpp: rosidl_typesupport_fastrtps_cpp;rosidl_typesupport_introspection_cpp
[0.651s] -- Found rmw_implementation_cmake: 7.3.2 (/opt/ros/jazzy/share/rmw_implementation_cmake/cmake)
[0.653s] -- Found rmw_fastrtps_cpp: 8.4.3 (/opt/ros/jazzy/share/rmw_fastrtps_cpp/cmake)
[0.710s] -- Found OpenSSL: /usr/lib/x86_64-linux-gnu/libcrypto.so (found version "3.0.13")  
[0.730s] -- Found FastRTPS: /opt/ros/jazzy/include (Required is at least version "2.13") 
[0.753s] -- Using RMW implementation 'rmw_fastrtps_cpp' as default
[0.812s] -- Found rclcpp_lifecycle: 28.1.12 (/opt/ros/jazzy/share/rclcpp_lifecycle/cmake)
[0.832s] -- Found moveit_core: 2.14.1 (/home/fv/workspace/ros_ur_driver/src/install/moveit_core/share/moveit_core/cmake)
[0.950s] -- Found Boost: /usr/lib/x86_64-linux-gnu/cmake/Boost-1.83.0/BoostConfig.cmake (found version "1.83.0") found components: chrono date_time filesystem iostreams program_options regex serialization system thread 
[0.985s] -- Found Boost: /usr/lib/x86_64-linux-gnu/cmake/Boost-1.83.0/BoostConfig.cmake (found version "1.83.0") found components: filesystem 
[1.077s] -- Found Eigen3: TRUE (found version "3.4.0") 
[1.077s] -- Ensuring Eigen3 include directory is part of orocos-kdl CMake target
[1.314s] -- Found ament_cmake_gtest: 2.5.4 (/opt/ros/jazzy/share/ament_cmake_gtest/cmake)
[1.317s] -- Found gtest sources under '/opt/ros/jazzy/src/gtest_vendor': C++ tests using 'Google Test' will be built
[1.320s] -- Found Threads: TRUE  
[1.329s] -- Configuring done (1.3s)
[1.378s] -- Generating done (0.0s)
[1.390s] -- Build files have been written to: /home/fv/workspace/ros_ur_driver/src/build/moveit_planners_stomp
[1.409s] Invoked command in '/home/fv/workspace/ros_ur_driver/src/build/moveit_planners_stomp' returned '0': AMENT_PREFIX_PATH=/home/fv/workspace/ros_ur_driver/src/install/moveit_core:/home/fv/workspace/ros_ur_driver/src/install/srdfdom:/home/fv/workspace/ros_ur_driver/src/install/moveit_msgs:/home/fv/workspace/ros_ur_driver/src/install/moveit_common:${AMENT_PREFIX_PATH} CMAKE_PREFIX_PATH=/home/fv/workspace/ros_ur_driver/src/install/moveit_core:/home/fv/workspace/ros_ur_driver/src/install/srdfdom:/home/fv/workspace/ros_ur_driver/src/install/moveit_msgs:/home/fv/workspace/ros_ur_driver/src/install/moveit_common:/opt/ros/jazzy/opt/sdformat_vendor:/opt/ros/jazzy/opt/gz_math_vendor:/opt/ros/jazzy/opt/gz_utils_vendor:/opt/ros/jazzy/opt/gz_tools_vendor:/opt/ros/jazzy/opt/gz_cmake_vendor:/opt/ros/jazzy CONDA_PROMPT_MODIFIER=(base) DEBUGINFOD_URLS=https://debuginfod.ubuntu.com LD_LIBRARY_PATH=/home/fv/workspace/ros_ur_driver/src/install/moveit_core/lib:/home/fv/workspace/ros_ur_driver/src/install/srdfdom/lib:/home/fv/workspace/ros_ur_driver/src/install/moveit_msgs/lib:${LD_LIBRARY_PATH} PATH=/home/fv/workspace/ros_ur_driver/src/install/moveit_core/bin:${PATH} PS1=(venv) (base) \[\e]0;\u@\h: \w\a\]${debian_chroot:+($debian_chroot)}\[\033[01;32m\]\u@\h\[\033[00m\]:\[\033[01;34m\]\w\[\033[00m\]\$ PYTHONPATH=/home/fv/workspace/ros_ur_driver/src/install/srdfdom/lib/python3.13/site-packages:/home/fv/workspace/ros_ur_driver/src/install/moveit_msgs/lib/python3.13/site-packages:${PYTHONPATH} VIRTUAL_ENV_PROMPT=(venv) /usr/bin/cmake /home/fv/workspace/ros_ur_driver/src/moveit2/moveit_planners/stomp -DCMAKE_BUILD_TYPE=Release -DCMAKE_INSTALL_PREFIX=/home/fv/workspace/ros_ur_driver/src/install/moveit_planners_stomp
[1.410s] Invoking command in '/home/fv/workspace/ros_ur_driver/src/build/moveit_planners_stomp': AMENT_PREFIX_PATH=/home/fv/workspace/ros_ur_driver/src/install/moveit_core:/home/fv/workspace/ros_ur_driver/src/install/srdfdom:/home/fv/workspace/ros_ur_driver/src/install/moveit_msgs:/home/fv/workspace/ros_ur_driver/src/install/moveit_common:${AMENT_PREFIX_PATH} CMAKE_PREFIX_PATH=/home/fv/workspace/ros_ur_driver/src/install/moveit_core:/home/fv/workspace/ros_ur_driver/src/install/srdfdom:/home/fv/workspace/ros_ur_driver/src/install/moveit_msgs:/home/fv/workspace/ros_ur_driver/src/install/moveit_common:/opt/ros/jazzy/opt/sdformat_vendor:/opt/ros/jazzy/opt/gz_math_vendor:/opt/ros/jazzy/opt/gz_utils_vendor:/opt/ros/jazzy/opt/gz_tools_vendor:/opt/ros/jazzy/opt/gz_cmake_vendor:/opt/ros/jazzy CONDA_PROMPT_MODIFIER=(base) DEBUGINFOD_URLS=https://debuginfod.ubuntu.com LD_LIBRARY_PATH=/home/fv/workspace/ros_ur_driver/src/install/moveit_core/lib:/home/fv/workspace/ros_ur_driver/src/install/srdfdom/lib:/home/fv/workspace/ros_ur_driver/src/install/moveit_msgs/lib:${LD_LIBRARY_PATH} PATH=/home/fv/workspace/ros_ur_driver/src/install/moveit_core/bin:${PATH} PS1=(venv) (base) \[\e]0;\u@\h: \w\a\]${debian_chroot:+($debian_chroot)}\[\033[01;32m\]\u@\h\[\033[00m\]:\[\033[01;34m\]\w\[\033[00m\]\$ PYTHONPATH=/home/fv/workspace/ros_ur_driver/src/install/srdfdom/lib/python3.13/site-packages:/home/fv/workspace/ros_ur_driver/src/install/moveit_msgs/lib/python3.13/site-packages:${PYTHONPATH} VIRTUAL_ENV_PROMPT=(venv) /usr/bin/cmake --build /home/fv/workspace/ros_ur_driver/src/build/moveit_planners_stomp -- -j20 -l20
[1.459s] [  7%] [34m[1mRunning `/opt/ros/jazzy/bin/generate_parameter_library_cpp /home/fv/workspace/ros_ur_driver/src/build/moveit_planners_stomp/include/moveit_planners_stomp/stomp_moveit_parameters.hpp /home/fv/workspace/ros_ur_driver/src/moveit2/moveit_planners/stomp/res/stomp_moveit.yaml `[0m
[1.459s] [ 23%] [32mBuilding CXX object gtest/CMakeFiles/gtest.dir/src/gtest-all.cc.o[0m
[1.459s] [ 23%] [32mBuilding CXX object gtest/CMakeFiles/gtest_main.dir/src/gtest_main.cc.o[0m
[2.250s] [ 30%] [34m[1mCreating deprecated header file /home/fv/workspace/ros_ur_driver/src/build/moveit_planners_stomp/include/stomp_moveit_parameters.hpp[0m
[2.278s] [ 30%] Built target stomp_moveit_parameters
[2.314s] [ 38%] [32m[1mLinking CXX static library libgtest_main.a[0m
[2.323s] [ 46%] [32mBuilding CXX object CMakeFiles/stomp_moveit_plugin.dir/src/stomp_moveit_planner_plugin.cpp.o[0m
[2.323s] [ 53%] [32mBuilding CXX object CMakeFiles/stomp_moveit_plugin.dir/src/stomp_moveit_planning_context.cpp.o[0m
[2.357s] [ 53%] Built target gtest_main
[9.116s] [ 61%] [32m[1mLinking CXX static library libgtest.a[0m
[9.148s] [ 61%] Built target gtest
[9.162s] [ 69%] [32mBuilding CXX object test/CMakeFiles/test_noise_generator.dir/test_noise_generator.cpp.o[0m
[9.168s] [ 76%] [32mBuilding CXX object test/CMakeFiles/test_cost_functions.dir/test_cost_functions.cpp.o[0m
[13.726s] [ 84%] [32m[1mLinking CXX executable test_noise_generator[0m
[13.835s] [ 84%] Built target test_noise_generator
[14.770s] [ 92%] [32m[1mLinking CXX executable test_cost_functions[0m
[14.943s] [ 92%] Built target test_cost_functions
[16.550s] [100%] [32m[1mLinking CXX shared library libstomp_moveit_plugin.so[0m
[16.756s] [100%] Built target stomp_moveit_plugin
[16.768s] Invoked command in '/home/fv/workspace/ros_ur_driver/src/build/moveit_planners_stomp' returned '0': AMENT_PREFIX_PATH=/home/fv/workspace/ros_ur_driver/src/install/moveit_core:/home/fv/workspace/ros_ur_driver/src/install/srdfdom:/home/fv/workspace/ros_ur_driver/src/install/moveit_msgs:/home/fv/workspace/ros_ur_driver/src/install/moveit_common:${AMENT_PREFIX_PATH} CMAKE_PREFIX_PATH=/home/fv/workspace/ros_ur_driver/src/install/moveit_core:/home/fv/workspace/ros_ur_driver/src/install/srdfdom:/home/fv/workspace/ros_ur_driver/src/install/moveit_msgs:/home/fv/workspace/ros_ur_driver/src/install/moveit_common:/opt/ros/jazzy/opt/sdformat_vendor:/opt/ros/jazzy/opt/gz_math_vendor:/opt/ros/jazzy/opt/gz_utils_vendor:/opt/ros/jazzy/opt/gz_tools_vendor:/opt/ros/jazzy/opt/gz_cmake_vendor:/opt/ros/jazzy CONDA_PROMPT_MODIFIER=(base) DEBUGINFOD_URLS=https://debuginfod.ubuntu.com LD_LIBRARY_PATH=/home/fv/workspace/ros_ur_driver/src/install/moveit_core/lib:/home/fv/workspace/ros_ur_driver/src/install/srdfdom/lib:/home/fv/workspace/ros_ur_driver/src/install/moveit_msgs/lib:${LD_LIBRARY_PATH} PATH=/home/fv/workspace/ros_ur_driver/src/install/moveit_core/bin:${PATH} PS1=(venv) (base) \[\e]0;\u@\h: \w\a\]${debian_chroot:+($debian_chroot)}\[\033[01;32m\]\u@\h\[\033[00m\]:\[\033[01;34m\]\w\[\033[00m\]\$ PYTHONPATH=/home/fv/workspace/ros_ur_driver/src/install/srdfdom/lib/python3.13/site-packages:/home/fv/workspace/ros_ur_driver/src/install/moveit_msgs/lib/python3.13/site-packages:${PYTHONPATH} VIRTUAL_ENV_PROMPT=(venv) /usr/bin/cmake --build /home/fv/workspace/ros_ur_driver/src/build/moveit_planners_stomp -- -j20 -l20
[16.769s] Invoking command in '/home/fv/workspace/ros_ur_driver/src/build/moveit_planners_stomp': AMENT_PREFIX_PATH=/home/fv/workspace/ros_ur_driver/src/install/moveit_core:/home/fv/workspace/ros_ur_driver/src/install/srdfdom:/home/fv/workspace/ros_ur_driver/src/install/moveit_msgs:/home/fv/workspace/ros_ur_driver/src/install/moveit_common:${AMENT_PREFIX_PATH} CMAKE_PREFIX_PATH=/home/fv/workspace/ros_ur_driver/src/install/moveit_core:/home/fv/workspace/ros_ur_driver/src/install/srdfdom:/home/fv/workspace/ros_ur_driver/src/install/moveit_msgs:/home/fv/workspace/ros_ur_driver/src/install/moveit_common:/opt/ros/jazzy/opt/sdformat_vendor:/opt/ros/jazzy/opt/gz_math_vendor:/opt/ros/jazzy/opt/gz_utils_vendor:/opt/ros/jazzy/opt/gz_tools_vendor:/opt/ros/jazzy/opt/gz_cmake_vendor:/opt/ros/jazzy CONDA_PROMPT_MODIFIER=(base) DEBUGINFOD_URLS=https://debuginfod.ubuntu.com LD_LIBRARY_PATH=/home/fv/workspace/ros_ur_driver/src/install/moveit_core/lib:/home/fv/workspace/ros_ur_driver/src/install/srdfdom/lib:/home/fv/workspace/ros_ur_driver/src/install/moveit_msgs/lib:${LD_LIBRARY_PATH} PATH=/home/fv/workspace/ros_ur_driver/src/install/moveit_core/bin:${PATH} PS1=(venv) (base) \[\e]0;\u@\h: \w\a\]${debian_chroot:+($debian_chroot)}\[\033[01;32m\]\u@\h\[\033[00m\]:\[\033[01;34m\]\w\[\033[00m\]\$ PYTHONPATH=/home/fv/workspace/ros_ur_driver/src/install/srdfdom/lib/python3.13/site-packages:/home/fv/workspace/ros_ur_driver/src/install/moveit_msgs/lib/python3.13/site-packages:${PYTHONPATH} VIRTUAL_ENV_PROMPT=(venv) /usr/bin/cmake --install /home/fv/workspace/ros_ur_driver/src/build/moveit_planners_stomp
[16.778s] -- Install configuration: "Release"
[16.778s] -- Installing: /home/fv/workspace/ros_ur_driver/src/install/moveit_planners_stomp/include/moveit_planners_stomp
[16.778s] -- Installing: /home/fv/workspace/ros_ur_driver/src/install/moveit_planners_stomp/include/moveit_planners_stomp/stomp_moveit_parameters.hpp
[16.778s] -- Installing: /home/fv/workspace/ros_ur_driver/src/install/moveit_planners_stomp/share/moveit_planners_stomp/stomp_moveit_plugin_description.xml
[16.779s] -- Installing: /home/fv/workspace/ros_ur_driver/src/install/moveit_planners_stomp/lib/libstomp_moveit_plugin.so
[16.780s] -- Set non-toolchain portion of runtime path of "/home/fv/workspace/ros_ur_driver/src/install/moveit_planners_stomp/lib/libstomp_moveit_plugin.so" to ""
[16.780s] -- Installing: /home/fv/workspace/ros_ur_driver/src/install/moveit_planners_stomp/share/moveit_planners_stomp/environment/library_path.sh
[16.780s] -- Installing: /home/fv/workspace/ros_ur_driver/src/install/moveit_planners_stomp/share/moveit_planners_stomp/environment/library_path.dsv
[16.780s] -- Installing: /home/fv/workspace/ros_ur_driver/src/install/moveit_planners_stomp/share/ament_index/resource_index/package_run_dependencies/moveit_planners_stomp
[16.780s] -- Installing: /home/fv/workspace/ros_ur_driver/src/install/moveit_planners_stomp/share/ament_index/resource_index/parent_prefix_path/moveit_planners_stomp
[16.781s] -- Installing: /home/fv/workspace/ros_ur_driver/src/install/moveit_planners_stomp/share/moveit_planners_stomp/environment/ament_prefix_path.sh
[16.781s] -- Installing: /home/fv/workspace/ros_ur_driver/src/install/moveit_planners_stomp/share/moveit_planners_stomp/environment/ament_prefix_path.dsv
[16.781s] -- Installing: /home/fv/workspace/ros_ur_driver/src/install/moveit_planners_stomp/share/moveit_planners_stomp/environment/path.sh
[16.781s] -- Installing: /home/fv/workspace/ros_ur_driver/src/install/moveit_planners_stomp/share/moveit_planners_stomp/environment/path.dsv
[16.781s] -- Installing: /home/fv/workspace/ros_ur_driver/src/install/moveit_planners_stomp/share/moveit_planners_stomp/local_setup.bash
[16.781s] -- Installing: /home/fv/workspace/ros_ur_driver/src/install/moveit_planners_stomp/share/moveit_planners_stomp/local_setup.sh
[16.781s] -- Installing: /home/fv/workspace/ros_ur_driver/src/install/moveit_planners_stomp/share/moveit_planners_stomp/local_setup.zsh
[16.781s] -- Installing: /home/fv/workspace/ros_ur_driver/src/install/moveit_planners_stomp/share/moveit_planners_stomp/local_setup.dsv
[16.781s] -- Installing: /home/fv/workspace/ros_ur_driver/src/install/moveit_planners_stomp/share/moveit_planners_stomp/package.dsv
[16.781s] -- Installing: /home/fv/workspace/ros_ur_driver/src/install/moveit_planners_stomp/share/ament_index/resource_index/packages/moveit_planners_stomp
[16.782s] -- Installing: /home/fv/workspace/ros_ur_driver/src/install/moveit_planners_stomp/share/ament_index/resource_index/moveit_core__pluginlib__plugin/moveit_planners_stomp
[16.782s] -- Installing: /home/fv/workspace/ros_ur_driver/src/install/moveit_planners_stomp/share/moveit_planners_stomp/cmake/moveit_planners_stompTargetsExport.cmake
[16.782s] -- Installing: /home/fv/workspace/ros_ur_driver/src/install/moveit_planners_stomp/share/moveit_planners_stomp/cmake/moveit_planners_stompTargetsExport-release.cmake
[16.782s] -- Installing: /home/fv/workspace/ros_ur_driver/src/install/moveit_planners_stomp/share/moveit_planners_stomp/cmake/ament_cmake_export_dependencies-extras.cmake
[16.782s] -- Installing: /home/fv/workspace/ros_ur_driver/src/install/moveit_planners_stomp/share/moveit_planners_stomp/cmake/ament_cmake_export_targets-extras.cmake
[16.782s] -- Installing: /home/fv/workspace/ros_ur_driver/src/install/moveit_planners_stomp/share/moveit_planners_stomp/cmake/moveit_planners_stompConfig.cmake
[16.782s] -- Installing: /home/fv/workspace/ros_ur_driver/src/install/moveit_planners_stomp/share/moveit_planners_stomp/cmake/moveit_planners_stompConfig-version.cmake
[16.782s] -- Installing: /home/fv/workspace/ros_ur_driver/src/install/moveit_planners_stomp/share/moveit_planners_stomp/package.xml
[16.785s] Invoked command in '/home/fv/workspace/ros_ur_driver/src/build/moveit_planners_stomp' returned '0': AMENT_PREFIX_PATH=/home/fv/workspace/ros_ur_driver/src/install/moveit_core:/home/fv/workspace/ros_ur_driver/src/install/srdfdom:/home/fv/workspace/ros_ur_driver/src/install/moveit_msgs:/home/fv/workspace/ros_ur_driver/src/install/moveit_common:${AMENT_PREFIX_PATH} CMAKE_PREFIX_PATH=/home/fv/workspace/ros_ur_driver/src/install/moveit_core:/home/fv/workspace/ros_ur_driver/src/install/srdfdom:/home/fv/workspace/ros_ur_driver/src/install/moveit_msgs:/home/fv/workspace/ros_ur_driver/src/install/moveit_common:/opt/ros/jazzy/opt/sdformat_vendor:/opt/ros/jazzy/opt/gz_math_vendor:/opt/ros/jazzy/opt/gz_utils_vendor:/opt/ros/jazzy/opt/gz_tools_vendor:/opt/ros/jazzy/opt/gz_cmake_vendor:/opt/ros/jazzy CONDA_PROMPT_MODIFIER=(base) DEBUGINFOD_URLS=https://debuginfod.ubuntu.com LD_LIBRARY_PATH=/home/fv/workspace/ros_ur_driver/src/install/moveit_core/lib:/home/fv/workspace/ros_ur_driver/src/install/srdfdom/lib:/home/fv/workspace/ros_ur_driver/src/install/moveit_msgs/lib:${LD_LIBRARY_PATH} PATH=/home/fv/workspace/ros_ur_driver/src/install/moveit_core/bin:${PATH} PS1=(venv) (base) \[\e]0;\u@\h: \w\a\]${debian_chroot:+($debian_chroot)}\[\033[01;32m\]\u@\h\[\033[00m\]:\[\033[01;34m\]\w\[\033[00m\]\$ PYTHONPATH=/home/fv/workspace/ros_ur_driver/src/install/srdfdom/lib/python3.13/site-packages:/home/fv/workspace/ros_ur_driver/src/install/moveit_msgs/lib/python3.13/site-packages:${PYTHONPATH} VIRTUAL_ENV_PROMPT=(venv) /usr/bin/cmake --install /home/fv/workspace/ros_ur_driver/src/build/moveit_planners_stomp
