-- The CXX compiler identification is GNU 13.3.0
-- Detecting CXX compiler ABI info
-- Detecting CXX compiler ABI info - done
-- Check for working CXX compiler: /usr/bin/c++ - skipped
-- Detecting CXX compile features
-- Detecting CXX compile features - done
-- Found Boost: /usr/lib/x86_64-linux-gnu/cmake/Boost-1.83.0/BoostConfig.cmake (found version "1.83.0")  
-- Found ament_cmake: 2.5.4 (/opt/ros/jazzy/share/ament_cmake/cmake)
-- Found Python3: /home/fv/venv/bin/python3 (found version "3.13.5") found components: Interpreter 
-- Found urdf: 2.10.0 (/opt/ros/jazzy/share/urdf/cmake)
-- Found TinyXML2 via Config file: /usr/lib/x86_64-linux-gnu/cmake/tinyxml2
-- Found TinyXML2 via Config file: /usr/lib/x86_64-linux-gnu/cmake/tinyxml2
-- Found ament_cmake_gtest: 2.5.4 (/opt/ros/jazzy/share/ament_cmake_gtest/cmake)
-- Found ament_cmake_pytest: 2.5.4 (/opt/ros/jazzy/share/ament_cmake_pytest/cmake)
-- Found gtest sources under '/opt/ros/jazzy/src/gtest_vendor': C++ tests using 'Google Test' will be built
-- The C compiler identification is GNU 13.3.0
-- Detecting C compiler ABI info
-- Detecting C compiler ABI info - done
-- Check for working C compiler: /usr/bin/cc - skipped
-- Detecting C compile features
-- Detecting C compile features - done
-- Performing Test CMAKE_HAVE_LIBC_PTHREAD
-- Performing Test CMAKE_HAVE_LIBC_PTHREAD - Success
-- Found Threads: TRUE  
-- Found ament_lint_auto: 0.17.3 (/opt/ros/jazzy/share/ament_lint_auto/cmake)
-- Configuring done (0.8s)
-- Generating done (0.0s)
-- Build files have been written to: /home/fv/workspace/ros_ur_driver/src/build/srdfdom
[  9%] [32mBuilding CXX object CMakeFiles/srdfdom.dir/src/model.cpp.o[0m
[ 18%] [32mBuilding CXX object CMakeFiles/srdfdom.dir/src/srdf_writer.cpp.o[0m
[ 27%] [32mBuilding CXX object gtest/CMakeFiles/gtest_main.dir/src/gtest_main.cc.o[0m
[ 36%] [32mBuilding CXX object gtest/CMakeFiles/gtest.dir/src/gtest-all.cc.o[0m
[ 36%] Built target ament_cmake_python_copy_srdfdom
running egg_info
creating srdfdom.egg-info
writing srdfdom.egg-info/PKG-INFO
writing dependency_links to srdfdom.egg-info/dependency_links.txt
writing top-level names to srdfdom.egg-info/top_level.txt
writing manifest file 'srdfdom.egg-info/SOURCES.txt'
reading manifest file 'srdfdom.egg-info/SOURCES.txt'
writing manifest file 'srdfdom.egg-info/SOURCES.txt'
[ 36%] Built target ament_cmake_python_build_srdfdom_egg
[ 45%] [32m[1mLinking CXX static library libgtest_main.a[0m
[ 45%] Built target gtest_main
[ 54%] [32m[1mLinking CXX shared library libsrdfdom.so[0m
[ 54%] Built target srdfdom
[ 63%] [32m[1mLinking CXX static library libgtest.a[0m
[ 63%] Built target gtest
[ 72%] [32mBuilding CXX object CMakeFiles/test_cpp_nl_NL.UTF-8.dir/test/test_parser.cpp.o[0m
[ 81%] [32mBuilding CXX object CMakeFiles/test_cpp_C.dir/test/test_parser.cpp.o[0m
[ 90%] [32m[1mLinking CXX executable test_cpp_C[0m
[ 90%] Built target test_cpp_C
[100%] [32m[1mLinking CXX executable test_cpp_nl_NL.UTF-8[0m
[100%] Built target test_cpp_nl_NL.UTF-8
-- Install configuration: "Release"
-- Installing: /home/fv/workspace/ros_ur_driver/src/install/srdfdom/lib/libsrdfdom.so.2.0.8
-- Set non-toolchain portion of runtime path of "/home/fv/workspace/ros_ur_driver/src/install/srdfdom/lib/libsrdfdom.so.2.0.8" to ""
-- Installing: /home/fv/workspace/ros_ur_driver/src/install/srdfdom/lib/libsrdfdom.so
-- Installing: /home/fv/workspace/ros_ur_driver/src/install/srdfdom/include/srdfdom
-- Installing: /home/fv/workspace/ros_ur_driver/src/install/srdfdom/include/srdfdom/srdfdom
-- Installing: /home/fv/workspace/ros_ur_driver/src/install/srdfdom/include/srdfdom/srdfdom/srdf_writer.h
-- Installing: /home/fv/workspace/ros_ur_driver/src/install/srdfdom/include/srdfdom/srdfdom/visibility_control.h
-- Installing: /home/fv/workspace/ros_ur_driver/src/install/srdfdom/include/srdfdom/srdfdom/model.h
-- Installing: /home/fv/workspace/ros_ur_driver/src/install/srdfdom/lib/srdfdom/display_srdf
-- Installing: /home/fv/workspace/ros_ur_driver/src/install/srdfdom/share/srdfdom/environment/pythonpath.sh
-- Installing: /home/fv/workspace/ros_ur_driver/src/install/srdfdom/share/srdfdom/environment/pythonpath.dsv
-- Installing: /home/fv/workspace/ros_ur_driver/src/install/srdfdom/lib/python3.13/site-packages/srdfdom-2.0.8-py3.13.egg-info
-- Installing: /home/fv/workspace/ros_ur_driver/src/install/srdfdom/lib/python3.13/site-packages/srdfdom-2.0.8-py3.13.egg-info/dependency_links.txt
-- Installing: /home/fv/workspace/ros_ur_driver/src/install/srdfdom/lib/python3.13/site-packages/srdfdom-2.0.8-py3.13.egg-info/SOURCES.txt
-- Installing: /home/fv/workspace/ros_ur_driver/src/install/srdfdom/lib/python3.13/site-packages/srdfdom-2.0.8-py3.13.egg-info/top_level.txt
-- Installing: /home/fv/workspace/ros_ur_driver/src/install/srdfdom/lib/python3.13/site-packages/srdfdom-2.0.8-py3.13.egg-info/PKG-INFO
-- Installing: /home/fv/workspace/ros_ur_driver/src/install/srdfdom/lib/python3.13/site-packages/srdfdom
-- Installing: /home/fv/workspace/ros_ur_driver/src/install/srdfdom/lib/python3.13/site-packages/srdfdom/srdf.py
-- Installing: /home/fv/workspace/ros_ur_driver/src/install/srdfdom/lib/python3.13/site-packages/srdfdom/__init__.py
Listing '/home/fv/workspace/ros_ur_driver/src/install/srdfdom/lib/python3.13/site-packages/srdfdom'...
Compiling '/home/fv/workspace/ros_ur_driver/src/install/srdfdom/lib/python3.13/site-packages/srdfdom/__init__.py'...
Compiling '/home/fv/workspace/ros_ur_driver/src/install/srdfdom/lib/python3.13/site-packages/srdfdom/srdf.py'...
-- Installing: /home/fv/workspace/ros_ur_driver/src/install/srdfdom/share/srdfdom/environment/library_path.sh
-- Installing: /home/fv/workspace/ros_ur_driver/src/install/srdfdom/share/srdfdom/environment/library_path.dsv
-- Installing: /home/fv/workspace/ros_ur_driver/src/install/srdfdom/share/ament_index/resource_index/package_run_dependencies/srdfdom
-- Installing: /home/fv/workspace/ros_ur_driver/src/install/srdfdom/share/ament_index/resource_index/parent_prefix_path/srdfdom
-- Installing: /home/fv/workspace/ros_ur_driver/src/install/srdfdom/share/srdfdom/environment/ament_prefix_path.sh
-- Installing: /home/fv/workspace/ros_ur_driver/src/install/srdfdom/share/srdfdom/environment/ament_prefix_path.dsv
-- Installing: /home/fv/workspace/ros_ur_driver/src/install/srdfdom/share/srdfdom/environment/path.sh
-- Installing: /home/fv/workspace/ros_ur_driver/src/install/srdfdom/share/srdfdom/environment/path.dsv
-- Installing: /home/fv/workspace/ros_ur_driver/src/install/srdfdom/share/srdfdom/local_setup.bash
-- Installing: /home/fv/workspace/ros_ur_driver/src/install/srdfdom/share/srdfdom/local_setup.sh
-- Installing: /home/fv/workspace/ros_ur_driver/src/install/srdfdom/share/srdfdom/local_setup.zsh
-- Installing: /home/fv/workspace/ros_ur_driver/src/install/srdfdom/share/srdfdom/local_setup.dsv
-- Installing: /home/fv/workspace/ros_ur_driver/src/install/srdfdom/share/srdfdom/package.dsv
-- Installing: /home/fv/workspace/ros_ur_driver/src/install/srdfdom/share/ament_index/resource_index/packages/srdfdom
-- Installing: /home/fv/workspace/ros_ur_driver/src/install/srdfdom/share/srdfdom/cmake/srdfdomTargetsExport.cmake
-- Installing: /home/fv/workspace/ros_ur_driver/src/install/srdfdom/share/srdfdom/cmake/srdfdomTargetsExport-release.cmake
-- Installing: /home/fv/workspace/ros_ur_driver/src/install/srdfdom/share/srdfdom/cmake/ament_cmake_export_targets-extras.cmake
-- Installing: /home/fv/workspace/ros_ur_driver/src/install/srdfdom/share/srdfdom/cmake/ament_cmake_export_dependencies-extras.cmake
-- Installing: /home/fv/workspace/ros_ur_driver/src/install/srdfdom/share/srdfdom/cmake/srdfdomConfig.cmake
-- Installing: /home/fv/workspace/ros_ur_driver/src/install/srdfdom/share/srdfdom/cmake/srdfdomConfig-version.cmake
-- Installing: /home/fv/workspace/ros_ur_driver/src/install/srdfdom/share/srdfdom/package.xml
