[0.022s] Invoking command in '/home/fv/workspace/ros_ur_driver/src/build/srdfdom': CMAKE_PREFIX_PATH=${CMAKE_PREFIX_PATH}:/opt/ros/jazzy CONDA_PROMPT_MODIFIER=(base) DEBUGINFOD_URLS=https://debuginfod.ubuntu.com PS1=(venv) (base) \[\e]0;\u@\h: \w\a\]${debian_chroot:+($debian_chroot)}\[\033[01;32m\]\u@\h\[\033[00m\]:\[\033[01;34m\]\w\[\033[00m\]\$ VIRTUAL_ENV_PROMPT=(venv) /usr/bin/cmake /home/fv/workspace/ros_ur_driver/src/srdfdom -DCMAKE_BUILD_TYPE=Release -DCMAKE_INSTALL_PREFIX=/home/fv/workspace/ros_ur_driver/src/install/srdfdom
[0.277s] -- The CXX compiler identification is GNU 13.3.0
[0.277s] -- Detecting CXX compiler ABI info
[0.278s] -- Detecting CXX compiler ABI info - done
[0.278s] -- Check for working CXX compiler: /usr/bin/c++ - skipped
[0.278s] -- Detecting CXX compile features
[0.278s] -- Detecting CXX compile features - done
[0.278s] -- Found Boost: /usr/lib/x86_64-linux-gnu/cmake/Boost-1.83.0/BoostConfig.cmake (found version "1.83.0")  
[0.278s] -- Found ament_cmake: 2.5.4 (/opt/ros/jazzy/share/ament_cmake/cmake)
[0.286s] -- Found Python3: /home/fv/venv/bin/python3 (found version "3.13.5") found components: Interpreter 
[0.393s] -- Found urdf: 2.10.0 (/opt/ros/jazzy/share/urdf/cmake)
[0.414s] -- Found TinyXML2 via Config file: /usr/lib/x86_64-linux-gnu/cmake/tinyxml2
[0.418s] -- Found TinyXML2 via Config file: /usr/lib/x86_64-linux-gnu/cmake/tinyxml2
[0.489s] -- Found ament_cmake_gtest: 2.5.4 (/opt/ros/jazzy/share/ament_cmake_gtest/cmake)
[0.490s] -- Found ament_cmake_pytest: 2.5.4 (/opt/ros/jazzy/share/ament_cmake_pytest/cmake)
[0.500s] [33mCMake Warning at /opt/ros/jazzy/share/ament_cmake_pytest/cmake/ament_add_pytest_test.cmake:82 (message):
[0.500s]   The Python module 'pytest' was not found, pytests cannot be run.  On Linux,
[0.500s]   install the 'python3-pytest' package.  On other platforms, install 'pytest'
[0.500s]   using pip.
[0.500s] Call Stack (most recent call first):
[0.501s]   CMakeLists.txt:63 (ament_add_pytest_test)
[0.501s] 
[0.501s] [0m
[0.506s] -- Found gtest sources under '/opt/ros/jazzy/src/gtest_vendor': C++ tests using 'Google Test' will be built
[0.538s] -- The C compiler identification is GNU 13.3.0
[0.547s] -- Detecting C compiler ABI info
[0.608s] -- Detecting C compiler ABI info - done
[0.618s] -- Check for working C compiler: /usr/bin/cc - skipped
[0.619s] -- Detecting C compile features
[0.619s] -- Detecting C compile features - done
[0.621s] -- Performing Test CMAKE_HAVE_LIBC_PTHREAD
[0.771s] -- Performing Test CMAKE_HAVE_LIBC_PTHREAD - Success
[0.771s] -- Found Threads: TRUE  
[0.780s] -- Found ament_lint_auto: 0.17.3 (/opt/ros/jazzy/share/ament_lint_auto/cmake)
[0.812s] -- Configuring done (0.8s)
[0.837s] -- Generating done (0.0s)
[0.845s] -- Build files have been written to: /home/fv/workspace/ros_ur_driver/src/build/srdfdom
[0.867s] Invoked command in '/home/fv/workspace/ros_ur_driver/src/build/srdfdom' returned '0': CMAKE_PREFIX_PATH=${CMAKE_PREFIX_PATH}:/opt/ros/jazzy CONDA_PROMPT_MODIFIER=(base) DEBUGINFOD_URLS=https://debuginfod.ubuntu.com PS1=(venv) (base) \[\e]0;\u@\h: \w\a\]${debian_chroot:+($debian_chroot)}\[\033[01;32m\]\u@\h\[\033[00m\]:\[\033[01;34m\]\w\[\033[00m\]\$ VIRTUAL_ENV_PROMPT=(venv) /usr/bin/cmake /home/fv/workspace/ros_ur_driver/src/srdfdom -DCMAKE_BUILD_TYPE=Release -DCMAKE_INSTALL_PREFIX=/home/fv/workspace/ros_ur_driver/src/install/srdfdom
[0.868s] Invoking command in '/home/fv/workspace/ros_ur_driver/src/build/srdfdom': CMAKE_PREFIX_PATH=${CMAKE_PREFIX_PATH}:/opt/ros/jazzy CONDA_PROMPT_MODIFIER=(base) DEBUGINFOD_URLS=https://debuginfod.ubuntu.com PS1=(venv) (base) \[\e]0;\u@\h: \w\a\]${debian_chroot:+($debian_chroot)}\[\033[01;32m\]\u@\h\[\033[00m\]:\[\033[01;34m\]\w\[\033[00m\]\$ VIRTUAL_ENV_PROMPT=(venv) /usr/bin/cmake --build /home/fv/workspace/ros_ur_driver/src/build/srdfdom -- -j20 -l20
[0.965s] [  9%] [32mBuilding CXX object CMakeFiles/srdfdom.dir/src/model.cpp.o[0m
[0.965s] [ 18%] [32mBuilding CXX object CMakeFiles/srdfdom.dir/src/srdf_writer.cpp.o[0m
[0.966s] [ 27%] [32mBuilding CXX object gtest/CMakeFiles/gtest_main.dir/src/gtest_main.cc.o[0m
[0.975s] [ 36%] [32mBuilding CXX object gtest/CMakeFiles/gtest.dir/src/gtest-all.cc.o[0m
[0.983s] [ 36%] Built target ament_cmake_python_copy_srdfdom
[1.410s] running egg_info
[1.472s] creating srdfdom.egg-info
[1.473s] writing srdfdom.egg-info/PKG-INFO
[1.473s] writing dependency_links to srdfdom.egg-info/dependency_links.txt
[1.473s] writing top-level names to srdfdom.egg-info/top_level.txt
[1.473s] writing manifest file 'srdfdom.egg-info/SOURCES.txt'
[1.591s] reading manifest file 'srdfdom.egg-info/SOURCES.txt'
[1.591s] writing manifest file 'srdfdom.egg-info/SOURCES.txt'
[1.738s] [ 36%] Built target ament_cmake_python_build_srdfdom_egg
[2.306s] [ 45%] [32m[1mLinking CXX static library libgtest_main.a[0m
[2.391s] [ 45%] Built target gtest_main
[5.053s] [ 54%] [32m[1mLinking CXX shared library libsrdfdom.so[0m
[5.142s] [ 54%] Built target srdfdom
[13.075s] [ 63%] [32m[1mLinking CXX static library libgtest.a[0m
[13.233s] [ 63%] Built target gtest
[13.315s] [ 72%] [32mBuilding CXX object CMakeFiles/test_cpp_nl_NL.UTF-8.dir/test/test_parser.cpp.o[0m
[13.324s] [ 81%] [32mBuilding CXX object CMakeFiles/test_cpp_C.dir/test/test_parser.cpp.o[0m
[16.999s] [ 90%] [32m[1mLinking CXX executable test_cpp_C[0m
[17.154s] [ 90%] Built target test_cpp_C
[17.894s] [100%] [32m[1mLinking CXX executable test_cpp_nl_NL.UTF-8[0m
[18.017s] [100%] Built target test_cpp_nl_NL.UTF-8
[18.028s] Invoked command in '/home/fv/workspace/ros_ur_driver/src/build/srdfdom' returned '0': CMAKE_PREFIX_PATH=${CMAKE_PREFIX_PATH}:/opt/ros/jazzy CONDA_PROMPT_MODIFIER=(base) DEBUGINFOD_URLS=https://debuginfod.ubuntu.com PS1=(venv) (base) \[\e]0;\u@\h: \w\a\]${debian_chroot:+($debian_chroot)}\[\033[01;32m\]\u@\h\[\033[00m\]:\[\033[01;34m\]\w\[\033[00m\]\$ VIRTUAL_ENV_PROMPT=(venv) /usr/bin/cmake --build /home/fv/workspace/ros_ur_driver/src/build/srdfdom -- -j20 -l20
[18.029s] Invoking command in '/home/fv/workspace/ros_ur_driver/src/build/srdfdom': CMAKE_PREFIX_PATH=${CMAKE_PREFIX_PATH}:/opt/ros/jazzy CONDA_PROMPT_MODIFIER=(base) DEBUGINFOD_URLS=https://debuginfod.ubuntu.com PS1=(venv) (base) \[\e]0;\u@\h: \w\a\]${debian_chroot:+($debian_chroot)}\[\033[01;32m\]\u@\h\[\033[00m\]:\[\033[01;34m\]\w\[\033[00m\]\$ VIRTUAL_ENV_PROMPT=(venv) /usr/bin/cmake --install /home/fv/workspace/ros_ur_driver/src/build/srdfdom
[18.037s] -- Install configuration: "Release"
[18.037s] -- Installing: /home/fv/workspace/ros_ur_driver/src/install/srdfdom/lib/libsrdfdom.so.2.0.8
[18.037s] -- Set non-toolchain portion of runtime path of "/home/fv/workspace/ros_ur_driver/src/install/srdfdom/lib/libsrdfdom.so.2.0.8" to ""
[18.037s] -- Installing: /home/fv/workspace/ros_ur_driver/src/install/srdfdom/lib/libsrdfdom.so
[18.038s] -- Installing: /home/fv/workspace/ros_ur_driver/src/install/srdfdom/include/srdfdom
[18.038s] -- Installing: /home/fv/workspace/ros_ur_driver/src/install/srdfdom/include/srdfdom/srdfdom
[18.038s] -- Installing: /home/fv/workspace/ros_ur_driver/src/install/srdfdom/include/srdfdom/srdfdom/srdf_writer.h
[18.038s] -- Installing: /home/fv/workspace/ros_ur_driver/src/install/srdfdom/include/srdfdom/srdfdom/visibility_control.h
[18.038s] -- Installing: /home/fv/workspace/ros_ur_driver/src/install/srdfdom/include/srdfdom/srdfdom/model.h
[18.038s] -- Installing: /home/fv/workspace/ros_ur_driver/src/install/srdfdom/lib/srdfdom/display_srdf
[18.038s] -- Installing: /home/fv/workspace/ros_ur_driver/src/install/srdfdom/share/srdfdom/environment/pythonpath.sh
[18.038s] -- Installing: /home/fv/workspace/ros_ur_driver/src/install/srdfdom/share/srdfdom/environment/pythonpath.dsv
[18.038s] -- Installing: /home/fv/workspace/ros_ur_driver/src/install/srdfdom/lib/python3.13/site-packages/srdfdom-2.0.8-py3.13.egg-info
[18.038s] -- Installing: /home/fv/workspace/ros_ur_driver/src/install/srdfdom/lib/python3.13/site-packages/srdfdom-2.0.8-py3.13.egg-info/dependency_links.txt
[18.038s] -- Installing: /home/fv/workspace/ros_ur_driver/src/install/srdfdom/lib/python3.13/site-packages/srdfdom-2.0.8-py3.13.egg-info/SOURCES.txt
[18.038s] -- Installing: /home/fv/workspace/ros_ur_driver/src/install/srdfdom/lib/python3.13/site-packages/srdfdom-2.0.8-py3.13.egg-info/top_level.txt
[18.039s] -- Installing: /home/fv/workspace/ros_ur_driver/src/install/srdfdom/lib/python3.13/site-packages/srdfdom-2.0.8-py3.13.egg-info/PKG-INFO
[18.039s] -- Installing: /home/fv/workspace/ros_ur_driver/src/install/srdfdom/lib/python3.13/site-packages/srdfdom
[18.039s] -- Installing: /home/fv/workspace/ros_ur_driver/src/install/srdfdom/lib/python3.13/site-packages/srdfdom/srdf.py
[18.039s] -- Installing: /home/fv/workspace/ros_ur_driver/src/install/srdfdom/lib/python3.13/site-packages/srdfdom/__init__.py
[18.074s] Listing '/home/fv/workspace/ros_ur_driver/src/install/srdfdom/lib/python3.13/site-packages/srdfdom'...
[18.074s] Compiling '/home/fv/workspace/ros_ur_driver/src/install/srdfdom/lib/python3.13/site-packages/srdfdom/__init__.py'...
[18.074s] Compiling '/home/fv/workspace/ros_ur_driver/src/install/srdfdom/lib/python3.13/site-packages/srdfdom/srdf.py'...
[18.079s] -- Installing: /home/fv/workspace/ros_ur_driver/src/install/srdfdom/share/srdfdom/environment/library_path.sh
[18.079s] -- Installing: /home/fv/workspace/ros_ur_driver/src/install/srdfdom/share/srdfdom/environment/library_path.dsv
[18.079s] -- Installing: /home/fv/workspace/ros_ur_driver/src/install/srdfdom/share/ament_index/resource_index/package_run_dependencies/srdfdom
[18.079s] -- Installing: /home/fv/workspace/ros_ur_driver/src/install/srdfdom/share/ament_index/resource_index/parent_prefix_path/srdfdom
[18.079s] -- Installing: /home/fv/workspace/ros_ur_driver/src/install/srdfdom/share/srdfdom/environment/ament_prefix_path.sh
[18.080s] -- Installing: /home/fv/workspace/ros_ur_driver/src/install/srdfdom/share/srdfdom/environment/ament_prefix_path.dsv
[18.080s] -- Installing: /home/fv/workspace/ros_ur_driver/src/install/srdfdom/share/srdfdom/environment/path.sh
[18.080s] -- Installing: /home/fv/workspace/ros_ur_driver/src/install/srdfdom/share/srdfdom/environment/path.dsv
[18.080s] -- Installing: /home/fv/workspace/ros_ur_driver/src/install/srdfdom/share/srdfdom/local_setup.bash
[18.080s] -- Installing: /home/fv/workspace/ros_ur_driver/src/install/srdfdom/share/srdfdom/local_setup.sh
[18.080s] -- Installing: /home/fv/workspace/ros_ur_driver/src/install/srdfdom/share/srdfdom/local_setup.zsh
[18.080s] -- Installing: /home/fv/workspace/ros_ur_driver/src/install/srdfdom/share/srdfdom/local_setup.dsv
[18.080s] -- Installing: /home/fv/workspace/ros_ur_driver/src/install/srdfdom/share/srdfdom/package.dsv
[18.080s] -- Installing: /home/fv/workspace/ros_ur_driver/src/install/srdfdom/share/ament_index/resource_index/packages/srdfdom
[18.080s] -- Installing: /home/fv/workspace/ros_ur_driver/src/install/srdfdom/share/srdfdom/cmake/srdfdomTargetsExport.cmake
[18.080s] -- Installing: /home/fv/workspace/ros_ur_driver/src/install/srdfdom/share/srdfdom/cmake/srdfdomTargetsExport-release.cmake
[18.081s] -- Installing: /home/fv/workspace/ros_ur_driver/src/install/srdfdom/share/srdfdom/cmake/ament_cmake_export_targets-extras.cmake
[18.081s] -- Installing: /home/fv/workspace/ros_ur_driver/src/install/srdfdom/share/srdfdom/cmake/ament_cmake_export_dependencies-extras.cmake
[18.081s] -- Installing: /home/fv/workspace/ros_ur_driver/src/install/srdfdom/share/srdfdom/cmake/srdfdomConfig.cmake
[18.081s] -- Installing: /home/fv/workspace/ros_ur_driver/src/install/srdfdom/share/srdfdom/cmake/srdfdomConfig-version.cmake
[18.081s] -- Installing: /home/fv/workspace/ros_ur_driver/src/install/srdfdom/share/srdfdom/package.xml
[18.084s] Invoked command in '/home/fv/workspace/ros_ur_driver/src/build/srdfdom' returned '0': CMAKE_PREFIX_PATH=${CMAKE_PREFIX_PATH}:/opt/ros/jazzy CONDA_PROMPT_MODIFIER=(base) DEBUGINFOD_URLS=https://debuginfod.ubuntu.com PS1=(venv) (base) \[\e]0;\u@\h: \w\a\]${debian_chroot:+($debian_chroot)}\[\033[01;32m\]\u@\h\[\033[00m\]:\[\033[01;34m\]\w\[\033[00m\]\$ VIRTUAL_ENV_PROMPT=(venv) /usr/bin/cmake --install /home/fv/workspace/ros_ur_driver/src/build/srdfdom
