[0.009s] Invoking command in '/home/fv/workspace/ros_ur_driver/src/build/control_toolbox': AMENT_PREFIX_PATH=/home/fv/workspace/ros_ur_driver/src/install/realtime_tools:${AMENT_PREFIX_PATH} CMAKE_PREFIX_PATH=/home/fv/workspace/ros_ur_driver/src/install/realtime_tools:/opt/ros/jazzy/opt/sdformat_vendor:/opt/ros/jazzy/opt/gz_math_vendor:/opt/ros/jazzy/opt/gz_utils_vendor:/opt/ros/jazzy/opt/gz_tools_vendor:/opt/ros/jazzy/opt/gz_cmake_vendor:/opt/ros/jazzy CONDA_PROMPT_MODIFIER=(base) DEBUGINFOD_URLS=https://debuginfod.ubuntu.com LD_LIBRARY_PATH=/home/fv/workspace/ros_ur_driver/src/install/realtime_tools/lib:${LD_LIBRARY_PATH} PS1=(venv) (base) \[\e]0;\u@\h: \w\a\]${debian_chroot:+($debian_chroot)}\[\033[01;32m\]\u@\h\[\033[00m\]:\[\033[01;34m\]\w\[\033[00m\]\$ VIRTUAL_ENV_PROMPT=(venv) /usr/bin/cmake --build /home/fv/workspace/ros_ur_driver/src/build/control_toolbox -- -j20 -l20
[0.042s] [  3%] Built target exponential_filter_parameters
[0.042s] [  7%] Built target low_pass_filter_parameters
[0.043s] [ 11%] Built target gravity_compensation_filter_parameters
[0.045s] [ 15%] Built target rate_limiter_parameters
[0.047s] [ 19%] Built target gmock_main
[0.047s] [ 25%] Built target gmock
[0.050s] [ 38%] Built target control_toolbox
[0.061s] [ 42%] Built target exponential_filter
[0.066s] [ 46%] Built target pid_ros_parameters_tests
[0.067s] [ 51%] Built target pid_ros_publisher_tests
[0.067s] [ 53%] Built target rate_limiter
[0.067s] [ 59%] Built target pid_tests
[0.067s] [ 61%] Built target low_pass_filter
[0.068s] [ 65%] Built target gravity_compensation
[0.070s] [ 69%] Built target rate_limiter_tests
[0.080s] [ 73%] Built target test_exponential_filter
[0.083s] [ 76%] Built target test_load_exponential_filter
[0.087s] [ 88%] Built target test_rate_limiter
[0.087s] [ 88%] Built target test_load_rate_limiter
[0.087s] [ 88%] Built target test_low_pass_filter
[0.088s] [ 92%] Built target test_load_low_pass_filter
[0.091s] [ 96%] Built target test_load_gravity_compensation
[0.092s] [100%] Built target test_gravity_compensation
[0.105s] Invoked command in '/home/fv/workspace/ros_ur_driver/src/build/control_toolbox' returned '0': AMENT_PREFIX_PATH=/home/fv/workspace/ros_ur_driver/src/install/realtime_tools:${AMENT_PREFIX_PATH} CMAKE_PREFIX_PATH=/home/fv/workspace/ros_ur_driver/src/install/realtime_tools:/opt/ros/jazzy/opt/sdformat_vendor:/opt/ros/jazzy/opt/gz_math_vendor:/opt/ros/jazzy/opt/gz_utils_vendor:/opt/ros/jazzy/opt/gz_tools_vendor:/opt/ros/jazzy/opt/gz_cmake_vendor:/opt/ros/jazzy CONDA_PROMPT_MODIFIER=(base) DEBUGINFOD_URLS=https://debuginfod.ubuntu.com LD_LIBRARY_PATH=/home/fv/workspace/ros_ur_driver/src/install/realtime_tools/lib:${LD_LIBRARY_PATH} PS1=(venv) (base) \[\e]0;\u@\h: \w\a\]${debian_chroot:+($debian_chroot)}\[\033[01;32m\]\u@\h\[\033[00m\]:\[\033[01;34m\]\w\[\033[00m\]\$ VIRTUAL_ENV_PROMPT=(venv) /usr/bin/cmake --build /home/fv/workspace/ros_ur_driver/src/build/control_toolbox -- -j20 -l20
[0.106s] Invoking command in '/home/fv/workspace/ros_ur_driver/src/build/control_toolbox': AMENT_PREFIX_PATH=/home/fv/workspace/ros_ur_driver/src/install/realtime_tools:${AMENT_PREFIX_PATH} CMAKE_PREFIX_PATH=/home/fv/workspace/ros_ur_driver/src/install/realtime_tools:/opt/ros/jazzy/opt/sdformat_vendor:/opt/ros/jazzy/opt/gz_math_vendor:/opt/ros/jazzy/opt/gz_utils_vendor:/opt/ros/jazzy/opt/gz_tools_vendor:/opt/ros/jazzy/opt/gz_cmake_vendor:/opt/ros/jazzy CONDA_PROMPT_MODIFIER=(base) DEBUGINFOD_URLS=https://debuginfod.ubuntu.com LD_LIBRARY_PATH=/home/fv/workspace/ros_ur_driver/src/install/realtime_tools/lib:${LD_LIBRARY_PATH} PS1=(venv) (base) \[\e]0;\u@\h: \w\a\]${debian_chroot:+($debian_chroot)}\[\033[01;32m\]\u@\h\[\033[00m\]:\[\033[01;34m\]\w\[\033[00m\]\$ VIRTUAL_ENV_PROMPT=(venv) /usr/bin/cmake --install /home/fv/workspace/ros_ur_driver/src/build/control_toolbox
[0.112s] -- Install configuration: "Release"
[0.112s] -- Up-to-date: /home/fv/workspace/ros_ur_driver/src/install/control_toolbox/include/control_toolbox
[0.112s] -- Up-to-date: /home/fv/workspace/ros_ur_driver/src/install/control_toolbox/include/control_toolbox/rate_limiter_parameters.hpp
[0.112s] -- Up-to-date: /home/fv/workspace/ros_ur_driver/src/install/control_toolbox/include/control_toolbox/custom_validators.hpp
[0.112s] -- Up-to-date: /home/fv/workspace/ros_ur_driver/src/install/control_toolbox/include/control_toolbox/low_pass_filter_parameters.hpp
[0.112s] -- Up-to-date: /home/fv/workspace/ros_ur_driver/src/install/control_toolbox/include/control_toolbox/exponential_filter_parameters.hpp
[0.112s] -- Up-to-date: /home/fv/workspace/ros_ur_driver/src/install/control_toolbox/include/control_toolbox/gravity_compensation_filter_parameters.hpp
[0.112s] -- Up-to-date: /home/fv/workspace/ros_ur_driver/src/install/control_toolbox/include/control_toolbox
[0.112s] -- Up-to-date: /home/fv/workspace/ros_ur_driver/src/install/control_toolbox/include/control_toolbox/rate_limiter_parameters.hpp
[0.112s] -- Up-to-date: /home/fv/workspace/ros_ur_driver/src/install/control_toolbox/include/control_toolbox/custom_validators.hpp
[0.112s] -- Up-to-date: /home/fv/workspace/ros_ur_driver/src/install/control_toolbox/include/control_toolbox/low_pass_filter_parameters.hpp
[0.112s] -- Up-to-date: /home/fv/workspace/ros_ur_driver/src/install/control_toolbox/include/control_toolbox/exponential_filter_parameters.hpp
[0.112s] -- Up-to-date: /home/fv/workspace/ros_ur_driver/src/install/control_toolbox/include/control_toolbox/gravity_compensation_filter_parameters.hpp
[0.112s] -- Up-to-date: /home/fv/workspace/ros_ur_driver/src/install/control_toolbox/include/control_toolbox
[0.112s] -- Up-to-date: /home/fv/workspace/ros_ur_driver/src/install/control_toolbox/include/control_toolbox/rate_limiter_parameters.hpp
[0.113s] -- Up-to-date: /home/fv/workspace/ros_ur_driver/src/install/control_toolbox/include/control_toolbox/custom_validators.hpp
[0.113s] -- Up-to-date: /home/fv/workspace/ros_ur_driver/src/install/control_toolbox/include/control_toolbox/low_pass_filter_parameters.hpp
[0.113s] -- Up-to-date: /home/fv/workspace/ros_ur_driver/src/install/control_toolbox/include/control_toolbox/exponential_filter_parameters.hpp
[0.113s] -- Up-to-date: /home/fv/workspace/ros_ur_driver/src/install/control_toolbox/include/control_toolbox/gravity_compensation_filter_parameters.hpp
[0.113s] -- Up-to-date: /home/fv/workspace/ros_ur_driver/src/install/control_toolbox/include/control_toolbox
[0.113s] -- Up-to-date: /home/fv/workspace/ros_ur_driver/src/install/control_toolbox/include/control_toolbox/rate_limiter_parameters.hpp
[0.113s] -- Up-to-date: /home/fv/workspace/ros_ur_driver/src/install/control_toolbox/include/control_toolbox/custom_validators.hpp
[0.113s] -- Up-to-date: /home/fv/workspace/ros_ur_driver/src/install/control_toolbox/include/control_toolbox/low_pass_filter_parameters.hpp
[0.113s] -- Up-to-date: /home/fv/workspace/ros_ur_driver/src/install/control_toolbox/include/control_toolbox/exponential_filter_parameters.hpp
[0.113s] -- Up-to-date: /home/fv/workspace/ros_ur_driver/src/install/control_toolbox/include/control_toolbox/gravity_compensation_filter_parameters.hpp
[0.113s] -- Up-to-date: /home/fv/workspace/ros_ur_driver/src/install/control_toolbox/share/control_toolbox/control_filters.xml
[0.113s] -- Up-to-date: /home/fv/workspace/ros_ur_driver/src/install/control_toolbox/include/control_toolbox
[0.113s] -- Up-to-date: /home/fv/workspace/ros_ur_driver/src/install/control_toolbox/include/control_toolbox/control_filters
[0.113s] -- Up-to-date: /home/fv/workspace/ros_ur_driver/src/install/control_toolbox/include/control_toolbox/control_filters/rate_limiter.hpp
[0.113s] -- Up-to-date: /home/fv/workspace/ros_ur_driver/src/install/control_toolbox/include/control_toolbox/control_filters/custom_validators.hpp
[0.113s] -- Up-to-date: /home/fv/workspace/ros_ur_driver/src/install/control_toolbox/include/control_toolbox/control_filters/gravity_compensation.hpp
[0.113s] -- Up-to-date: /home/fv/workspace/ros_ur_driver/src/install/control_toolbox/include/control_toolbox/control_filters/low_pass_filter.hpp
[0.113s] -- Up-to-date: /home/fv/workspace/ros_ur_driver/src/install/control_toolbox/include/control_toolbox/control_filters/exponential_filter.hpp
[0.113s] -- Up-to-date: /home/fv/workspace/ros_ur_driver/src/install/control_toolbox/include/control_toolbox/control_toolbox
[0.113s] -- Up-to-date: /home/fv/workspace/ros_ur_driver/src/install/control_toolbox/include/control_toolbox/control_toolbox/limited_proxy.hpp
[0.114s] -- Up-to-date: /home/fv/workspace/ros_ur_driver/src/install/control_toolbox/include/control_toolbox/control_toolbox/sine_sweep.hpp
[0.114s] -- Up-to-date: /home/fv/workspace/ros_ur_driver/src/install/control_toolbox/include/control_toolbox/control_toolbox/sinusoid.hpp
[0.114s] -- Up-to-date: /home/fv/workspace/ros_ur_driver/src/install/control_toolbox/include/control_toolbox/control_toolbox/rate_limiter.hpp
[0.114s] -- Up-to-date: /home/fv/workspace/ros_ur_driver/src/install/control_toolbox/include/control_toolbox/control_toolbox/dither.hpp
[0.114s] -- Up-to-date: /home/fv/workspace/ros_ur_driver/src/install/control_toolbox/include/control_toolbox/control_toolbox/pid_ros.hpp
[0.114s] -- Up-to-date: /home/fv/workspace/ros_ur_driver/src/install/control_toolbox/include/control_toolbox/control_toolbox/pid.hpp
[0.114s] -- Up-to-date: /home/fv/workspace/ros_ur_driver/src/install/control_toolbox/include/control_toolbox/control_toolbox/filters.hpp
[0.115s] -- Up-to-date: /home/fv/workspace/ros_ur_driver/src/install/control_toolbox/include/control_toolbox/control_toolbox/low_pass_filter.hpp
[0.115s] -- Up-to-date: /home/fv/workspace/ros_ur_driver/src/install/control_toolbox/lib/libcontrol_toolbox.so
[0.115s] -- Up-to-date: /home/fv/workspace/ros_ur_driver/src/install/control_toolbox/lib/liblow_pass_filter.so
[0.115s] -- Up-to-date: /home/fv/workspace/ros_ur_driver/src/install/control_toolbox/lib/librate_limiter.so
[0.115s] -- Up-to-date: /home/fv/workspace/ros_ur_driver/src/install/control_toolbox/lib/libexponential_filter.so
[0.115s] -- Up-to-date: /home/fv/workspace/ros_ur_driver/src/install/control_toolbox/lib/libgravity_compensation.so
[0.117s] -- Up-to-date: /home/fv/workspace/ros_ur_driver/src/install/control_toolbox/share/control_toolbox/environment/library_path.sh
[0.117s] -- Up-to-date: /home/fv/workspace/ros_ur_driver/src/install/control_toolbox/share/control_toolbox/environment/library_path.dsv
[0.117s] -- Up-to-date: /home/fv/workspace/ros_ur_driver/src/install/control_toolbox/share/ament_index/resource_index/package_run_dependencies/control_toolbox
[0.117s] -- Up-to-date: /home/fv/workspace/ros_ur_driver/src/install/control_toolbox/share/ament_index/resource_index/parent_prefix_path/control_toolbox
[0.118s] -- Up-to-date: /home/fv/workspace/ros_ur_driver/src/install/control_toolbox/share/control_toolbox/environment/ament_prefix_path.sh
[0.118s] -- Up-to-date: /home/fv/workspace/ros_ur_driver/src/install/control_toolbox/share/control_toolbox/environment/ament_prefix_path.dsv
[0.118s] -- Up-to-date: /home/fv/workspace/ros_ur_driver/src/install/control_toolbox/share/control_toolbox/environment/path.sh
[0.119s] -- Up-to-date: /home/fv/workspace/ros_ur_driver/src/install/control_toolbox/share/control_toolbox/environment/path.dsv
[0.119s] -- Up-to-date: /home/fv/workspace/ros_ur_driver/src/install/control_toolbox/share/control_toolbox/local_setup.bash
[0.119s] -- Up-to-date: /home/fv/workspace/ros_ur_driver/src/install/control_toolbox/share/control_toolbox/local_setup.sh
[0.119s] -- Up-to-date: /home/fv/workspace/ros_ur_driver/src/install/control_toolbox/share/control_toolbox/local_setup.zsh
[0.119s] -- Up-to-date: /home/fv/workspace/ros_ur_driver/src/install/control_toolbox/share/control_toolbox/local_setup.dsv
[0.120s] -- Installing: /home/fv/workspace/ros_ur_driver/src/install/control_toolbox/share/control_toolbox/package.dsv
[0.120s] -- Up-to-date: /home/fv/workspace/ros_ur_driver/src/install/control_toolbox/share/ament_index/resource_index/packages/control_toolbox
[0.120s] -- Up-to-date: /home/fv/workspace/ros_ur_driver/src/install/control_toolbox/share/ament_index/resource_index/filters__pluginlib__plugin/control_toolbox
[0.120s] -- Up-to-date: /home/fv/workspace/ros_ur_driver/src/install/control_toolbox/share/control_toolbox/cmake/export_control_toolboxExport.cmake
[0.120s] -- Up-to-date: /home/fv/workspace/ros_ur_driver/src/install/control_toolbox/share/control_toolbox/cmake/export_control_toolboxExport-release.cmake
[0.120s] -- Up-to-date: /home/fv/workspace/ros_ur_driver/src/install/control_toolbox/share/control_toolbox/cmake/ament_cmake_export_dependencies-extras.cmake
[0.120s] -- Up-to-date: /home/fv/workspace/ros_ur_driver/src/install/control_toolbox/share/control_toolbox/cmake/ament_cmake_export_targets-extras.cmake
[0.121s] -- Up-to-date: /home/fv/workspace/ros_ur_driver/src/install/control_toolbox/share/control_toolbox/cmake/control_toolboxConfig.cmake
[0.121s] -- Up-to-date: /home/fv/workspace/ros_ur_driver/src/install/control_toolbox/share/control_toolbox/cmake/control_toolboxConfig-version.cmake
[0.121s] -- Up-to-date: /home/fv/workspace/ros_ur_driver/src/install/control_toolbox/share/control_toolbox/package.xml
[0.140s] Invoked command in '/home/fv/workspace/ros_ur_driver/src/build/control_toolbox' returned '0': AMENT_PREFIX_PATH=/home/fv/workspace/ros_ur_driver/src/install/realtime_tools:${AMENT_PREFIX_PATH} CMAKE_PREFIX_PATH=/home/fv/workspace/ros_ur_driver/src/install/realtime_tools:/opt/ros/jazzy/opt/sdformat_vendor:/opt/ros/jazzy/opt/gz_math_vendor:/opt/ros/jazzy/opt/gz_utils_vendor:/opt/ros/jazzy/opt/gz_tools_vendor:/opt/ros/jazzy/opt/gz_cmake_vendor:/opt/ros/jazzy CONDA_PROMPT_MODIFIER=(base) DEBUGINFOD_URLS=https://debuginfod.ubuntu.com LD_LIBRARY_PATH=/home/fv/workspace/ros_ur_driver/src/install/realtime_tools/lib:${LD_LIBRARY_PATH} PS1=(venv) (base) \[\e]0;\u@\h: \w\a\]${debian_chroot:+($debian_chroot)}\[\033[01;32m\]\u@\h\[\033[00m\]:\[\033[01;34m\]\w\[\033[00m\]\$ VIRTUAL_ENV_PROMPT=(venv) /usr/bin/cmake --install /home/fv/workspace/ros_ur_driver/src/build/control_toolbox
