[0.016s] Invoking command in '/home/fv/workspace/ros_ur_driver/src/build/moveit_ros_occupancy_map_monitor': AMENT_PREFIX_PATH=/home/fv/workspace/ros_ur_driver/src/install/moveit_core:/home/fv/workspace/ros_ur_driver/src/install/srdfdom:/home/fv/workspace/ros_ur_driver/src/install/moveit_msgs:/home/fv/workspace/ros_ur_driver/src/install/moveit_common:${AMENT_PREFIX_PATH} CMAKE_PREFIX_PATH=/home/fv/workspace/ros_ur_driver/src/install/moveit_core:/home/fv/workspace/ros_ur_driver/src/install/srdfdom:/home/fv/workspace/ros_ur_driver/src/install/moveit_msgs:/home/fv/workspace/ros_ur_driver/src/install/moveit_common:/opt/ros/jazzy/opt/sdformat_vendor:/opt/ros/jazzy/opt/gz_math_vendor:/opt/ros/jazzy/opt/gz_utils_vendor:/opt/ros/jazzy/opt/gz_tools_vendor:/opt/ros/jazzy/opt/gz_cmake_vendor:/opt/ros/jazzy CONDA_PROMPT_MODIFIER=(base) DEBUGINFOD_URLS=https://debuginfod.ubuntu.com LD_LIBRARY_PATH=/home/fv/workspace/ros_ur_driver/src/install/moveit_core/lib:/home/fv/workspace/ros_ur_driver/src/install/srdfdom/lib:/home/fv/workspace/ros_ur_driver/src/install/moveit_msgs/lib:${LD_LIBRARY_PATH} PATH=/home/fv/workspace/ros_ur_driver/src/install/moveit_core/bin:${PATH} PS1=(venv) (base) \[\e]0;\u@\h: \w\a\]${debian_chroot:+($debian_chroot)}\[\033[01;32m\]\u@\h\[\033[00m\]:\[\033[01;34m\]\w\[\033[00m\]\$ PYTHONPATH=/home/fv/workspace/ros_ur_driver/src/install/srdfdom/lib/python3.13/site-packages:/home/fv/workspace/ros_ur_driver/src/install/moveit_msgs/lib/python3.13/site-packages:${PYTHONPATH} VIRTUAL_ENV_PROMPT=(venv) /usr/bin/cmake /home/fv/workspace/ros_ur_driver/src/moveit2/moveit_ros/occupancy_map_monitor -DCMAKE_BUILD_TYPE=Release -DCMAKE_INSTALL_PREFIX=/home/fv/workspace/ros_ur_driver/src/install/moveit_ros_occupancy_map_monitor
[0.086s] -- The CXX compiler identification is GNU 13.3.0
[0.098s] -- Detecting CXX compiler ABI info
[0.165s] -- Detecting CXX compiler ABI info - done
[0.171s] -- Check for working CXX compiler: /usr/bin/c++ - skipped
[0.171s] -- Detecting CXX compile features
[0.171s] -- Detecting CXX compile features - done
[0.172s] -- Found moveit_common: 2.14.1 (/home/fv/workspace/ros_ur_driver/src/install/moveit_common/share/moveit_common/cmake)
[0.174s] -- Found ament_cmake: 2.5.4 (/opt/ros/jazzy/share/ament_cmake/cmake)
[0.263s] -- Found Python3: /home/fv/venv/bin/python3 (found version "3.13.5") found components: Interpreter 
[0.412s] -- Found moveit_core: 2.14.1 (/home/fv/workspace/ros_ur_driver/src/install/moveit_core/share/moveit_core/cmake)
[0.524s] -- Found Boost: /usr/lib/x86_64-linux-gnu/cmake/Boost-1.83.0/BoostConfig.cmake (found version "1.83.0") found components: chrono date_time filesystem iostreams program_options regex serialization system thread 
[0.591s] -- Found parameter_traits: 0.5.0 (/opt/ros/jazzy/share/parameter_traits/cmake)
[0.614s] -- Found rosidl_generator_c: 4.6.6 (/opt/ros/jazzy/share/rosidl_generator_c/cmake)
[0.623s] -- Found rosidl_generator_cpp: 4.6.6 (/opt/ros/jazzy/share/rosidl_generator_cpp/cmake)
[0.633s] -- Using all available rosidl_typesupport_c: rosidl_typesupport_fastrtps_c;rosidl_typesupport_introspection_c
[0.645s] -- Using all available rosidl_typesupport_cpp: rosidl_typesupport_fastrtps_cpp;rosidl_typesupport_introspection_cpp
[0.692s] -- Found rmw_implementation_cmake: 7.3.2 (/opt/ros/jazzy/share/rmw_implementation_cmake/cmake)
[0.694s] -- Found rmw_fastrtps_cpp: 8.4.3 (/opt/ros/jazzy/share/rmw_fastrtps_cpp/cmake)
[0.752s] -- Found OpenSSL: /usr/lib/x86_64-linux-gnu/libcrypto.so (found version "3.0.13")  
[0.764s] -- Found FastRTPS: /opt/ros/jazzy/include (Required is at least version "2.13") 
[0.783s] -- Using RMW implementation 'rmw_fastrtps_cpp' as default
[0.837s] -- Found rclcpp_lifecycle: 28.1.12 (/opt/ros/jazzy/share/rclcpp_lifecycle/cmake)
[0.861s] -- Found Boost: /usr/lib/x86_64-linux-gnu/cmake/Boost-1.83.0/BoostConfig.cmake (found version "1.83.0") found components: filesystem 
[0.951s] -- Found Eigen3: TRUE (found version "3.4.0") 
[0.951s] -- Ensuring Eigen3 include directory is part of orocos-kdl CMake target
[1.176s] -- Found ament_cmake_gmock: 2.5.4 (/opt/ros/jazzy/share/ament_cmake_gmock/cmake)
[1.178s] -- Found gmock sources under '/opt/ros/jazzy/src/gmock_vendor': C++ tests using 'Google Mock' will be built
[1.210s] -- The C compiler identification is GNU 13.3.0
[1.220s] -- Detecting C compiler ABI info
[1.313s] -- Detecting C compiler ABI info - done
[1.320s] -- Check for working C compiler: /usr/bin/cc - skipped
[1.320s] -- Detecting C compile features
[1.320s] -- Detecting C compile features - done
[1.323s] -- Found ament_cmake_gtest: 2.5.4 (/opt/ros/jazzy/share/ament_cmake_gtest/cmake)
[1.325s] -- Found gtest sources under '/opt/ros/jazzy/src/gtest_vendor': C++ tests using 'Google Test' will be built
[1.334s] -- Configuring done (1.3s)
[1.393s] -- Generating done (0.0s)
[1.406s] -- Build files have been written to: /home/fv/workspace/ros_ur_driver/src/build/moveit_ros_occupancy_map_monitor
[1.428s] Invoked command in '/home/fv/workspace/ros_ur_driver/src/build/moveit_ros_occupancy_map_monitor' returned '0': AMENT_PREFIX_PATH=/home/fv/workspace/ros_ur_driver/src/install/moveit_core:/home/fv/workspace/ros_ur_driver/src/install/srdfdom:/home/fv/workspace/ros_ur_driver/src/install/moveit_msgs:/home/fv/workspace/ros_ur_driver/src/install/moveit_common:${AMENT_PREFIX_PATH} CMAKE_PREFIX_PATH=/home/fv/workspace/ros_ur_driver/src/install/moveit_core:/home/fv/workspace/ros_ur_driver/src/install/srdfdom:/home/fv/workspace/ros_ur_driver/src/install/moveit_msgs:/home/fv/workspace/ros_ur_driver/src/install/moveit_common:/opt/ros/jazzy/opt/sdformat_vendor:/opt/ros/jazzy/opt/gz_math_vendor:/opt/ros/jazzy/opt/gz_utils_vendor:/opt/ros/jazzy/opt/gz_tools_vendor:/opt/ros/jazzy/opt/gz_cmake_vendor:/opt/ros/jazzy CONDA_PROMPT_MODIFIER=(base) DEBUGINFOD_URLS=https://debuginfod.ubuntu.com LD_LIBRARY_PATH=/home/fv/workspace/ros_ur_driver/src/install/moveit_core/lib:/home/fv/workspace/ros_ur_driver/src/install/srdfdom/lib:/home/fv/workspace/ros_ur_driver/src/install/moveit_msgs/lib:${LD_LIBRARY_PATH} PATH=/home/fv/workspace/ros_ur_driver/src/install/moveit_core/bin:${PATH} PS1=(venv) (base) \[\e]0;\u@\h: \w\a\]${debian_chroot:+($debian_chroot)}\[\033[01;32m\]\u@\h\[\033[00m\]:\[\033[01;34m\]\w\[\033[00m\]\$ PYTHONPATH=/home/fv/workspace/ros_ur_driver/src/install/srdfdom/lib/python3.13/site-packages:/home/fv/workspace/ros_ur_driver/src/install/moveit_msgs/lib/python3.13/site-packages:${PYTHONPATH} VIRTUAL_ENV_PROMPT=(venv) /usr/bin/cmake /home/fv/workspace/ros_ur_driver/src/moveit2/moveit_ros/occupancy_map_monitor -DCMAKE_BUILD_TYPE=Release -DCMAKE_INSTALL_PREFIX=/home/fv/workspace/ros_ur_driver/src/install/moveit_ros_occupancy_map_monitor
[1.429s] Invoking command in '/home/fv/workspace/ros_ur_driver/src/build/moveit_ros_occupancy_map_monitor': AMENT_PREFIX_PATH=/home/fv/workspace/ros_ur_driver/src/install/moveit_core:/home/fv/workspace/ros_ur_driver/src/install/srdfdom:/home/fv/workspace/ros_ur_driver/src/install/moveit_msgs:/home/fv/workspace/ros_ur_driver/src/install/moveit_common:${AMENT_PREFIX_PATH} CMAKE_PREFIX_PATH=/home/fv/workspace/ros_ur_driver/src/install/moveit_core:/home/fv/workspace/ros_ur_driver/src/install/srdfdom:/home/fv/workspace/ros_ur_driver/src/install/moveit_msgs:/home/fv/workspace/ros_ur_driver/src/install/moveit_common:/opt/ros/jazzy/opt/sdformat_vendor:/opt/ros/jazzy/opt/gz_math_vendor:/opt/ros/jazzy/opt/gz_utils_vendor:/opt/ros/jazzy/opt/gz_tools_vendor:/opt/ros/jazzy/opt/gz_cmake_vendor:/opt/ros/jazzy CONDA_PROMPT_MODIFIER=(base) DEBUGINFOD_URLS=https://debuginfod.ubuntu.com LD_LIBRARY_PATH=/home/fv/workspace/ros_ur_driver/src/install/moveit_core/lib:/home/fv/workspace/ros_ur_driver/src/install/srdfdom/lib:/home/fv/workspace/ros_ur_driver/src/install/moveit_msgs/lib:${LD_LIBRARY_PATH} PATH=/home/fv/workspace/ros_ur_driver/src/install/moveit_core/bin:${PATH} PS1=(venv) (base) \[\e]0;\u@\h: \w\a\]${debian_chroot:+($debian_chroot)}\[\033[01;32m\]\u@\h\[\033[00m\]:\[\033[01;34m\]\w\[\033[00m\]\$ PYTHONPATH=/home/fv/workspace/ros_ur_driver/src/install/srdfdom/lib/python3.13/site-packages:/home/fv/workspace/ros_ur_driver/src/install/moveit_msgs/lib/python3.13/site-packages:${PYTHONPATH} VIRTUAL_ENV_PROMPT=(venv) /usr/bin/cmake --build /home/fv/workspace/ros_ur_driver/src/build/moveit_ros_occupancy_map_monitor -- -j20 -l20
[1.475s] [ 23%] [32mBuilding CXX object gmock/CMakeFiles/gmock_main.dir/src/gmock_main.cc.o[0m
[1.475s] [ 23%] [32mBuilding CXX object gmock/CMakeFiles/gmock.dir/src/gmock-all.cc.o[0m
[1.475s] [ 23%] [32mBuilding CXX object CMakeFiles/moveit_ros_occupancy_map_monitor.dir/src/occupancy_map_monitor_middleware_handle.cpp.o[0m
[1.475s] [ 30%] [32mBuilding CXX object gmock/CMakeFiles/gmock.dir/opt/ros/jazzy/src/gtest_vendor/src/gtest-all.cc.o[0m
[1.478s] [ 38%] [32mBuilding CXX object CMakeFiles/moveit_ros_occupancy_map_monitor.dir/src/occupancy_map_monitor.cpp.o[0m
[1.479s] [ 46%] [32mBuilding CXX object CMakeFiles/moveit_ros_occupancy_map_monitor.dir/src/occupancy_map_updater.cpp.o[0m
[2.797s] [ 53%] [32m[1mLinking CXX static library libgmock_main.a[0m
[2.865s] [ 53%] Built target gmock_main
[9.767s] [ 61%] [32m[1mLinking CXX static library libgmock.a[0m
[9.793s] [ 61%] Built target gmock
[12.206s] [ 69%] [32m[1mLinking CXX shared library libmoveit_ros_occupancy_map_monitor.so[0m
[12.445s] [ 69%] Built target moveit_ros_occupancy_map_monitor
[12.467s] [ 84%] [32mBuilding CXX object CMakeFiles/occupancy_map_monitor_tests.dir/test/occupancy_map_monitor_tests.cpp.o[0m
[12.467s] [ 84%] [32mBuilding CXX object CMakeFiles/moveit_ros_occupancy_map_server.dir/src/occupancy_map_server.cpp.o[0m
[17.299s] [ 92%] [32m[1mLinking CXX executable occupancy_map_monitor_tests[0m
[17.587s] [ 92%] Built target occupancy_map_monitor_tests
[22.917s] [100%] [32m[1mLinking CXX executable moveit_ros_occupancy_map_server[0m
[23.067s] [100%] Built target moveit_ros_occupancy_map_server
[23.079s] Invoked command in '/home/fv/workspace/ros_ur_driver/src/build/moveit_ros_occupancy_map_monitor' returned '0': AMENT_PREFIX_PATH=/home/fv/workspace/ros_ur_driver/src/install/moveit_core:/home/fv/workspace/ros_ur_driver/src/install/srdfdom:/home/fv/workspace/ros_ur_driver/src/install/moveit_msgs:/home/fv/workspace/ros_ur_driver/src/install/moveit_common:${AMENT_PREFIX_PATH} CMAKE_PREFIX_PATH=/home/fv/workspace/ros_ur_driver/src/install/moveit_core:/home/fv/workspace/ros_ur_driver/src/install/srdfdom:/home/fv/workspace/ros_ur_driver/src/install/moveit_msgs:/home/fv/workspace/ros_ur_driver/src/install/moveit_common:/opt/ros/jazzy/opt/sdformat_vendor:/opt/ros/jazzy/opt/gz_math_vendor:/opt/ros/jazzy/opt/gz_utils_vendor:/opt/ros/jazzy/opt/gz_tools_vendor:/opt/ros/jazzy/opt/gz_cmake_vendor:/opt/ros/jazzy CONDA_PROMPT_MODIFIER=(base) DEBUGINFOD_URLS=https://debuginfod.ubuntu.com LD_LIBRARY_PATH=/home/fv/workspace/ros_ur_driver/src/install/moveit_core/lib:/home/fv/workspace/ros_ur_driver/src/install/srdfdom/lib:/home/fv/workspace/ros_ur_driver/src/install/moveit_msgs/lib:${LD_LIBRARY_PATH} PATH=/home/fv/workspace/ros_ur_driver/src/install/moveit_core/bin:${PATH} PS1=(venv) (base) \[\e]0;\u@\h: \w\a\]${debian_chroot:+($debian_chroot)}\[\033[01;32m\]\u@\h\[\033[00m\]:\[\033[01;34m\]\w\[\033[00m\]\$ PYTHONPATH=/home/fv/workspace/ros_ur_driver/src/install/srdfdom/lib/python3.13/site-packages:/home/fv/workspace/ros_ur_driver/src/install/moveit_msgs/lib/python3.13/site-packages:${PYTHONPATH} VIRTUAL_ENV_PROMPT=(venv) /usr/bin/cmake --build /home/fv/workspace/ros_ur_driver/src/build/moveit_ros_occupancy_map_monitor -- -j20 -l20
[23.080s] Invoking command in '/home/fv/workspace/ros_ur_driver/src/build/moveit_ros_occupancy_map_monitor': AMENT_PREFIX_PATH=/home/fv/workspace/ros_ur_driver/src/install/moveit_core:/home/fv/workspace/ros_ur_driver/src/install/srdfdom:/home/fv/workspace/ros_ur_driver/src/install/moveit_msgs:/home/fv/workspace/ros_ur_driver/src/install/moveit_common:${AMENT_PREFIX_PATH} CMAKE_PREFIX_PATH=/home/fv/workspace/ros_ur_driver/src/install/moveit_core:/home/fv/workspace/ros_ur_driver/src/install/srdfdom:/home/fv/workspace/ros_ur_driver/src/install/moveit_msgs:/home/fv/workspace/ros_ur_driver/src/install/moveit_common:/opt/ros/jazzy/opt/sdformat_vendor:/opt/ros/jazzy/opt/gz_math_vendor:/opt/ros/jazzy/opt/gz_utils_vendor:/opt/ros/jazzy/opt/gz_tools_vendor:/opt/ros/jazzy/opt/gz_cmake_vendor:/opt/ros/jazzy CONDA_PROMPT_MODIFIER=(base) DEBUGINFOD_URLS=https://debuginfod.ubuntu.com LD_LIBRARY_PATH=/home/fv/workspace/ros_ur_driver/src/install/moveit_core/lib:/home/fv/workspace/ros_ur_driver/src/install/srdfdom/lib:/home/fv/workspace/ros_ur_driver/src/install/moveit_msgs/lib:${LD_LIBRARY_PATH} PATH=/home/fv/workspace/ros_ur_driver/src/install/moveit_core/bin:${PATH} PS1=(venv) (base) \[\e]0;\u@\h: \w\a\]${debian_chroot:+($debian_chroot)}\[\033[01;32m\]\u@\h\[\033[00m\]:\[\033[01;34m\]\w\[\033[00m\]\$ PYTHONPATH=/home/fv/workspace/ros_ur_driver/src/install/srdfdom/lib/python3.13/site-packages:/home/fv/workspace/ros_ur_driver/src/install/moveit_msgs/lib/python3.13/site-packages:${PYTHONPATH} VIRTUAL_ENV_PROMPT=(venv) /usr/bin/cmake --install /home/fv/workspace/ros_ur_driver/src/build/moveit_ros_occupancy_map_monitor
[23.086s] -- Install configuration: "Release"
[23.086s] -- Installing: /home/fv/workspace/ros_ur_driver/src/install/moveit_ros_occupancy_map_monitor/lib/libmoveit_ros_occupancy_map_monitor.so.2.14.1
[23.086s] -- Set non-toolchain portion of runtime path of "/home/fv/workspace/ros_ur_driver/src/install/moveit_ros_occupancy_map_monitor/lib/libmoveit_ros_occupancy_map_monitor.so.2.14.1" to ""
[23.086s] -- Installing: /home/fv/workspace/ros_ur_driver/src/install/moveit_ros_occupancy_map_monitor/lib/libmoveit_ros_occupancy_map_monitor.so
[23.087s] -- Installing: /home/fv/workspace/ros_ur_driver/src/install/moveit_ros_occupancy_map_monitor/lib/moveit_ros_occupancy_map_monitor/moveit_ros_occupancy_map_server
[23.087s] -- Set non-toolchain portion of runtime path of "/home/fv/workspace/ros_ur_driver/src/install/moveit_ros_occupancy_map_monitor/lib/moveit_ros_occupancy_map_monitor/moveit_ros_occupancy_map_server" to ""
[23.087s] -- Installing: /home/fv/workspace/ros_ur_driver/src/install/moveit_ros_occupancy_map_monitor/include/moveit_ros_occupancy_map_monitor
[23.087s] -- Installing: /home/fv/workspace/ros_ur_driver/src/install/moveit_ros_occupancy_map_monitor/include/moveit_ros_occupancy_map_monitor/moveit
[23.087s] -- Installing: /home/fv/workspace/ros_ur_driver/src/install/moveit_ros_occupancy_map_monitor/include/moveit_ros_occupancy_map_monitor/moveit/occupancy_map_monitor
[23.087s] -- Installing: /home/fv/workspace/ros_ur_driver/src/install/moveit_ros_occupancy_map_monitor/include/moveit_ros_occupancy_map_monitor/moveit/occupancy_map_monitor/occupancy_map_updater.h
[23.087s] -- Installing: /home/fv/workspace/ros_ur_driver/src/install/moveit_ros_occupancy_map_monitor/include/moveit_ros_occupancy_map_monitor/moveit/occupancy_map_monitor/occupancy_map_monitor_middleware_handle.h
[23.088s] -- Installing: /home/fv/workspace/ros_ur_driver/src/install/moveit_ros_occupancy_map_monitor/include/moveit_ros_occupancy_map_monitor/moveit/occupancy_map_monitor/occupancy_map_monitor.hpp
[23.088s] -- Installing: /home/fv/workspace/ros_ur_driver/src/install/moveit_ros_occupancy_map_monitor/include/moveit_ros_occupancy_map_monitor/moveit/occupancy_map_monitor/occupancy_map_monitor.h
[23.088s] -- Installing: /home/fv/workspace/ros_ur_driver/src/install/moveit_ros_occupancy_map_monitor/include/moveit_ros_occupancy_map_monitor/moveit/occupancy_map_monitor/occupancy_map_monitor_middleware_handle.hpp
[23.088s] -- Installing: /home/fv/workspace/ros_ur_driver/src/install/moveit_ros_occupancy_map_monitor/include/moveit_ros_occupancy_map_monitor/moveit/occupancy_map_monitor/occupancy_map_updater.hpp
[23.088s] -- Installing: /home/fv/workspace/ros_ur_driver/src/install/moveit_ros_occupancy_map_monitor/share/moveit_ros_occupancy_map_monitor/environment/library_path.sh
[23.088s] -- Installing: /home/fv/workspace/ros_ur_driver/src/install/moveit_ros_occupancy_map_monitor/share/moveit_ros_occupancy_map_monitor/environment/library_path.dsv
[23.088s] -- Installing: /home/fv/workspace/ros_ur_driver/src/install/moveit_ros_occupancy_map_monitor/share/ament_index/resource_index/package_run_dependencies/moveit_ros_occupancy_map_monitor
[23.088s] -- Installing: /home/fv/workspace/ros_ur_driver/src/install/moveit_ros_occupancy_map_monitor/share/ament_index/resource_index/parent_prefix_path/moveit_ros_occupancy_map_monitor
[23.088s] -- Installing: /home/fv/workspace/ros_ur_driver/src/install/moveit_ros_occupancy_map_monitor/share/moveit_ros_occupancy_map_monitor/environment/ament_prefix_path.sh
[23.088s] -- Installing: /home/fv/workspace/ros_ur_driver/src/install/moveit_ros_occupancy_map_monitor/share/moveit_ros_occupancy_map_monitor/environment/ament_prefix_path.dsv
[23.089s] -- Installing: /home/fv/workspace/ros_ur_driver/src/install/moveit_ros_occupancy_map_monitor/share/moveit_ros_occupancy_map_monitor/environment/path.sh
[23.089s] -- Installing: /home/fv/workspace/ros_ur_driver/src/install/moveit_ros_occupancy_map_monitor/share/moveit_ros_occupancy_map_monitor/environment/path.dsv
[23.089s] -- Installing: /home/fv/workspace/ros_ur_driver/src/install/moveit_ros_occupancy_map_monitor/share/moveit_ros_occupancy_map_monitor/local_setup.bash
[23.089s] -- Installing: /home/fv/workspace/ros_ur_driver/src/install/moveit_ros_occupancy_map_monitor/share/moveit_ros_occupancy_map_monitor/local_setup.sh
[23.089s] -- Installing: /home/fv/workspace/ros_ur_driver/src/install/moveit_ros_occupancy_map_monitor/share/moveit_ros_occupancy_map_monitor/local_setup.zsh
[23.089s] -- Installing: /home/fv/workspace/ros_ur_driver/src/install/moveit_ros_occupancy_map_monitor/share/moveit_ros_occupancy_map_monitor/local_setup.dsv
[23.089s] -- Installing: /home/fv/workspace/ros_ur_driver/src/install/moveit_ros_occupancy_map_monitor/share/moveit_ros_occupancy_map_monitor/package.dsv
[23.089s] -- Installing: /home/fv/workspace/ros_ur_driver/src/install/moveit_ros_occupancy_map_monitor/share/ament_index/resource_index/packages/moveit_ros_occupancy_map_monitor
[23.089s] -- Installing: /home/fv/workspace/ros_ur_driver/src/install/moveit_ros_occupancy_map_monitor/share/moveit_ros_occupancy_map_monitor/cmake/moveit_ros_occupancy_map_monitorTargetsExport.cmake
[23.089s] -- Installing: /home/fv/workspace/ros_ur_driver/src/install/moveit_ros_occupancy_map_monitor/share/moveit_ros_occupancy_map_monitor/cmake/moveit_ros_occupancy_map_monitorTargetsExport-release.cmake
[23.089s] -- Installing: /home/fv/workspace/ros_ur_driver/src/install/moveit_ros_occupancy_map_monitor/share/moveit_ros_occupancy_map_monitor/cmake/ament_cmake_export_targets-extras.cmake
[23.089s] -- Installing: /home/fv/workspace/ros_ur_driver/src/install/moveit_ros_occupancy_map_monitor/share/moveit_ros_occupancy_map_monitor/cmake/ament_cmake_export_dependencies-extras.cmake
[23.089s] -- Installing: /home/fv/workspace/ros_ur_driver/src/install/moveit_ros_occupancy_map_monitor/share/moveit_ros_occupancy_map_monitor/cmake/moveit_ros_occupancy_map_monitorConfig.cmake
[23.090s] -- Installing: /home/fv/workspace/ros_ur_driver/src/install/moveit_ros_occupancy_map_monitor/share/moveit_ros_occupancy_map_monitor/cmake/moveit_ros_occupancy_map_monitorConfig-version.cmake
[23.090s] -- Installing: /home/fv/workspace/ros_ur_driver/src/install/moveit_ros_occupancy_map_monitor/share/moveit_ros_occupancy_map_monitor/package.xml
[23.091s] Invoked command in '/home/fv/workspace/ros_ur_driver/src/build/moveit_ros_occupancy_map_monitor' returned '0': AMENT_PREFIX_PATH=/home/fv/workspace/ros_ur_driver/src/install/moveit_core:/home/fv/workspace/ros_ur_driver/src/install/srdfdom:/home/fv/workspace/ros_ur_driver/src/install/moveit_msgs:/home/fv/workspace/ros_ur_driver/src/install/moveit_common:${AMENT_PREFIX_PATH} CMAKE_PREFIX_PATH=/home/fv/workspace/ros_ur_driver/src/install/moveit_core:/home/fv/workspace/ros_ur_driver/src/install/srdfdom:/home/fv/workspace/ros_ur_driver/src/install/moveit_msgs:/home/fv/workspace/ros_ur_driver/src/install/moveit_common:/opt/ros/jazzy/opt/sdformat_vendor:/opt/ros/jazzy/opt/gz_math_vendor:/opt/ros/jazzy/opt/gz_utils_vendor:/opt/ros/jazzy/opt/gz_tools_vendor:/opt/ros/jazzy/opt/gz_cmake_vendor:/opt/ros/jazzy CONDA_PROMPT_MODIFIER=(base) DEBUGINFOD_URLS=https://debuginfod.ubuntu.com LD_LIBRARY_PATH=/home/fv/workspace/ros_ur_driver/src/install/moveit_core/lib:/home/fv/workspace/ros_ur_driver/src/install/srdfdom/lib:/home/fv/workspace/ros_ur_driver/src/install/moveit_msgs/lib:${LD_LIBRARY_PATH} PATH=/home/fv/workspace/ros_ur_driver/src/install/moveit_core/bin:${PATH} PS1=(venv) (base) \[\e]0;\u@\h: \w\a\]${debian_chroot:+($debian_chroot)}\[\033[01;32m\]\u@\h\[\033[00m\]:\[\033[01;34m\]\w\[\033[00m\]\$ PYTHONPATH=/home/fv/workspace/ros_ur_driver/src/install/srdfdom/lib/python3.13/site-packages:/home/fv/workspace/ros_ur_driver/src/install/moveit_msgs/lib/python3.13/site-packages:${PYTHONPATH} VIRTUAL_ENV_PROMPT=(venv) /usr/bin/cmake --install /home/fv/workspace/ros_ur_driver/src/build/moveit_ros_occupancy_map_monitor
