[0.026s] Invoking command in '/home/fv/workspace/ros_ur_driver/src/build/kinematics_interface_kdl': AMENT_PREFIX_PATH=/home/fv/workspace/ros_ur_driver/src/install/kinematics_interface:${AMENT_PREFIX_PATH} CMAKE_PREFIX_PATH=/home/fv/workspace/ros_ur_driver/src/install/kinematics_interface:/opt/ros/jazzy/opt/sdformat_vendor:/opt/ros/jazzy/opt/gz_math_vendor:/opt/ros/jazzy/opt/gz_utils_vendor:/opt/ros/jazzy/opt/gz_tools_vendor:/opt/ros/jazzy/opt/gz_cmake_vendor:/opt/ros/jazzy CONDA_PROMPT_MODIFIER=(base) DEBUGINFOD_URLS=https://debuginfod.ubuntu.com LD_LIBRARY_PATH=/home/fv/workspace/ros_ur_driver/src/install/kinematics_interface/lib:${LD_LIBRARY_PATH} PS1=(venv) (base) \[\e]0;\u@\h: \w\a\]${debian_chroot:+($debian_chroot)}\[\033[01;32m\]\u@\h\[\033[00m\]:\[\033[01;34m\]\w\[\033[00m\]\$ VIRTUAL_ENV_PROMPT=(venv) /usr/bin/cmake --build /home/fv/workspace/ros_ur_driver/src/build/kinematics_interface_kdl -- -j20 -l20
[0.067s] [ 33%] Built target gmock
[0.067s] [ 55%] Built target gmock_main
[0.071s] [ 77%] Built target kinematics_interface_kdl
[0.096s] [100%] Built target test_kinematics_interface_kdl
[0.103s] Invoked command in '/home/fv/workspace/ros_ur_driver/src/build/kinematics_interface_kdl' returned '0': AMENT_PREFIX_PATH=/home/fv/workspace/ros_ur_driver/src/install/kinematics_interface:${AMENT_PREFIX_PATH} CMAKE_PREFIX_PATH=/home/fv/workspace/ros_ur_driver/src/install/kinematics_interface:/opt/ros/jazzy/opt/sdformat_vendor:/opt/ros/jazzy/opt/gz_math_vendor:/opt/ros/jazzy/opt/gz_utils_vendor:/opt/ros/jazzy/opt/gz_tools_vendor:/opt/ros/jazzy/opt/gz_cmake_vendor:/opt/ros/jazzy CONDA_PROMPT_MODIFIER=(base) DEBUGINFOD_URLS=https://debuginfod.ubuntu.com LD_LIBRARY_PATH=/home/fv/workspace/ros_ur_driver/src/install/kinematics_interface/lib:${LD_LIBRARY_PATH} PS1=(venv) (base) \[\e]0;\u@\h: \w\a\]${debian_chroot:+($debian_chroot)}\[\033[01;32m\]\u@\h\[\033[00m\]:\[\033[01;34m\]\w\[\033[00m\]\$ VIRTUAL_ENV_PROMPT=(venv) /usr/bin/cmake --build /home/fv/workspace/ros_ur_driver/src/build/kinematics_interface_kdl -- -j20 -l20
[0.105s] Invoking command in '/home/fv/workspace/ros_ur_driver/src/build/kinematics_interface_kdl': AMENT_PREFIX_PATH=/home/fv/workspace/ros_ur_driver/src/install/kinematics_interface:${AMENT_PREFIX_PATH} CMAKE_PREFIX_PATH=/home/fv/workspace/ros_ur_driver/src/install/kinematics_interface:/opt/ros/jazzy/opt/sdformat_vendor:/opt/ros/jazzy/opt/gz_math_vendor:/opt/ros/jazzy/opt/gz_utils_vendor:/opt/ros/jazzy/opt/gz_tools_vendor:/opt/ros/jazzy/opt/gz_cmake_vendor:/opt/ros/jazzy CONDA_PROMPT_MODIFIER=(base) DEBUGINFOD_URLS=https://debuginfod.ubuntu.com LD_LIBRARY_PATH=/home/fv/workspace/ros_ur_driver/src/install/kinematics_interface/lib:${LD_LIBRARY_PATH} PS1=(venv) (base) \[\e]0;\u@\h: \w\a\]${debian_chroot:+($debian_chroot)}\[\033[01;32m\]\u@\h\[\033[00m\]:\[\033[01;34m\]\w\[\033[00m\]\$ VIRTUAL_ENV_PROMPT=(venv) /usr/bin/cmake --install /home/fv/workspace/ros_ur_driver/src/build/kinematics_interface_kdl
[0.112s] -- Install configuration: "Release"
[0.112s] -- Up-to-date: /home/fv/workspace/ros_ur_driver/src/install/kinematics_interface_kdl/share/kinematics_interface_kdl/kinematics_interface_kdl.xml
[0.113s] -- Up-to-date: /home/fv/workspace/ros_ur_driver/src/install/kinematics_interface_kdl/include/kinematics_interface_kdl
[0.113s] -- Up-to-date: /home/fv/workspace/ros_ur_driver/src/install/kinematics_interface_kdl/include/kinematics_interface_kdl/kinematics_interface_kdl
[0.113s] -- Up-to-date: /home/fv/workspace/ros_ur_driver/src/install/kinematics_interface_kdl/include/kinematics_interface_kdl/kinematics_interface_kdl/kinematics_interface_kdl.hpp
[0.113s] -- Up-to-date: /home/fv/workspace/ros_ur_driver/src/install/kinematics_interface_kdl/lib/libkinematics_interface_kdl.so
[0.113s] -- Up-to-date: /home/fv/workspace/ros_ur_driver/src/install/kinematics_interface_kdl/share/kinematics_interface_kdl/environment/library_path.sh
[0.113s] -- Up-to-date: /home/fv/workspace/ros_ur_driver/src/install/kinematics_interface_kdl/share/kinematics_interface_kdl/environment/library_path.dsv
[0.113s] -- Up-to-date: /home/fv/workspace/ros_ur_driver/src/install/kinematics_interface_kdl/share/ament_index/resource_index/package_run_dependencies/kinematics_interface_kdl
[0.113s] -- Up-to-date: /home/fv/workspace/ros_ur_driver/src/install/kinematics_interface_kdl/share/ament_index/resource_index/parent_prefix_path/kinematics_interface_kdl
[0.113s] -- Up-to-date: /home/fv/workspace/ros_ur_driver/src/install/kinematics_interface_kdl/share/kinematics_interface_kdl/environment/ament_prefix_path.sh
[0.113s] -- Up-to-date: /home/fv/workspace/ros_ur_driver/src/install/kinematics_interface_kdl/share/kinematics_interface_kdl/environment/ament_prefix_path.dsv
[0.114s] -- Up-to-date: /home/fv/workspace/ros_ur_driver/src/install/kinematics_interface_kdl/share/kinematics_interface_kdl/environment/path.sh
[0.114s] -- Up-to-date: /home/fv/workspace/ros_ur_driver/src/install/kinematics_interface_kdl/share/kinematics_interface_kdl/environment/path.dsv
[0.114s] -- Up-to-date: /home/fv/workspace/ros_ur_driver/src/install/kinematics_interface_kdl/share/kinematics_interface_kdl/local_setup.bash
[0.114s] -- Up-to-date: /home/fv/workspace/ros_ur_driver/src/install/kinematics_interface_kdl/share/kinematics_interface_kdl/local_setup.sh
[0.114s] -- Up-to-date: /home/fv/workspace/ros_ur_driver/src/install/kinematics_interface_kdl/share/kinematics_interface_kdl/local_setup.zsh
[0.114s] -- Up-to-date: /home/fv/workspace/ros_ur_driver/src/install/kinematics_interface_kdl/share/kinematics_interface_kdl/local_setup.dsv
[0.114s] -- Installing: /home/fv/workspace/ros_ur_driver/src/install/kinematics_interface_kdl/share/kinematics_interface_kdl/package.dsv
[0.114s] -- Up-to-date: /home/fv/workspace/ros_ur_driver/src/install/kinematics_interface_kdl/share/ament_index/resource_index/packages/kinematics_interface_kdl
[0.114s] -- Up-to-date: /home/fv/workspace/ros_ur_driver/src/install/kinematics_interface_kdl/share/ament_index/resource_index/kinematics_interface__pluginlib__plugin/kinematics_interface_kdl
[0.114s] -- Up-to-date: /home/fv/workspace/ros_ur_driver/src/install/kinematics_interface_kdl/share/kinematics_interface_kdl/cmake/export_kinematics_interface_kdlExport.cmake
[0.114s] -- Up-to-date: /home/fv/workspace/ros_ur_driver/src/install/kinematics_interface_kdl/share/kinematics_interface_kdl/cmake/export_kinematics_interface_kdlExport-release.cmake
[0.114s] -- Up-to-date: /home/fv/workspace/ros_ur_driver/src/install/kinematics_interface_kdl/share/kinematics_interface_kdl/cmake/ament_cmake_export_targets-extras.cmake
[0.114s] -- Up-to-date: /home/fv/workspace/ros_ur_driver/src/install/kinematics_interface_kdl/share/kinematics_interface_kdl/cmake/ament_cmake_export_dependencies-extras.cmake
[0.114s] -- Up-to-date: /home/fv/workspace/ros_ur_driver/src/install/kinematics_interface_kdl/share/kinematics_interface_kdl/cmake/kinematics_interface_kdlConfig.cmake
[0.115s] -- Up-to-date: /home/fv/workspace/ros_ur_driver/src/install/kinematics_interface_kdl/share/kinematics_interface_kdl/cmake/kinematics_interface_kdlConfig-version.cmake
[0.115s] -- Up-to-date: /home/fv/workspace/ros_ur_driver/src/install/kinematics_interface_kdl/share/kinematics_interface_kdl/package.xml
[0.116s] Invoked command in '/home/fv/workspace/ros_ur_driver/src/build/kinematics_interface_kdl' returned '0': AMENT_PREFIX_PATH=/home/fv/workspace/ros_ur_driver/src/install/kinematics_interface:${AMENT_PREFIX_PATH} CMAKE_PREFIX_PATH=/home/fv/workspace/ros_ur_driver/src/install/kinematics_interface:/opt/ros/jazzy/opt/sdformat_vendor:/opt/ros/jazzy/opt/gz_math_vendor:/opt/ros/jazzy/opt/gz_utils_vendor:/opt/ros/jazzy/opt/gz_tools_vendor:/opt/ros/jazzy/opt/gz_cmake_vendor:/opt/ros/jazzy CONDA_PROMPT_MODIFIER=(base) DEBUGINFOD_URLS=https://debuginfod.ubuntu.com LD_LIBRARY_PATH=/home/fv/workspace/ros_ur_driver/src/install/kinematics_interface/lib:${LD_LIBRARY_PATH} PS1=(venv) (base) \[\e]0;\u@\h: \w\a\]${debian_chroot:+($debian_chroot)}\[\033[01;32m\]\u@\h\[\033[00m\]:\[\033[01;34m\]\w\[\033[00m\]\$ VIRTUAL_ENV_PROMPT=(venv) /usr/bin/cmake --install /home/fv/workspace/ros_ur_driver/src/build/kinematics_interface_kdl
